[32m2024-05-23 20:41:20 +0000[0m - dagster - [34mDEBUG[0m - __ASSET_JOB - d2112245-b3f4-4caf-a0cc-f9e1d690ecae - 207373 - LOGS_CAPTURED - Started capturing logs in process (pid: 207373).
[32m2024-05-23 20:41:20 +0000[0m - dagster - [34mDEBUG[0m - __ASSET_JOB - d2112245-b3f4-4caf-a0cc-f9e1d690ecae - 207373 - fact_wrh_tables - STEP_START - Started execution of step "fact_wrh_tables".
[32m2024-05-23 20:41:20 +0000[0m - dagster - [34mDEBUG[0m - __ASSET_JOB - d2112245-b3f4-4caf-a0cc-f9e1d690ecae - fact_wrh_tables - Loading S3 object from: s3a://dagster-api/staging/2024-05-23/metric
[32m2024-05-23 20:41:26 +0000[0m - dagster - [34mDEBUG[0m - __ASSET_JOB - d2112245-b3f4-4caf-a0cc-f9e1d690ecae - 207373 - fact_wrh_tables - LOADED_INPUT - Loaded input "metric" using input manager "s3_prqt_io_manager"
[32m2024-05-23 20:41:26 +0000[0m - dagster - [34mDEBUG[0m - __ASSET_JOB - d2112245-b3f4-4caf-a0cc-f9e1d690ecae - fact_wrh_tables - Loading S3 object from: s3a://dagster-api/staging/2024-05-23/series
[32m2024-05-23 20:41:26 +0000[0m - dagster - [34mDEBUG[0m - __ASSET_JOB - d2112245-b3f4-4caf-a0cc-f9e1d690ecae - 207373 - fact_wrh_tables - LOADED_INPUT - Loaded input "series" using input manager "s3_prqt_io_manager"
[32m2024-05-23 20:41:26 +0000[0m - dagster - [34mDEBUG[0m - __ASSET_JOB - d2112245-b3f4-4caf-a0cc-f9e1d690ecae - 207373 - fact_wrh_tables - STEP_INPUT - Got input "metric" of type "Any". (Type check passed).
[32m2024-05-23 20:41:26 +0000[0m - dagster - [34mDEBUG[0m - __ASSET_JOB - d2112245-b3f4-4caf-a0cc-f9e1d690ecae - 207373 - fact_wrh_tables - STEP_INPUT - Got input "series" of type "Any". (Type check passed).
[32m2024-05-23 20:41:37 +0000[0m - dagster - [34mDEBUG[0m - __ASSET_JOB - d2112245-b3f4-4caf-a0cc-f9e1d690ecae - 207373 - fact_wrh_tables - STEP_OUTPUT - Yielded output "metric_fact" of type "Table". (Type check passed).
[32m2024-05-23 20:41:37 +0000[0m - dagster - [34mDEBUG[0m - __ASSET_JOB - d2112245-b3f4-4caf-a0cc-f9e1d690ecae - fact_wrh_tables - IO manager mode overridden with the asset metadata mode, overwrite -> append
[32m2024-05-23 20:41:37 +0000[0m - dagster - [34mDEBUG[0m - __ASSET_JOB - d2112245-b3f4-4caf-a0cc-f9e1d690ecae - fact_wrh_tables - Writing with mode: append
[32m2024-05-23 20:41:37 +0000[0m - dagster - [34mDEBUG[0m - __ASSET_JOB - d2112245-b3f4-4caf-a0cc-f9e1d690ecae - 207373 - fact_wrh_tables - ASSET_MATERIALIZATION - Materialized value metric_fact.
[32m2024-05-23 20:41:37 +0000[0m - dagster - [34mDEBUG[0m - __ASSET_JOB - d2112245-b3f4-4caf-a0cc-f9e1d690ecae - 207373 - fact_wrh_tables - HANDLED_OUTPUT - Handled output "metric_fact" using IO manager "delta_lake_arrow_io_manager"
[32m2024-05-23 20:41:37 +0000[0m - dagster - [34mDEBUG[0m - __ASSET_JOB - d2112245-b3f4-4caf-a0cc-f9e1d690ecae - 207373 - fact_wrh_tables - STEP_OUTPUT - Yielded output "series_fact" of type "Table". (Type check passed).
[32m2024-05-23 20:41:37 +0000[0m - dagster - [34mDEBUG[0m - __ASSET_JOB - d2112245-b3f4-4caf-a0cc-f9e1d690ecae - fact_wrh_tables - IO manager mode overridden with the asset metadata mode, overwrite -> append
[32m2024-05-23 20:41:37 +0000[0m - dagster - [34mDEBUG[0m - __ASSET_JOB - d2112245-b3f4-4caf-a0cc-f9e1d690ecae - fact_wrh_tables - Writing with mode: append
[32m2024-05-23 20:41:37 +0000[0m - dagster - [34mDEBUG[0m - __ASSET_JOB - d2112245-b3f4-4caf-a0cc-f9e1d690ecae - 207373 - fact_wrh_tables - ASSET_MATERIALIZATION - Materialized value series_fact.
[32m2024-05-23 20:41:37 +0000[0m - dagster - [34mDEBUG[0m - __ASSET_JOB - d2112245-b3f4-4caf-a0cc-f9e1d690ecae - 207373 - fact_wrh_tables - HANDLED_OUTPUT - Handled output "series_fact" using IO manager "delta_lake_arrow_io_manager"
[32m2024-05-23 20:41:37 +0000[0m - dagster - [34mDEBUG[0m - __ASSET_JOB - d2112245-b3f4-4caf-a0cc-f9e1d690ecae - 207373 - fact_wrh_tables - STEP_OUTPUT - Yielded output "metric_fact_wrh" of type "DataFrame". (Type check passed).
[32m2024-05-23 20:41:39 +0000[0m - dagster - [34mDEBUG[0m - __ASSET_JOB - d2112245-b3f4-4caf-a0cc-f9e1d690ecae - 207373 - fact_wrh_tables - ASSET_MATERIALIZATION - Materialized value metric_fact_wrh.
[32m2024-05-23 20:41:39 +0000[0m - dagster - [34mDEBUG[0m - __ASSET_JOB - d2112245-b3f4-4caf-a0cc-f9e1d690ecae - 207373 - fact_wrh_tables - HANDLED_OUTPUT - Handled output "metric_fact_wrh" using IO manager "warehouse_io_manager"
[32m2024-05-23 20:41:39 +0000[0m - dagster - [34mDEBUG[0m - __ASSET_JOB - d2112245-b3f4-4caf-a0cc-f9e1d690ecae - 207373 - fact_wrh_tables - STEP_OUTPUT - Yielded output "series_fact_wrh" of type "DataFrame". (Type check passed).
[32m2024-05-23 20:41:39 +0000[0m - dagster - [34mDEBUG[0m - __ASSET_JOB - d2112245-b3f4-4caf-a0cc-f9e1d690ecae - 207373 - fact_wrh_tables - ASSET_MATERIALIZATION - Materialized value series_fact_wrh.
[32m2024-05-23 20:41:39 +0000[0m - dagster - [34mDEBUG[0m - __ASSET_JOB - d2112245-b3f4-4caf-a0cc-f9e1d690ecae - 207373 - fact_wrh_tables - HANDLED_OUTPUT - Handled output "series_fact_wrh" using IO manager "warehouse_io_manager"
[32m2024-05-23 20:41:39 +0000[0m - dagster - [34mDEBUG[0m - __ASSET_JOB - d2112245-b3f4-4caf-a0cc-f9e1d690ecae - 207373 - fact_wrh_tables - STEP_SUCCESS - Finished execution of step "fact_wrh_tables" in 19.7s.
