[32m2024-05-23 08:38:05 +0000[0m - dagster - [34mDEBUG[0m - __ASSET_JOB - 58927988-24a4-49fa-bae3-c90690328ea4 - 83251 - LOGS_CAPTURED - Started capturing logs in process (pid: 83251).
[32m2024-05-23 08:38:05 +0000[0m - dagster - [34mDEBUG[0m - __ASSET_JOB - 58927988-24a4-49fa-bae3-c90690328ea4 - 83251 - spark_operator.create_stock_tables[stock_AABVF] - STEP_START - Started execution of step "spark_operator.create_stock_tables[stock_AABVF]".
[32m2024-05-23 08:38:05 +0000[0m - dagster - [34mDEBUG[0m - __ASSET_JOB - 58927988-24a4-49fa-bae3-c90690328ea4 - spark_operator.create_stock_tables[stock_AABVF] - Loading file from: /workspace/practical-data-engineering/finnhub-batch-stock-pipeline/home/storage/1392535f-d375-44ea-aaed-e87349713592/spark_operator.stock_tables/result/stock_AABVF using PickledObjectFilesystemIOManager...
[32m2024-05-23 08:38:05 +0000[0m - dagster - [34mDEBUG[0m - __ASSET_JOB - 58927988-24a4-49fa-bae3-c90690328ea4 - 83251 - spark_operator.create_stock_tables[stock_AABVF] - LOADED_INPUT - Loaded input "input_fn" using input manager "io_manager", from output "result" of step "spark_operator.stock_tables"
[32m2024-05-23 08:38:05 +0000[0m - dagster - [34mDEBUG[0m - __ASSET_JOB - 58927988-24a4-49fa-bae3-c90690328ea4 - 83251 - spark_operator.create_stock_tables[stock_AABVF] - STEP_INPUT - Got input "input_fn" of type "Any". (Type check passed).
[32m2024-05-23 08:38:39 +0000[0m - dagster - [34mINFO[0m - __ASSET_JOB - 58927988-24a4-49fa-bae3-c90690328ea4 - spark_operator.create_stock_tables[stock_AABVF] - Row(10DayAverageTradingVolume=0.04624, 13WeekPriceReturnDaily=0, 26WeekPriceReturnDaily=-16.6667, 3MonthADReturnStd=266.41946, 3MonthAverageTradingVolume=0.07332, 52WeekHigh=0.045, 52WeekHighDate='2023-07-13', 52WeekLow=0.015, 52WeekLowDate='2024-03-28', 52WeekPriceReturnDaily=-54.54545, 5DayPriceReturnDaily=0, assetTurnoverAnnual=0.211, assetTurnoverTTM=0.0191, beta=2.1099637, bookValuePerShareAnnual=0.0758, bookValuePerShareQuarterly=0.0758, bookValueShareGrowth5Y=-22.94, capexCagr5Y=None, cashFlowPerShareAnnual=0.0002, cashFlowPerShareQuarterly=0.0002, cashFlowPerShareTTM=-0.13053, cashPerSharePerShareAnnual=0.091, cashPerSharePerShareQuarterly=0.091, currentDividendYieldTTM=0, currentEv/freeCashFlowAnnual=126.5669, currentEv/freeCashFlowTTM=126.5669, currentRatioAnnual=4.9, currentRatioQuarterly=4.9, dividendPerShareAnnual=0, dividendPerShareTTM=0, ebitdPerShareAnnual=-0.1228, ebitdPerShareTTM=-0.1228, ebitdaCagr5Y=None, ebitdaInterimCagr5Y=None, enterpriseValue=3.5945, epsAnnual=-0.1228, epsBasicExclExtraItemsAnnual=-0.1228, epsBasicExclExtraItemsTTM=-0.12290000000000001, epsExclExtraItemsAnnual=-0.1228, epsExclExtraItemsTTM=-0.12290000000000001, epsGrowth3Y=None, epsGrowth5Y=None, epsGrowthQuarterlyYoy=None, epsGrowthTTMYoy=None, epsInclExtraItemsAnnual=-0.1228, epsInclExtraItemsTTM=-0.12290000000000001, epsNormalizedAnnual=-0.1228, epsTTM=-0.12290000000000001, focfCagr5Y=None, grossMargin5Y=99.55, grossMarginAnnual=99.35, grossMarginTTM=97.08, longTermDebt/equityAnnual=0, longTermDebt/equityQuarterly=0, marketCapitalization=3.621932, monthToDatePriceReturnDaily=25, netIncomeEmployeeAnnual=-8.8989, netIncomeEmployeeTTM=-8.8989, netMarginGrowth5Y=-28.83, netProfitMargin5Y=49.94, netProfitMarginAnnual=9.91, netProfitMarginTTM=-172.73, operatingMargin5Y=49.94, operatingMarginAnnual=9.91, operatingMarginTTM=-172.74, pbAnnual=0.3305, pbQuarterly=0.3305, pcfShareAnnual=127.5328, pcfShareTTM=127.5328, peAnnual=None, peBasicExclExtraTTM=None, peExclExtraTTM=None, peInclExtraTTM=None, peNormalizedAnnual=None, peTTM=None, pfcfShareAnnual=127.5328, pfcfShareTTM=54.5883, pretaxMargin5Y=49.94, pretaxMarginAnnual=9.91, pretaxMarginTTM=-172.73, priceRelativeToS&P50013Week=-6.9651, priceRelativeToS&P50026Week=-35.0809, priceRelativeToS&P5004Week=-5.1344, priceRelativeToS&P50052Week=-54.00063, priceRelativeToS&P500Ytd=20.3707, psAnnual=None, psTTM=None, ptbvAnnual=0.12584, ptbvQuarterly=0.17368, quickRatioAnnual=4.8951, quickRatioQuarterly=4.8951, receivablesTurnoverAnnual=-336.8329, receivablesTurnoverTTM=-336.8329, revenueEmployeeAnnual=-7.5872, revenueEmployeeTTM=-7.5872, revenueGrowth3Y=None, revenueGrowth5Y=None, revenueGrowthQuarterlyYoy=None, revenueGrowthTTMYoy=None, revenuePerShareAnnual=-0.1047, revenuePerShareTTM=-0.1047, revenueShareGrowth5Y=None, roa5Y=-31.03, roaRfy=-128.91, roaTTM=-85.63, roe5Y=-37.95, roeRfy=-161.95999999999998, roeTTM=-97.15, roi5Y=-37.85, roiAnnual=-161.37, roiTTM=-96.94, tangibleBookValuePerShareAnnual=0.19867, tangibleBookValuePerShareQuarterly=0.14394, tbvCagr5Y=-11.35182, totalDebt/totalEquityAnnual=0.0036, totalDebt/totalEquityQuarterly=0.0036, yearToDatePriceReturnDaily=25)
[32m2024-05-23 08:39:41 +0000[0m - dagster - [34mINFO[0m - __ASSET_JOB - 58927988-24a4-49fa-bae3-c90690328ea4 - spark_operator.create_stock_tables[stock_AABVF] - Row(date='2003-01-31', quarterly.assetTurnoverTTM=None, quarterly.bookValue=None, quarterly.cashRatio=None, quarterly.currentRatio=None, quarterly.ebitPerShare=None, quarterly.eps=None, quarterly.ev=None, quarterly.fcfMargin=None, quarterly.fcfPerShareTTM=None, quarterly.grossMargin=None, quarterly.longtermDebtTotalAsset=None, quarterly.longtermDebtTotalCapital=None, quarterly.longtermDebtTotalEquity=None, quarterly.netDebtToTotalCapital=None, quarterly.netDebtToTotalEquity=None, quarterly.netMargin=None, quarterly.operatingMargin=None, quarterly.pb=None, quarterly.peTTM=None, quarterly.pfcfTTM=None, quarterly.pretaxMargin=None, quarterly.psTTM=None, quarterly.quickRatio=None, quarterly.receivablesTurnoverTTM=None, quarterly.roaTTM=None, quarterly.roeTTM=None, quarterly.roicTTM=None, quarterly.rotcTTM=None, quarterly.salesPerShare=None, quarterly.sgaToSale=None, quarterly.totalDebtToEquity=None, quarterly.totalDebtToTotalAsset=None, quarterly.totalDebtToTotalCapital=None, quarterly.totalRatio=None, annual.bookValue=None, annual.cashRatio=1.0, annual.currentRatio=1.0, annual.ebitPerShare=-0.063, annual.eps=-0.063, annual.ev=2.8887, annual.fcfMargin=None, annual.grossMargin=None, annual.longtermDebtTotalAsset=None, annual.longtermDebtTotalCapital=None, annual.longtermDebtTotalEquity=None, annual.netDebtToTotalCapital=4.0, annual.netDebtToTotalEquity=None, annual.netMargin=None, annual.operatingMargin=None, annual.pb=None, annual.pe=None, annual.pfcf=None, annual.pretaxMargin=None, annual.ps=None, annual.quickRatio=1.0, annual.receivablesTurnover=None, annual.roa=-0.7333, annual.roe=None, annual.roic=None, annual.rotc=None, annual.salesPerShare=0.0, annual.sgaToSale=None, annual.totalDebtToEquity=None, annual.totalDebtToTotalAsset=0.3333, annual.totalDebtToTotalCapital=5.0, annual.totalRatio=0.6)
[32m2024-05-23 08:40:39 +0000[0m - dagster - [34mDEBUG[0m - __ASSET_JOB - 58927988-24a4-49fa-bae3-c90690328ea4 - 83251 - spark_operator.create_stock_tables[stock_AABVF] - STEP_OUTPUT - Yielded output "metric_and_series" of type "Any". (Type check passed).
[32m2024-05-23 08:40:40 +0000[0m - dagster - [34mDEBUG[0m - __ASSET_JOB - 58927988-24a4-49fa-bae3-c90690328ea4 - spark_operator.create_stock_tables[stock_AABVF] - Writing S3 object at: s3a://dagster-api/staging/2024-05-23/spark_operator.create_stock_tables[stock_AABVF]/metric_and_series
[32m2024-05-23 08:40:40 +0000[0m - dagster - [34mWARNING[0m - __ASSET_JOB - 58927988-24a4-49fa-bae3-c90690328ea4 - spark_operator.create_stock_tables[stock_AABVF] - Removing existing S3 object: staging/2024-05-23/spark_operator.create_stock_tables[stock_AABVF]/metric_and_series
[32m2024-05-23 08:40:50 +0000[0m - dagster - [34mDEBUG[0m - __ASSET_JOB - 58927988-24a4-49fa-bae3-c90690328ea4 - 83251 - spark_operator.create_stock_tables[stock_AABVF] - STEP_UP_FOR_RETRY - Execution of step "spark_operator.create_stock_tables[stock_AABVF]" failed and has requested a retry in 0.2626200815200698 seconds.

dagster._core.execution.plan.utils.RetryRequestedFromPolicy

Stack Trace:
  File "/workspace/.pyenv_mirror/user/current/lib/python3.12/site-packages/dagster/_core/execution/plan/execute_plan.py", line 282, in dagster_event_sequence_for_step
    for step_event in check.generator(step_events):
  File "/workspace/.pyenv_mirror/user/current/lib/python3.12/site-packages/dagster/_core/execution/plan/execute_step.py", line 532, in core_dagster_event_sequence_for_step
    for evt in _type_check_and_store_output(step_context, user_event):
  File "/workspace/.pyenv_mirror/user/current/lib/python3.12/site-packages/dagster/_core/execution/plan/execute_step.py", line 587, in _type_check_and_store_output
    for evt in _store_output(step_context, step_output_handle, output):
  File "/workspace/.pyenv_mirror/user/current/lib/python3.12/site-packages/dagster/_core/execution/plan/execute_step.py", line 810, in _store_output
    for elt in iterate_with_context(
  File "/workspace/.pyenv_mirror/user/current/lib/python3.12/site-packages/dagster/_utils/__init__.py", line 466, in iterate_with_context
    with context_fn():
  File "/home/gitpod/.pyenv/versions/3.12.3/lib/python3.12/contextlib.py", line 158, in __exit__
    self.gen.throw(value)
  File "/workspace/.pyenv_mirror/user/current/lib/python3.12/site-packages/dagster/_core/execution/plan/utils.py", line 72, in op_execution_error_boundary
    raise RetryRequestedFromPolicy(

The above exception was caused by the following exception:
py4j.protocol.Py4JJavaError: An error occurred while calling o2595.save.
: org.apache.spark.SparkException: Job aborted due to stage failure: Task 28 in stage 38.0 failed 1 times, most recent failure: Lost task 28.0 in stage 38.0 (TID 258) (10.0.5.2 executor driver): org.apache.spark.SparkException: Can only zip RDDs with same number of elements in each partition
	at org.apache.spark.errors.SparkCoreErrors$.canOnlyZipRDDsWithSamePartitionSizeError(SparkCoreErrors.scala:142)
	at org.apache.spark.rdd.RDD$$anon$3.hasNext(RDD.scala:974)
	at scala.collection.Iterator.foreach(Iterator.scala:943)
	at scala.collection.Iterator.foreach$(Iterator.scala:943)
	at org.apache.spark.rdd.RDD$$anon$3.foreach(RDD.scala:970)
	at org.apache.spark.api.python.PythonRDD$.writeIteratorToStream(PythonRDD.scala:322)
	at org.apache.spark.api.python.PythonRunner$$anon$2.writeIteratorToStream(PythonRunner.scala:751)
	at org.apache.spark.api.python.BasePythonRunner$WriterThread.$anonfun$run$1(PythonRunner.scala:451)
	at org.apache.spark.util.Utils$.logUncaughtExceptions(Utils.scala:1928)
	at org.apache.spark.api.python.BasePythonRunner$WriterThread.run(PythonRunner.scala:282)

Driver stacktrace:
	at org.apache.spark.scheduler.DAGScheduler.failJobAndIndependentStages(DAGScheduler.scala:2856)
	at org.apache.spark.scheduler.DAGScheduler.$anonfun$abortStage$2(DAGScheduler.scala:2792)
	at org.apache.spark.scheduler.DAGScheduler.$anonfun$abortStage$2$adapted(DAGScheduler.scala:2791)
	at scala.collection.mutable.ResizableArray.foreach(ResizableArray.scala:62)
	at scala.collection.mutable.ResizableArray.foreach$(ResizableArray.scala:55)
	at scala.collection.mutable.ArrayBuffer.foreach(ArrayBuffer.scala:49)
	at org.apache.spark.scheduler.DAGScheduler.abortStage(DAGScheduler.scala:2791)
	at org.apache.spark.scheduler.DAGScheduler.$anonfun$handleTaskSetFailed$1(DAGScheduler.scala:1247)
	at org.apache.spark.scheduler.DAGScheduler.$anonfun$handleTaskSetFailed$1$adapted(DAGScheduler.scala:1247)
	at scala.Option.foreach(Option.scala:407)
	at org.apache.spark.scheduler.DAGScheduler.handleTaskSetFailed(DAGScheduler.scala:1247)
	at org.apache.spark.scheduler.DAGSchedulerEventProcessLoop.doOnReceive(DAGScheduler.scala:3060)
	at org.apache.spark.scheduler.DAGSchedulerEventProcessLoop.onReceive(DAGScheduler.scala:2994)
	at org.apache.spark.scheduler.DAGSchedulerEventProcessLoop.onReceive(DAGScheduler.scala:2983)
	at org.apache.spark.util.EventLoop$$anon$1.run(EventLoop.scala:49)
	at org.apache.spark.scheduler.DAGScheduler.runJob(DAGScheduler.scala:989)
	at org.apache.spark.SparkContext.runJob(SparkContext.scala:2398)
	at org.apache.spark.sql.delta.files.DeltaFileFormatWriter$.$anonfun$executeWrite$1(DeltaFileFormatWriter.scala:263)
	at org.apache.spark.sql.delta.files.DeltaFileFormatWriter$.writeAndCommit(DeltaFileFormatWriter.scala:295)
	at org.apache.spark.sql.delta.files.DeltaFileFormatWriter$.executeWrite(DeltaFileFormatWriter.scala:234)
	at org.apache.spark.sql.delta.files.DeltaFileFormatWriter$.write(DeltaFileFormatWriter.scala:214)
	at org.apache.spark.sql.delta.files.TransactionalWrite.$anonfun$writeFiles$1(TransactionalWrite.scala:433)
	at org.apache.spark.sql.execution.SQLExecution$.$anonfun$withNewExecutionId$6(SQLExecution.scala:125)
	at org.apache.spark.sql.execution.SQLExecution$.withSQLConfPropagated(SQLExecution.scala:201)
	at org.apache.spark.sql.execution.SQLExecution$.$anonfun$withNewExecutionId$1(SQLExecution.scala:108)
	at org.apache.spark.sql.SparkSession.withActive(SparkSession.scala:900)
	at org.apache.spark.sql.execution.SQLExecution$.withNewExecutionId(SQLExecution.scala:66)
	at org.apache.spark.sql.delta.files.TransactionalWrite.writeFiles(TransactionalWrite.scala:391)
	at org.apache.spark.sql.delta.files.TransactionalWrite.writeFiles$(TransactionalWrite.scala:364)
	at org.apache.spark.sql.delta.OptimisticTransaction.writeFiles(OptimisticTransaction.scala:142)
	at org.apache.spark.sql.delta.files.TransactionalWrite.writeFiles(TransactionalWrite.scala:239)
	at org.apache.spark.sql.delta.files.TransactionalWrite.writeFiles$(TransactionalWrite.scala:235)
	at org.apache.spark.sql.delta.OptimisticTransaction.writeFiles(OptimisticTransaction.scala:142)
	at org.apache.spark.sql.delta.files.TransactionalWrite.writeFiles(TransactionalWrite.scala:228)
	at org.apache.spark.sql.delta.files.TransactionalWrite.writeFiles$(TransactionalWrite.scala:225)
	at org.apache.spark.sql.delta.OptimisticTransaction.writeFiles(OptimisticTransaction.scala:142)
	at org.apache.spark.sql.delta.commands.WriteIntoDelta.writeFiles(WriteIntoDelta.scala:341)
	at org.apache.spark.sql.delta.commands.WriteIntoDelta.write(WriteIntoDelta.scala:292)
	at org.apache.spark.sql.delta.commands.WriteIntoDelta.$anonfun$run$1(WriteIntoDelta.scala:105)
	at org.apache.spark.sql.delta.commands.WriteIntoDelta.$anonfun$run$1$adapted(WriteIntoDelta.scala:100)
	at org.apache.spark.sql.delta.DeltaLog.withNewTransaction(DeltaLog.scala:223)
	at org.apache.spark.sql.delta.commands.WriteIntoDelta.run(WriteIntoDelta.scala:100)
	at org.apache.spark.sql.delta.sources.DeltaDataSource.createRelation(DeltaDataSource.scala:201)
	at org.apache.spark.sql.execution.datasources.SaveIntoDataSourceCommand.run(SaveIntoDataSourceCommand.scala:48)
	at org.apache.spark.sql.execution.command.ExecutedCommandExec.sideEffectResult$lzycompute(commands.scala:75)
	at org.apache.spark.sql.execution.command.ExecutedCommandExec.sideEffectResult(commands.scala:73)
	at org.apache.spark.sql.execution.command.ExecutedCommandExec.executeCollect(commands.scala:84)
	at org.apache.spark.sql.execution.QueryExecution$$anonfun$eagerlyExecuteCommands$1.$anonfun$applyOrElse$1(QueryExecution.scala:107)
	at org.apache.spark.sql.execution.SQLExecution$.$anonfun$withNewExecutionId$6(SQLExecution.scala:125)
	at org.apache.spark.sql.execution.SQLExecution$.withSQLConfPropagated(SQLExecution.scala:201)
	at org.apache.spark.sql.execution.SQLExecution$.$anonfun$withNewExecutionId$1(SQLExecution.scala:108)
	at org.apache.spark.sql.SparkSession.withActive(SparkSession.scala:900)
	at org.apache.spark.sql.execution.SQLExecution$.withNewExecutionId(SQLExecution.scala:66)
	at org.apache.spark.sql.execution.QueryExecution$$anonfun$eagerlyExecuteCommands$1.applyOrElse(QueryExecution.scala:107)
	at org.apache.spark.sql.execution.QueryExecution$$anonfun$eagerlyExecuteCommands$1.applyOrElse(QueryExecution.scala:98)
	at org.apache.spark.sql.catalyst.trees.TreeNode.$anonfun$transformDownWithPruning$1(TreeNode.scala:461)
	at org.apache.spark.sql.catalyst.trees.CurrentOrigin$.withOrigin(origin.scala:76)
	at org.apache.spark.sql.catalyst.trees.TreeNode.transformDownWithPruning(TreeNode.scala:461)
	at org.apache.spark.sql.catalyst.plans.logical.LogicalPlan.org$apache$spark$sql$catalyst$plans$logical$AnalysisHelper$$super$transformDownWithPruning(LogicalPlan.scala:32)
	at org.apache.spark.sql.catalyst.plans.logical.AnalysisHelper.transformDownWithPruning(AnalysisHelper.scala:267)
	at org.apache.spark.sql.catalyst.plans.logical.AnalysisHelper.transformDownWithPruning$(AnalysisHelper.scala:263)
	at org.apache.spark.sql.catalyst.plans.logical.LogicalPlan.transformDownWithPruning(LogicalPlan.scala:32)
	at org.apache.spark.sql.catalyst.plans.logical.LogicalPlan.transformDownWithPruning(LogicalPlan.scala:32)
	at org.apache.spark.sql.catalyst.trees.TreeNode.transformDown(TreeNode.scala:437)
	at org.apache.spark.sql.execution.QueryExecution.eagerlyExecuteCommands(QueryExecution.scala:98)
	at org.apache.spark.sql.execution.QueryExecution.commandExecuted$lzycompute(QueryExecution.scala:85)
	at org.apache.spark.sql.execution.QueryExecution.commandExecuted(QueryExecution.scala:83)
	at org.apache.spark.sql.execution.QueryExecution.assertCommandExecuted(QueryExecution.scala:142)
	at org.apache.spark.sql.DataFrameWriter.runCommand(DataFrameWriter.scala:859)
	at org.apache.spark.sql.DataFrameWriter.saveToV1Source(DataFrameWriter.scala:388)
	at org.apache.spark.sql.DataFrameWriter.saveInternal(DataFrameWriter.scala:304)
	at org.apache.spark.sql.DataFrameWriter.save(DataFrameWriter.scala:240)
	at java.base/jdk.internal.reflect.NativeMethodAccessorImpl.invoke0(Native Method)
	at java.base/jdk.internal.reflect.NativeMethodAccessorImpl.invoke(NativeMethodAccessorImpl.java:62)
	at java.base/jdk.internal.reflect.DelegatingMethodAccessorImpl.invoke(DelegatingMethodAccessorImpl.java:43)
	at java.base/java.lang.reflect.Method.invoke(Method.java:566)
	at py4j.reflection.MethodInvoker.invoke(MethodInvoker.java:244)
	at py4j.reflection.ReflectionEngine.invoke(ReflectionEngine.java:374)
	at py4j.Gateway.invoke(Gateway.java:282)
	at py4j.commands.AbstractCommand.invokeMethod(AbstractCommand.java:132)
	at py4j.commands.CallCommand.execute(CallCommand.java:79)
	at py4j.ClientServerConnection.waitForCommands(ClientServerConnection.java:182)
	at py4j.ClientServerConnection.run(ClientServerConnection.java:106)
	at java.base/java.lang.Thread.run(Thread.java:829)
Caused by: org.apache.spark.SparkException: Can only zip RDDs with same number of elements in each partition
	at org.apache.spark.errors.SparkCoreErrors$.canOnlyZipRDDsWithSamePartitionSizeError(SparkCoreErrors.scala:142)
	at org.apache.spark.rdd.RDD$$anon$3.hasNext(RDD.scala:974)
	at scala.collection.Iterator.foreach(Iterator.scala:943)
	at scala.collection.Iterator.foreach$(Iterator.scala:943)
	at org.apache.spark.rdd.RDD$$anon$3.foreach(RDD.scala:970)
	at org.apache.spark.api.python.PythonRDD$.writeIteratorToStream(PythonRDD.scala:322)
	at org.apache.spark.api.python.PythonRunner$$anon$2.writeIteratorToStream(PythonRunner.scala:751)
	at org.apache.spark.api.python.BasePythonRunner$WriterThread.$anonfun$run$1(PythonRunner.scala:451)
	at org.apache.spark.util.Utils$.logUncaughtExceptions(Utils.scala:1928)
	at org.apache.spark.api.python.BasePythonRunner$WriterThread.run(PythonRunner.scala:282)


Stack Trace:
  File "/workspace/.pyenv_mirror/user/current/lib/python3.12/site-packages/dagster/_core/execution/plan/utils.py", line 54, in op_execution_error_boundary
    yield
  File "/workspace/.pyenv_mirror/user/current/lib/python3.12/site-packages/dagster/_utils/__init__.py", line 468, in iterate_with_context
    next_output = next(iterator)
                  ^^^^^^^^^^^^^^
  File "/workspace/.pyenv_mirror/user/current/lib/python3.12/site-packages/dagster/_core/execution/plan/execute_step.py", line 800, in _gen_fn
    gen_output = output_manager.handle_output(output_context, output.value)
                 ^^^^^^^^^^^^^^^^^^^^^^^^^^^^^^^^^^^^^^^^^^^^^^^^^^^^^^^^^^
  File "/workspace/practical-data-engineering/finnhub-batch-stock-pipeline/finnhub_batch_stock_pipeline/iomanagers/staging_s3_parquet_io_manager.py", line 150, in handle_output
    return self.inner_io_manager().handle_output(context, obj)
           ^^^^^^^^^^^^^^^^^^^^^^^^^^^^^^^^^^^^^^^^^^^^^^^^^^^
  File "/workspace/.pyenv_mirror/user/current/lib/python3.12/site-packages/dagster/_core/storage/upath_io_manager.py", line 446, in handle_output
    self.dump_to_path(context=context, obj=obj, path=path)
  File "/workspace/practical-data-engineering/finnhub-batch-stock-pipeline/finnhub_batch_stock_pipeline/iomanagers/staging_s3_parquet_io_manager.py", line 82, in dump_to_path
    obj.write.format("delta").mode('overwrite').save(pathe)
  File "/workspace/.pyenv_mirror/user/current/lib/python3.12/site-packages/pyspark/sql/readwriter.py", line 1463, in save
    self._jwrite.save(path)
  File "/workspace/.pyenv_mirror/user/current/lib/python3.12/site-packages/py4j/java_gateway.py", line 1322, in __call__
    return_value = get_return_value(
                   ^^^^^^^^^^^^^^^^^
  File "/workspace/.pyenv_mirror/user/current/lib/python3.12/site-packages/pyspark/errors/exceptions/captured.py", line 179, in deco
    return f(*a, **kw)
           ^^^^^^^^^^^
  File "/workspace/.pyenv_mirror/user/current/lib/python3.12/site-packages/py4j/protocol.py", line 326, in get_return_value
    raise Py4JJavaError(

