[32m2024-05-25 18:23:52 +0000[0m - dagster - [34mDEBUG[0m - __ASSET_JOB - 052613de-3eb9-4f31-96b9-b2fb6bce69c4 - 58222 - LOGS_CAPTURED - Started capturing logs in process (pid: 58222).
[32m2024-05-25 18:23:52 +0000[0m - dagster - [34mDEBUG[0m - __ASSET_JOB - 052613de-3eb9-4f31-96b9-b2fb6bce69c4 - 58222 - finnhub_US_stocks.import_stocks_data - STEP_START - Started execution of step "finnhub_US_stocks.import_stocks_data".
[32m2024-05-25 18:23:52 +0000[0m - dagster - [34mDEBUG[0m - __ASSET_JOB - 052613de-3eb9-4f31-96b9-b2fb6bce69c4 - finnhub_US_stocks.import_stocks_data - Loading file from: /workspace/practical-data-engineering/finnhub-batch-stock-pipeline/home/storage/052613de-3eb9-4f31-96b9-b2fb6bce69c4/finnhub_US_stocks.import_stocks_def/result using PickledObjectFilesystemIOManager...
[32m2024-05-25 18:23:52 +0000[0m - dagster - [34mDEBUG[0m - __ASSET_JOB - 052613de-3eb9-4f31-96b9-b2fb6bce69c4 - 58222 - finnhub_US_stocks.import_stocks_data - LOADED_INPUT - Loaded input "input_list" using input manager "io_manager", from output "result" of step "finnhub_US_stocks.import_stocks_def"
[32m2024-05-25 18:23:52 +0000[0m - dagster - [34mDEBUG[0m - __ASSET_JOB - 052613de-3eb9-4f31-96b9-b2fb6bce69c4 - 58222 - finnhub_US_stocks.import_stocks_data - STEP_INPUT - Got input "input_list" of type "Any". (Type check passed).
[32m2024-05-25 18:23:54 +0000[0m - dagster - [34mDEBUG[0m - __ASSET_JOB - 052613de-3eb9-4f31-96b9-b2fb6bce69c4 - 58222 - finnhub_US_stocks.import_stocks_data - STEP_OUTPUT - Yielded output "result" of type "Any". (Type check passed).
[32m2024-05-25 18:23:54 +0000[0m - dagster - [34mDEBUG[0m - __ASSET_JOB - 052613de-3eb9-4f31-96b9-b2fb6bce69c4 - finnhub_US_stocks.import_stocks_data - Writing S3 object at: s3://dagster-api/raw/2024-05-25/finnhub_US_stocks_A.json
[32m2024-05-25 18:23:54 +0000[0m - dagster - [34mWARNING[0m - __ASSET_JOB - 052613de-3eb9-4f31-96b9-b2fb6bce69c4 - finnhub_US_stocks.import_stocks_data - Removing existing S3 object: raw/2024-05-25/finnhub_US_stocks_A.json
[32m2024-05-25 18:23:54 +0000[0m - dagster - [34mDEBUG[0m - __ASSET_JOB - 052613de-3eb9-4f31-96b9-b2fb6bce69c4 - finnhub_US_stocks.import_stocks_data - Writing S3 object at: s3://dagster-api/raw/2024-05-25/finnhub_US_stocks_AA.json
[32m2024-05-25 18:23:54 +0000[0m - dagster - [34mWARNING[0m - __ASSET_JOB - 052613de-3eb9-4f31-96b9-b2fb6bce69c4 - finnhub_US_stocks.import_stocks_data - Removing existing S3 object: raw/2024-05-25/finnhub_US_stocks_AA.json
[32m2024-05-25 18:23:54 +0000[0m - dagster - [34mDEBUG[0m - __ASSET_JOB - 052613de-3eb9-4f31-96b9-b2fb6bce69c4 - finnhub_US_stocks.import_stocks_data - Writing S3 object at: s3://dagster-api/raw/2024-05-25/finnhub_US_stocks_AABB.json
[32m2024-05-25 18:23:54 +0000[0m - dagster - [34mWARNING[0m - __ASSET_JOB - 052613de-3eb9-4f31-96b9-b2fb6bce69c4 - finnhub_US_stocks.import_stocks_data - Removing existing S3 object: raw/2024-05-25/finnhub_US_stocks_AABB.json
[32m2024-05-25 18:23:54 +0000[0m - dagster - [34mDEBUG[0m - __ASSET_JOB - 052613de-3eb9-4f31-96b9-b2fb6bce69c4 - finnhub_US_stocks.import_stocks_data - Writing S3 object at: s3://dagster-api/raw/2024-05-25/finnhub_US_stocks_AABVF.json
[32m2024-05-25 18:23:54 +0000[0m - dagster - [34mWARNING[0m - __ASSET_JOB - 052613de-3eb9-4f31-96b9-b2fb6bce69c4 - finnhub_US_stocks.import_stocks_data - Removing existing S3 object: raw/2024-05-25/finnhub_US_stocks_AABVF.json
[32m2024-05-25 18:23:54 +0000[0m - dagster - [34mDEBUG[0m - __ASSET_JOB - 052613de-3eb9-4f31-96b9-b2fb6bce69c4 - finnhub_US_stocks.import_stocks_data - Writing S3 object at: s3://dagster-api/raw/2024-05-25/finnhub_US_stocks_AACAF.json
[32m2024-05-25 18:23:54 +0000[0m - dagster - [34mWARNING[0m - __ASSET_JOB - 052613de-3eb9-4f31-96b9-b2fb6bce69c4 - finnhub_US_stocks.import_stocks_data - Removing existing S3 object: raw/2024-05-25/finnhub_US_stocks_AACAF.json
[32m2024-05-25 18:23:54 +0000[0m - dagster - [34mDEBUG[0m - __ASSET_JOB - 052613de-3eb9-4f31-96b9-b2fb6bce69c4 - finnhub_US_stocks.import_stocks_data - Writing S3 object at: s3://dagster-api/raw/2024-05-25/finnhub_US_stocks_AACI.json
[32m2024-05-25 18:23:54 +0000[0m - dagster - [34mWARNING[0m - __ASSET_JOB - 052613de-3eb9-4f31-96b9-b2fb6bce69c4 - finnhub_US_stocks.import_stocks_data - Removing existing S3 object: raw/2024-05-25/finnhub_US_stocks_AACI.json
[32m2024-05-25 18:23:54 +0000[0m - dagster - [34mDEBUG[0m - __ASSET_JOB - 052613de-3eb9-4f31-96b9-b2fb6bce69c4 - finnhub_US_stocks.import_stocks_data - Writing S3 object at: s3://dagster-api/raw/2024-05-25/finnhub_US_stocks_AACS.json
[32m2024-05-25 18:23:54 +0000[0m - dagster - [34mWARNING[0m - __ASSET_JOB - 052613de-3eb9-4f31-96b9-b2fb6bce69c4 - finnhub_US_stocks.import_stocks_data - Removing existing S3 object: raw/2024-05-25/finnhub_US_stocks_AACS.json
[32m2024-05-25 18:23:54 +0000[0m - dagster - [34mDEBUG[0m - __ASSET_JOB - 052613de-3eb9-4f31-96b9-b2fb6bce69c4 - finnhub_US_stocks.import_stocks_data - Writing S3 object at: s3://dagster-api/raw/2024-05-25/finnhub_US_stocks_AACT.json
[32m2024-05-25 18:23:54 +0000[0m - dagster - [34mWARNING[0m - __ASSET_JOB - 052613de-3eb9-4f31-96b9-b2fb6bce69c4 - finnhub_US_stocks.import_stocks_data - Removing existing S3 object: raw/2024-05-25/finnhub_US_stocks_AACT.json
[32m2024-05-25 18:23:54 +0000[0m - dagster - [34mDEBUG[0m - __ASSET_JOB - 052613de-3eb9-4f31-96b9-b2fb6bce69c4 - finnhub_US_stocks.import_stocks_data - Writing S3 object at: s3://dagster-api/raw/2024-05-25/finnhub_US_stocks_AACTF.json
[32m2024-05-25 18:23:54 +0000[0m - dagster - [34mWARNING[0m - __ASSET_JOB - 052613de-3eb9-4f31-96b9-b2fb6bce69c4 - finnhub_US_stocks.import_stocks_data - Removing existing S3 object: raw/2024-05-25/finnhub_US_stocks_AACTF.json
[32m2024-05-25 18:23:54 +0000[0m - dagster - [34mDEBUG[0m - __ASSET_JOB - 052613de-3eb9-4f31-96b9-b2fb6bce69c4 - finnhub_US_stocks.import_stocks_data - Writing S3 object at: s3://dagster-api/raw/2024-05-25/finnhub_US_stocks_AADI.json
[32m2024-05-25 18:23:54 +0000[0m - dagster - [34mWARNING[0m - __ASSET_JOB - 052613de-3eb9-4f31-96b9-b2fb6bce69c4 - finnhub_US_stocks.import_stocks_data - Removing existing S3 object: raw/2024-05-25/finnhub_US_stocks_AADI.json
[32m2024-05-25 18:23:55 +0000[0m - dagster - [34mDEBUG[0m - __ASSET_JOB - 052613de-3eb9-4f31-96b9-b2fb6bce69c4 - 58222 - finnhub_US_stocks.import_stocks_data - ASSET_MATERIALIZATION - Materialized value finnhub_US_stocks.
[32m2024-05-25 18:23:55 +0000[0m - dagster - [34mDEBUG[0m - __ASSET_JOB - 052613de-3eb9-4f31-96b9-b2fb6bce69c4 - 58222 - finnhub_US_stocks.import_stocks_data - HANDLED_OUTPUT - Handled output "result" using IO manager "s3_json_io_manager"
[32m2024-05-25 18:23:55 +0000[0m - dagster - [34mDEBUG[0m - __ASSET_JOB - 052613de-3eb9-4f31-96b9-b2fb6bce69c4 - 58222 - finnhub_US_stocks.import_stocks_data - STEP_SUCCESS - Finished execution of step "finnhub_US_stocks.import_stocks_data" in 2.69s.
