[32m2024-05-25 18:24:11 +0000[0m - dagster - [34mDEBUG[0m - __ASSET_JOB - 052613de-3eb9-4f31-96b9-b2fb6bce69c4 - 59979 - LOGS_CAPTURED - Started capturing logs in process (pid: 59979).
[32m2024-05-25 18:24:11 +0000[0m - dagster - [34mDEBUG[0m - __ASSET_JOB - 052613de-3eb9-4f31-96b9-b2fb6bce69c4 - 59979 - spark_operator.stock_tables - STEP_START - Started execution of step "spark_operator.stock_tables".
[32m2024-05-25 18:24:11 +0000[0m - dagster - [34mDEBUG[0m - __ASSET_JOB - 052613de-3eb9-4f31-96b9-b2fb6bce69c4 - spark_operator.stock_tables - Loading S3 object from: s3://dagster-api/raw/finnhub_US_stocks
[32m2024-05-25 18:24:11 +0000[0m - dagster - [34mDEBUG[0m - __ASSET_JOB - 052613de-3eb9-4f31-96b9-b2fb6bce69c4 - 59979 - spark_operator.stock_tables - ASSET_OBSERVATION - DagsterEventType.ASSET_OBSERVATION for step spark_operator.stock_tables
[32m2024-05-25 18:24:11 +0000[0m - dagster - [34mDEBUG[0m - __ASSET_JOB - 052613de-3eb9-4f31-96b9-b2fb6bce69c4 - 59979 - spark_operator.stock_tables - ASSET_OBSERVATION - DagsterEventType.ASSET_OBSERVATION for step spark_operator.stock_tables
[32m2024-05-25 18:24:11 +0000[0m - dagster - [34mDEBUG[0m - __ASSET_JOB - 052613de-3eb9-4f31-96b9-b2fb6bce69c4 - 59979 - spark_operator.stock_tables - ASSET_OBSERVATION - DagsterEventType.ASSET_OBSERVATION for step spark_operator.stock_tables
[32m2024-05-25 18:24:11 +0000[0m - dagster - [34mDEBUG[0m - __ASSET_JOB - 052613de-3eb9-4f31-96b9-b2fb6bce69c4 - 59979 - spark_operator.stock_tables - ASSET_OBSERVATION - DagsterEventType.ASSET_OBSERVATION for step spark_operator.stock_tables
[32m2024-05-25 18:24:11 +0000[0m - dagster - [34mDEBUG[0m - __ASSET_JOB - 052613de-3eb9-4f31-96b9-b2fb6bce69c4 - 59979 - spark_operator.stock_tables - ASSET_OBSERVATION - DagsterEventType.ASSET_OBSERVATION for step spark_operator.stock_tables
[32m2024-05-25 18:24:11 +0000[0m - dagster - [34mDEBUG[0m - __ASSET_JOB - 052613de-3eb9-4f31-96b9-b2fb6bce69c4 - 59979 - spark_operator.stock_tables - ASSET_OBSERVATION - DagsterEventType.ASSET_OBSERVATION for step spark_operator.stock_tables
[32m2024-05-25 18:24:11 +0000[0m - dagster - [34mDEBUG[0m - __ASSET_JOB - 052613de-3eb9-4f31-96b9-b2fb6bce69c4 - 59979 - spark_operator.stock_tables - ASSET_OBSERVATION - DagsterEventType.ASSET_OBSERVATION for step spark_operator.stock_tables
[32m2024-05-25 18:24:11 +0000[0m - dagster - [34mDEBUG[0m - __ASSET_JOB - 052613de-3eb9-4f31-96b9-b2fb6bce69c4 - 59979 - spark_operator.stock_tables - ASSET_OBSERVATION - DagsterEventType.ASSET_OBSERVATION for step spark_operator.stock_tables
[32m2024-05-25 18:24:11 +0000[0m - dagster - [34mDEBUG[0m - __ASSET_JOB - 052613de-3eb9-4f31-96b9-b2fb6bce69c4 - 59979 - spark_operator.stock_tables - ASSET_OBSERVATION - DagsterEventType.ASSET_OBSERVATION for step spark_operator.stock_tables
[32m2024-05-25 18:24:11 +0000[0m - dagster - [34mDEBUG[0m - __ASSET_JOB - 052613de-3eb9-4f31-96b9-b2fb6bce69c4 - 59979 - spark_operator.stock_tables - ASSET_OBSERVATION - DagsterEventType.ASSET_OBSERVATION for step spark_operator.stock_tables
[32m2024-05-25 18:24:11 +0000[0m - dagster - [34mDEBUG[0m - __ASSET_JOB - 052613de-3eb9-4f31-96b9-b2fb6bce69c4 - 59979 - spark_operator.stock_tables - LOADED_INPUT - Loaded input "stock_data" using input manager "s3_json_io_manager", from output "result" of step "finnhub_US_stocks.import_stocks_data"
[32m2024-05-25 18:24:11 +0000[0m - dagster - [34mDEBUG[0m - __ASSET_JOB - 052613de-3eb9-4f31-96b9-b2fb6bce69c4 - 59979 - spark_operator.stock_tables - STEP_INPUT - Got input "stock_data" of type "Any". (Type check passed).
[32m2024-05-25 18:24:11 +0000[0m - dagster - [34mDEBUG[0m - __ASSET_JOB - 052613de-3eb9-4f31-96b9-b2fb6bce69c4 - 59979 - spark_operator.stock_tables - STEP_OUTPUT - Yielded output "result" mapping key "stock_A" of type "Any". (Type check passed).
[32m2024-05-25 18:24:11 +0000[0m - dagster - [34mDEBUG[0m - __ASSET_JOB - 052613de-3eb9-4f31-96b9-b2fb6bce69c4 - spark_operator.stock_tables - Writing file at: /workspace/practical-data-engineering/finnhub-batch-stock-pipeline/home/storage/052613de-3eb9-4f31-96b9-b2fb6bce69c4/spark_operator.stock_tables/result/stock_A using PickledObjectFilesystemIOManager...
[32m2024-05-25 18:24:11 +0000[0m - dagster - [34mDEBUG[0m - __ASSET_JOB - 052613de-3eb9-4f31-96b9-b2fb6bce69c4 - 59979 - spark_operator.stock_tables - HANDLED_OUTPUT - Handled output "result" using IO manager "io_manager"
[32m2024-05-25 18:24:11 +0000[0m - dagster - [34mDEBUG[0m - __ASSET_JOB - 052613de-3eb9-4f31-96b9-b2fb6bce69c4 - 59979 - spark_operator.stock_tables - STEP_OUTPUT - Yielded output "result" mapping key "stock_AA" of type "Any". (Type check passed).
[32m2024-05-25 18:24:11 +0000[0m - dagster - [34mDEBUG[0m - __ASSET_JOB - 052613de-3eb9-4f31-96b9-b2fb6bce69c4 - spark_operator.stock_tables - Writing file at: /workspace/practical-data-engineering/finnhub-batch-stock-pipeline/home/storage/052613de-3eb9-4f31-96b9-b2fb6bce69c4/spark_operator.stock_tables/result/stock_AA using PickledObjectFilesystemIOManager...
[32m2024-05-25 18:24:11 +0000[0m - dagster - [34mDEBUG[0m - __ASSET_JOB - 052613de-3eb9-4f31-96b9-b2fb6bce69c4 - 59979 - spark_operator.stock_tables - HANDLED_OUTPUT - Handled output "result" using IO manager "io_manager"
[32m2024-05-25 18:24:11 +0000[0m - dagster - [34mDEBUG[0m - __ASSET_JOB - 052613de-3eb9-4f31-96b9-b2fb6bce69c4 - 59979 - spark_operator.stock_tables - STEP_OUTPUT - Yielded output "result" mapping key "stock_AABB" of type "Any". (Type check passed).
[32m2024-05-25 18:24:11 +0000[0m - dagster - [34mDEBUG[0m - __ASSET_JOB - 052613de-3eb9-4f31-96b9-b2fb6bce69c4 - spark_operator.stock_tables - Writing file at: /workspace/practical-data-engineering/finnhub-batch-stock-pipeline/home/storage/052613de-3eb9-4f31-96b9-b2fb6bce69c4/spark_operator.stock_tables/result/stock_AABB using PickledObjectFilesystemIOManager...
[32m2024-05-25 18:24:11 +0000[0m - dagster - [34mDEBUG[0m - __ASSET_JOB - 052613de-3eb9-4f31-96b9-b2fb6bce69c4 - 59979 - spark_operator.stock_tables - HANDLED_OUTPUT - Handled output "result" using IO manager "io_manager"
[32m2024-05-25 18:24:11 +0000[0m - dagster - [34mDEBUG[0m - __ASSET_JOB - 052613de-3eb9-4f31-96b9-b2fb6bce69c4 - 59979 - spark_operator.stock_tables - STEP_OUTPUT - Yielded output "result" mapping key "stock_AABVF" of type "Any". (Type check passed).
[32m2024-05-25 18:24:11 +0000[0m - dagster - [34mDEBUG[0m - __ASSET_JOB - 052613de-3eb9-4f31-96b9-b2fb6bce69c4 - spark_operator.stock_tables - Writing file at: /workspace/practical-data-engineering/finnhub-batch-stock-pipeline/home/storage/052613de-3eb9-4f31-96b9-b2fb6bce69c4/spark_operator.stock_tables/result/stock_AABVF using PickledObjectFilesystemIOManager...
[32m2024-05-25 18:24:11 +0000[0m - dagster - [34mDEBUG[0m - __ASSET_JOB - 052613de-3eb9-4f31-96b9-b2fb6bce69c4 - 59979 - spark_operator.stock_tables - HANDLED_OUTPUT - Handled output "result" using IO manager "io_manager"
[32m2024-05-25 18:24:11 +0000[0m - dagster - [34mDEBUG[0m - __ASSET_JOB - 052613de-3eb9-4f31-96b9-b2fb6bce69c4 - 59979 - spark_operator.stock_tables - STEP_OUTPUT - Yielded output "result" mapping key "stock_AACAF" of type "Any". (Type check passed).
[32m2024-05-25 18:24:11 +0000[0m - dagster - [34mDEBUG[0m - __ASSET_JOB - 052613de-3eb9-4f31-96b9-b2fb6bce69c4 - spark_operator.stock_tables - Writing file at: /workspace/practical-data-engineering/finnhub-batch-stock-pipeline/home/storage/052613de-3eb9-4f31-96b9-b2fb6bce69c4/spark_operator.stock_tables/result/stock_AACAF using PickledObjectFilesystemIOManager...
[32m2024-05-25 18:24:11 +0000[0m - dagster - [34mDEBUG[0m - __ASSET_JOB - 052613de-3eb9-4f31-96b9-b2fb6bce69c4 - 59979 - spark_operator.stock_tables - HANDLED_OUTPUT - Handled output "result" using IO manager "io_manager"
[32m2024-05-25 18:24:11 +0000[0m - dagster - [34mDEBUG[0m - __ASSET_JOB - 052613de-3eb9-4f31-96b9-b2fb6bce69c4 - 59979 - spark_operator.stock_tables - STEP_OUTPUT - Yielded output "result" mapping key "stock_AACI" of type "Any". (Type check passed).
[32m2024-05-25 18:24:11 +0000[0m - dagster - [34mDEBUG[0m - __ASSET_JOB - 052613de-3eb9-4f31-96b9-b2fb6bce69c4 - spark_operator.stock_tables - Writing file at: /workspace/practical-data-engineering/finnhub-batch-stock-pipeline/home/storage/052613de-3eb9-4f31-96b9-b2fb6bce69c4/spark_operator.stock_tables/result/stock_AACI using PickledObjectFilesystemIOManager...
[32m2024-05-25 18:24:11 +0000[0m - dagster - [34mDEBUG[0m - __ASSET_JOB - 052613de-3eb9-4f31-96b9-b2fb6bce69c4 - 59979 - spark_operator.stock_tables - HANDLED_OUTPUT - Handled output "result" using IO manager "io_manager"
[32m2024-05-25 18:24:11 +0000[0m - dagster - [34mDEBUG[0m - __ASSET_JOB - 052613de-3eb9-4f31-96b9-b2fb6bce69c4 - 59979 - spark_operator.stock_tables - STEP_OUTPUT - Yielded output "result" mapping key "stock_AACS" of type "Any". (Type check passed).
[32m2024-05-25 18:24:11 +0000[0m - dagster - [34mDEBUG[0m - __ASSET_JOB - 052613de-3eb9-4f31-96b9-b2fb6bce69c4 - spark_operator.stock_tables - Writing file at: /workspace/practical-data-engineering/finnhub-batch-stock-pipeline/home/storage/052613de-3eb9-4f31-96b9-b2fb6bce69c4/spark_operator.stock_tables/result/stock_AACS using PickledObjectFilesystemIOManager...
[32m2024-05-25 18:24:11 +0000[0m - dagster - [34mDEBUG[0m - __ASSET_JOB - 052613de-3eb9-4f31-96b9-b2fb6bce69c4 - 59979 - spark_operator.stock_tables - HANDLED_OUTPUT - Handled output "result" using IO manager "io_manager"
[32m2024-05-25 18:24:11 +0000[0m - dagster - [34mDEBUG[0m - __ASSET_JOB - 052613de-3eb9-4f31-96b9-b2fb6bce69c4 - 59979 - spark_operator.stock_tables - STEP_OUTPUT - Yielded output "result" mapping key "stock_AACT" of type "Any". (Type check passed).
[32m2024-05-25 18:24:11 +0000[0m - dagster - [34mDEBUG[0m - __ASSET_JOB - 052613de-3eb9-4f31-96b9-b2fb6bce69c4 - spark_operator.stock_tables - Writing file at: /workspace/practical-data-engineering/finnhub-batch-stock-pipeline/home/storage/052613de-3eb9-4f31-96b9-b2fb6bce69c4/spark_operator.stock_tables/result/stock_AACT using PickledObjectFilesystemIOManager...
[32m2024-05-25 18:24:11 +0000[0m - dagster - [34mDEBUG[0m - __ASSET_JOB - 052613de-3eb9-4f31-96b9-b2fb6bce69c4 - 59979 - spark_operator.stock_tables - HANDLED_OUTPUT - Handled output "result" using IO manager "io_manager"
[32m2024-05-25 18:24:11 +0000[0m - dagster - [34mDEBUG[0m - __ASSET_JOB - 052613de-3eb9-4f31-96b9-b2fb6bce69c4 - 59979 - spark_operator.stock_tables - STEP_OUTPUT - Yielded output "result" mapping key "stock_AACTF" of type "Any". (Type check passed).
[32m2024-05-25 18:24:11 +0000[0m - dagster - [34mDEBUG[0m - __ASSET_JOB - 052613de-3eb9-4f31-96b9-b2fb6bce69c4 - spark_operator.stock_tables - Writing file at: /workspace/practical-data-engineering/finnhub-batch-stock-pipeline/home/storage/052613de-3eb9-4f31-96b9-b2fb6bce69c4/spark_operator.stock_tables/result/stock_AACTF using PickledObjectFilesystemIOManager...
[32m2024-05-25 18:24:11 +0000[0m - dagster - [34mDEBUG[0m - __ASSET_JOB - 052613de-3eb9-4f31-96b9-b2fb6bce69c4 - 59979 - spark_operator.stock_tables - HANDLED_OUTPUT - Handled output "result" using IO manager "io_manager"
[32m2024-05-25 18:24:11 +0000[0m - dagster - [34mDEBUG[0m - __ASSET_JOB - 052613de-3eb9-4f31-96b9-b2fb6bce69c4 - 59979 - spark_operator.stock_tables - STEP_OUTPUT - Yielded output "result" mapping key "stock_AADI" of type "Any". (Type check passed).
[32m2024-05-25 18:24:11 +0000[0m - dagster - [34mDEBUG[0m - __ASSET_JOB - 052613de-3eb9-4f31-96b9-b2fb6bce69c4 - spark_operator.stock_tables - Writing file at: /workspace/practical-data-engineering/finnhub-batch-stock-pipeline/home/storage/052613de-3eb9-4f31-96b9-b2fb6bce69c4/spark_operator.stock_tables/result/stock_AADI using PickledObjectFilesystemIOManager...
[32m2024-05-25 18:24:11 +0000[0m - dagster - [34mDEBUG[0m - __ASSET_JOB - 052613de-3eb9-4f31-96b9-b2fb6bce69c4 - 59979 - spark_operator.stock_tables - HANDLED_OUTPUT - Handled output "result" using IO manager "io_manager"
[32m2024-05-25 18:24:11 +0000[0m - dagster - [34mDEBUG[0m - __ASSET_JOB - 052613de-3eb9-4f31-96b9-b2fb6bce69c4 - 59979 - spark_operator.stock_tables - STEP_SUCCESS - Finished execution of step "spark_operator.stock_tables" in 538ms.
