:: loading settings :: url = jar:file:/workspace/.pyenv_mirror/user/current/lib/python3.12/site-packages/pyspark/jars/ivy-2.5.1.jar!/org/apache/ivy/core/settings/ivysettings.xml
root
 |-- 10DayAverageTradingVolume: float (nullable = true)
 |-- 13WeekPriceReturnDaily: float (nullable = true)
 |-- 26WeekPriceReturnDaily: float (nullable = true)
 |-- 3MonthADReturnStd: float (nullable = true)
 |-- 3MonthAverageTradingVolume: float (nullable = true)
 |-- 52WeekHigh: float (nullable = true)
 |-- 52WeekHighDate: float (nullable = true)
 |-- 52WeekLow: float (nullable = true)
 |-- 52WeekLowDate: float (nullable = true)
 |-- 52WeekPriceReturnDaily: float (nullable = true)
 |-- 5DayPriceReturnDaily: float (nullable = true)
 |-- assetTurnoverAnnual: float (nullable = true)
 |-- assetTurnoverTTM: float (nullable = true)
 |-- beta: float (nullable = true)
 |-- bookValuePerShareAnnual: float (nullable = true)
 |-- bookValuePerShareQuarterly: float (nullable = true)
 |-- bookValueShareGrowth5Y: float (nullable = true)
 |-- capexCagr5Y: float (nullable = true)
 |-- cashFlowPerShareAnnual: float (nullable = true)
 |-- cashFlowPerShareQuarterly: float (nullable = true)
 |-- cashFlowPerShareTTM: float (nullable = true)
 |-- cashPerSharePerShareAnnual: float (nullable = true)
 |-- cashPerSharePerShareQuarterly: float (nullable = true)
 |-- currentDividendYieldTTM: float (nullable = true)
 |-- currentRatioAnnual: float (nullable = true)
 |-- currentRatioQuarterly: float (nullable = true)
 |-- dividendPerShareAnnual: float (nullable = true)
 |-- dividendPerShareTTM: float (nullable = true)
 |-- ebitdPerShareAnnual: float (nullable = true)
 |-- ebitdPerShareTTM: float (nullable = true)
 |-- ebitdaCagr5Y: float (nullable = true)
 |-- ebitdaInterimCagr5Y: float (nullable = true)
 |-- enterpriseValue: float (nullable = true)
 |-- epsAnnual: float (nullable = true)
 |-- epsBasicExclExtraItemsAnnual: float (nullable = true)
 |-- epsBasicExclExtraItemsTTM: float (nullable = true)
 |-- epsExclExtraItemsAnnual: float (nullable = true)
 |-- epsExclExtraItemsTTM: float (nullable = true)
 |-- epsGrowth3Y: float (nullable = true)
 |-- epsGrowth5Y: float (nullable = true)
 |-- epsGrowthQuarterlyYoy: float (nullable = true)
 |-- epsGrowthTTMYoy: float (nullable = true)
 |-- epsInclExtraItemsAnnual: float (nullable = true)
 |-- epsInclExtraItemsTTM: float (nullable = true)
 |-- epsNormalizedAnnual: float (nullable = true)
 |-- epsTTM: float (nullable = true)
 |-- focfCagr5Y: float (nullable = true)
 |-- grossMarginAnnual: float (nullable = true)
 |-- grossMarginTTM: float (nullable = true)
 |-- inventoryTurnoverTTM: float (nullable = true)
 |-- longTermDebt/equityAnnual: float (nullable = true)
 |-- longTermDebt/equityQuarterly: float (nullable = true)
 |-- marketCapitalization: float (nullable = true)
 |-- monthToDatePriceReturnDaily: float (nullable = true)
 |-- netIncomeEmployeeAnnual: float (nullable = true)
 |-- netIncomeEmployeeTTM: float (nullable = true)
 |-- netInterestCoverageAnnual: float (nullable = true)
 |-- netInterestCoverageTTM: float (nullable = true)
 |-- netProfitMargin5Y: float (nullable = true)
 |-- netProfitMarginAnnual: float (nullable = true)
 |-- netProfitMarginTTM: float (nullable = true)
 |-- operatingMargin5Y: float (nullable = true)
 |-- operatingMarginAnnual: float (nullable = true)
 |-- operatingMarginTTM: float (nullable = true)
 |-- pbAnnual: float (nullable = true)
 |-- pbQuarterly: float (nullable = true)
 |-- pcfShareAnnual: float (nullable = true)
 |-- pcfShareTTM: float (nullable = true)
 |-- peAnnual: float (nullable = true)
 |-- peBasicExclExtraTTM: float (nullable = true)
 |-- peExclExtraTTM: float (nullable = true)
 |-- peInclExtraTTM: float (nullable = true)
 |-- peNormalizedAnnual: float (nullable = true)
 |-- peTTM: float (nullable = true)
 |-- pretaxMargin5Y: float (nullable = true)
 |-- pretaxMarginAnnual: float (nullable = true)
 |-- pretaxMarginTTM: float (nullable = true)
 |-- priceRelativeToS&P50013Week: float (nullable = true)
 |-- priceRelativeToS&P50026Week: float (nullable = true)
 |-- priceRelativeToS&P5004Week: float (nullable = true)
 |-- priceRelativeToS&P50052Week: float (nullable = true)
 |-- priceRelativeToS&P500Ytd: float (nullable = true)
 |-- psAnnual: float (nullable = true)
 |-- psTTM: float (nullable = true)
 |-- ptbvAnnual: float (nullable = true)
 |-- ptbvQuarterly: float (nullable = true)
 |-- quickRatioAnnual: float (nullable = true)
 |-- quickRatioQuarterly: float (nullable = true)
 |-- receivablesTurnoverAnnual: float (nullable = true)
 |-- receivablesTurnoverTTM: float (nullable = true)
 |-- revenueEmployeeAnnual: float (nullable = true)
 |-- revenueEmployeeTTM: float (nullable = true)
 |-- revenueGrowth3Y: float (nullable = true)
 |-- revenueGrowth5Y: float (nullable = true)
 |-- revenueGrowthQuarterlyYoy: float (nullable = true)
 |-- revenueGrowthTTMYoy: float (nullable = true)
 |-- revenuePerShareAnnual: float (nullable = true)
 |-- revenuePerShareTTM: float (nullable = true)
 |-- revenueShareGrowth5Y: float (nullable = true)
 |-- roa5Y: float (nullable = true)
 |-- roaRfy: float (nullable = true)
 |-- roaTTM: float (nullable = true)
 |-- roe5Y: float (nullable = true)
 |-- roeRfy: float (nullable = true)
 |-- roeTTM: float (nullable = true)
 |-- roi5Y: float (nullable = true)
 |-- roiAnnual: float (nullable = true)
 |-- roiTTM: float (nullable = true)
 |-- tangibleBookValuePerShareAnnual: float (nullable = true)
 |-- tangibleBookValuePerShareQuarterly: float (nullable = true)
 |-- tbvCagr5Y: float (nullable = true)
 |-- totalDebt/totalEquityAnnual: float (nullable = true)
 |-- totalDebt/totalEquityQuarterly: float (nullable = true)
 |-- yearToDatePriceReturnDaily: float (nullable = true)
 |-- symbol: string (nullable = true)
 |-- currentEv/freeCashFlowAnnual: float (nullable = true)
 |-- currentEv/freeCashFlowTTM: float (nullable = true)
 |-- dividendGrowthRate5Y: float (nullable = true)
 |-- dividendYieldIndicatedAnnual: float (nullable = true)
 |-- grossMargin5Y: float (nullable = true)
 |-- inventoryTurnoverAnnual: float (nullable = true)
 |-- netMarginGrowth5Y: float (nullable = true)
 |-- payoutRatioAnnual: float (nullable = true)
 |-- payoutRatioTTM: float (nullable = true)
 |-- peExclExtraAnnual: float (nullable = true)
 |-- pfcfShareAnnual: float (nullable = true)
 |-- pfcfShareTTM: float (nullable = true)

root
 |-- symbol: string (nullable = true)
 |-- date: date (nullable = true)
 |-- quarterly.assetTurnoverTTM: float (nullable = true)
 |-- quarterly.bookValue: float (nullable = true)
 |-- quarterly.cashRatio: float (nullable = true)
 |-- quarterly.currentRatio: float (nullable = true)
 |-- quarterly.ebitPerShare: float (nullable = true)
 |-- quarterly.eps: float (nullable = true)
 |-- quarterly.ev: float (nullable = true)
 |-- quarterly.fcfMargin: float (nullable = true)
 |-- quarterly.fcfPerShareTTM: float (nullable = true)
 |-- quarterly.grossMargin: float (nullable = true)
 |-- quarterly.inventoryTurnoverTTM: float (nullable = true)
 |-- quarterly.longtermDebtTotalAsset: float (nullable = true)
 |-- quarterly.longtermDebtTotalCapital: float (nullable = true)
 |-- quarterly.longtermDebtTotalEquity: float (nullable = true)
 |-- quarterly.netDebtToTotalCapital: float (nullable = true)
 |-- quarterly.netDebtToTotalEquity: float (nullable = true)
 |-- quarterly.netMargin: float (nullable = true)
 |-- quarterly.operatingMargin: float (nullable = true)
 |-- quarterly.pb: float (nullable = true)
 |-- quarterly.pretaxMargin: float (nullable = true)
 |-- quarterly.psTTM: float (nullable = true)
 |-- quarterly.ptbv: float (nullable = true)
 |-- quarterly.quickRatio: float (nullable = true)
 |-- quarterly.receivablesTurnoverTTM: float (nullable = true)
 |-- quarterly.roaTTM: float (nullable = true)
 |-- quarterly.roeTTM: float (nullable = true)
 |-- quarterly.roicTTM: float (nullable = true)
 |-- quarterly.rotcTTM: float (nullable = true)
 |-- quarterly.salesPerShare: float (nullable = true)
 |-- quarterly.sgaToSale: float (nullable = true)
 |-- quarterly.tangibleBookValue: float (nullable = true)
 |-- quarterly.totalDebtToEquity: float (nullable = true)
 |-- quarterly.totalDebtToTotalAsset: float (nullable = true)
 |-- quarterly.totalDebtToTotalCapital: float (nullable = true)
 |-- quarterly.totalRatio: float (nullable = true)
 |-- annual.bookValue: float (nullable = true)
 |-- annual.cashRatio: float (nullable = true)
 |-- annual.currentRatio: float (nullable = true)
 |-- annual.ebitPerShare: float (nullable = true)
 |-- annual.eps: float (nullable = true)
 |-- annual.ev: float (nullable = true)
 |-- annual.grossMargin: float (nullable = true)
 |-- annual.longtermDebtTotalAsset: float (nullable = true)
 |-- annual.longtermDebtTotalCapital: float (nullable = true)
 |-- annual.longtermDebtTotalEquity: float (nullable = true)
 |-- annual.netDebtToTotalCapital: float (nullable = true)
 |-- annual.netDebtToTotalEquity: float (nullable = true)
 |-- annual.netMargin: float (nullable = true)
 |-- annual.operatingMargin: float (nullable = true)
 |-- annual.pb: float (nullable = true)
 |-- annual.pe: float (nullable = true)
 |-- annual.pretaxMargin: float (nullable = true)
 |-- annual.ps: float (nullable = true)
 |-- annual.ptbv: float (nullable = true)
 |-- annual.quickRatio: float (nullable = true)
 |-- annual.receivablesTurnover: float (nullable = true)
 |-- annual.roa: float (nullable = true)
 |-- annual.roe: float (nullable = true)
 |-- annual.roic: float (nullable = true)
 |-- annual.rotc: float (nullable = true)
 |-- annual.salesPerShare: float (nullable = true)
 |-- annual.sgaToSale: float (nullable = true)
 |-- annual.tangibleBookValue: float (nullable = true)
 |-- annual.totalDebtToEquity: float (nullable = true)
 |-- annual.totalDebtToTotalAsset: float (nullable = true)
 |-- annual.totalDebtToTotalCapital: float (nullable = true)
 |-- quarterly.payoutRatioTTM: float (nullable = true)
 |-- quarterly.peTTM: float (nullable = true)
 |-- quarterly.pfcfTTM: float (nullable = true)
 |-- annual.fcfMargin: float (nullable = true)
 |-- annual.inventoryTurnover: float (nullable = true)
 |-- annual.payoutRatio: float (nullable = true)
 |-- annual.pfcf: float (nullable = true)

