[32m2024-05-31 13:13:23 +0000[0m - dagster - [34mDEBUG[0m - __ASSET_JOB - f1c4436b-4417-40f3-9516-b4abae8598d3 - 387726 - LOGS_CAPTURED - Started capturing logs in process (pid: 387726).
[32m2024-05-31 13:13:23 +0000[0m - dagster - [34mDEBUG[0m - __ASSET_JOB - f1c4436b-4417-40f3-9516-b4abae8598d3 - 387726 - fact_tables - STEP_START - Started execution of step "fact_tables".
24/05/31 13:13:25 WARN Utils: Your hostname, willowyboat-practicalda-8yoi5et7ep7 resolves to a loopback address: 127.0.0.1; using 10.0.5.2 instead (on interface eth0)
24/05/31 13:13:25 WARN Utils: Set SPARK_LOCAL_IP if you need to bind to another address
Ivy Default Cache set to: /home/gitpod/.ivy2/cache
The jars for the packages stored in: /home/gitpod/.ivy2/jars
io.delta#delta-spark_2.12 added as a dependency
org.apache.hadoop#hadoop-aws added as a dependency
org.apache.hadoop#hadoop-common added as a dependency
com.amazonaws#aws-java-sdk-bundle added as a dependency
:: resolving dependencies :: org.apache.spark#spark-submit-parent-06c8c7ff-09f0-4979-9411-7f4e708a169a;1.0
	confs: [default]
	found io.delta#delta-spark_2.12;3.1.0 in spark-list
	found io.delta#delta-storage;3.1.0 in central
	found org.antlr#antlr4-runtime;4.9.3 in central
	found org.apache.hadoop#hadoop-aws;3.3.4 in central
	found com.amazonaws#aws-java-sdk-bundle;1.12.262 in central
	found org.wildfly.openssl#wildfly-openssl;1.0.7.Final in central
	found org.apache.hadoop#hadoop-common;3.3.4 in central
	found org.apache.hadoop.thirdparty#hadoop-shaded-protobuf_3_7;1.1.1 in central
	found org.apache.hadoop#hadoop-annotations;3.3.4 in central
	found org.apache.hadoop.thirdparty#hadoop-shaded-guava;1.1.1 in central
	found com.google.guava#guava;27.0-jre in central
	found com.google.guava#failureaccess;1.0 in central
	found com.google.guava#listenablefuture;9999.0-empty-to-avoid-conflict-with-guava in central
	found com.google.code.findbugs#jsr305;3.0.2 in central
	found org.checkerframework#checker-qual;2.5.2 in central
	found com.google.j2objc#j2objc-annotations;1.1 in central
	found org.codehaus.mojo#animal-sniffer-annotations;1.17 in central
	found commons-cli#commons-cli;1.2 in central
	found org.apache.commons#commons-math3;3.1.1 in central
	found org.apache.httpcomponents#httpclient;4.5.13 in central
	found org.apache.httpcomponents#httpcore;4.4.13 in central
	found commons-logging#commons-logging;1.1.3 in central
	found commons-codec#commons-codec;1.15 in central
	found commons-io#commons-io;2.8.0 in central
	found commons-net#commons-net;3.6 in central
	found commons-collections#commons-collections;3.2.2 in central
	found javax.servlet#javax.servlet-api;3.1.0 in central
	found org.eclipse.jetty#jetty-server;9.4.43.v20210629 in central
	found org.eclipse.jetty#jetty-http;9.4.43.v20210629 in central
	found org.eclipse.jetty#jetty-util;9.4.43.v20210629 in central
	found org.eclipse.jetty#jetty-io;9.4.43.v20210629 in central
	found org.eclipse.jetty#jetty-servlet;9.4.43.v20210629 in central
	found org.eclipse.jetty#jetty-security;9.4.43.v20210629 in central
	found org.eclipse.jetty#jetty-util-ajax;9.4.43.v20210629 in central
	found org.eclipse.jetty#jetty-webapp;9.4.43.v20210629 in central
	found org.eclipse.jetty#jetty-xml;9.4.43.v20210629 in central
	found com.sun.jersey#jersey-core;1.19 in central
	found javax.ws.rs#jsr311-api;1.1.1 in central
	found com.sun.jersey#jersey-servlet;1.19 in central
	found com.sun.jersey#jersey-server;1.19 in central
	found com.sun.jersey#jersey-json;1.19 in central
	found org.codehaus.jettison#jettison;1.1 in central
	found com.sun.xml.bind#jaxb-impl;2.2.3-1 in central
	found javax.xml.bind#jaxb-api;2.2.11 in central
	found org.codehaus.jackson#jackson-core-asl;1.9.13 in central
	found org.codehaus.jackson#jackson-mapper-asl;1.9.13 in central
	found org.codehaus.jackson#jackson-jaxrs;1.9.13 in central
	found org.codehaus.jackson#jackson-xc;1.9.13 in central
	found ch.qos.reload4j#reload4j;1.2.22 in central
	found commons-beanutils#commons-beanutils;1.9.4 in central
	found org.apache.commons#commons-configuration2;2.1.1 in central
	found org.apache.commons#commons-lang3;3.12.0 in central
	found org.apache.commons#commons-text;1.4 in central
	found org.slf4j#slf4j-api;1.7.36 in central
	found org.slf4j#slf4j-reload4j;1.7.36 in central
	found org.apache.avro#avro;1.7.7 in central
	found com.thoughtworks.paranamer#paranamer;2.3 in central
	found org.xerial.snappy#snappy-java;1.1.8.2 in central
	found org.apache.commons#commons-compress;1.21 in central
	found com.google.re2j#re2j;1.1 in central
	found com.google.protobuf#protobuf-java;2.5.0 in central
	found com.google.code.gson#gson;2.8.9 in spark-list
	found org.apache.hadoop#hadoop-auth;3.3.4 in central
	found com.nimbusds#nimbus-jose-jwt;9.8.1 in central
	found com.github.stephenc.jcip#jcip-annotations;1.0-1 in central
	found net.minidev#json-smart;2.4.7 in central
	found net.minidev#accessors-smart;2.4.7 in central
	found org.ow2.asm#asm;5.0.4 in central
	found org.apache.zookeeper#zookeeper;3.5.6 in central
	found org.apache.zookeeper#zookeeper-jute;3.5.6 in central
	found org.apache.yetus#audience-annotations;0.5.0 in central
	found org.apache.curator#curator-framework;4.2.0 in central
	found org.apache.curator#curator-client;4.2.0 in central
	found org.apache.kerby#kerb-simplekdc;1.0.1 in central
	found org.apache.kerby#kerb-client;1.0.1 in central
	found org.apache.kerby#kerby-config;1.0.1 in central
	found org.apache.kerby#kerb-core;1.0.1 in central
	found org.apache.kerby#kerby-pkix;1.0.1 in central
	found org.apache.kerby#kerby-asn1;1.0.1 in central
	found org.apache.kerby#kerby-util;1.0.1 in central
	found org.apache.kerby#kerb-common;1.0.1 in central
	found org.apache.kerby#kerb-crypto;1.0.1 in central
	found org.apache.kerby#kerb-util;1.0.1 in central
	found org.apache.kerby#token-provider;1.0.1 in central
	found org.apache.kerby#kerb-admin;1.0.1 in central
	found org.apache.kerby#kerb-server;1.0.1 in central
	found org.apache.kerby#kerb-identity;1.0.1 in central
	found org.apache.kerby#kerby-xdr;1.0.1 in central
	found com.jcraft#jsch;0.1.55 in central
	found org.apache.curator#curator-recipes;4.2.0 in central
	found com.fasterxml.jackson.core#jackson-databind;2.12.7 in central
	found com.fasterxml.jackson.core#jackson-annotations;2.12.7 in central
	found com.fasterxml.jackson.core#jackson-core;2.12.7 in central
	found org.codehaus.woodstox#stax2-api;4.2.1 in central
	found com.fasterxml.woodstox#woodstox-core;5.3.0 in central
	found dnsjava#dnsjava;2.1.7 in central
	found jakarta.activation#jakarta.activation-api;1.2.1 in central
	found javax.servlet.jsp#jsp-api;2.1 in central
:: resolution report :: resolve 1477ms :: artifacts dl 66ms
	:: modules in use:
	ch.qos.reload4j#reload4j;1.2.22 from central in [default]
	com.amazonaws#aws-java-sdk-bundle;1.12.262 from central in [default]
	com.fasterxml.jackson.core#jackson-annotations;2.12.7 from central in [default]
	com.fasterxml.jackson.core#jackson-core;2.12.7 from central in [default]
	com.fasterxml.jackson.core#jackson-databind;2.12.7 from central in [default]
	com.fasterxml.woodstox#woodstox-core;5.3.0 from central in [default]
	com.github.stephenc.jcip#jcip-annotations;1.0-1 from central in [default]
	com.google.code.findbugs#jsr305;3.0.2 from central in [default]
	com.google.code.gson#gson;2.8.9 from spark-list in [default]
	com.google.guava#failureaccess;1.0 from central in [default]
	com.google.guava#guava;27.0-jre from central in [default]
	com.google.guava#listenablefuture;9999.0-empty-to-avoid-conflict-with-guava from central in [default]
	com.google.j2objc#j2objc-annotations;1.1 from central in [default]
	com.google.protobuf#protobuf-java;2.5.0 from central in [default]
	com.google.re2j#re2j;1.1 from central in [default]
	com.jcraft#jsch;0.1.55 from central in [default]
	com.nimbusds#nimbus-jose-jwt;9.8.1 from central in [default]
	com.sun.jersey#jersey-core;1.19 from central in [default]
	com.sun.jersey#jersey-json;1.19 from central in [default]
	com.sun.jersey#jersey-server;1.19 from central in [default]
	com.sun.jersey#jersey-servlet;1.19 from central in [default]
	com.sun.xml.bind#jaxb-impl;2.2.3-1 from central in [default]
	com.thoughtworks.paranamer#paranamer;2.3 from central in [default]
	commons-beanutils#commons-beanutils;1.9.4 from central in [default]
	commons-cli#commons-cli;1.2 from central in [default]
	commons-codec#commons-codec;1.15 from central in [default]
	commons-collections#commons-collections;3.2.2 from central in [default]
	commons-io#commons-io;2.8.0 from central in [default]
	commons-logging#commons-logging;1.1.3 from central in [default]
	commons-net#commons-net;3.6 from central in [default]
	dnsjava#dnsjava;2.1.7 from central in [default]
	io.delta#delta-spark_2.12;3.1.0 from spark-list in [default]
	io.delta#delta-storage;3.1.0 from central in [default]
	jakarta.activation#jakarta.activation-api;1.2.1 from central in [default]
	javax.servlet#javax.servlet-api;3.1.0 from central in [default]
	javax.servlet.jsp#jsp-api;2.1 from central in [default]
	javax.ws.rs#jsr311-api;1.1.1 from central in [default]
	javax.xml.bind#jaxb-api;2.2.11 from central in [default]
	net.minidev#accessors-smart;2.4.7 from central in [default]
	net.minidev#json-smart;2.4.7 from central in [default]
	org.antlr#antlr4-runtime;4.9.3 from central in [default]
	org.apache.avro#avro;1.7.7 from central in [default]
	org.apache.commons#commons-compress;1.21 from central in [default]
	org.apache.commons#commons-configuration2;2.1.1 from central in [default]
	org.apache.commons#commons-lang3;3.12.0 from central in [default]
	org.apache.commons#commons-math3;3.1.1 from central in [default]
	org.apache.commons#commons-text;1.4 from central in [default]
	org.apache.curator#curator-client;4.2.0 from central in [default]
	org.apache.curator#curator-framework;4.2.0 from central in [default]
	org.apache.curator#curator-recipes;4.2.0 from central in [default]
	org.apache.hadoop#hadoop-annotations;3.3.4 from central in [default]
	org.apache.hadoop#hadoop-auth;3.3.4 from central in [default]
	org.apache.hadoop#hadoop-aws;3.3.4 from central in [default]
	org.apache.hadoop#hadoop-common;3.3.4 from central in [default]
	org.apache.hadoop.thirdparty#hadoop-shaded-guava;1.1.1 from central in [default]
	org.apache.hadoop.thirdparty#hadoop-shaded-protobuf_3_7;1.1.1 from central in [default]
	org.apache.httpcomponents#httpclient;4.5.13 from central in [default]
	org.apache.httpcomponents#httpcore;4.4.13 from central in [default]
	org.apache.kerby#kerb-admin;1.0.1 from central in [default]
	org.apache.kerby#kerb-client;1.0.1 from central in [default]
	org.apache.kerby#kerb-common;1.0.1 from central in [default]
	org.apache.kerby#kerb-core;1.0.1 from central in [default]
	org.apache.kerby#kerb-crypto;1.0.1 from central in [default]
	org.apache.kerby#kerb-identity;1.0.1 from central in [default]
	org.apache.kerby#kerb-server;1.0.1 from central in [default]
	org.apache.kerby#kerb-simplekdc;1.0.1 from central in [default]
	org.apache.kerby#kerb-util;1.0.1 from central in [default]
	org.apache.kerby#kerby-asn1;1.0.1 from central in [default]
	org.apache.kerby#kerby-config;1.0.1 from central in [default]
	org.apache.kerby#kerby-pkix;1.0.1 from central in [default]
	org.apache.kerby#kerby-util;1.0.1 from central in [default]
	org.apache.kerby#kerby-xdr;1.0.1 from central in [default]
	org.apache.kerby#token-provider;1.0.1 from central in [default]
	org.apache.yetus#audience-annotations;0.5.0 from central in [default]
	org.apache.zookeeper#zookeeper;3.5.6 from central in [default]
	org.apache.zookeeper#zookeeper-jute;3.5.6 from central in [default]
	org.checkerframework#checker-qual;2.5.2 from central in [default]
	org.codehaus.jackson#jackson-core-asl;1.9.13 from central in [default]
	org.codehaus.jackson#jackson-jaxrs;1.9.13 from central in [default]
	org.codehaus.jackson#jackson-mapper-asl;1.9.13 from central in [default]
	org.codehaus.jackson#jackson-xc;1.9.13 from central in [default]
	org.codehaus.jettison#jettison;1.1 from central in [default]
	org.codehaus.mojo#animal-sniffer-annotations;1.17 from central in [default]
	org.codehaus.woodstox#stax2-api;4.2.1 from central in [default]
	org.eclipse.jetty#jetty-http;9.4.43.v20210629 from central in [default]
	org.eclipse.jetty#jetty-io;9.4.43.v20210629 from central in [default]
	org.eclipse.jetty#jetty-security;9.4.43.v20210629 from central in [default]
	org.eclipse.jetty#jetty-server;9.4.43.v20210629 from central in [default]
	org.eclipse.jetty#jetty-servlet;9.4.43.v20210629 from central in [default]
	org.eclipse.jetty#jetty-util;9.4.43.v20210629 from central in [default]
	org.eclipse.jetty#jetty-util-ajax;9.4.43.v20210629 from central in [default]
	org.eclipse.jetty#jetty-webapp;9.4.43.v20210629 from central in [default]
	org.eclipse.jetty#jetty-xml;9.4.43.v20210629 from central in [default]
	org.ow2.asm#asm;5.0.4 from central in [default]
	org.slf4j#slf4j-api;1.7.36 from central in [default]
	org.slf4j#slf4j-reload4j;1.7.36 from central in [default]
	org.wildfly.openssl#wildfly-openssl;1.0.7.Final from central in [default]
	org.xerial.snappy#snappy-java;1.1.8.2 from central in [default]
	---------------------------------------------------------------------
	|                  |            modules            ||   artifacts   |
	|       conf       | number| search|dwnlded|evicted|| number|dwnlded|
	---------------------------------------------------------------------
	|      default     |   98  |   0   |   0   |   0   ||   98  |   0   |
	---------------------------------------------------------------------
:: retrieving :: org.apache.spark#spark-submit-parent-06c8c7ff-09f0-4979-9411-7f4e708a169a
	confs: [default]
	14 artifacts copied, 84 already retrieved (7605kB/53ms)
24/05/31 13:13:27 WARN NativeCodeLoader: Unable to load native-hadoop library for your platform... using builtin-java classes where applicable
Setting default log level to "WARN".
To adjust logging level use sc.setLogLevel(newLevel). For SparkR, use setLogLevel(newLevel).
[32m2024-05-31 13:13:32 +0000[0m - dagster - [34mDEBUG[0m - __ASSET_JOB - f1c4436b-4417-40f3-9516-b4abae8598d3 - fact_tables - Loading S3 object from: s3a://dagster-api/staging/2024-05-31/metric
24/05/31 13:13:33 WARN MetricsConfig: Cannot locate configuration: tried hadoop-metrics2-s3a-file-system.properties,hadoop-metrics2.properties
[32m2024-05-31 13:13:38 +0000[0m - dagster - [34mDEBUG[0m - __ASSET_JOB - f1c4436b-4417-40f3-9516-b4abae8598d3 - 387726 - fact_tables - LOADED_INPUT - Loaded input "metric" using input manager "s3_prqt_io_manager", from output "metric" of step "spark_operator.merge_and_analyze"
[32m2024-05-31 13:13:38 +0000[0m - dagster - [34mDEBUG[0m - __ASSET_JOB - f1c4436b-4417-40f3-9516-b4abae8598d3 - fact_tables - Loading S3 object from: s3a://dagster-api/staging/2024-05-31/series
[32m2024-05-31 13:13:39 +0000[0m - dagster - [34mDEBUG[0m - __ASSET_JOB - f1c4436b-4417-40f3-9516-b4abae8598d3 - 387726 - fact_tables - LOADED_INPUT - Loaded input "series" using input manager "s3_prqt_io_manager", from output "series" of step "spark_operator.merge_and_analyze"
[32m2024-05-31 13:13:39 +0000[0m - dagster - [34mDEBUG[0m - __ASSET_JOB - f1c4436b-4417-40f3-9516-b4abae8598d3 - 387726 - fact_tables - STEP_INPUT - Got input "metric" of type "DataFrame". (Type check passed).
[32m2024-05-31 13:13:39 +0000[0m - dagster - [34mDEBUG[0m - __ASSET_JOB - f1c4436b-4417-40f3-9516-b4abae8598d3 - 387726 - fact_tables - STEP_INPUT - Got input "series" of type "DataFrame". (Type check passed).
[32m2024-05-31 13:13:47 +0000[0m - dagster - [34mINFO[0m - __ASSET_JOB - f1c4436b-4417-40f3-9516-b4abae8598d3 - fact_tables - None
[32m2024-05-31 13:13:47 +0000[0m - dagster - [34mINFO[0m - __ASSET_JOB - f1c4436b-4417-40f3-9516-b4abae8598d3 - fact_tables - None
24/05/31 13:13:48 WARN SparkStringUtils: Truncated the string representation of a plan since it was too large. This behavior can be adjusted by setting 'spark.sql.debug.maxToStringFields'.
[Stage 4:>                                                        (0 + 16) / 50][Stage 4:====>                                                    (4 + 28) / 50][Stage 4:=================>                                      (16 + 17) / 50][Stage 4:===================================>                    (32 + 17) / 50]                                                                                [Stage 10:>                                                       (0 + 10) / 10]                                                                                [Stage 13:===============================================>        (42 + 8) / 50]                                                                                [32m2024-05-31 13:13:55 +0000[0m - dagster - [34mDEBUG[0m - __ASSET_JOB - f1c4436b-4417-40f3-9516-b4abae8598d3 - 387726 - fact_tables - STEP_OUTPUT - Yielded output "metric_fact" of type "Table". (Type check passed).
[32m2024-05-31 13:13:55 +0000[0m - dagster - [34mDEBUG[0m - __ASSET_JOB - f1c4436b-4417-40f3-9516-b4abae8598d3 - fact_tables - IO manager mode overridden with the asset metadata mode, overwrite -> append
[32m2024-05-31 13:13:55 +0000[0m - dagster - [34mDEBUG[0m - __ASSET_JOB - f1c4436b-4417-40f3-9516-b4abae8598d3 - fact_tables - Writing with mode: append
[32m2024-05-31 13:13:55 +0000[0m - dagster - [34mERROR[0m - [31m__ASSET_JOB - f1c4436b-4417-40f3-9516-b4abae8598d3 - 387726 - fact_tables - STEP_FAILURE - Execution of step "fact_tables" failed.

dagster._core.errors.DagsterExecutionHandleOutputError: Error occurred while handling output "metric_fact" of step "fact_tables"::

ValueError: Schema of data does not match table schema
Data schema:
10DayAverageTradingVolume: float
13WeekPriceReturnDaily: float
26WeekPriceReturnDaily: float
3MonthADReturnStd: float
3MonthAverageTradingVolume: float
52WeekHigh: float
52WeekHighDate: float
52WeekLow: float
52WeekLowDate: float
52WeekPriceReturnDaily: float
5DayPriceReturnDaily: float
assetTurnoverAnnual: float
assetTurnoverTTM: float
beta: float
bookValuePerShareAnnual: float
bookValuePerShareQuarterly: float
bookValueShareGrowth5Y: float
capexCagr5Y: float
cashFlowPerShareAnnual: float
cashFlowPerShareQuarterly: float
cashFlowPerShareTTM: float
cashPerSharePerShareAnnual: float
cashPerSharePerShareQuarterly: float
currentDividendYieldTTM: float
currentRatioAnnual: float
currentRatioQuarterly: float
dividendPerShareAnnual: float
dividendPerShareTTM: float
ebitdPerShareAnnual: float
ebitdPerShareTTM: float
ebitdaCagr5Y: float
ebitdaInterimCagr5Y: float
enterpriseValue: float
epsAnnual: float
epsBasicExclExtraItemsAnnual: float
epsBasicExclExtraItemsTTM: float
epsExclExtraItemsAnnual: float
epsExclExtraItemsTTM: float
epsGrowth3Y: float
epsGrowth5Y: float
epsGrowthQuarterlyYoy: float
epsGrowthTTMYoy: float
epsInclExtraItemsAnnual: float
epsInclExtraItemsTTM: float
epsNormalizedAnnual: float
epsTTM: float
focfCagr5Y: float
grossMarginAnnual: float
grossMarginTTM: float
inventoryTurnoverTTM: float
longTermDebt/equityAnnual: float
longTermDebt/equityQuarterly: float
marketCapitalization: float
monthToDatePriceReturnDaily: float
netIncomeEmployeeAnnual: float
netIncomeEmployeeTTM: float
netInterestCoverageAnnual: float
netInterestCoverageTTM: float
netProfitMargin5Y: float
netProfitMarginAnnual: float
netProfitMarginTTM: float
operatingMargin5Y: float
operatingMarginAnnual: float
operatingMarginTTM: float
pbAnnual: float
pbQuarterly: float
pcfShareAnnual: float
pcfShareTTM: float
peAnnual: float
peBasicExclExtraTTM: float
peExclExtraTTM: float
peInclExtraTTM: float
peNormalizedAnnual: float
peTTM: float
pretaxMargin5Y: float
pretaxMarginAnnual: float
pretaxMarginTTM: float
priceRelativeToS&P50013Week: float
priceRelativeToS&P50026Week: float
priceRelativeToS&P5004Week: float
priceRelativeToS&P50052Week: float
priceRelativeToS&P500Ytd: float
psAnnual: float
psTTM: float
ptbvAnnual: float
ptbvQuarterly: float
quickRatioAnnual: float
quickRatioQuarterly: float
receivablesTurnoverAnnual: float
receivablesTurnoverTTM: float
revenueEmployeeAnnual: float
revenueEmployeeTTM: float
revenueGrowth3Y: float
revenueGrowth5Y: float
revenueGrowthQuarterlyYoy: float
revenueGrowthTTMYoy: float
revenuePerShareAnnual: float
revenuePerShareTTM: float
revenueShareGrowth5Y: float
roa5Y: float
roaRfy: float
roaTTM: float
roe5Y: float
roeRfy: float
roeTTM: float
roi5Y: float
roiAnnual: float
roiTTM: float
tangibleBookValuePerShareAnnual: float
tangibleBookValuePerShareQuarterly: float
tbvCagr5Y: float
totalDebt/totalEquityAnnual: float
totalDebt/totalEquityQuarterly: float
yearToDatePriceReturnDaily: float
currentEv/freeCashFlowAnnual: float
currentEv/freeCashFlowTTM: float
dividendGrowthRate5Y: float
dividendYieldIndicatedAnnual: float
grossMargin5Y: float
inventoryTurnoverAnnual: float
netMarginGrowth5Y: float
payoutRatioAnnual: float
payoutRatioTTM: float
peExclExtraAnnual: float
pfcfShareAnnual: float
pfcfShareTTM: float
symbol: string
Table Schema:
10DayAverageTradingVolume: string
13WeekPriceReturnDaily: string
26WeekPriceReturnDaily: string
3MonthADReturnStd: string
3MonthAverageTradingVolume: string
52WeekHigh: string
52WeekHighDate: string
52WeekLow: string
52WeekLowDate: string
52WeekPriceReturnDaily: string
5DayPriceReturnDaily: string
assetTurnoverAnnual: string
assetTurnoverTTM: string
beta: string
bookValuePerShareAnnual: string
bookValuePerShareQuarterly: string
bookValueShareGrowth5Y: string
capexCagr5Y: string
cashFlowPerShareAnnual: string
cashFlowPerShareQuarterly: string
cashFlowPerShareTTM: string
cashPerSharePerShareAnnual: string
cashPerSharePerShareQuarterly: string
currentDividendYieldTTM: string
currentRatioAnnual: string
currentRatioQuarterly: string
dividendPerShareAnnual: string
dividendPerShareTTM: string
ebitdPerShareAnnual: string
ebitdPerShareTTM: string
ebitdaCagr5Y: string
ebitdaInterimCagr5Y: string
enterpriseValue: string
epsAnnual: string
epsBasicExclExtraItemsAnnual: string
epsBasicExclExtraItemsTTM: string
epsExclExtraItemsAnnual: string
epsExclExtraItemsTTM: string
epsGrowth3Y: string
epsGrowth5Y: string
epsGrowthQuarterlyYoy: string
epsGrowthTTMYoy: string
epsInclExtraItemsAnnual: string
epsInclExtraItemsTTM: string
epsNormalizedAnnual: string
epsTTM: string
focfCagr5Y: string
grossMarginAnnual: string
grossMarginTTM: string
inventoryTurnoverTTM: string
longTermDebt/equityAnnual: string
longTermDebt/equityQuarterly: string
marketCapitalization: string
monthToDatePriceReturnDaily: string
netIncomeEmployeeAnnual: string
netIncomeEmployeeTTM: string
netInterestCoverageAnnual: string
netInterestCoverageTTM: string
netProfitMargin5Y: string
netProfitMarginAnnual: string
netProfitMarginTTM: string
operatingMargin5Y: string
operatingMarginAnnual: string
operatingMarginTTM: string
pbAnnual: string
pbQuarterly: string
pcfShareAnnual: string
pcfShareTTM: string
peAnnual: string
peBasicExclExtraTTM: string
peExclExtraTTM: string
peInclExtraTTM: string
peNormalizedAnnual: string
peTTM: string
pretaxMargin5Y: string
pretaxMarginAnnual: string
pretaxMarginTTM: string
priceRelativeToS&P50013Week: string
priceRelativeToS&P50026Week: string
priceRelativeToS&P5004Week: string
priceRelativeToS&P50052Week: string
priceRelativeToS&P500Ytd: string
psAnnual: string
psTTM: string
ptbvAnnual: string
ptbvQuarterly: string
quickRatioAnnual: string
quickRatioQuarterly: string
receivablesTurnoverAnnual: string
receivablesTurnoverTTM: string
revenueEmployeeAnnual: string
revenueEmployeeTTM: string
revenueGrowth3Y: string
revenueGrowth5Y: string
revenueGrowthQuarterlyYoy: string
revenueGrowthTTMYoy: string
revenuePerShareAnnual: string
revenuePerShareTTM: string
revenueShareGrowth5Y: string
roa5Y: string
roaRfy: string
roaTTM: string
roe5Y: string
roeRfy: string
roeTTM: string
roi5Y: string
roiAnnual: string
roiTTM: string
tangibleBookValuePerShareAnnual: string
tangibleBookValuePerShareQuarterly: string
tbvCagr5Y: string
totalDebt/totalEquityAnnual: string
totalDebt/totalEquityQuarterly: string
yearToDatePriceReturnDaily: string
currentEv/freeCashFlowAnnual: string
currentEv/freeCashFlowTTM: string
dividendGrowthRate5Y: string
dividendYieldIndicatedAnnual: string
grossMargin5Y: string
inventoryTurnoverAnnual: string
netMarginGrowth5Y: string
payoutRatioAnnual: string
payoutRatioTTM: string
peExclExtraAnnual: string
pfcfShareAnnual: string
pfcfShareTTM: float
symbol: string

Stack Trace:
  File "/workspace/.pyenv_mirror/user/current/lib/python3.12/site-packages/dagster/_core/execution/plan/utils.py", line 54, in op_execution_error_boundary
    yield
  File "/workspace/.pyenv_mirror/user/current/lib/python3.12/site-packages/dagster/_utils/__init__.py", line 468, in iterate_with_context
    next_output = next(iterator)
                  ^^^^^^^^^^^^^^
  File "/workspace/.pyenv_mirror/user/current/lib/python3.12/site-packages/dagster/_core/execution/plan/execute_step.py", line 800, in _gen_fn
    gen_output = output_manager.handle_output(output_context, output.value)
                 ^^^^^^^^^^^^^^^^^^^^^^^^^^^^^^^^^^^^^^^^^^^^^^^^^^^^^^^^^^
  File "/workspace/.pyenv_mirror/user/current/lib/python3.12/site-packages/dagster/_core/storage/db_io_manager.py", line 147, in handle_output
    handler_metadata = self._handlers_by_type[obj_type].handle_output(
                       ^^^^^^^^^^^^^^^^^^^^^^^^^^^^^^^^^^^^^^^^^^^^^^^
  File "/workspace/.pyenv_mirror/user/current/lib/python3.12/site-packages/dagster_deltalake/handler.py", line 95, in handle_output
    write_deltalake(  # type: ignore
  File "/workspace/.pyenv_mirror/user/current/lib/python3.12/site-packages/deltalake/writer.py", line 327, in write_deltalake
    raise ValueError(
[0m
