root
 |-- 10DayAverageTradingVolume: string (nullable = true)
 |-- 13WeekPriceReturnDaily: string (nullable = true)
 |-- 26WeekPriceReturnDaily: string (nullable = true)
 |-- 3MonthADReturnStd: string (nullable = true)
 |-- 3MonthAverageTradingVolume: string (nullable = true)
 |-- 52WeekHigh: string (nullable = true)
 |-- 52WeekHighDate: string (nullable = true)
 |-- 52WeekLow: string (nullable = true)
 |-- 52WeekLowDate: string (nullable = true)
 |-- 52WeekPriceReturnDaily: string (nullable = true)
 |-- 5DayPriceReturnDaily: string (nullable = true)
 |-- assetTurnoverAnnual: string (nullable = true)
 |-- assetTurnoverTTM: string (nullable = true)
 |-- beta: string (nullable = true)
 |-- bookValuePerShareAnnual: string (nullable = true)
 |-- bookValuePerShareQuarterly: string (nullable = true)
 |-- bookValueShareGrowth5Y: string (nullable = true)
 |-- capexCagr5Y: string (nullable = true)
 |-- cashFlowPerShareAnnual: string (nullable = true)
 |-- cashFlowPerShareQuarterly: string (nullable = true)
 |-- cashFlowPerShareTTM: string (nullable = true)
 |-- cashPerSharePerShareAnnual: string (nullable = true)
 |-- cashPerSharePerShareQuarterly: string (nullable = true)
 |-- currentDividendYieldTTM: string (nullable = true)
 |-- currentRatioAnnual: string (nullable = true)
 |-- currentRatioQuarterly: string (nullable = true)
 |-- dividendPerShareAnnual: string (nullable = true)
 |-- dividendPerShareTTM: string (nullable = true)
 |-- ebitdPerShareAnnual: string (nullable = true)
 |-- ebitdPerShareTTM: string (nullable = true)
 |-- ebitdaCagr5Y: string (nullable = true)
 |-- ebitdaInterimCagr5Y: string (nullable = true)
 |-- enterpriseValue: string (nullable = true)
 |-- epsAnnual: string (nullable = true)
 |-- epsBasicExclExtraItemsAnnual: string (nullable = true)
 |-- epsBasicExclExtraItemsTTM: string (nullable = true)
 |-- epsExclExtraItemsAnnual: string (nullable = true)
 |-- epsExclExtraItemsTTM: string (nullable = true)
 |-- epsGrowth3Y: string (nullable = true)
 |-- epsGrowth5Y: string (nullable = true)
 |-- epsGrowthQuarterlyYoy: string (nullable = true)
 |-- epsGrowthTTMYoy: string (nullable = true)
 |-- epsInclExtraItemsAnnual: string (nullable = true)
 |-- epsInclExtraItemsTTM: string (nullable = true)
 |-- epsNormalizedAnnual: string (nullable = true)
 |-- epsTTM: string (nullable = true)
 |-- focfCagr5Y: string (nullable = true)
 |-- grossMarginAnnual: string (nullable = true)
 |-- grossMarginTTM: string (nullable = true)
 |-- inventoryTurnoverTTM: string (nullable = true)
 |-- longTermDebt/equityAnnual: string (nullable = true)
 |-- longTermDebt/equityQuarterly: string (nullable = true)
 |-- marketCapitalization: string (nullable = true)
 |-- monthToDatePriceReturnDaily: string (nullable = true)
 |-- netIncomeEmployeeAnnual: string (nullable = true)
 |-- netIncomeEmployeeTTM: string (nullable = true)
 |-- netInterestCoverageAnnual: string (nullable = true)
 |-- netInterestCoverageTTM: string (nullable = true)
 |-- netProfitMargin5Y: string (nullable = true)
 |-- netProfitMarginAnnual: string (nullable = true)
 |-- netProfitMarginTTM: string (nullable = true)
 |-- operatingMargin5Y: string (nullable = true)
 |-- operatingMarginAnnual: string (nullable = true)
 |-- operatingMarginTTM: string (nullable = true)
 |-- pbAnnual: string (nullable = true)
 |-- pbQuarterly: string (nullable = true)
 |-- pcfShareAnnual: string (nullable = true)
 |-- pcfShareTTM: string (nullable = true)
 |-- peAnnual: string (nullable = true)
 |-- peBasicExclExtraTTM: string (nullable = true)
 |-- peExclExtraTTM: string (nullable = true)
 |-- peInclExtraTTM: string (nullable = true)
 |-- peNormalizedAnnual: string (nullable = true)
 |-- peTTM: string (nullable = true)
 |-- pretaxMargin5Y: string (nullable = true)
 |-- pretaxMarginAnnual: string (nullable = true)
 |-- pretaxMarginTTM: string (nullable = true)
 |-- priceRelativeToS&P50013Week: string (nullable = true)
 |-- priceRelativeToS&P50026Week: string (nullable = true)
 |-- priceRelativeToS&P5004Week: string (nullable = true)
 |-- priceRelativeToS&P50052Week: string (nullable = true)
 |-- priceRelativeToS&P500Ytd: string (nullable = true)
 |-- psAnnual: string (nullable = true)
 |-- psTTM: string (nullable = true)
 |-- ptbvAnnual: string (nullable = true)
 |-- ptbvQuarterly: string (nullable = true)
 |-- quickRatioAnnual: string (nullable = true)
 |-- quickRatioQuarterly: string (nullable = true)
 |-- receivablesTurnoverAnnual: string (nullable = true)
 |-- receivablesTurnoverTTM: string (nullable = true)
 |-- revenueEmployeeAnnual: string (nullable = true)
 |-- revenueEmployeeTTM: string (nullable = true)
 |-- revenueGrowth3Y: string (nullable = true)
 |-- revenueGrowth5Y: string (nullable = true)
 |-- revenueGrowthQuarterlyYoy: string (nullable = true)
 |-- revenueGrowthTTMYoy: string (nullable = true)
 |-- revenuePerShareAnnual: string (nullable = true)
 |-- revenuePerShareTTM: string (nullable = true)
 |-- revenueShareGrowth5Y: string (nullable = true)
 |-- roa5Y: string (nullable = true)
 |-- roaRfy: string (nullable = true)
 |-- roaTTM: string (nullable = true)
 |-- roe5Y: string (nullable = true)
 |-- roeRfy: string (nullable = true)
 |-- roeTTM: string (nullable = true)
 |-- roi5Y: string (nullable = true)
 |-- roiAnnual: string (nullable = true)
 |-- roiTTM: string (nullable = true)
 |-- tangibleBookValuePerShareAnnual: string (nullable = true)
 |-- tangibleBookValuePerShareQuarterly: string (nullable = true)
 |-- tbvCagr5Y: string (nullable = true)
 |-- totalDebt/totalEquityAnnual: string (nullable = true)
 |-- totalDebt/totalEquityQuarterly: string (nullable = true)
 |-- yearToDatePriceReturnDaily: string (nullable = true)
 |-- symbol: string (nullable = true)
 |-- currentEv/freeCashFlowAnnual: string (nullable = true)
 |-- currentEv/freeCashFlowTTM: string (nullable = true)
 |-- dividendGrowthRate5Y: string (nullable = true)
 |-- dividendYieldIndicatedAnnual: string (nullable = true)
 |-- grossMargin5Y: string (nullable = true)
 |-- inventoryTurnoverAnnual: string (nullable = true)
 |-- netMarginGrowth5Y: string (nullable = true)
 |-- payoutRatioAnnual: string (nullable = true)
 |-- payoutRatioTTM: string (nullable = true)
 |-- peExclExtraAnnual: string (nullable = true)
 |-- pfcfShareAnnual: string (nullable = true)
 |-- pfcfShareTTM: float (nullable = true)

root
 |-- symbol: string (nullable = true)
 |-- date: string (nullable = true)
 |-- quarterly.assetTurnoverTTM: string (nullable = true)
 |-- quarterly.bookValue: string (nullable = true)
 |-- quarterly.cashRatio: string (nullable = true)
 |-- quarterly.currentRatio: string (nullable = true)
 |-- quarterly.ebitPerShare: string (nullable = true)
 |-- quarterly.eps: string (nullable = true)
 |-- quarterly.ev: string (nullable = true)
 |-- quarterly.fcfMargin: string (nullable = true)
 |-- quarterly.fcfPerShareTTM: string (nullable = true)
 |-- quarterly.grossMargin: string (nullable = true)
 |-- quarterly.inventoryTurnoverTTM: string (nullable = true)
 |-- quarterly.longtermDebtTotalAsset: string (nullable = true)
 |-- quarterly.longtermDebtTotalCapital: string (nullable = true)
 |-- quarterly.longtermDebtTotalEquity: string (nullable = true)
 |-- quarterly.netDebtToTotalCapital: string (nullable = true)
 |-- quarterly.netDebtToTotalEquity: string (nullable = true)
 |-- quarterly.netMargin: string (nullable = true)
 |-- quarterly.operatingMargin: string (nullable = true)
 |-- quarterly.pb: string (nullable = true)
 |-- quarterly.pretaxMargin: string (nullable = true)
 |-- quarterly.psTTM: string (nullable = true)
 |-- quarterly.ptbv: string (nullable = true)
 |-- quarterly.quickRatio: string (nullable = true)
 |-- quarterly.receivablesTurnoverTTM: string (nullable = true)
 |-- quarterly.roaTTM: string (nullable = true)
 |-- quarterly.roeTTM: string (nullable = true)
 |-- quarterly.roicTTM: string (nullable = true)
 |-- quarterly.rotcTTM: string (nullable = true)
 |-- quarterly.salesPerShare: string (nullable = true)
 |-- quarterly.sgaToSale: string (nullable = true)
 |-- quarterly.tangibleBookValue: string (nullable = true)
 |-- quarterly.totalDebtToEquity: string (nullable = true)
 |-- quarterly.totalDebtToTotalAsset: string (nullable = true)
 |-- quarterly.totalDebtToTotalCapital: string (nullable = true)
 |-- quarterly.totalRatio: string (nullable = true)
 |-- annual.bookValue: string (nullable = true)
 |-- annual.cashRatio: string (nullable = true)
 |-- annual.currentRatio: string (nullable = true)
 |-- annual.ebitPerShare: string (nullable = true)
 |-- annual.eps: string (nullable = true)
 |-- annual.ev: string (nullable = true)
 |-- annual.grossMargin: string (nullable = true)
 |-- annual.longtermDebtTotalAsset: string (nullable = true)
 |-- annual.longtermDebtTotalCapital: string (nullable = true)
 |-- annual.longtermDebtTotalEquity: string (nullable = true)
 |-- annual.netDebtToTotalCapital: string (nullable = true)
 |-- annual.netDebtToTotalEquity: string (nullable = true)
 |-- annual.netMargin: string (nullable = true)
 |-- annual.operatingMargin: string (nullable = true)
 |-- annual.pb: string (nullable = true)
 |-- annual.pe: string (nullable = true)
 |-- annual.pretaxMargin: string (nullable = true)
 |-- annual.ps: string (nullable = true)
 |-- annual.ptbv: string (nullable = true)
 |-- annual.quickRatio: string (nullable = true)
 |-- annual.receivablesTurnover: string (nullable = true)
 |-- annual.roa: string (nullable = true)
 |-- annual.roe: string (nullable = true)
 |-- annual.roic: string (nullable = true)
 |-- annual.rotc: string (nullable = true)
 |-- annual.salesPerShare: string (nullable = true)
 |-- annual.sgaToSale: string (nullable = true)
 |-- annual.tangibleBookValue: string (nullable = true)
 |-- annual.totalDebtToEquity: string (nullable = true)
 |-- annual.totalDebtToTotalAsset: string (nullable = true)
 |-- annual.totalDebtToTotalCapital: string (nullable = true)
 |-- quarterly.payoutRatioTTM: string (nullable = true)
 |-- quarterly.peTTM: string (nullable = true)
 |-- quarterly.pfcfTTM: string (nullable = true)
 |-- annual.fcfMargin: string (nullable = true)
 |-- annual.inventoryTurnover: string (nullable = true)
 |-- annual.payoutRatio: string (nullable = true)
 |-- annual.pfcf: float (nullable = true)

