[32m2024-06-15 13:40:07 +0000[0m - dagster - [34mDEBUG[0m - __ASSET_JOB - 0dfb4247-a2ad-4642-9874-036c87f7f86d - 162071 - LOGS_CAPTURED - Started capturing logs in process (pid: 162071).
[32m2024-06-15 13:40:07 +0000[0m - dagster - [34mDEBUG[0m - __ASSET_JOB - 0dfb4247-a2ad-4642-9874-036c87f7f86d - 162071 - finnhub_US_stocks.import_stocks_data - STEP_START - Started execution of step "finnhub_US_stocks.import_stocks_data".
[32m2024-06-15 13:40:07 +0000[0m - dagster - [34mDEBUG[0m - __ASSET_JOB - 0dfb4247-a2ad-4642-9874-036c87f7f86d - finnhub_US_stocks.import_stocks_data - Loading file from: /workspaces/practical-data-engineering/finnhub-batch-stock-pipeline/tmpoagzo_ny/storage/459fe356-9e91-42d3-ac40-a28341253ff0/finnhub_US_stocks.import_stocks_def/result using PickledObjectFilesystemIOManager...
[32m2024-06-15 13:40:07 +0000[0m - dagster - [34mDEBUG[0m - __ASSET_JOB - 0dfb4247-a2ad-4642-9874-036c87f7f86d - 162071 - finnhub_US_stocks.import_stocks_data - LOADED_INPUT - Loaded input "input_list" using input manager "io_manager", from output "result" of step "finnhub_US_stocks.import_stocks_def"
[32m2024-06-15 13:40:07 +0000[0m - dagster - [34mDEBUG[0m - __ASSET_JOB - 0dfb4247-a2ad-4642-9874-036c87f7f86d - 162071 - finnhub_US_stocks.import_stocks_data - STEP_INPUT - Got input "input_list" of type "Any". (Type check passed).
[32m2024-06-15 13:41:31 +0000[0m - dagster - [34mDEBUG[0m - __ASSET_JOB - 0dfb4247-a2ad-4642-9874-036c87f7f86d - 162071 - finnhub_US_stocks.import_stocks_data - STEP_OUTPUT - Yielded output "result" of type "Any". (Type check passed).
[32m2024-06-15 13:41:31 +0000[0m - dagster - [34mDEBUG[0m - __ASSET_JOB - 0dfb4247-a2ad-4642-9874-036c87f7f86d - finnhub_US_stocks.import_stocks_data - Writing S3 object at: s3://dagster-api/raw/2024-06-15/finnhub_US_stocks_A.json
[32m2024-06-15 13:41:31 +0000[0m - dagster - [34mWARNING[0m - __ASSET_JOB - 0dfb4247-a2ad-4642-9874-036c87f7f86d - finnhub_US_stocks.import_stocks_data - Removing existing S3 object: raw/2024-06-15/finnhub_US_stocks_A.json
[32m2024-06-15 13:41:31 +0000[0m - dagster - [34mDEBUG[0m - __ASSET_JOB - 0dfb4247-a2ad-4642-9874-036c87f7f86d - finnhub_US_stocks.import_stocks_data - Writing S3 object at: s3://dagster-api/raw/2024-06-15/finnhub_US_stocks_AA.json
[32m2024-06-15 13:41:31 +0000[0m - dagster - [34mWARNING[0m - __ASSET_JOB - 0dfb4247-a2ad-4642-9874-036c87f7f86d - finnhub_US_stocks.import_stocks_data - Removing existing S3 object: raw/2024-06-15/finnhub_US_stocks_AA.json
[32m2024-06-15 13:41:31 +0000[0m - dagster - [34mDEBUG[0m - __ASSET_JOB - 0dfb4247-a2ad-4642-9874-036c87f7f86d - finnhub_US_stocks.import_stocks_data - Writing S3 object at: s3://dagster-api/raw/2024-06-15/finnhub_US_stocks_AABB.json
[32m2024-06-15 13:41:31 +0000[0m - dagster - [34mWARNING[0m - __ASSET_JOB - 0dfb4247-a2ad-4642-9874-036c87f7f86d - finnhub_US_stocks.import_stocks_data - Removing existing S3 object: raw/2024-06-15/finnhub_US_stocks_AABB.json
[32m2024-06-15 13:41:31 +0000[0m - dagster - [34mDEBUG[0m - __ASSET_JOB - 0dfb4247-a2ad-4642-9874-036c87f7f86d - finnhub_US_stocks.import_stocks_data - Writing S3 object at: s3://dagster-api/raw/2024-06-15/finnhub_US_stocks_AABVF.json
[32m2024-06-15 13:41:31 +0000[0m - dagster - [34mWARNING[0m - __ASSET_JOB - 0dfb4247-a2ad-4642-9874-036c87f7f86d - finnhub_US_stocks.import_stocks_data - Removing existing S3 object: raw/2024-06-15/finnhub_US_stocks_AABVF.json
[32m2024-06-15 13:41:31 +0000[0m - dagster - [34mDEBUG[0m - __ASSET_JOB - 0dfb4247-a2ad-4642-9874-036c87f7f86d - finnhub_US_stocks.import_stocks_data - Writing S3 object at: s3://dagster-api/raw/2024-06-15/finnhub_US_stocks_AACAF.json
[32m2024-06-15 13:41:32 +0000[0m - dagster - [34mWARNING[0m - __ASSET_JOB - 0dfb4247-a2ad-4642-9874-036c87f7f86d - finnhub_US_stocks.import_stocks_data - Removing existing S3 object: raw/2024-06-15/finnhub_US_stocks_AACAF.json
[32m2024-06-15 13:41:32 +0000[0m - dagster - [34mDEBUG[0m - __ASSET_JOB - 0dfb4247-a2ad-4642-9874-036c87f7f86d - finnhub_US_stocks.import_stocks_data - Writing S3 object at: s3://dagster-api/raw/2024-06-15/finnhub_US_stocks_AACI.json
[32m2024-06-15 13:41:32 +0000[0m - dagster - [34mWARNING[0m - __ASSET_JOB - 0dfb4247-a2ad-4642-9874-036c87f7f86d - finnhub_US_stocks.import_stocks_data - Removing existing S3 object: raw/2024-06-15/finnhub_US_stocks_AACI.json
[32m2024-06-15 13:41:32 +0000[0m - dagster - [34mDEBUG[0m - __ASSET_JOB - 0dfb4247-a2ad-4642-9874-036c87f7f86d - finnhub_US_stocks.import_stocks_data - Writing S3 object at: s3://dagster-api/raw/2024-06-15/finnhub_US_stocks_AACS.json
[32m2024-06-15 13:41:32 +0000[0m - dagster - [34mWARNING[0m - __ASSET_JOB - 0dfb4247-a2ad-4642-9874-036c87f7f86d - finnhub_US_stocks.import_stocks_data - Removing existing S3 object: raw/2024-06-15/finnhub_US_stocks_AACS.json
[32m2024-06-15 13:41:32 +0000[0m - dagster - [34mDEBUG[0m - __ASSET_JOB - 0dfb4247-a2ad-4642-9874-036c87f7f86d - finnhub_US_stocks.import_stocks_data - Writing S3 object at: s3://dagster-api/raw/2024-06-15/finnhub_US_stocks_AACT.json
[32m2024-06-15 13:41:32 +0000[0m - dagster - [34mWARNING[0m - __ASSET_JOB - 0dfb4247-a2ad-4642-9874-036c87f7f86d - finnhub_US_stocks.import_stocks_data - Removing existing S3 object: raw/2024-06-15/finnhub_US_stocks_AACT.json
[32m2024-06-15 13:41:32 +0000[0m - dagster - [34mDEBUG[0m - __ASSET_JOB - 0dfb4247-a2ad-4642-9874-036c87f7f86d - finnhub_US_stocks.import_stocks_data - Writing S3 object at: s3://dagster-api/raw/2024-06-15/finnhub_US_stocks_AACTF.json
[32m2024-06-15 13:41:32 +0000[0m - dagster - [34mWARNING[0m - __ASSET_JOB - 0dfb4247-a2ad-4642-9874-036c87f7f86d - finnhub_US_stocks.import_stocks_data - Removing existing S3 object: raw/2024-06-15/finnhub_US_stocks_AACTF.json
[32m2024-06-15 13:41:32 +0000[0m - dagster - [34mDEBUG[0m - __ASSET_JOB - 0dfb4247-a2ad-4642-9874-036c87f7f86d - finnhub_US_stocks.import_stocks_data - Writing S3 object at: s3://dagster-api/raw/2024-06-15/finnhub_US_stocks_AADI.json
[32m2024-06-15 13:41:32 +0000[0m - dagster - [34mWARNING[0m - __ASSET_JOB - 0dfb4247-a2ad-4642-9874-036c87f7f86d - finnhub_US_stocks.import_stocks_data - Removing existing S3 object: raw/2024-06-15/finnhub_US_stocks_AADI.json
[32m2024-06-15 13:41:32 +0000[0m - dagster - [34mDEBUG[0m - __ASSET_JOB - 0dfb4247-a2ad-4642-9874-036c87f7f86d - finnhub_US_stocks.import_stocks_data - Writing S3 object at: s3://dagster-api/raw/2024-06-15/finnhub_US_stocks_AAEEF.json
[32m2024-06-15 13:41:32 +0000[0m - dagster - [34mWARNING[0m - __ASSET_JOB - 0dfb4247-a2ad-4642-9874-036c87f7f86d - finnhub_US_stocks.import_stocks_data - Removing existing S3 object: raw/2024-06-15/finnhub_US_stocks_AAEEF.json
[32m2024-06-15 13:41:33 +0000[0m - dagster - [34mDEBUG[0m - __ASSET_JOB - 0dfb4247-a2ad-4642-9874-036c87f7f86d - finnhub_US_stocks.import_stocks_data - Writing S3 object at: s3://dagster-api/raw/2024-06-15/finnhub_US_stocks_AAFRF.json
[32m2024-06-15 13:41:33 +0000[0m - dagster - [34mWARNING[0m - __ASSET_JOB - 0dfb4247-a2ad-4642-9874-036c87f7f86d - finnhub_US_stocks.import_stocks_data - Removing existing S3 object: raw/2024-06-15/finnhub_US_stocks_AAFRF.json
[32m2024-06-15 13:41:33 +0000[0m - dagster - [34mDEBUG[0m - __ASSET_JOB - 0dfb4247-a2ad-4642-9874-036c87f7f86d - finnhub_US_stocks.import_stocks_data - Writing S3 object at: s3://dagster-api/raw/2024-06-15/finnhub_US_stocks_AAGC.json
[32m2024-06-15 13:41:33 +0000[0m - dagster - [34mWARNING[0m - __ASSET_JOB - 0dfb4247-a2ad-4642-9874-036c87f7f86d - finnhub_US_stocks.import_stocks_data - Removing existing S3 object: raw/2024-06-15/finnhub_US_stocks_AAGC.json
[32m2024-06-15 13:41:33 +0000[0m - dagster - [34mDEBUG[0m - __ASSET_JOB - 0dfb4247-a2ad-4642-9874-036c87f7f86d - finnhub_US_stocks.import_stocks_data - Writing S3 object at: s3://dagster-api/raw/2024-06-15/finnhub_US_stocks_AAGFF.json
[32m2024-06-15 13:41:33 +0000[0m - dagster - [34mWARNING[0m - __ASSET_JOB - 0dfb4247-a2ad-4642-9874-036c87f7f86d - finnhub_US_stocks.import_stocks_data - Removing existing S3 object: raw/2024-06-15/finnhub_US_stocks_AAGFF.json
[32m2024-06-15 13:41:33 +0000[0m - dagster - [34mDEBUG[0m - __ASSET_JOB - 0dfb4247-a2ad-4642-9874-036c87f7f86d - finnhub_US_stocks.import_stocks_data - Writing S3 object at: s3://dagster-api/raw/2024-06-15/finnhub_US_stocks_AAGH.json
[32m2024-06-15 13:41:33 +0000[0m - dagster - [34mWARNING[0m - __ASSET_JOB - 0dfb4247-a2ad-4642-9874-036c87f7f86d - finnhub_US_stocks.import_stocks_data - Removing existing S3 object: raw/2024-06-15/finnhub_US_stocks_AAGH.json
[32m2024-06-15 13:41:33 +0000[0m - dagster - [34mDEBUG[0m - __ASSET_JOB - 0dfb4247-a2ad-4642-9874-036c87f7f86d - finnhub_US_stocks.import_stocks_data - Writing S3 object at: s3://dagster-api/raw/2024-06-15/finnhub_US_stocks_AAGR.json
[32m2024-06-15 13:41:33 +0000[0m - dagster - [34mWARNING[0m - __ASSET_JOB - 0dfb4247-a2ad-4642-9874-036c87f7f86d - finnhub_US_stocks.import_stocks_data - Removing existing S3 object: raw/2024-06-15/finnhub_US_stocks_AAGR.json
[32m2024-06-15 13:41:33 +0000[0m - dagster - [34mDEBUG[0m - __ASSET_JOB - 0dfb4247-a2ad-4642-9874-036c87f7f86d - finnhub_US_stocks.import_stocks_data - Writing S3 object at: s3://dagster-api/raw/2024-06-15/finnhub_US_stocks_AAIGF.json
[32m2024-06-15 13:41:33 +0000[0m - dagster - [34mWARNING[0m - __ASSET_JOB - 0dfb4247-a2ad-4642-9874-036c87f7f86d - finnhub_US_stocks.import_stocks_data - Removing existing S3 object: raw/2024-06-15/finnhub_US_stocks_AAIGF.json
[32m2024-06-15 13:41:33 +0000[0m - dagster - [34mDEBUG[0m - __ASSET_JOB - 0dfb4247-a2ad-4642-9874-036c87f7f86d - finnhub_US_stocks.import_stocks_data - Writing S3 object at: s3://dagster-api/raw/2024-06-15/finnhub_US_stocks_AAIIQ.json
[32m2024-06-15 13:41:33 +0000[0m - dagster - [34mWARNING[0m - __ASSET_JOB - 0dfb4247-a2ad-4642-9874-036c87f7f86d - finnhub_US_stocks.import_stocks_data - Removing existing S3 object: raw/2024-06-15/finnhub_US_stocks_AAIIQ.json
[32m2024-06-15 13:41:33 +0000[0m - dagster - [34mDEBUG[0m - __ASSET_JOB - 0dfb4247-a2ad-4642-9874-036c87f7f86d - finnhub_US_stocks.import_stocks_data - Writing S3 object at: s3://dagster-api/raw/2024-06-15/finnhub_US_stocks_AAIRF.json
[32m2024-06-15 13:41:34 +0000[0m - dagster - [34mWARNING[0m - __ASSET_JOB - 0dfb4247-a2ad-4642-9874-036c87f7f86d - finnhub_US_stocks.import_stocks_data - Removing existing S3 object: raw/2024-06-15/finnhub_US_stocks_AAIRF.json
[32m2024-06-15 13:41:34 +0000[0m - dagster - [34mDEBUG[0m - __ASSET_JOB - 0dfb4247-a2ad-4642-9874-036c87f7f86d - finnhub_US_stocks.import_stocks_data - Writing S3 object at: s3://dagster-api/raw/2024-06-15/finnhub_US_stocks_AAL.json
[32m2024-06-15 13:41:34 +0000[0m - dagster - [34mWARNING[0m - __ASSET_JOB - 0dfb4247-a2ad-4642-9874-036c87f7f86d - finnhub_US_stocks.import_stocks_data - Removing existing S3 object: raw/2024-06-15/finnhub_US_stocks_AAL.json
[32m2024-06-15 13:41:34 +0000[0m - dagster - [34mDEBUG[0m - __ASSET_JOB - 0dfb4247-a2ad-4642-9874-036c87f7f86d - finnhub_US_stocks.import_stocks_data - Writing S3 object at: s3://dagster-api/raw/2024-06-15/finnhub_US_stocks_AALBF.json
[32m2024-06-15 13:41:34 +0000[0m - dagster - [34mWARNING[0m - __ASSET_JOB - 0dfb4247-a2ad-4642-9874-036c87f7f86d - finnhub_US_stocks.import_stocks_data - Removing existing S3 object: raw/2024-06-15/finnhub_US_stocks_AALBF.json
[32m2024-06-15 13:41:34 +0000[0m - dagster - [34mDEBUG[0m - __ASSET_JOB - 0dfb4247-a2ad-4642-9874-036c87f7f86d - finnhub_US_stocks.import_stocks_data - Writing S3 object at: s3://dagster-api/raw/2024-06-15/finnhub_US_stocks_AAMAF.json
[32m2024-06-15 13:41:34 +0000[0m - dagster - [34mWARNING[0m - __ASSET_JOB - 0dfb4247-a2ad-4642-9874-036c87f7f86d - finnhub_US_stocks.import_stocks_data - Removing existing S3 object: raw/2024-06-15/finnhub_US_stocks_AAMAF.json
[32m2024-06-15 13:41:34 +0000[0m - dagster - [34mDEBUG[0m - __ASSET_JOB - 0dfb4247-a2ad-4642-9874-036c87f7f86d - finnhub_US_stocks.import_stocks_data - Writing S3 object at: s3://dagster-api/raw/2024-06-15/finnhub_US_stocks_AAMC.json
[32m2024-06-15 13:41:34 +0000[0m - dagster - [34mWARNING[0m - __ASSET_JOB - 0dfb4247-a2ad-4642-9874-036c87f7f86d - finnhub_US_stocks.import_stocks_data - Removing existing S3 object: raw/2024-06-15/finnhub_US_stocks_AAMC.json
[32m2024-06-15 13:41:34 +0000[0m - dagster - [34mDEBUG[0m - __ASSET_JOB - 0dfb4247-a2ad-4642-9874-036c87f7f86d - finnhub_US_stocks.import_stocks_data - Writing S3 object at: s3://dagster-api/raw/2024-06-15/finnhub_US_stocks_AAME.json
[32m2024-06-15 13:41:34 +0000[0m - dagster - [34mWARNING[0m - __ASSET_JOB - 0dfb4247-a2ad-4642-9874-036c87f7f86d - finnhub_US_stocks.import_stocks_data - Removing existing S3 object: raw/2024-06-15/finnhub_US_stocks_AAME.json
[32m2024-06-15 13:41:34 +0000[0m - dagster - [34mDEBUG[0m - __ASSET_JOB - 0dfb4247-a2ad-4642-9874-036c87f7f86d - finnhub_US_stocks.import_stocks_data - Writing S3 object at: s3://dagster-api/raw/2024-06-15/finnhub_US_stocks_AAMMF.json
[32m2024-06-15 13:41:34 +0000[0m - dagster - [34mWARNING[0m - __ASSET_JOB - 0dfb4247-a2ad-4642-9874-036c87f7f86d - finnhub_US_stocks.import_stocks_data - Removing existing S3 object: raw/2024-06-15/finnhub_US_stocks_AAMMF.json
[32m2024-06-15 13:41:34 +0000[0m - dagster - [34mDEBUG[0m - __ASSET_JOB - 0dfb4247-a2ad-4642-9874-036c87f7f86d - finnhub_US_stocks.import_stocks_data - Writing S3 object at: s3://dagster-api/raw/2024-06-15/finnhub_US_stocks_AAMTF.json
[32m2024-06-15 13:41:35 +0000[0m - dagster - [34mWARNING[0m - __ASSET_JOB - 0dfb4247-a2ad-4642-9874-036c87f7f86d - finnhub_US_stocks.import_stocks_data - Removing existing S3 object: raw/2024-06-15/finnhub_US_stocks_AAMTF.json
[32m2024-06-15 13:41:35 +0000[0m - dagster - [34mDEBUG[0m - __ASSET_JOB - 0dfb4247-a2ad-4642-9874-036c87f7f86d - finnhub_US_stocks.import_stocks_data - Writing S3 object at: s3://dagster-api/raw/2024-06-15/finnhub_US_stocks_AAN.json
[32m2024-06-15 13:41:35 +0000[0m - dagster - [34mWARNING[0m - __ASSET_JOB - 0dfb4247-a2ad-4642-9874-036c87f7f86d - finnhub_US_stocks.import_stocks_data - Removing existing S3 object: raw/2024-06-15/finnhub_US_stocks_AAN.json
[32m2024-06-15 13:41:35 +0000[0m - dagster - [34mDEBUG[0m - __ASSET_JOB - 0dfb4247-a2ad-4642-9874-036c87f7f86d - finnhub_US_stocks.import_stocks_data - Writing S3 object at: s3://dagster-api/raw/2024-06-15/finnhub_US_stocks_AANNF.json
[32m2024-06-15 13:41:35 +0000[0m - dagster - [34mWARNING[0m - __ASSET_JOB - 0dfb4247-a2ad-4642-9874-036c87f7f86d - finnhub_US_stocks.import_stocks_data - Removing existing S3 object: raw/2024-06-15/finnhub_US_stocks_AANNF.json
[32m2024-06-15 13:41:35 +0000[0m - dagster - [34mDEBUG[0m - __ASSET_JOB - 0dfb4247-a2ad-4642-9874-036c87f7f86d - finnhub_US_stocks.import_stocks_data - Writing S3 object at: s3://dagster-api/raw/2024-06-15/finnhub_US_stocks_AAOI.json
[32m2024-06-15 13:41:35 +0000[0m - dagster - [34mWARNING[0m - __ASSET_JOB - 0dfb4247-a2ad-4642-9874-036c87f7f86d - finnhub_US_stocks.import_stocks_data - Removing existing S3 object: raw/2024-06-15/finnhub_US_stocks_AAOI.json
[32m2024-06-15 13:41:35 +0000[0m - dagster - [34mDEBUG[0m - __ASSET_JOB - 0dfb4247-a2ad-4642-9874-036c87f7f86d - finnhub_US_stocks.import_stocks_data - Writing S3 object at: s3://dagster-api/raw/2024-06-15/finnhub_US_stocks_AAON.json
[32m2024-06-15 13:41:35 +0000[0m - dagster - [34mWARNING[0m - __ASSET_JOB - 0dfb4247-a2ad-4642-9874-036c87f7f86d - finnhub_US_stocks.import_stocks_data - Removing existing S3 object: raw/2024-06-15/finnhub_US_stocks_AAON.json
[32m2024-06-15 13:41:35 +0000[0m - dagster - [34mDEBUG[0m - __ASSET_JOB - 0dfb4247-a2ad-4642-9874-036c87f7f86d - finnhub_US_stocks.import_stocks_data - Writing S3 object at: s3://dagster-api/raw/2024-06-15/finnhub_US_stocks_AAP.json
[32m2024-06-15 13:41:35 +0000[0m - dagster - [34mWARNING[0m - __ASSET_JOB - 0dfb4247-a2ad-4642-9874-036c87f7f86d - finnhub_US_stocks.import_stocks_data - Removing existing S3 object: raw/2024-06-15/finnhub_US_stocks_AAP.json
[32m2024-06-15 13:41:35 +0000[0m - dagster - [34mDEBUG[0m - __ASSET_JOB - 0dfb4247-a2ad-4642-9874-036c87f7f86d - finnhub_US_stocks.import_stocks_data - Writing S3 object at: s3://dagster-api/raw/2024-06-15/finnhub_US_stocks_AAPI.json
[32m2024-06-15 13:41:35 +0000[0m - dagster - [34mWARNING[0m - __ASSET_JOB - 0dfb4247-a2ad-4642-9874-036c87f7f86d - finnhub_US_stocks.import_stocks_data - Removing existing S3 object: raw/2024-06-15/finnhub_US_stocks_AAPI.json
[32m2024-06-15 13:41:35 +0000[0m - dagster - [34mDEBUG[0m - __ASSET_JOB - 0dfb4247-a2ad-4642-9874-036c87f7f86d - finnhub_US_stocks.import_stocks_data - Writing S3 object at: s3://dagster-api/raw/2024-06-15/finnhub_US_stocks_AAPJ.json
[32m2024-06-15 13:41:36 +0000[0m - dagster - [34mWARNING[0m - __ASSET_JOB - 0dfb4247-a2ad-4642-9874-036c87f7f86d - finnhub_US_stocks.import_stocks_data - Removing existing S3 object: raw/2024-06-15/finnhub_US_stocks_AAPJ.json
[32m2024-06-15 13:41:36 +0000[0m - dagster - [34mDEBUG[0m - __ASSET_JOB - 0dfb4247-a2ad-4642-9874-036c87f7f86d - finnhub_US_stocks.import_stocks_data - Writing S3 object at: s3://dagster-api/raw/2024-06-15/finnhub_US_stocks_AAPL.json
[32m2024-06-15 13:41:36 +0000[0m - dagster - [34mWARNING[0m - __ASSET_JOB - 0dfb4247-a2ad-4642-9874-036c87f7f86d - finnhub_US_stocks.import_stocks_data - Removing existing S3 object: raw/2024-06-15/finnhub_US_stocks_AAPL.json
[32m2024-06-15 13:41:36 +0000[0m - dagster - [34mDEBUG[0m - __ASSET_JOB - 0dfb4247-a2ad-4642-9874-036c87f7f86d - finnhub_US_stocks.import_stocks_data - Writing S3 object at: s3://dagster-api/raw/2024-06-15/finnhub_US_stocks_AAPT.json
[32m2024-06-15 13:41:36 +0000[0m - dagster - [34mWARNING[0m - __ASSET_JOB - 0dfb4247-a2ad-4642-9874-036c87f7f86d - finnhub_US_stocks.import_stocks_data - Removing existing S3 object: raw/2024-06-15/finnhub_US_stocks_AAPT.json
[32m2024-06-15 13:41:36 +0000[0m - dagster - [34mDEBUG[0m - __ASSET_JOB - 0dfb4247-a2ad-4642-9874-036c87f7f86d - finnhub_US_stocks.import_stocks_data - Writing S3 object at: s3://dagster-api/raw/2024-06-15/finnhub_US_stocks_AAQL.json
[32m2024-06-15 13:41:36 +0000[0m - dagster - [34mWARNING[0m - __ASSET_JOB - 0dfb4247-a2ad-4642-9874-036c87f7f86d - finnhub_US_stocks.import_stocks_data - Removing existing S3 object: raw/2024-06-15/finnhub_US_stocks_AAQL.json
[32m2024-06-15 13:41:36 +0000[0m - dagster - [34mDEBUG[0m - __ASSET_JOB - 0dfb4247-a2ad-4642-9874-036c87f7f86d - finnhub_US_stocks.import_stocks_data - Writing S3 object at: s3://dagster-api/raw/2024-06-15/finnhub_US_stocks_AASLF.json
[32m2024-06-15 13:41:36 +0000[0m - dagster - [34mWARNING[0m - __ASSET_JOB - 0dfb4247-a2ad-4642-9874-036c87f7f86d - finnhub_US_stocks.import_stocks_data - Removing existing S3 object: raw/2024-06-15/finnhub_US_stocks_AASLF.json
[32m2024-06-15 13:41:36 +0000[0m - dagster - [34mDEBUG[0m - __ASSET_JOB - 0dfb4247-a2ad-4642-9874-036c87f7f86d - finnhub_US_stocks.import_stocks_data - Writing S3 object at: s3://dagster-api/raw/2024-06-15/finnhub_US_stocks_AASP.json
[32m2024-06-15 13:41:36 +0000[0m - dagster - [34mWARNING[0m - __ASSET_JOB - 0dfb4247-a2ad-4642-9874-036c87f7f86d - finnhub_US_stocks.import_stocks_data - Removing existing S3 object: raw/2024-06-15/finnhub_US_stocks_AASP.json
[32m2024-06-15 13:41:36 +0000[0m - dagster - [34mDEBUG[0m - __ASSET_JOB - 0dfb4247-a2ad-4642-9874-036c87f7f86d - finnhub_US_stocks.import_stocks_data - Writing S3 object at: s3://dagster-api/raw/2024-06-15/finnhub_US_stocks_AASZD.json
[32m2024-06-15 13:41:36 +0000[0m - dagster - [34mWARNING[0m - __ASSET_JOB - 0dfb4247-a2ad-4642-9874-036c87f7f86d - finnhub_US_stocks.import_stocks_data - Removing existing S3 object: raw/2024-06-15/finnhub_US_stocks_AASZD.json
[32m2024-06-15 13:41:36 +0000[0m - dagster - [34mDEBUG[0m - __ASSET_JOB - 0dfb4247-a2ad-4642-9874-036c87f7f86d - finnhub_US_stocks.import_stocks_data - Writing S3 object at: s3://dagster-api/raw/2024-06-15/finnhub_US_stocks_AATC.json
[32m2024-06-15 13:41:36 +0000[0m - dagster - [34mWARNING[0m - __ASSET_JOB - 0dfb4247-a2ad-4642-9874-036c87f7f86d - finnhub_US_stocks.import_stocks_data - Removing existing S3 object: raw/2024-06-15/finnhub_US_stocks_AATC.json
[32m2024-06-15 13:41:37 +0000[0m - dagster - [34mDEBUG[0m - __ASSET_JOB - 0dfb4247-a2ad-4642-9874-036c87f7f86d - finnhub_US_stocks.import_stocks_data - Writing S3 object at: s3://dagster-api/raw/2024-06-15/finnhub_US_stocks_AATGF.json
[32m2024-06-15 13:41:37 +0000[0m - dagster - [34mWARNING[0m - __ASSET_JOB - 0dfb4247-a2ad-4642-9874-036c87f7f86d - finnhub_US_stocks.import_stocks_data - Removing existing S3 object: raw/2024-06-15/finnhub_US_stocks_AATGF.json
[32m2024-06-15 13:41:37 +0000[0m - dagster - [34mDEBUG[0m - __ASSET_JOB - 0dfb4247-a2ad-4642-9874-036c87f7f86d - finnhub_US_stocks.import_stocks_data - Writing S3 object at: s3://dagster-api/raw/2024-06-15/finnhub_US_stocks_AATV.json
[32m2024-06-15 13:41:37 +0000[0m - dagster - [34mWARNING[0m - __ASSET_JOB - 0dfb4247-a2ad-4642-9874-036c87f7f86d - finnhub_US_stocks.import_stocks_data - Removing existing S3 object: raw/2024-06-15/finnhub_US_stocks_AATV.json
[32m2024-06-15 13:41:37 +0000[0m - dagster - [34mDEBUG[0m - __ASSET_JOB - 0dfb4247-a2ad-4642-9874-036c87f7f86d - finnhub_US_stocks.import_stocks_data - Writing S3 object at: s3://dagster-api/raw/2024-06-15/finnhub_US_stocks_AAUAF.json
[32m2024-06-15 13:41:37 +0000[0m - dagster - [34mWARNING[0m - __ASSET_JOB - 0dfb4247-a2ad-4642-9874-036c87f7f86d - finnhub_US_stocks.import_stocks_data - Removing existing S3 object: raw/2024-06-15/finnhub_US_stocks_AAUAF.json
[32m2024-06-15 13:41:37 +0000[0m - dagster - [34mDEBUG[0m - __ASSET_JOB - 0dfb4247-a2ad-4642-9874-036c87f7f86d - finnhub_US_stocks.import_stocks_data - Writing S3 object at: s3://dagster-api/raw/2024-06-15/finnhub_US_stocks_AAUCF.json
[32m2024-06-15 13:41:37 +0000[0m - dagster - [34mWARNING[0m - __ASSET_JOB - 0dfb4247-a2ad-4642-9874-036c87f7f86d - finnhub_US_stocks.import_stocks_data - Removing existing S3 object: raw/2024-06-15/finnhub_US_stocks_AAUCF.json
[32m2024-06-15 13:41:37 +0000[0m - dagster - [34mDEBUG[0m - __ASSET_JOB - 0dfb4247-a2ad-4642-9874-036c87f7f86d - finnhub_US_stocks.import_stocks_data - Writing S3 object at: s3://dagster-api/raw/2024-06-15/finnhub_US_stocks_AAUGF.json
[32m2024-06-15 13:41:37 +0000[0m - dagster - [34mWARNING[0m - __ASSET_JOB - 0dfb4247-a2ad-4642-9874-036c87f7f86d - finnhub_US_stocks.import_stocks_data - Removing existing S3 object: raw/2024-06-15/finnhub_US_stocks_AAUGF.json
[32m2024-06-15 13:41:37 +0000[0m - dagster - [34mDEBUG[0m - __ASSET_JOB - 0dfb4247-a2ad-4642-9874-036c87f7f86d - finnhub_US_stocks.import_stocks_data - Writing S3 object at: s3://dagster-api/raw/2024-06-15/finnhub_US_stocks_AAUKF.json
[32m2024-06-15 13:41:37 +0000[0m - dagster - [34mWARNING[0m - __ASSET_JOB - 0dfb4247-a2ad-4642-9874-036c87f7f86d - finnhub_US_stocks.import_stocks_data - Removing existing S3 object: raw/2024-06-15/finnhub_US_stocks_AAUKF.json
[32m2024-06-15 13:41:37 +0000[0m - dagster - [34mDEBUG[0m - __ASSET_JOB - 0dfb4247-a2ad-4642-9874-036c87f7f86d - finnhub_US_stocks.import_stocks_data - Writing S3 object at: s3://dagster-api/raw/2024-06-15/finnhub_US_stocks_AAVVF.json
[32m2024-06-15 13:41:38 +0000[0m - dagster - [34mWARNING[0m - __ASSET_JOB - 0dfb4247-a2ad-4642-9874-036c87f7f86d - finnhub_US_stocks.import_stocks_data - Removing existing S3 object: raw/2024-06-15/finnhub_US_stocks_AAVVF.json
[32m2024-06-15 13:41:38 +0000[0m - dagster - [34mDEBUG[0m - __ASSET_JOB - 0dfb4247-a2ad-4642-9874-036c87f7f86d - finnhub_US_stocks.import_stocks_data - Writing S3 object at: s3://dagster-api/raw/2024-06-15/finnhub_US_stocks_AAVXF.json
[32m2024-06-15 13:41:38 +0000[0m - dagster - [34mWARNING[0m - __ASSET_JOB - 0dfb4247-a2ad-4642-9874-036c87f7f86d - finnhub_US_stocks.import_stocks_data - Removing existing S3 object: raw/2024-06-15/finnhub_US_stocks_AAVXF.json
[32m2024-06-15 13:41:38 +0000[0m - dagster - [34mDEBUG[0m - __ASSET_JOB - 0dfb4247-a2ad-4642-9874-036c87f7f86d - finnhub_US_stocks.import_stocks_data - Writing S3 object at: s3://dagster-api/raw/2024-06-15/finnhub_US_stocks_AAWH.json
[32m2024-06-15 13:41:38 +0000[0m - dagster - [34mWARNING[0m - __ASSET_JOB - 0dfb4247-a2ad-4642-9874-036c87f7f86d - finnhub_US_stocks.import_stocks_data - Removing existing S3 object: raw/2024-06-15/finnhub_US_stocks_AAWH.json
[32m2024-06-15 13:41:38 +0000[0m - dagster - [34mDEBUG[0m - __ASSET_JOB - 0dfb4247-a2ad-4642-9874-036c87f7f86d - finnhub_US_stocks.import_stocks_data - Writing S3 object at: s3://dagster-api/raw/2024-06-15/finnhub_US_stocks_AAXT.json
[32m2024-06-15 13:41:38 +0000[0m - dagster - [34mWARNING[0m - __ASSET_JOB - 0dfb4247-a2ad-4642-9874-036c87f7f86d - finnhub_US_stocks.import_stocks_data - Removing existing S3 object: raw/2024-06-15/finnhub_US_stocks_AAXT.json
[32m2024-06-15 13:41:38 +0000[0m - dagster - [34mDEBUG[0m - __ASSET_JOB - 0dfb4247-a2ad-4642-9874-036c87f7f86d - finnhub_US_stocks.import_stocks_data - Writing S3 object at: s3://dagster-api/raw/2024-06-15/finnhub_US_stocks_ABANF.json
[32m2024-06-15 13:41:38 +0000[0m - dagster - [34mWARNING[0m - __ASSET_JOB - 0dfb4247-a2ad-4642-9874-036c87f7f86d - finnhub_US_stocks.import_stocks_data - Removing existing S3 object: raw/2024-06-15/finnhub_US_stocks_ABANF.json
[32m2024-06-15 13:41:38 +0000[0m - dagster - [34mDEBUG[0m - __ASSET_JOB - 0dfb4247-a2ad-4642-9874-036c87f7f86d - finnhub_US_stocks.import_stocks_data - Writing S3 object at: s3://dagster-api/raw/2024-06-15/finnhub_US_stocks_ABAT.json
[32m2024-06-15 13:41:38 +0000[0m - dagster - [34mWARNING[0m - __ASSET_JOB - 0dfb4247-a2ad-4642-9874-036c87f7f86d - finnhub_US_stocks.import_stocks_data - Removing existing S3 object: raw/2024-06-15/finnhub_US_stocks_ABAT.json
[32m2024-06-15 13:41:38 +0000[0m - dagster - [34mDEBUG[0m - __ASSET_JOB - 0dfb4247-a2ad-4642-9874-036c87f7f86d - finnhub_US_stocks.import_stocks_data - Writing S3 object at: s3://dagster-api/raw/2024-06-15/finnhub_US_stocks_ABBB.json
[32m2024-06-15 13:41:38 +0000[0m - dagster - [34mWARNING[0m - __ASSET_JOB - 0dfb4247-a2ad-4642-9874-036c87f7f86d - finnhub_US_stocks.import_stocks_data - Removing existing S3 object: raw/2024-06-15/finnhub_US_stocks_ABBB.json
[32m2024-06-15 13:41:38 +0000[0m - dagster - [34mDEBUG[0m - __ASSET_JOB - 0dfb4247-a2ad-4642-9874-036c87f7f86d - finnhub_US_stocks.import_stocks_data - Writing S3 object at: s3://dagster-api/raw/2024-06-15/finnhub_US_stocks_ABBRF.json
[32m2024-06-15 13:41:38 +0000[0m - dagster - [34mWARNING[0m - __ASSET_JOB - 0dfb4247-a2ad-4642-9874-036c87f7f86d - finnhub_US_stocks.import_stocks_data - Removing existing S3 object: raw/2024-06-15/finnhub_US_stocks_ABBRF.json
[32m2024-06-15 13:41:39 +0000[0m - dagster - [34mDEBUG[0m - __ASSET_JOB - 0dfb4247-a2ad-4642-9874-036c87f7f86d - finnhub_US_stocks.import_stocks_data - Writing S3 object at: s3://dagster-api/raw/2024-06-15/finnhub_US_stocks_ABBV.json
[32m2024-06-15 13:41:39 +0000[0m - dagster - [34mWARNING[0m - __ASSET_JOB - 0dfb4247-a2ad-4642-9874-036c87f7f86d - finnhub_US_stocks.import_stocks_data - Removing existing S3 object: raw/2024-06-15/finnhub_US_stocks_ABBV.json
[32m2024-06-15 13:41:39 +0000[0m - dagster - [34mDEBUG[0m - __ASSET_JOB - 0dfb4247-a2ad-4642-9874-036c87f7f86d - finnhub_US_stocks.import_stocks_data - Writing S3 object at: s3://dagster-api/raw/2024-06-15/finnhub_US_stocks_ABBY.json
[32m2024-06-15 13:41:39 +0000[0m - dagster - [34mWARNING[0m - __ASSET_JOB - 0dfb4247-a2ad-4642-9874-036c87f7f86d - finnhub_US_stocks.import_stocks_data - Removing existing S3 object: raw/2024-06-15/finnhub_US_stocks_ABBY.json
[32m2024-06-15 13:41:39 +0000[0m - dagster - [34mDEBUG[0m - __ASSET_JOB - 0dfb4247-a2ad-4642-9874-036c87f7f86d - finnhub_US_stocks.import_stocks_data - Writing S3 object at: s3://dagster-api/raw/2024-06-15/finnhub_US_stocks_ABCB.json
[32m2024-06-15 13:41:39 +0000[0m - dagster - [34mWARNING[0m - __ASSET_JOB - 0dfb4247-a2ad-4642-9874-036c87f7f86d - finnhub_US_stocks.import_stocks_data - Removing existing S3 object: raw/2024-06-15/finnhub_US_stocks_ABCB.json
[32m2024-06-15 13:41:39 +0000[0m - dagster - [34mDEBUG[0m - __ASSET_JOB - 0dfb4247-a2ad-4642-9874-036c87f7f86d - finnhub_US_stocks.import_stocks_data - Writing S3 object at: s3://dagster-api/raw/2024-06-15/finnhub_US_stocks_ABCCF.json
[32m2024-06-15 13:41:39 +0000[0m - dagster - [34mWARNING[0m - __ASSET_JOB - 0dfb4247-a2ad-4642-9874-036c87f7f86d - finnhub_US_stocks.import_stocks_data - Removing existing S3 object: raw/2024-06-15/finnhub_US_stocks_ABCCF.json
[32m2024-06-15 13:41:39 +0000[0m - dagster - [34mDEBUG[0m - __ASSET_JOB - 0dfb4247-a2ad-4642-9874-036c87f7f86d - finnhub_US_stocks.import_stocks_data - Writing S3 object at: s3://dagster-api/raw/2024-06-15/finnhub_US_stocks_ABCE.json
[32m2024-06-15 13:41:39 +0000[0m - dagster - [34mWARNING[0m - __ASSET_JOB - 0dfb4247-a2ad-4642-9874-036c87f7f86d - finnhub_US_stocks.import_stocks_data - Removing existing S3 object: raw/2024-06-15/finnhub_US_stocks_ABCE.json
[32m2024-06-15 13:41:39 +0000[0m - dagster - [34mDEBUG[0m - __ASSET_JOB - 0dfb4247-a2ad-4642-9874-036c87f7f86d - finnhub_US_stocks.import_stocks_data - Writing S3 object at: s3://dagster-api/raw/2024-06-15/finnhub_US_stocks_ABCFF.json
[32m2024-06-15 13:41:39 +0000[0m - dagster - [34mWARNING[0m - __ASSET_JOB - 0dfb4247-a2ad-4642-9874-036c87f7f86d - finnhub_US_stocks.import_stocks_data - Removing existing S3 object: raw/2024-06-15/finnhub_US_stocks_ABCFF.json
[32m2024-06-15 13:41:39 +0000[0m - dagster - [34mDEBUG[0m - __ASSET_JOB - 0dfb4247-a2ad-4642-9874-036c87f7f86d - finnhub_US_stocks.import_stocks_data - Writing S3 object at: s3://dagster-api/raw/2024-06-15/finnhub_US_stocks_ABCL.json
[32m2024-06-15 13:41:39 +0000[0m - dagster - [34mWARNING[0m - __ASSET_JOB - 0dfb4247-a2ad-4642-9874-036c87f7f86d - finnhub_US_stocks.import_stocks_data - Removing existing S3 object: raw/2024-06-15/finnhub_US_stocks_ABCL.json
[32m2024-06-15 13:41:40 +0000[0m - dagster - [34mDEBUG[0m - __ASSET_JOB - 0dfb4247-a2ad-4642-9874-036c87f7f86d - finnhub_US_stocks.import_stocks_data - Writing S3 object at: s3://dagster-api/raw/2024-06-15/finnhub_US_stocks_ABCP.json
[32m2024-06-15 13:41:40 +0000[0m - dagster - [34mWARNING[0m - __ASSET_JOB - 0dfb4247-a2ad-4642-9874-036c87f7f86d - finnhub_US_stocks.import_stocks_data - Removing existing S3 object: raw/2024-06-15/finnhub_US_stocks_ABCP.json
[32m2024-06-15 13:41:40 +0000[0m - dagster - [34mDEBUG[0m - __ASSET_JOB - 0dfb4247-a2ad-4642-9874-036c87f7f86d - finnhub_US_stocks.import_stocks_data - Writing S3 object at: s3://dagster-api/raw/2024-06-15/finnhub_US_stocks_ABCZF.json
[32m2024-06-15 13:41:40 +0000[0m - dagster - [34mWARNING[0m - __ASSET_JOB - 0dfb4247-a2ad-4642-9874-036c87f7f86d - finnhub_US_stocks.import_stocks_data - Removing existing S3 object: raw/2024-06-15/finnhub_US_stocks_ABCZF.json
[32m2024-06-15 13:41:40 +0000[0m - dagster - [34mDEBUG[0m - __ASSET_JOB - 0dfb4247-a2ad-4642-9874-036c87f7f86d - finnhub_US_stocks.import_stocks_data - Writing S3 object at: s3://dagster-api/raw/2024-06-15/finnhub_US_stocks_ABDDF.json
[32m2024-06-15 13:41:40 +0000[0m - dagster - [34mWARNING[0m - __ASSET_JOB - 0dfb4247-a2ad-4642-9874-036c87f7f86d - finnhub_US_stocks.import_stocks_data - Removing existing S3 object: raw/2024-06-15/finnhub_US_stocks_ABDDF.json
[32m2024-06-15 13:41:40 +0000[0m - dagster - [34mDEBUG[0m - __ASSET_JOB - 0dfb4247-a2ad-4642-9874-036c87f7f86d - finnhub_US_stocks.import_stocks_data - Writing S3 object at: s3://dagster-api/raw/2024-06-15/finnhub_US_stocks_ABDXF.json
[32m2024-06-15 13:41:40 +0000[0m - dagster - [34mWARNING[0m - __ASSET_JOB - 0dfb4247-a2ad-4642-9874-036c87f7f86d - finnhub_US_stocks.import_stocks_data - Removing existing S3 object: raw/2024-06-15/finnhub_US_stocks_ABDXF.json
[32m2024-06-15 13:41:40 +0000[0m - dagster - [34mDEBUG[0m - __ASSET_JOB - 0dfb4247-a2ad-4642-9874-036c87f7f86d - finnhub_US_stocks.import_stocks_data - Writing S3 object at: s3://dagster-api/raw/2024-06-15/finnhub_US_stocks_ABEO.json
[32m2024-06-15 13:41:40 +0000[0m - dagster - [34mWARNING[0m - __ASSET_JOB - 0dfb4247-a2ad-4642-9874-036c87f7f86d - finnhub_US_stocks.import_stocks_data - Removing existing S3 object: raw/2024-06-15/finnhub_US_stocks_ABEO.json
[32m2024-06-15 13:41:40 +0000[0m - dagster - [34mDEBUG[0m - __ASSET_JOB - 0dfb4247-a2ad-4642-9874-036c87f7f86d - finnhub_US_stocks.import_stocks_data - Writing S3 object at: s3://dagster-api/raw/2024-06-15/finnhub_US_stocks_ABEPF.json
[32m2024-06-15 13:41:40 +0000[0m - dagster - [34mWARNING[0m - __ASSET_JOB - 0dfb4247-a2ad-4642-9874-036c87f7f86d - finnhub_US_stocks.import_stocks_data - Removing existing S3 object: raw/2024-06-15/finnhub_US_stocks_ABEPF.json
[32m2024-06-15 13:41:40 +0000[0m - dagster - [34mDEBUG[0m - __ASSET_JOB - 0dfb4247-a2ad-4642-9874-036c87f7f86d - finnhub_US_stocks.import_stocks_data - Writing S3 object at: s3://dagster-api/raw/2024-06-15/finnhub_US_stocks_ABFOF.json
[32m2024-06-15 13:41:40 +0000[0m - dagster - [34mWARNING[0m - __ASSET_JOB - 0dfb4247-a2ad-4642-9874-036c87f7f86d - finnhub_US_stocks.import_stocks_data - Removing existing S3 object: raw/2024-06-15/finnhub_US_stocks_ABFOF.json
[32m2024-06-15 13:41:41 +0000[0m - dagster - [34mDEBUG[0m - __ASSET_JOB - 0dfb4247-a2ad-4642-9874-036c87f7f86d - finnhub_US_stocks.import_stocks_data - Writing S3 object at: s3://dagster-api/raw/2024-06-15/finnhub_US_stocks_ABG.json
[32m2024-06-15 13:41:41 +0000[0m - dagster - [34mWARNING[0m - __ASSET_JOB - 0dfb4247-a2ad-4642-9874-036c87f7f86d - finnhub_US_stocks.import_stocks_data - Removing existing S3 object: raw/2024-06-15/finnhub_US_stocks_ABG.json
[32m2024-06-15 13:41:41 +0000[0m - dagster - [34mDEBUG[0m - __ASSET_JOB - 0dfb4247-a2ad-4642-9874-036c87f7f86d - finnhub_US_stocks.import_stocks_data - Writing S3 object at: s3://dagster-api/raw/2024-06-15/finnhub_US_stocks_ABGOF.json
[32m2024-06-15 13:41:41 +0000[0m - dagster - [34mWARNING[0m - __ASSET_JOB - 0dfb4247-a2ad-4642-9874-036c87f7f86d - finnhub_US_stocks.import_stocks_data - Removing existing S3 object: raw/2024-06-15/finnhub_US_stocks_ABGOF.json
[32m2024-06-15 13:41:41 +0000[0m - dagster - [34mDEBUG[0m - __ASSET_JOB - 0dfb4247-a2ad-4642-9874-036c87f7f86d - finnhub_US_stocks.import_stocks_data - Writing S3 object at: s3://dagster-api/raw/2024-06-15/finnhub_US_stocks_ABGSF.json
[32m2024-06-15 13:41:41 +0000[0m - dagster - [34mWARNING[0m - __ASSET_JOB - 0dfb4247-a2ad-4642-9874-036c87f7f86d - finnhub_US_stocks.import_stocks_data - Removing existing S3 object: raw/2024-06-15/finnhub_US_stocks_ABGSF.json
[32m2024-06-15 13:41:41 +0000[0m - dagster - [34mDEBUG[0m - __ASSET_JOB - 0dfb4247-a2ad-4642-9874-036c87f7f86d - finnhub_US_stocks.import_stocks_data - Writing S3 object at: s3://dagster-api/raw/2024-06-15/finnhub_US_stocks_ABILF.json
[32m2024-06-15 13:41:41 +0000[0m - dagster - [34mWARNING[0m - __ASSET_JOB - 0dfb4247-a2ad-4642-9874-036c87f7f86d - finnhub_US_stocks.import_stocks_data - Removing existing S3 object: raw/2024-06-15/finnhub_US_stocks_ABILF.json
[32m2024-06-15 13:41:41 +0000[0m - dagster - [34mDEBUG[0m - __ASSET_JOB - 0dfb4247-a2ad-4642-9874-036c87f7f86d - finnhub_US_stocks.import_stocks_data - Writing S3 object at: s3://dagster-api/raw/2024-06-15/finnhub_US_stocks_ABIO.json
[32m2024-06-15 13:41:41 +0000[0m - dagster - [34mWARNING[0m - __ASSET_JOB - 0dfb4247-a2ad-4642-9874-036c87f7f86d - finnhub_US_stocks.import_stocks_data - Removing existing S3 object: raw/2024-06-15/finnhub_US_stocks_ABIO.json
[32m2024-06-15 13:41:41 +0000[0m - dagster - [34mDEBUG[0m - __ASSET_JOB - 0dfb4247-a2ad-4642-9874-036c87f7f86d - finnhub_US_stocks.import_stocks_data - Writing S3 object at: s3://dagster-api/raw/2024-06-15/finnhub_US_stocks_ABIT.json
[32m2024-06-15 13:41:41 +0000[0m - dagster - [34mWARNING[0m - __ASSET_JOB - 0dfb4247-a2ad-4642-9874-036c87f7f86d - finnhub_US_stocks.import_stocks_data - Removing existing S3 object: raw/2024-06-15/finnhub_US_stocks_ABIT.json
[32m2024-06-15 13:41:41 +0000[0m - dagster - [34mDEBUG[0m - __ASSET_JOB - 0dfb4247-a2ad-4642-9874-036c87f7f86d - finnhub_US_stocks.import_stocks_data - Writing S3 object at: s3://dagster-api/raw/2024-06-15/finnhub_US_stocks_ABL.json
[32m2024-06-15 13:41:41 +0000[0m - dagster - [34mWARNING[0m - __ASSET_JOB - 0dfb4247-a2ad-4642-9874-036c87f7f86d - finnhub_US_stocks.import_stocks_data - Removing existing S3 object: raw/2024-06-15/finnhub_US_stocks_ABL.json
[32m2024-06-15 13:41:42 +0000[0m - dagster - [34mDEBUG[0m - __ASSET_JOB - 0dfb4247-a2ad-4642-9874-036c87f7f86d - finnhub_US_stocks.import_stocks_data - Writing S3 object at: s3://dagster-api/raw/2024-06-15/finnhub_US_stocks_ABLE.json
[32m2024-06-15 13:41:42 +0000[0m - dagster - [34mWARNING[0m - __ASSET_JOB - 0dfb4247-a2ad-4642-9874-036c87f7f86d - finnhub_US_stocks.import_stocks_data - Removing existing S3 object: raw/2024-06-15/finnhub_US_stocks_ABLE.json
[32m2024-06-15 13:41:42 +0000[0m - dagster - [34mDEBUG[0m - __ASSET_JOB - 0dfb4247-a2ad-4642-9874-036c87f7f86d - finnhub_US_stocks.import_stocks_data - Writing S3 object at: s3://dagster-api/raw/2024-06-15/finnhub_US_stocks_ABLGF.json
[32m2024-06-15 13:41:42 +0000[0m - dagster - [34mWARNING[0m - __ASSET_JOB - 0dfb4247-a2ad-4642-9874-036c87f7f86d - finnhub_US_stocks.import_stocks_data - Removing existing S3 object: raw/2024-06-15/finnhub_US_stocks_ABLGF.json
[32m2024-06-15 13:41:42 +0000[0m - dagster - [34mDEBUG[0m - __ASSET_JOB - 0dfb4247-a2ad-4642-9874-036c87f7f86d - finnhub_US_stocks.import_stocks_data - Writing S3 object at: s3://dagster-api/raw/2024-06-15/finnhub_US_stocks_ABLT.json
[32m2024-06-15 13:41:42 +0000[0m - dagster - [34mWARNING[0m - __ASSET_JOB - 0dfb4247-a2ad-4642-9874-036c87f7f86d - finnhub_US_stocks.import_stocks_data - Removing existing S3 object: raw/2024-06-15/finnhub_US_stocks_ABLT.json
[32m2024-06-15 13:41:42 +0000[0m - dagster - [34mDEBUG[0m - __ASSET_JOB - 0dfb4247-a2ad-4642-9874-036c87f7f86d - finnhub_US_stocks.import_stocks_data - Writing S3 object at: s3://dagster-api/raw/2024-06-15/finnhub_US_stocks_ABLV.json
[32m2024-06-15 13:41:42 +0000[0m - dagster - [34mWARNING[0m - __ASSET_JOB - 0dfb4247-a2ad-4642-9874-036c87f7f86d - finnhub_US_stocks.import_stocks_data - Removing existing S3 object: raw/2024-06-15/finnhub_US_stocks_ABLV.json
[32m2024-06-15 13:41:42 +0000[0m - dagster - [34mDEBUG[0m - __ASSET_JOB - 0dfb4247-a2ad-4642-9874-036c87f7f86d - finnhub_US_stocks.import_stocks_data - Writing S3 object at: s3://dagster-api/raw/2024-06-15/finnhub_US_stocks_ABLZF.json
[32m2024-06-15 13:41:42 +0000[0m - dagster - [34mWARNING[0m - __ASSET_JOB - 0dfb4247-a2ad-4642-9874-036c87f7f86d - finnhub_US_stocks.import_stocks_data - Removing existing S3 object: raw/2024-06-15/finnhub_US_stocks_ABLZF.json
[32m2024-06-15 13:41:42 +0000[0m - dagster - [34mDEBUG[0m - __ASSET_JOB - 0dfb4247-a2ad-4642-9874-036c87f7f86d - finnhub_US_stocks.import_stocks_data - Writing S3 object at: s3://dagster-api/raw/2024-06-15/finnhub_US_stocks_ABM.json
[32m2024-06-15 13:41:42 +0000[0m - dagster - [34mWARNING[0m - __ASSET_JOB - 0dfb4247-a2ad-4642-9874-036c87f7f86d - finnhub_US_stocks.import_stocks_data - Removing existing S3 object: raw/2024-06-15/finnhub_US_stocks_ABM.json
[32m2024-06-15 13:41:42 +0000[0m - dagster - [34mDEBUG[0m - __ASSET_JOB - 0dfb4247-a2ad-4642-9874-036c87f7f86d - finnhub_US_stocks.import_stocks_data - Writing S3 object at: s3://dagster-api/raw/2024-06-15/finnhub_US_stocks_ABMBF.json
[32m2024-06-15 13:41:42 +0000[0m - dagster - [34mWARNING[0m - __ASSET_JOB - 0dfb4247-a2ad-4642-9874-036c87f7f86d - finnhub_US_stocks.import_stocks_data - Removing existing S3 object: raw/2024-06-15/finnhub_US_stocks_ABMBF.json
[32m2024-06-15 13:41:43 +0000[0m - dagster - [34mDEBUG[0m - __ASSET_JOB - 0dfb4247-a2ad-4642-9874-036c87f7f86d - finnhub_US_stocks.import_stocks_data - Writing S3 object at: s3://dagster-api/raw/2024-06-15/finnhub_US_stocks_ABMC.json
[32m2024-06-15 13:41:43 +0000[0m - dagster - [34mWARNING[0m - __ASSET_JOB - 0dfb4247-a2ad-4642-9874-036c87f7f86d - finnhub_US_stocks.import_stocks_data - Removing existing S3 object: raw/2024-06-15/finnhub_US_stocks_ABMC.json
[32m2024-06-15 13:41:43 +0000[0m - dagster - [34mDEBUG[0m - __ASSET_JOB - 0dfb4247-a2ad-4642-9874-036c87f7f86d - finnhub_US_stocks.import_stocks_data - Writing S3 object at: s3://dagster-api/raw/2024-06-15/finnhub_US_stocks_ABMT.json
[32m2024-06-15 13:41:43 +0000[0m - dagster - [34mWARNING[0m - __ASSET_JOB - 0dfb4247-a2ad-4642-9874-036c87f7f86d - finnhub_US_stocks.import_stocks_data - Removing existing S3 object: raw/2024-06-15/finnhub_US_stocks_ABMT.json
[32m2024-06-15 13:41:43 +0000[0m - dagster - [34mDEBUG[0m - __ASSET_JOB - 0dfb4247-a2ad-4642-9874-036c87f7f86d - finnhub_US_stocks.import_stocks_data - Writing S3 object at: s3://dagster-api/raw/2024-06-15/finnhub_US_stocks_ABNAF.json
[32m2024-06-15 13:41:43 +0000[0m - dagster - [34mWARNING[0m - __ASSET_JOB - 0dfb4247-a2ad-4642-9874-036c87f7f86d - finnhub_US_stocks.import_stocks_data - Removing existing S3 object: raw/2024-06-15/finnhub_US_stocks_ABNAF.json
[32m2024-06-15 13:41:43 +0000[0m - dagster - [34mDEBUG[0m - __ASSET_JOB - 0dfb4247-a2ad-4642-9874-036c87f7f86d - finnhub_US_stocks.import_stocks_data - Writing S3 object at: s3://dagster-api/raw/2024-06-15/finnhub_US_stocks_ABNB.json
[32m2024-06-15 13:41:43 +0000[0m - dagster - [34mWARNING[0m - __ASSET_JOB - 0dfb4247-a2ad-4642-9874-036c87f7f86d - finnhub_US_stocks.import_stocks_data - Removing existing S3 object: raw/2024-06-15/finnhub_US_stocks_ABNB.json
[32m2024-06-15 13:41:43 +0000[0m - dagster - [34mDEBUG[0m - __ASSET_JOB - 0dfb4247-a2ad-4642-9874-036c87f7f86d - finnhub_US_stocks.import_stocks_data - Writing S3 object at: s3://dagster-api/raw/2024-06-15/finnhub_US_stocks_ABOIF.json
[32m2024-06-15 13:41:43 +0000[0m - dagster - [34mWARNING[0m - __ASSET_JOB - 0dfb4247-a2ad-4642-9874-036c87f7f86d - finnhub_US_stocks.import_stocks_data - Removing existing S3 object: raw/2024-06-15/finnhub_US_stocks_ABOIF.json
[32m2024-06-15 13:41:43 +0000[0m - dagster - [34mDEBUG[0m - __ASSET_JOB - 0dfb4247-a2ad-4642-9874-036c87f7f86d - finnhub_US_stocks.import_stocks_data - Writing S3 object at: s3://dagster-api/raw/2024-06-15/finnhub_US_stocks_ABOS.json
[32m2024-06-15 13:41:43 +0000[0m - dagster - [34mWARNING[0m - __ASSET_JOB - 0dfb4247-a2ad-4642-9874-036c87f7f86d - finnhub_US_stocks.import_stocks_data - Removing existing S3 object: raw/2024-06-15/finnhub_US_stocks_ABOS.json
[32m2024-06-15 13:41:43 +0000[0m - dagster - [34mDEBUG[0m - __ASSET_JOB - 0dfb4247-a2ad-4642-9874-036c87f7f86d - finnhub_US_stocks.import_stocks_data - Writing S3 object at: s3://dagster-api/raw/2024-06-15/finnhub_US_stocks_ABPR.json
[32m2024-06-15 13:41:43 +0000[0m - dagster - [34mWARNING[0m - __ASSET_JOB - 0dfb4247-a2ad-4642-9874-036c87f7f86d - finnhub_US_stocks.import_stocks_data - Removing existing S3 object: raw/2024-06-15/finnhub_US_stocks_ABPR.json
[32m2024-06-15 13:41:44 +0000[0m - dagster - [34mDEBUG[0m - __ASSET_JOB - 0dfb4247-a2ad-4642-9874-036c87f7f86d - finnhub_US_stocks.import_stocks_data - Writing S3 object at: s3://dagster-api/raw/2024-06-15/finnhub_US_stocks_ABQQ.json
[32m2024-06-15 13:41:44 +0000[0m - dagster - [34mWARNING[0m - __ASSET_JOB - 0dfb4247-a2ad-4642-9874-036c87f7f86d - finnhub_US_stocks.import_stocks_data - Removing existing S3 object: raw/2024-06-15/finnhub_US_stocks_ABQQ.json
[32m2024-06-15 13:41:44 +0000[0m - dagster - [34mDEBUG[0m - __ASSET_JOB - 0dfb4247-a2ad-4642-9874-036c87f7f86d - finnhub_US_stocks.import_stocks_data - Writing S3 object at: s3://dagster-api/raw/2024-06-15/finnhub_US_stocks_ABRMF.json
[32m2024-06-15 13:41:44 +0000[0m - dagster - [34mWARNING[0m - __ASSET_JOB - 0dfb4247-a2ad-4642-9874-036c87f7f86d - finnhub_US_stocks.import_stocks_data - Removing existing S3 object: raw/2024-06-15/finnhub_US_stocks_ABRMF.json
[32m2024-06-15 13:41:44 +0000[0m - dagster - [34mDEBUG[0m - __ASSET_JOB - 0dfb4247-a2ad-4642-9874-036c87f7f86d - finnhub_US_stocks.import_stocks_data - Writing S3 object at: s3://dagster-api/raw/2024-06-15/finnhub_US_stocks_ABSCF.json
[32m2024-06-15 13:41:44 +0000[0m - dagster - [34mWARNING[0m - __ASSET_JOB - 0dfb4247-a2ad-4642-9874-036c87f7f86d - finnhub_US_stocks.import_stocks_data - Removing existing S3 object: raw/2024-06-15/finnhub_US_stocks_ABSCF.json
[32m2024-06-15 13:41:44 +0000[0m - dagster - [34mDEBUG[0m - __ASSET_JOB - 0dfb4247-a2ad-4642-9874-036c87f7f86d - finnhub_US_stocks.import_stocks_data - Writing S3 object at: s3://dagster-api/raw/2024-06-15/finnhub_US_stocks_ABSI.json
[32m2024-06-15 13:41:44 +0000[0m - dagster - [34mWARNING[0m - __ASSET_JOB - 0dfb4247-a2ad-4642-9874-036c87f7f86d - finnhub_US_stocks.import_stocks_data - Removing existing S3 object: raw/2024-06-15/finnhub_US_stocks_ABSI.json
[32m2024-06-15 13:41:44 +0000[0m - dagster - [34mDEBUG[0m - __ASSET_JOB - 0dfb4247-a2ad-4642-9874-036c87f7f86d - finnhub_US_stocks.import_stocks_data - Writing S3 object at: s3://dagster-api/raw/2024-06-15/finnhub_US_stocks_ABSSF.json
[32m2024-06-15 13:41:44 +0000[0m - dagster - [34mWARNING[0m - __ASSET_JOB - 0dfb4247-a2ad-4642-9874-036c87f7f86d - finnhub_US_stocks.import_stocks_data - Removing existing S3 object: raw/2024-06-15/finnhub_US_stocks_ABSSF.json
[32m2024-06-15 13:41:44 +0000[0m - dagster - [34mDEBUG[0m - __ASSET_JOB - 0dfb4247-a2ad-4642-9874-036c87f7f86d - finnhub_US_stocks.import_stocks_data - Writing S3 object at: s3://dagster-api/raw/2024-06-15/finnhub_US_stocks_ABT.json
[32m2024-06-15 13:41:44 +0000[0m - dagster - [34mWARNING[0m - __ASSET_JOB - 0dfb4247-a2ad-4642-9874-036c87f7f86d - finnhub_US_stocks.import_stocks_data - Removing existing S3 object: raw/2024-06-15/finnhub_US_stocks_ABT.json
[32m2024-06-15 13:41:44 +0000[0m - dagster - [34mDEBUG[0m - __ASSET_JOB - 0dfb4247-a2ad-4642-9874-036c87f7f86d - finnhub_US_stocks.import_stocks_data - Writing S3 object at: s3://dagster-api/raw/2024-06-15/finnhub_US_stocks_ABTI.json
[32m2024-06-15 13:41:44 +0000[0m - dagster - [34mWARNING[0m - __ASSET_JOB - 0dfb4247-a2ad-4642-9874-036c87f7f86d - finnhub_US_stocks.import_stocks_data - Removing existing S3 object: raw/2024-06-15/finnhub_US_stocks_ABTI.json
[32m2024-06-15 13:41:45 +0000[0m - dagster - [34mDEBUG[0m - __ASSET_JOB - 0dfb4247-a2ad-4642-9874-036c87f7f86d - finnhub_US_stocks.import_stocks_data - Writing S3 object at: s3://dagster-api/raw/2024-06-15/finnhub_US_stocks_ABTO.json
[32m2024-06-15 13:41:45 +0000[0m - dagster - [34mWARNING[0m - __ASSET_JOB - 0dfb4247-a2ad-4642-9874-036c87f7f86d - finnhub_US_stocks.import_stocks_data - Removing existing S3 object: raw/2024-06-15/finnhub_US_stocks_ABTO.json
[32m2024-06-15 13:41:45 +0000[0m - dagster - [34mDEBUG[0m - __ASSET_JOB - 0dfb4247-a2ad-4642-9874-036c87f7f86d - finnhub_US_stocks.import_stocks_data - Writing S3 object at: s3://dagster-api/raw/2024-06-15/finnhub_US_stocks_ABTS.json
[32m2024-06-15 13:41:45 +0000[0m - dagster - [34mWARNING[0m - __ASSET_JOB - 0dfb4247-a2ad-4642-9874-036c87f7f86d - finnhub_US_stocks.import_stocks_data - Removing existing S3 object: raw/2024-06-15/finnhub_US_stocks_ABTS.json
[32m2024-06-15 13:41:45 +0000[0m - dagster - [34mDEBUG[0m - __ASSET_JOB - 0dfb4247-a2ad-4642-9874-036c87f7f86d - finnhub_US_stocks.import_stocks_data - Writing S3 object at: s3://dagster-api/raw/2024-06-15/finnhub_US_stocks_ABUS.json
[32m2024-06-15 13:41:45 +0000[0m - dagster - [34mWARNING[0m - __ASSET_JOB - 0dfb4247-a2ad-4642-9874-036c87f7f86d - finnhub_US_stocks.import_stocks_data - Removing existing S3 object: raw/2024-06-15/finnhub_US_stocks_ABUS.json
[32m2024-06-15 13:41:45 +0000[0m - dagster - [34mDEBUG[0m - __ASSET_JOB - 0dfb4247-a2ad-4642-9874-036c87f7f86d - finnhub_US_stocks.import_stocks_data - Writing S3 object at: s3://dagster-api/raw/2024-06-15/finnhub_US_stocks_ABVC.json
[32m2024-06-15 13:41:45 +0000[0m - dagster - [34mWARNING[0m - __ASSET_JOB - 0dfb4247-a2ad-4642-9874-036c87f7f86d - finnhub_US_stocks.import_stocks_data - Removing existing S3 object: raw/2024-06-15/finnhub_US_stocks_ABVC.json
[32m2024-06-15 13:41:45 +0000[0m - dagster - [34mDEBUG[0m - __ASSET_JOB - 0dfb4247-a2ad-4642-9874-036c87f7f86d - 162071 - finnhub_US_stocks.import_stocks_data - ASSET_MATERIALIZATION - Materialized value finnhub_US_stocks.
[32m2024-06-15 13:41:45 +0000[0m - dagster - [34mDEBUG[0m - __ASSET_JOB - 0dfb4247-a2ad-4642-9874-036c87f7f86d - 162071 - finnhub_US_stocks.import_stocks_data - HANDLED_OUTPUT - Handled output "result" using IO manager "s3_json_io_manager"
[32m2024-06-15 13:41:45 +0000[0m - dagster - [34mDEBUG[0m - __ASSET_JOB - 0dfb4247-a2ad-4642-9874-036c87f7f86d - 162071 - finnhub_US_stocks.import_stocks_data - STEP_SUCCESS - Finished execution of step "finnhub_US_stocks.import_stocks_data" in 1m38s.
