[32m2024-05-31 12:19:35 +0000[0m - dagster - [34mDEBUG[0m - __ASSET_JOB - 9ba2585d-80d7-4ab1-acbb-aa979f8fab86 - 249562 - LOGS_CAPTURED - Started capturing logs in process (pid: 249562).
[32m2024-05-31 12:19:35 +0000[0m - dagster - [34mDEBUG[0m - __ASSET_JOB - 9ba2585d-80d7-4ab1-acbb-aa979f8fab86 - 249562 - spark_operator.merge_and_analyze - STEP_RESTARTED - Started re-execution (attempt # 3) of step "spark_operator.merge_and_analyze".
[32m2024-05-31 12:19:35 +0000[0m - dagster - [34mDEBUG[0m - __ASSET_JOB - 9ba2585d-80d7-4ab1-acbb-aa979f8fab86 - spark_operator.merge_and_analyze - Loading S3 object from: s3a://dagster-api/staging/2024-05-31/spark_operator.create_stock_tables[stock_A]/metric_and_series
24/05/31 12:19:37 WARN Utils: Your hostname, willowyboat-practicalda-8yoi5et7ep7 resolves to a loopback address: 127.0.0.1; using 10.0.5.2 instead (on interface eth0)
24/05/31 12:19:37 WARN Utils: Set SPARK_LOCAL_IP if you need to bind to another address
Ivy Default Cache set to: /home/gitpod/.ivy2/cache
The jars for the packages stored in: /home/gitpod/.ivy2/jars
io.delta#delta-spark_2.12 added as a dependency
org.apache.hadoop#hadoop-aws added as a dependency
org.apache.hadoop#hadoop-common added as a dependency
com.amazonaws#aws-java-sdk-bundle added as a dependency
:: resolving dependencies :: org.apache.spark#spark-submit-parent-18a98872-9618-4c64-add9-96adcb0736bc;1.0
	confs: [default]
	found io.delta#delta-spark_2.12;3.1.0 in spark-list
	found io.delta#delta-storage;3.1.0 in central
	found org.antlr#antlr4-runtime;4.9.3 in central
	found org.apache.hadoop#hadoop-aws;3.3.4 in central
	found com.amazonaws#aws-java-sdk-bundle;1.12.262 in central
	found org.wildfly.openssl#wildfly-openssl;1.0.7.Final in central
	found org.apache.hadoop#hadoop-common;3.3.4 in central
	found org.apache.hadoop.thirdparty#hadoop-shaded-protobuf_3_7;1.1.1 in central
	found org.apache.hadoop#hadoop-annotations;3.3.4 in central
	found org.apache.hadoop.thirdparty#hadoop-shaded-guava;1.1.1 in central
	found com.google.guava#guava;27.0-jre in central
	found com.google.guava#failureaccess;1.0 in central
	found com.google.guava#listenablefuture;9999.0-empty-to-avoid-conflict-with-guava in central
	found com.google.code.findbugs#jsr305;3.0.2 in central
	found org.checkerframework#checker-qual;2.5.2 in central
	found com.google.j2objc#j2objc-annotations;1.1 in central
	found org.codehaus.mojo#animal-sniffer-annotations;1.17 in central
	found commons-cli#commons-cli;1.2 in central
	found org.apache.commons#commons-math3;3.1.1 in central
	found org.apache.httpcomponents#httpclient;4.5.13 in central
	found org.apache.httpcomponents#httpcore;4.4.13 in central
	found commons-logging#commons-logging;1.1.3 in central
	found commons-codec#commons-codec;1.15 in central
	found commons-io#commons-io;2.8.0 in central
	found commons-net#commons-net;3.6 in central
	found commons-collections#commons-collections;3.2.2 in central
	found javax.servlet#javax.servlet-api;3.1.0 in central
	found org.eclipse.jetty#jetty-server;9.4.43.v20210629 in central
	found org.eclipse.jetty#jetty-http;9.4.43.v20210629 in central
	found org.eclipse.jetty#jetty-util;9.4.43.v20210629 in central
	found org.eclipse.jetty#jetty-io;9.4.43.v20210629 in central
	found org.eclipse.jetty#jetty-servlet;9.4.43.v20210629 in central
	found org.eclipse.jetty#jetty-security;9.4.43.v20210629 in central
	found org.eclipse.jetty#jetty-util-ajax;9.4.43.v20210629 in central
	found org.eclipse.jetty#jetty-webapp;9.4.43.v20210629 in central
	found org.eclipse.jetty#jetty-xml;9.4.43.v20210629 in central
	found com.sun.jersey#jersey-core;1.19 in central
	found javax.ws.rs#jsr311-api;1.1.1 in central
	found com.sun.jersey#jersey-servlet;1.19 in central
	found com.sun.jersey#jersey-server;1.19 in central
	found com.sun.jersey#jersey-json;1.19 in central
	found org.codehaus.jettison#jettison;1.1 in central
	found com.sun.xml.bind#jaxb-impl;2.2.3-1 in central
	found javax.xml.bind#jaxb-api;2.2.11 in central
	found org.codehaus.jackson#jackson-core-asl;1.9.13 in central
	found org.codehaus.jackson#jackson-mapper-asl;1.9.13 in central
	found org.codehaus.jackson#jackson-jaxrs;1.9.13 in central
	found org.codehaus.jackson#jackson-xc;1.9.13 in central
	found ch.qos.reload4j#reload4j;1.2.22 in central
	found commons-beanutils#commons-beanutils;1.9.4 in central
	found org.apache.commons#commons-configuration2;2.1.1 in central
	found org.apache.commons#commons-lang3;3.12.0 in central
	found org.apache.commons#commons-text;1.4 in central
	found org.slf4j#slf4j-api;1.7.36 in central
	found org.slf4j#slf4j-reload4j;1.7.36 in central
	found org.apache.avro#avro;1.7.7 in central
	found com.thoughtworks.paranamer#paranamer;2.3 in central
	found org.xerial.snappy#snappy-java;1.1.8.2 in central
	found org.apache.commons#commons-compress;1.21 in central
	found com.google.re2j#re2j;1.1 in central
	found com.google.protobuf#protobuf-java;2.5.0 in central
	found com.google.code.gson#gson;2.8.9 in spark-list
	found org.apache.hadoop#hadoop-auth;3.3.4 in central
	found com.nimbusds#nimbus-jose-jwt;9.8.1 in central
	found com.github.stephenc.jcip#jcip-annotations;1.0-1 in central
	found net.minidev#json-smart;2.4.7 in central
	found net.minidev#accessors-smart;2.4.7 in central
	found org.ow2.asm#asm;5.0.4 in central
	found org.apache.zookeeper#zookeeper;3.5.6 in central
	found org.apache.zookeeper#zookeeper-jute;3.5.6 in central
	found org.apache.yetus#audience-annotations;0.5.0 in central
	found org.apache.curator#curator-framework;4.2.0 in central
	found org.apache.curator#curator-client;4.2.0 in central
	found org.apache.kerby#kerb-simplekdc;1.0.1 in central
	found org.apache.kerby#kerb-client;1.0.1 in central
	found org.apache.kerby#kerby-config;1.0.1 in central
	found org.apache.kerby#kerb-core;1.0.1 in central
	found org.apache.kerby#kerby-pkix;1.0.1 in central
	found org.apache.kerby#kerby-asn1;1.0.1 in central
	found org.apache.kerby#kerby-util;1.0.1 in central
	found org.apache.kerby#kerb-common;1.0.1 in central
	found org.apache.kerby#kerb-crypto;1.0.1 in central
	found org.apache.kerby#kerb-util;1.0.1 in central
	found org.apache.kerby#token-provider;1.0.1 in central
	found org.apache.kerby#kerb-admin;1.0.1 in central
	found org.apache.kerby#kerb-server;1.0.1 in central
	found org.apache.kerby#kerb-identity;1.0.1 in central
	found org.apache.kerby#kerby-xdr;1.0.1 in central
	found com.jcraft#jsch;0.1.55 in central
	found org.apache.curator#curator-recipes;4.2.0 in central
	found com.fasterxml.jackson.core#jackson-databind;2.12.7 in central
	found com.fasterxml.jackson.core#jackson-annotations;2.12.7 in central
	found com.fasterxml.jackson.core#jackson-core;2.12.7 in central
	found org.codehaus.woodstox#stax2-api;4.2.1 in central
	found com.fasterxml.woodstox#woodstox-core;5.3.0 in central
	found dnsjava#dnsjava;2.1.7 in central
	found jakarta.activation#jakarta.activation-api;1.2.1 in central
	found javax.servlet.jsp#jsp-api;2.1 in central
:: resolution report :: resolve 1323ms :: artifacts dl 81ms
	:: modules in use:
	ch.qos.reload4j#reload4j;1.2.22 from central in [default]
	com.amazonaws#aws-java-sdk-bundle;1.12.262 from central in [default]
	com.fasterxml.jackson.core#jackson-annotations;2.12.7 from central in [default]
	com.fasterxml.jackson.core#jackson-core;2.12.7 from central in [default]
	com.fasterxml.jackson.core#jackson-databind;2.12.7 from central in [default]
	com.fasterxml.woodstox#woodstox-core;5.3.0 from central in [default]
	com.github.stephenc.jcip#jcip-annotations;1.0-1 from central in [default]
	com.google.code.findbugs#jsr305;3.0.2 from central in [default]
	com.google.code.gson#gson;2.8.9 from spark-list in [default]
	com.google.guava#failureaccess;1.0 from central in [default]
	com.google.guava#guava;27.0-jre from central in [default]
	com.google.guava#listenablefuture;9999.0-empty-to-avoid-conflict-with-guava from central in [default]
	com.google.j2objc#j2objc-annotations;1.1 from central in [default]
	com.google.protobuf#protobuf-java;2.5.0 from central in [default]
	com.google.re2j#re2j;1.1 from central in [default]
	com.jcraft#jsch;0.1.55 from central in [default]
	com.nimbusds#nimbus-jose-jwt;9.8.1 from central in [default]
	com.sun.jersey#jersey-core;1.19 from central in [default]
	com.sun.jersey#jersey-json;1.19 from central in [default]
	com.sun.jersey#jersey-server;1.19 from central in [default]
	com.sun.jersey#jersey-servlet;1.19 from central in [default]
	com.sun.xml.bind#jaxb-impl;2.2.3-1 from central in [default]
	com.thoughtworks.paranamer#paranamer;2.3 from central in [default]
	commons-beanutils#commons-beanutils;1.9.4 from central in [default]
	commons-cli#commons-cli;1.2 from central in [default]
	commons-codec#commons-codec;1.15 from central in [default]
	commons-collections#commons-collections;3.2.2 from central in [default]
	commons-io#commons-io;2.8.0 from central in [default]
	commons-logging#commons-logging;1.1.3 from central in [default]
	commons-net#commons-net;3.6 from central in [default]
	dnsjava#dnsjava;2.1.7 from central in [default]
	io.delta#delta-spark_2.12;3.1.0 from spark-list in [default]
	io.delta#delta-storage;3.1.0 from central in [default]
	jakarta.activation#jakarta.activation-api;1.2.1 from central in [default]
	javax.servlet#javax.servlet-api;3.1.0 from central in [default]
	javax.servlet.jsp#jsp-api;2.1 from central in [default]
	javax.ws.rs#jsr311-api;1.1.1 from central in [default]
	javax.xml.bind#jaxb-api;2.2.11 from central in [default]
	net.minidev#accessors-smart;2.4.7 from central in [default]
	net.minidev#json-smart;2.4.7 from central in [default]
	org.antlr#antlr4-runtime;4.9.3 from central in [default]
	org.apache.avro#avro;1.7.7 from central in [default]
	org.apache.commons#commons-compress;1.21 from central in [default]
	org.apache.commons#commons-configuration2;2.1.1 from central in [default]
	org.apache.commons#commons-lang3;3.12.0 from central in [default]
	org.apache.commons#commons-math3;3.1.1 from central in [default]
	org.apache.commons#commons-text;1.4 from central in [default]
	org.apache.curator#curator-client;4.2.0 from central in [default]
	org.apache.curator#curator-framework;4.2.0 from central in [default]
	org.apache.curator#curator-recipes;4.2.0 from central in [default]
	org.apache.hadoop#hadoop-annotations;3.3.4 from central in [default]
	org.apache.hadoop#hadoop-auth;3.3.4 from central in [default]
	org.apache.hadoop#hadoop-aws;3.3.4 from central in [default]
	org.apache.hadoop#hadoop-common;3.3.4 from central in [default]
	org.apache.hadoop.thirdparty#hadoop-shaded-guava;1.1.1 from central in [default]
	org.apache.hadoop.thirdparty#hadoop-shaded-protobuf_3_7;1.1.1 from central in [default]
	org.apache.httpcomponents#httpclient;4.5.13 from central in [default]
	org.apache.httpcomponents#httpcore;4.4.13 from central in [default]
	org.apache.kerby#kerb-admin;1.0.1 from central in [default]
	org.apache.kerby#kerb-client;1.0.1 from central in [default]
	org.apache.kerby#kerb-common;1.0.1 from central in [default]
	org.apache.kerby#kerb-core;1.0.1 from central in [default]
	org.apache.kerby#kerb-crypto;1.0.1 from central in [default]
	org.apache.kerby#kerb-identity;1.0.1 from central in [default]
	org.apache.kerby#kerb-server;1.0.1 from central in [default]
	org.apache.kerby#kerb-simplekdc;1.0.1 from central in [default]
	org.apache.kerby#kerb-util;1.0.1 from central in [default]
	org.apache.kerby#kerby-asn1;1.0.1 from central in [default]
	org.apache.kerby#kerby-config;1.0.1 from central in [default]
	org.apache.kerby#kerby-pkix;1.0.1 from central in [default]
	org.apache.kerby#kerby-util;1.0.1 from central in [default]
	org.apache.kerby#kerby-xdr;1.0.1 from central in [default]
	org.apache.kerby#token-provider;1.0.1 from central in [default]
	org.apache.yetus#audience-annotations;0.5.0 from central in [default]
	org.apache.zookeeper#zookeeper;3.5.6 from central in [default]
	org.apache.zookeeper#zookeeper-jute;3.5.6 from central in [default]
	org.checkerframework#checker-qual;2.5.2 from central in [default]
	org.codehaus.jackson#jackson-core-asl;1.9.13 from central in [default]
	org.codehaus.jackson#jackson-jaxrs;1.9.13 from central in [default]
	org.codehaus.jackson#jackson-mapper-asl;1.9.13 from central in [default]
	org.codehaus.jackson#jackson-xc;1.9.13 from central in [default]
	org.codehaus.jettison#jettison;1.1 from central in [default]
	org.codehaus.mojo#animal-sniffer-annotations;1.17 from central in [default]
	org.codehaus.woodstox#stax2-api;4.2.1 from central in [default]
	org.eclipse.jetty#jetty-http;9.4.43.v20210629 from central in [default]
	org.eclipse.jetty#jetty-io;9.4.43.v20210629 from central in [default]
	org.eclipse.jetty#jetty-security;9.4.43.v20210629 from central in [default]
	org.eclipse.jetty#jetty-server;9.4.43.v20210629 from central in [default]
	org.eclipse.jetty#jetty-servlet;9.4.43.v20210629 from central in [default]
	org.eclipse.jetty#jetty-util;9.4.43.v20210629 from central in [default]
	org.eclipse.jetty#jetty-util-ajax;9.4.43.v20210629 from central in [default]
	org.eclipse.jetty#jetty-webapp;9.4.43.v20210629 from central in [default]
	org.eclipse.jetty#jetty-xml;9.4.43.v20210629 from central in [default]
	org.ow2.asm#asm;5.0.4 from central in [default]
	org.slf4j#slf4j-api;1.7.36 from central in [default]
	org.slf4j#slf4j-reload4j;1.7.36 from central in [default]
	org.wildfly.openssl#wildfly-openssl;1.0.7.Final from central in [default]
	org.xerial.snappy#snappy-java;1.1.8.2 from central in [default]
	---------------------------------------------------------------------
	|                  |            modules            ||   artifacts   |
	|       conf       | number| search|dwnlded|evicted|| number|dwnlded|
	---------------------------------------------------------------------
	|      default     |   98  |   0   |   0   |   0   ||   98  |   0   |
	---------------------------------------------------------------------
:: retrieving :: org.apache.spark#spark-submit-parent-18a98872-9618-4c64-add9-96adcb0736bc
	confs: [default]
	14 artifacts copied, 84 already retrieved (7605kB/71ms)
24/05/31 12:19:39 WARN NativeCodeLoader: Unable to load native-hadoop library for your platform... using builtin-java classes where applicable
Setting default log level to "WARN".
To adjust logging level use sc.setLogLevel(newLevel). For SparkR, use setLogLevel(newLevel).
[32m2024-05-31 12:19:44 +0000[0m - dagster - [34mERROR[0m - [31m__ASSET_JOB - 9ba2585d-80d7-4ab1-acbb-aa979f8fab86 - 249562 - spark_operator.merge_and_analyze - STEP_FAILURE - Execution of step "spark_operator.merge_and_analyze" failed.

Exceeded max_retries of 2:

AttributeError: 'SparkContext' object has no attribute 'read'

Stack Trace:
  File "/workspace/.pyenv_mirror/user/current/lib/python3.12/site-packages/dagster/_core/execution/plan/utils.py", line 54, in op_execution_error_boundary
    yield
  File "/workspace/.pyenv_mirror/user/current/lib/python3.12/site-packages/dagster/_core/execution/plan/inputs.py", line 846, in _load_input_with_input_manager
    value = input_manager.load_input(context)
            ^^^^^^^^^^^^^^^^^^^^^^^^^^^^^^^^^
  File "/workspace/practical-data-engineering/finnhub-batch-stock-pipeline/finnhub_batch_stock_pipeline/iomanagers/staging_s3_parquet_io_manager.py", line 148, in load_input
    return self.inner_io_manager().load_input(context)
           ^^^^^^^^^^^^^^^^^^^^^^^^^^^^^^^^^^^^^^^^^^^
  File "/workspace/.pyenv_mirror/user/current/lib/python3.12/site-packages/dagster/_core/storage/upath_io_manager.py", line 405, in load_input
    return self._load_single_input(path, context)
           ^^^^^^^^^^^^^^^^^^^^^^^^^^^^^^^^^^^^^^
  File "/workspace/.pyenv_mirror/user/current/lib/python3.12/site-packages/dagster/_core/storage/upath_io_manager.py", line 272, in _load_single_input
    obj = self.load_from_path(context=context, path=path)
          ^^^^^^^^^^^^^^^^^^^^^^^^^^^^^^^^^^^^^^^^^^^^^^^
  File "/workspace/practical-data-engineering/finnhub-batch-stock-pipeline/finnhub_batch_stock_pipeline/iomanagers/staging_s3_parquet_io_manager.py", line 73, in load_from_path
    return self.pyspark.spark_context.read.format("delta").load(pathe)
           ^^^^^^^^^^^^^^^^^^^^^^^^^^^^^^^
[0m
