[32m2024-05-25 16:12:10 +0000[0m - dagster - [34mDEBUG[0m - __ASSET_JOB - 956d0384-c308-452a-8009-7006c911131d - 137876 - LOGS_CAPTURED - Started capturing logs in process (pid: 137876).
[32m2024-05-25 16:12:10 +0000[0m - dagster - [34mDEBUG[0m - __ASSET_JOB - 956d0384-c308-452a-8009-7006c911131d - 137876 - fact_tables - STEP_START - Started execution of step "fact_tables".
[32m2024-05-25 16:12:10 +0000[0m - dagster - [34mDEBUG[0m - __ASSET_JOB - 956d0384-c308-452a-8009-7006c911131d - fact_tables - Loading S3 object from: s3a://dagster-api/staging/2024-05-25/metric
[32m2024-05-25 16:12:16 +0000[0m - dagster - [34mDEBUG[0m - __ASSET_JOB - 956d0384-c308-452a-8009-7006c911131d - 137876 - fact_tables - LOADED_INPUT - Loaded input "metric" using input manager "s3_prqt_io_manager"
[32m2024-05-25 16:12:16 +0000[0m - dagster - [34mDEBUG[0m - __ASSET_JOB - 956d0384-c308-452a-8009-7006c911131d - fact_tables - Loading S3 object from: s3a://dagster-api/staging/2024-05-25/series
[32m2024-05-25 16:12:16 +0000[0m - dagster - [34mDEBUG[0m - __ASSET_JOB - 956d0384-c308-452a-8009-7006c911131d - 137876 - fact_tables - LOADED_INPUT - Loaded input "series" using input manager "s3_prqt_io_manager"
[32m2024-05-25 16:12:16 +0000[0m - dagster - [34mDEBUG[0m - __ASSET_JOB - 956d0384-c308-452a-8009-7006c911131d - 137876 - fact_tables - STEP_INPUT - Got input "metric" of type "Any". (Type check passed).
[32m2024-05-25 16:12:16 +0000[0m - dagster - [34mDEBUG[0m - __ASSET_JOB - 956d0384-c308-452a-8009-7006c911131d - 137876 - fact_tables - STEP_INPUT - Got input "series" of type "Any". (Type check passed).
[32m2024-05-25 16:12:32 +0000[0m - dagster - [34mDEBUG[0m - __ASSET_JOB - 956d0384-c308-452a-8009-7006c911131d - 137876 - fact_tables - STEP_OUTPUT - Yielded output "metric_fact" of type "Table". (Type check passed).
[32m2024-05-25 16:12:32 +0000[0m - dagster - [34mDEBUG[0m - __ASSET_JOB - 956d0384-c308-452a-8009-7006c911131d - fact_tables - IO manager mode overridden with the asset metadata mode, overwrite -> append
[32m2024-05-25 16:12:32 +0000[0m - dagster - [34mDEBUG[0m - __ASSET_JOB - 956d0384-c308-452a-8009-7006c911131d - fact_tables - Writing with mode: append
[32m2024-05-25 16:12:33 +0000[0m - dagster - [34mDEBUG[0m - __ASSET_JOB - 956d0384-c308-452a-8009-7006c911131d - 137876 - fact_tables - ASSET_MATERIALIZATION - Materialized value metric_fact.
[32m2024-05-25 16:12:33 +0000[0m - dagster - [34mDEBUG[0m - __ASSET_JOB - 956d0384-c308-452a-8009-7006c911131d - 137876 - fact_tables - HANDLED_OUTPUT - Handled output "metric_fact" using IO manager "delta_lake_arrow_io_manager"
[32m2024-05-25 16:12:33 +0000[0m - dagster - [34mDEBUG[0m - __ASSET_JOB - 956d0384-c308-452a-8009-7006c911131d - 137876 - fact_tables - STEP_OUTPUT - Yielded output "series_fact" of type "Table". (Type check passed).
[32m2024-05-25 16:12:33 +0000[0m - dagster - [34mDEBUG[0m - __ASSET_JOB - 956d0384-c308-452a-8009-7006c911131d - fact_tables - IO manager mode overridden with the asset metadata mode, overwrite -> append
[32m2024-05-25 16:12:33 +0000[0m - dagster - [34mDEBUG[0m - __ASSET_JOB - 956d0384-c308-452a-8009-7006c911131d - fact_tables - Writing with mode: append
[32m2024-05-25 16:12:33 +0000[0m - dagster - [34mDEBUG[0m - __ASSET_JOB - 956d0384-c308-452a-8009-7006c911131d - 137876 - fact_tables - ASSET_MATERIALIZATION - Materialized value series_fact.
[32m2024-05-25 16:12:33 +0000[0m - dagster - [34mDEBUG[0m - __ASSET_JOB - 956d0384-c308-452a-8009-7006c911131d - 137876 - fact_tables - HANDLED_OUTPUT - Handled output "series_fact" using IO manager "delta_lake_arrow_io_manager"
[32m2024-05-25 16:12:33 +0000[0m - dagster - [34mDEBUG[0m - __ASSET_JOB - 956d0384-c308-452a-8009-7006c911131d - 137876 - fact_tables - STEP_OUTPUT - Yielded output "metric_fact_wrh" of type "DataFrame". (Type check passed).
[32m2024-05-25 16:12:34 +0000[0m - dagster - [34mDEBUG[0m - __ASSET_JOB - 956d0384-c308-452a-8009-7006c911131d - 137876 - fact_tables - ASSET_MATERIALIZATION - Materialized value metric_fact_wrh.
[32m2024-05-25 16:12:34 +0000[0m - dagster - [34mDEBUG[0m - __ASSET_JOB - 956d0384-c308-452a-8009-7006c911131d - 137876 - fact_tables - HANDLED_OUTPUT - Handled output "metric_fact_wrh" using IO manager "warehouse_io_manager"
[32m2024-05-25 16:12:34 +0000[0m - dagster - [34mDEBUG[0m - __ASSET_JOB - 956d0384-c308-452a-8009-7006c911131d - 137876 - fact_tables - STEP_OUTPUT - Yielded output "series_fact_wrh" of type "DataFrame". (Type check passed).
[32m2024-05-25 16:12:35 +0000[0m - dagster - [34mDEBUG[0m - __ASSET_JOB - 956d0384-c308-452a-8009-7006c911131d - 137876 - fact_tables - ASSET_MATERIALIZATION - Materialized value series_fact_wrh.
[32m2024-05-25 16:12:35 +0000[0m - dagster - [34mDEBUG[0m - __ASSET_JOB - 956d0384-c308-452a-8009-7006c911131d - 137876 - fact_tables - HANDLED_OUTPUT - Handled output "series_fact_wrh" using IO manager "warehouse_io_manager"
[32m2024-05-25 16:12:35 +0000[0m - dagster - [34mDEBUG[0m - __ASSET_JOB - 956d0384-c308-452a-8009-7006c911131d - 137876 - fact_tables - STEP_SUCCESS - Finished execution of step "fact_tables" in 25.14s.
