[32m2024-05-31 17:03:49 +0000[0m - dagster - [34mDEBUG[0m - __ASSET_JOB - 6406c73a-2b39-4410-9e84-18c1e42b2f29 - 761265 - LOGS_CAPTURED - Started capturing logs in process (pid: 761265).
[32m2024-05-31 17:03:49 +0000[0m - dagster - [34mDEBUG[0m - __ASSET_JOB - 6406c73a-2b39-4410-9e84-18c1e42b2f29 - 761265 - spark_operator.create_stock_tables[stock_AAON_path] - STEP_START - Started execution of step "spark_operator.create_stock_tables[stock_AAON_path]".
[32m2024-05-31 17:03:49 +0000[0m - dagster - [34mDEBUG[0m - __ASSET_JOB - 6406c73a-2b39-4410-9e84-18c1e42b2f29 - spark_operator.create_stock_tables[stock_AAON_path] - Loading file from: /workspace/practical-data-engineering/finnhub-batch-stock-pipeline/home/storage/6406c73a-2b39-4410-9e84-18c1e42b2f29/spark_operator.stock_tables/result/stock_AAON_path using PickledObjectFilesystemIOManager...
[32m2024-05-31 17:03:49 +0000[0m - dagster - [34mDEBUG[0m - __ASSET_JOB - 6406c73a-2b39-4410-9e84-18c1e42b2f29 - 761265 - spark_operator.create_stock_tables[stock_AAON_path] - LOADED_INPUT - Loaded input "input_fn" using input manager "io_manager", from output "result" of step "spark_operator.stock_tables"
[32m2024-05-31 17:03:49 +0000[0m - dagster - [34mDEBUG[0m - __ASSET_JOB - 6406c73a-2b39-4410-9e84-18c1e42b2f29 - 761265 - spark_operator.create_stock_tables[stock_AAON_path] - STEP_INPUT - Got input "input_fn" of type "Any". (Type check passed).
24/05/31 17:04:02 WARN Utils: Your hostname, willowyboat-practicalda-8yoi5et7ep7 resolves to a loopback address: 127.0.0.1; using 10.0.5.2 instead (on interface eth0)
24/05/31 17:04:02 WARN Utils: Set SPARK_LOCAL_IP if you need to bind to another address
Ivy Default Cache set to: /home/gitpod/.ivy2/cache
The jars for the packages stored in: /home/gitpod/.ivy2/jars
io.delta#delta-spark_2.12 added as a dependency
org.apache.hadoop#hadoop-aws added as a dependency
org.apache.hadoop#hadoop-common added as a dependency
com.amazonaws#aws-java-sdk-bundle added as a dependency
:: resolving dependencies :: org.apache.spark#spark-submit-parent-c7313439-f33b-449d-ab1b-67a923015f2f;1.0
	confs: [default]
	found io.delta#delta-spark_2.12;3.1.0 in spark-list
	found io.delta#delta-storage;3.1.0 in central
	found org.antlr#antlr4-runtime;4.9.3 in central
	found org.apache.hadoop#hadoop-aws;3.3.4 in central
	found com.amazonaws#aws-java-sdk-bundle;1.12.262 in spark-list
	found org.wildfly.openssl#wildfly-openssl;1.0.7.Final in spark-list
	found org.apache.hadoop#hadoop-common;3.3.4 in central
	found org.apache.hadoop.thirdparty#hadoop-shaded-protobuf_3_7;1.1.1 in spark-list
	found org.apache.hadoop#hadoop-annotations;3.3.4 in central
	found org.apache.hadoop.thirdparty#hadoop-shaded-guava;1.1.1 in spark-list
	found com.google.guava#guava;27.0-jre in central
	found com.google.guava#failureaccess;1.0 in central
	found com.google.guava#listenablefuture;9999.0-empty-to-avoid-conflict-with-guava in central
	found com.google.code.findbugs#jsr305;3.0.2 in central
	found org.checkerframework#checker-qual;2.5.2 in spark-list
	found com.google.j2objc#j2objc-annotations;1.1 in spark-list
	found org.codehaus.mojo#animal-sniffer-annotations;1.17 in central
	found commons-cli#commons-cli;1.2 in central
	found org.apache.commons#commons-math3;3.1.1 in central
	found org.apache.httpcomponents#httpclient;4.5.13 in central
	found org.apache.httpcomponents#httpcore;4.4.13 in central
	found commons-logging#commons-logging;1.1.3 in central
	found commons-codec#commons-codec;1.15 in central
	found commons-io#commons-io;2.8.0 in central
	found commons-net#commons-net;3.6 in central
	found commons-collections#commons-collections;3.2.2 in central
	found javax.servlet#javax.servlet-api;3.1.0 in central
	found org.eclipse.jetty#jetty-server;9.4.43.v20210629 in central
	found org.eclipse.jetty#jetty-http;9.4.43.v20210629 in central
	found org.eclipse.jetty#jetty-util;9.4.43.v20210629 in central
	found org.eclipse.jetty#jetty-io;9.4.43.v20210629 in spark-list
	found org.eclipse.jetty#jetty-servlet;9.4.43.v20210629 in central
	found org.eclipse.jetty#jetty-security;9.4.43.v20210629 in spark-list
	found org.eclipse.jetty#jetty-util-ajax;9.4.43.v20210629 in central
	found org.eclipse.jetty#jetty-webapp;9.4.43.v20210629 in central
	found org.eclipse.jetty#jetty-xml;9.4.43.v20210629 in central
	found com.sun.jersey#jersey-core;1.19 in central
	found javax.ws.rs#jsr311-api;1.1.1 in central
	found com.sun.jersey#jersey-servlet;1.19 in central
	found com.sun.jersey#jersey-server;1.19 in central
	found com.sun.jersey#jersey-json;1.19 in central
	found org.codehaus.jettison#jettison;1.1 in spark-list
	found com.sun.xml.bind#jaxb-impl;2.2.3-1 in central
	found javax.xml.bind#jaxb-api;2.2.11 in central
	found org.codehaus.jackson#jackson-core-asl;1.9.13 in spark-list
	found org.codehaus.jackson#jackson-mapper-asl;1.9.13 in spark-list
	found org.codehaus.jackson#jackson-jaxrs;1.9.13 in central
	found org.codehaus.jackson#jackson-xc;1.9.13 in central
	found ch.qos.reload4j#reload4j;1.2.22 in spark-list
	found commons-beanutils#commons-beanutils;1.9.4 in central
	found org.apache.commons#commons-configuration2;2.1.1 in spark-list
	found org.apache.commons#commons-lang3;3.12.0 in spark-list
	found org.apache.commons#commons-text;1.4 in central
	found org.slf4j#slf4j-api;1.7.36 in central
	found org.slf4j#slf4j-reload4j;1.7.36 in spark-list
	found org.apache.avro#avro;1.7.7 in central
	found com.thoughtworks.paranamer#paranamer;2.3 in central
	found org.xerial.snappy#snappy-java;1.1.8.2 in central
	found org.apache.commons#commons-compress;1.21 in spark-list
	found com.google.re2j#re2j;1.1 in spark-list
	found com.google.protobuf#protobuf-java;2.5.0 in spark-list
	found com.google.code.gson#gson;2.8.9 in central
	found org.apache.hadoop#hadoop-auth;3.3.4 in central
	found com.nimbusds#nimbus-jose-jwt;9.8.1 in central
	found com.github.stephenc.jcip#jcip-annotations;1.0-1 in spark-list
	found net.minidev#json-smart;2.4.7 in central
	found net.minidev#accessors-smart;2.4.7 in central
	found org.ow2.asm#asm;5.0.4 in central
	found org.apache.zookeeper#zookeeper;3.5.6 in central
	found org.apache.zookeeper#zookeeper-jute;3.5.6 in central
	found org.apache.yetus#audience-annotations;0.5.0 in central
	found org.apache.curator#curator-framework;4.2.0 in spark-list
	found org.apache.curator#curator-client;4.2.0 in central
	found org.apache.kerby#kerb-simplekdc;1.0.1 in central
	found org.apache.kerby#kerb-client;1.0.1 in spark-list
	found org.apache.kerby#kerby-config;1.0.1 in central
	found org.apache.kerby#kerb-core;1.0.1 in central
	found org.apache.kerby#kerby-pkix;1.0.1 in spark-list
	found org.apache.kerby#kerby-asn1;1.0.1 in spark-list
	found org.apache.kerby#kerby-util;1.0.1 in spark-list
	found org.apache.kerby#kerb-common;1.0.1 in central
	found org.apache.kerby#kerb-crypto;1.0.1 in central
	found org.apache.kerby#kerb-util;1.0.1 in spark-list
	found org.apache.kerby#token-provider;1.0.1 in central
	found org.apache.kerby#kerb-admin;1.0.1 in central
	found org.apache.kerby#kerb-server;1.0.1 in central
	found org.apache.kerby#kerb-identity;1.0.1 in central
	found org.apache.kerby#kerby-xdr;1.0.1 in spark-list
	found com.jcraft#jsch;0.1.55 in central
	found org.apache.curator#curator-recipes;4.2.0 in spark-list
	found com.fasterxml.jackson.core#jackson-databind;2.12.7 in central
	found com.fasterxml.jackson.core#jackson-annotations;2.12.7 in central
	found com.fasterxml.jackson.core#jackson-core;2.12.7 in spark-list
	found org.codehaus.woodstox#stax2-api;4.2.1 in central
	found com.fasterxml.woodstox#woodstox-core;5.3.0 in central
	found dnsjava#dnsjava;2.1.7 in spark-list
	found jakarta.activation#jakarta.activation-api;1.2.1 in central
	found javax.servlet.jsp#jsp-api;2.1 in central
:: resolution report :: resolve 29100ms :: artifacts dl 1682ms
	:: modules in use:
	ch.qos.reload4j#reload4j;1.2.22 from spark-list in [default]
	com.amazonaws#aws-java-sdk-bundle;1.12.262 from spark-list in [default]
	com.fasterxml.jackson.core#jackson-annotations;2.12.7 from central in [default]
	com.fasterxml.jackson.core#jackson-core;2.12.7 from spark-list in [default]
	com.fasterxml.jackson.core#jackson-databind;2.12.7 from central in [default]
	com.fasterxml.woodstox#woodstox-core;5.3.0 from central in [default]
	com.github.stephenc.jcip#jcip-annotations;1.0-1 from spark-list in [default]
	com.google.code.findbugs#jsr305;3.0.2 from central in [default]
	com.google.code.gson#gson;2.8.9 from central in [default]
	com.google.guava#failureaccess;1.0 from central in [default]
	com.google.guava#guava;27.0-jre from central in [default]
	com.google.guava#listenablefuture;9999.0-empty-to-avoid-conflict-with-guava from central in [default]
	com.google.j2objc#j2objc-annotations;1.1 from spark-list in [default]
	com.google.protobuf#protobuf-java;2.5.0 from spark-list in [default]
	com.google.re2j#re2j;1.1 from spark-list in [default]
	com.jcraft#jsch;0.1.55 from central in [default]
	com.nimbusds#nimbus-jose-jwt;9.8.1 from central in [default]
	com.sun.jersey#jersey-core;1.19 from central in [default]
	com.sun.jersey#jersey-json;1.19 from central in [default]
	com.sun.jersey#jersey-server;1.19 from central in [default]
	com.sun.jersey#jersey-servlet;1.19 from central in [default]
	com.sun.xml.bind#jaxb-impl;2.2.3-1 from central in [default]
	com.thoughtworks.paranamer#paranamer;2.3 from central in [default]
	commons-beanutils#commons-beanutils;1.9.4 from central in [default]
	commons-cli#commons-cli;1.2 from central in [default]
	commons-codec#commons-codec;1.15 from central in [default]
	commons-collections#commons-collections;3.2.2 from central in [default]
	commons-io#commons-io;2.8.0 from central in [default]
	commons-logging#commons-logging;1.1.3 from central in [default]
	commons-net#commons-net;3.6 from central in [default]
	dnsjava#dnsjava;2.1.7 from spark-list in [default]
	io.delta#delta-spark_2.12;3.1.0 from spark-list in [default]
	io.delta#delta-storage;3.1.0 from central in [default]
	jakarta.activation#jakarta.activation-api;1.2.1 from central in [default]
	javax.servlet#javax.servlet-api;3.1.0 from central in [default]
	javax.servlet.jsp#jsp-api;2.1 from central in [default]
	javax.ws.rs#jsr311-api;1.1.1 from central in [default]
	javax.xml.bind#jaxb-api;2.2.11 from central in [default]
	net.minidev#accessors-smart;2.4.7 from central in [default]
	net.minidev#json-smart;2.4.7 from central in [default]
	org.antlr#antlr4-runtime;4.9.3 from central in [default]
	org.apache.avro#avro;1.7.7 from central in [default]
	org.apache.commons#commons-compress;1.21 from spark-list in [default]
	org.apache.commons#commons-configuration2;2.1.1 from spark-list in [default]
	org.apache.commons#commons-lang3;3.12.0 from spark-list in [default]
	org.apache.commons#commons-math3;3.1.1 from central in [default]
	org.apache.commons#commons-text;1.4 from central in [default]
	org.apache.curator#curator-client;4.2.0 from central in [default]
	org.apache.curator#curator-framework;4.2.0 from spark-list in [default]
	org.apache.curator#curator-recipes;4.2.0 from spark-list in [default]
	org.apache.hadoop#hadoop-annotations;3.3.4 from central in [default]
	org.apache.hadoop#hadoop-auth;3.3.4 from central in [default]
	org.apache.hadoop#hadoop-aws;3.3.4 from central in [default]
	org.apache.hadoop#hadoop-common;3.3.4 from central in [default]
	org.apache.hadoop.thirdparty#hadoop-shaded-guava;1.1.1 from spark-list in [default]
	org.apache.hadoop.thirdparty#hadoop-shaded-protobuf_3_7;1.1.1 from spark-list in [default]
	org.apache.httpcomponents#httpclient;4.5.13 from central in [default]
	org.apache.httpcomponents#httpcore;4.4.13 from central in [default]
	org.apache.kerby#kerb-admin;1.0.1 from central in [default]
	org.apache.kerby#kerb-client;1.0.1 from spark-list in [default]
	org.apache.kerby#kerb-common;1.0.1 from central in [default]
	org.apache.kerby#kerb-core;1.0.1 from central in [default]
	org.apache.kerby#kerb-crypto;1.0.1 from central in [default]
	org.apache.kerby#kerb-identity;1.0.1 from central in [default]
	org.apache.kerby#kerb-server;1.0.1 from central in [default]
	org.apache.kerby#kerb-simplekdc;1.0.1 from central in [default]
	org.apache.kerby#kerb-util;1.0.1 from spark-list in [default]
	org.apache.kerby#kerby-asn1;1.0.1 from spark-list in [default]
	org.apache.kerby#kerby-config;1.0.1 from central in [default]
	org.apache.kerby#kerby-pkix;1.0.1 from spark-list in [default]
	org.apache.kerby#kerby-util;1.0.1 from spark-list in [default]
	org.apache.kerby#kerby-xdr;1.0.1 from spark-list in [default]
	org.apache.kerby#token-provider;1.0.1 from central in [default]
	org.apache.yetus#audience-annotations;0.5.0 from central in [default]
	org.apache.zookeeper#zookeeper;3.5.6 from central in [default]
	org.apache.zookeeper#zookeeper-jute;3.5.6 from central in [default]
	org.checkerframework#checker-qual;2.5.2 from spark-list in [default]
	org.codehaus.jackson#jackson-core-asl;1.9.13 from spark-list in [default]
	org.codehaus.jackson#jackson-jaxrs;1.9.13 from central in [default]
	org.codehaus.jackson#jackson-mapper-asl;1.9.13 from spark-list in [default]
	org.codehaus.jackson#jackson-xc;1.9.13 from central in [default]
	org.codehaus.jettison#jettison;1.1 from spark-list in [default]
	org.codehaus.mojo#animal-sniffer-annotations;1.17 from central in [default]
	org.codehaus.woodstox#stax2-api;4.2.1 from central in [default]
	org.eclipse.jetty#jetty-http;9.4.43.v20210629 from central in [default]
	org.eclipse.jetty#jetty-io;9.4.43.v20210629 from spark-list in [default]
	org.eclipse.jetty#jetty-security;9.4.43.v20210629 from spark-list in [default]
	org.eclipse.jetty#jetty-server;9.4.43.v20210629 from central in [default]
	org.eclipse.jetty#jetty-servlet;9.4.43.v20210629 from central in [default]
	org.eclipse.jetty#jetty-util;9.4.43.v20210629 from central in [default]
	org.eclipse.jetty#jetty-util-ajax;9.4.43.v20210629 from central in [default]
	org.eclipse.jetty#jetty-webapp;9.4.43.v20210629 from central in [default]
	org.eclipse.jetty#jetty-xml;9.4.43.v20210629 from central in [default]
	org.ow2.asm#asm;5.0.4 from central in [default]
	org.slf4j#slf4j-api;1.7.36 from central in [default]
	org.slf4j#slf4j-reload4j;1.7.36 from spark-list in [default]
	org.wildfly.openssl#wildfly-openssl;1.0.7.Final from spark-list in [default]
	org.xerial.snappy#snappy-java;1.1.8.2 from central in [default]
	---------------------------------------------------------------------
	|                  |            modules            ||   artifacts   |
	|       conf       | number| search|dwnlded|evicted|| number|dwnlded|
	---------------------------------------------------------------------
	|      default     |   98  |   0   |   0   |   0   ||   98  |   0   |
	---------------------------------------------------------------------

:: problems summary ::
:::: ERRORS
	unknown resolver null


:: USE VERBOSE OR DEBUG MESSAGE LEVEL FOR MORE DETAILS
:: retrieving :: org.apache.spark#spark-submit-parent-c7313439-f33b-449d-ab1b-67a923015f2f
	confs: [default]
	37 artifacts copied, 61 already retrieved (31187kB/2267ms)
24/05/31 17:04:42 WARN NativeCodeLoader: Unable to load native-hadoop library for your platform... using builtin-java classes where applicable
Setting default log level to "WARN".
To adjust logging level use sc.setLogLevel(newLevel). For SparkR, use setLogLevel(newLevel).
24/05/31 17:04:53 WARN Utils: Service 'SparkUI' could not bind on port 4040. Attempting port 4041.
24/05/31 17:04:53 WARN Utils: Service 'SparkUI' could not bind on port 4041. Attempting port 4042.
24/05/31 17:04:53 WARN Utils: Service 'SparkUI' could not bind on port 4042. Attempting port 4043.
24/05/31 17:04:53 WARN Utils: Service 'SparkUI' could not bind on port 4043. Attempting port 4044.
24/05/31 17:04:53 WARN Utils: Service 'SparkUI' could not bind on port 4044. Attempting port 4045.
24/05/31 17:04:53 WARN Utils: Service 'SparkUI' could not bind on port 4045. Attempting port 4046.
24/05/31 17:04:53 WARN Utils: Service 'SparkUI' could not bind on port 4046. Attempting port 4047.
24/05/31 17:04:53 WARN Utils: Service 'SparkUI' could not bind on port 4047. Attempting port 4048.
24/05/31 17:04:53 WARN Utils: Service 'SparkUI' could not bind on port 4048. Attempting port 4049.
24/05/31 17:04:53 WARN Utils: Service 'SparkUI' could not bind on port 4049. Attempting port 4050.
24/05/31 17:04:53 WARN Utils: Service 'SparkUI' could not bind on port 4050. Attempting port 4051.
24/05/31 17:05:26 ERROR Inbox: Ignoring error
java.lang.NullPointerException
	at org.apache.spark.storage.BlockManagerMasterEndpoint.org$apache$spark$storage$BlockManagerMasterEndpoint$$register(BlockManagerMasterEndpoint.scala:677)
	at org.apache.spark.storage.BlockManagerMasterEndpoint$$anonfun$receiveAndReply$1.applyOrElse(BlockManagerMasterEndpoint.scala:133)
	at org.apache.spark.rpc.netty.Inbox.$anonfun$process$1(Inbox.scala:103)
	at org.apache.spark.rpc.netty.Inbox.safelyCall(Inbox.scala:213)
	at org.apache.spark.rpc.netty.Inbox.process(Inbox.scala:100)
	at org.apache.spark.rpc.netty.MessageLoop.org$apache$spark$rpc$netty$MessageLoop$$receiveLoop(MessageLoop.scala:75)
	at org.apache.spark.rpc.netty.MessageLoop$$anon$1.run(MessageLoop.scala:41)
	at java.base/java.util.concurrent.ThreadPoolExecutor.runWorker(ThreadPoolExecutor.java:1128)
	at java.base/java.util.concurrent.ThreadPoolExecutor$Worker.run(ThreadPoolExecutor.java:628)
	at java.base/java.lang.Thread.run(Thread.java:829)
24/05/31 17:05:26 WARN Executor: Issue communicating with driver in heartbeater
org.apache.spark.SparkException: Exception thrown in awaitResult: 
	at org.apache.spark.util.SparkThreadUtils$.awaitResult(SparkThreadUtils.scala:56)
	at org.apache.spark.util.ThreadUtils$.awaitResult(ThreadUtils.scala:310)
	at org.apache.spark.rpc.RpcTimeout.awaitResult(RpcTimeout.scala:75)
	at org.apache.spark.rpc.RpcEndpointRef.askSync(RpcEndpointRef.scala:101)
	at org.apache.spark.rpc.RpcEndpointRef.askSync(RpcEndpointRef.scala:85)
	at org.apache.spark.storage.BlockManagerMaster.registerBlockManager(BlockManagerMaster.scala:80)
	at org.apache.spark.storage.BlockManager.reregister(BlockManager.scala:642)
	at org.apache.spark.executor.Executor.reportHeartBeat(Executor.scala:1223)
	at org.apache.spark.executor.Executor.$anonfun$heartbeater$1(Executor.scala:295)
	at scala.runtime.java8.JFunction0$mcV$sp.apply(JFunction0$mcV$sp.java:23)
	at org.apache.spark.util.Utils$.logUncaughtExceptions(Utils.scala:1928)
	at org.apache.spark.Heartbeater$$anon$1.run(Heartbeater.scala:46)
	at java.base/java.util.concurrent.Executors$RunnableAdapter.call(Executors.java:515)
	at java.base/java.util.concurrent.FutureTask.runAndReset(FutureTask.java:305)
	at java.base/java.util.concurrent.ScheduledThreadPoolExecutor$ScheduledFutureTask.run(ScheduledThreadPoolExecutor.java:305)
	at java.base/java.util.concurrent.ThreadPoolExecutor.runWorker(ThreadPoolExecutor.java:1128)
	at java.base/java.util.concurrent.ThreadPoolExecutor$Worker.run(ThreadPoolExecutor.java:628)
	at java.base/java.lang.Thread.run(Thread.java:829)
Caused by: java.lang.NullPointerException
	at org.apache.spark.storage.BlockManagerMasterEndpoint.org$apache$spark$storage$BlockManagerMasterEndpoint$$register(BlockManagerMasterEndpoint.scala:677)
	at org.apache.spark.storage.BlockManagerMasterEndpoint$$anonfun$receiveAndReply$1.applyOrElse(BlockManagerMasterEndpoint.scala:133)
	at org.apache.spark.rpc.netty.Inbox.$anonfun$process$1(Inbox.scala:103)
	at org.apache.spark.rpc.netty.Inbox.safelyCall(Inbox.scala:213)
	at org.apache.spark.rpc.netty.Inbox.process(Inbox.scala:100)
	at org.apache.spark.rpc.netty.MessageLoop.org$apache$spark$rpc$netty$MessageLoop$$receiveLoop(MessageLoop.scala:75)
	at org.apache.spark.rpc.netty.MessageLoop$$anon$1.run(MessageLoop.scala:41)
	... 3 more
24/05/31 17:05:36 ERROR Inbox: Ignoring error
java.lang.NullPointerException
	at org.apache.spark.storage.BlockManagerMasterEndpoint.org$apache$spark$storage$BlockManagerMasterEndpoint$$register(BlockManagerMasterEndpoint.scala:677)
	at org.apache.spark.storage.BlockManagerMasterEndpoint$$anonfun$receiveAndReply$1.applyOrElse(BlockManagerMasterEndpoint.scala:133)
	at org.apache.spark.rpc.netty.Inbox.$anonfun$process$1(Inbox.scala:103)
	at org.apache.spark.rpc.netty.Inbox.safelyCall(Inbox.scala:213)
	at org.apache.spark.rpc.netty.Inbox.process(Inbox.scala:100)
	at org.apache.spark.rpc.netty.MessageLoop.org$apache$spark$rpc$netty$MessageLoop$$receiveLoop(MessageLoop.scala:75)
	at org.apache.spark.rpc.netty.MessageLoop$$anon$1.run(MessageLoop.scala:41)
	at java.base/java.util.concurrent.ThreadPoolExecutor.runWorker(ThreadPoolExecutor.java:1128)
	at java.base/java.util.concurrent.ThreadPoolExecutor$Worker.run(ThreadPoolExecutor.java:628)
	at java.base/java.lang.Thread.run(Thread.java:829)
24/05/31 17:05:36 WARN Executor: Issue communicating with driver in heartbeater
org.apache.spark.SparkException: Exception thrown in awaitResult: 
	at org.apache.spark.util.SparkThreadUtils$.awaitResult(SparkThreadUtils.scala:56)
	at org.apache.spark.util.ThreadUtils$.awaitResult(ThreadUtils.scala:310)
	at org.apache.spark.rpc.RpcTimeout.awaitResult(RpcTimeout.scala:75)
	at org.apache.spark.rpc.RpcEndpointRef.askSync(RpcEndpointRef.scala:101)
	at org.apache.spark.rpc.RpcEndpointRef.askSync(RpcEndpointRef.scala:85)
	at org.apache.spark.storage.BlockManagerMaster.registerBlockManager(BlockManagerMaster.scala:80)
	at org.apache.spark.storage.BlockManager.reregister(BlockManager.scala:642)
	at org.apache.spark.executor.Executor.reportHeartBeat(Executor.scala:1223)
	at org.apache.spark.executor.Executor.$anonfun$heartbeater$1(Executor.scala:295)
	at scala.runtime.java8.JFunction0$mcV$sp.apply(JFunction0$mcV$sp.java:23)
	at org.apache.spark.util.Utils$.logUncaughtExceptions(Utils.scala:1928)
	at org.apache.spark.Heartbeater$$anon$1.run(Heartbeater.scala:46)
	at java.base/java.util.concurrent.Executors$RunnableAdapter.call(Executors.java:515)
	at java.base/java.util.concurrent.FutureTask.runAndReset(FutureTask.java:305)
	at java.base/java.util.concurrent.ScheduledThreadPoolExecutor$ScheduledFutureTask.run(ScheduledThreadPoolExecutor.java:305)
	at java.base/java.util.concurrent.ThreadPoolExecutor.runWorker(ThreadPoolExecutor.java:1128)
	at java.base/java.util.concurrent.ThreadPoolExecutor$Worker.run(ThreadPoolExecutor.java:628)
	at java.base/java.lang.Thread.run(Thread.java:829)
Caused by: java.lang.NullPointerException
	at org.apache.spark.storage.BlockManagerMasterEndpoint.org$apache$spark$storage$BlockManagerMasterEndpoint$$register(BlockManagerMasterEndpoint.scala:677)
	at org.apache.spark.storage.BlockManagerMasterEndpoint$$anonfun$receiveAndReply$1.applyOrElse(BlockManagerMasterEndpoint.scala:133)
	at org.apache.spark.rpc.netty.Inbox.$anonfun$process$1(Inbox.scala:103)
	at org.apache.spark.rpc.netty.Inbox.safelyCall(Inbox.scala:213)
	at org.apache.spark.rpc.netty.Inbox.process(Inbox.scala:100)
	at org.apache.spark.rpc.netty.MessageLoop.org$apache$spark$rpc$netty$MessageLoop$$receiveLoop(MessageLoop.scala:75)
	at org.apache.spark.rpc.netty.MessageLoop$$anon$1.run(MessageLoop.scala:41)
	... 3 more
24/05/31 17:05:46 ERROR Inbox: Ignoring error
java.lang.NullPointerException
	at org.apache.spark.storage.BlockManagerMasterEndpoint.org$apache$spark$storage$BlockManagerMasterEndpoint$$register(BlockManagerMasterEndpoint.scala:677)
	at org.apache.spark.storage.BlockManagerMasterEndpoint$$anonfun$receiveAndReply$1.applyOrElse(BlockManagerMasterEndpoint.scala:133)
	at org.apache.spark.rpc.netty.Inbox.$anonfun$process$1(Inbox.scala:103)
	at org.apache.spark.rpc.netty.Inbox.safelyCall(Inbox.scala:213)
	at org.apache.spark.rpc.netty.Inbox.process(Inbox.scala:100)
	at org.apache.spark.rpc.netty.MessageLoop.org$apache$spark$rpc$netty$MessageLoop$$receiveLoop(MessageLoop.scala:75)
	at org.apache.spark.rpc.netty.MessageLoop$$anon$1.run(MessageLoop.scala:41)
	at java.base/java.util.concurrent.ThreadPoolExecutor.runWorker(ThreadPoolExecutor.java:1128)
	at java.base/java.util.concurrent.ThreadPoolExecutor$Worker.run(ThreadPoolExecutor.java:628)
	at java.base/java.lang.Thread.run(Thread.java:829)
24/05/31 17:05:46 WARN Executor: Issue communicating with driver in heartbeater
org.apache.spark.SparkException: Exception thrown in awaitResult: 
	at org.apache.spark.util.SparkThreadUtils$.awaitResult(SparkThreadUtils.scala:56)
	at org.apache.spark.util.ThreadUtils$.awaitResult(ThreadUtils.scala:310)
	at org.apache.spark.rpc.RpcTimeout.awaitResult(RpcTimeout.scala:75)
	at org.apache.spark.rpc.RpcEndpointRef.askSync(RpcEndpointRef.scala:101)
	at org.apache.spark.rpc.RpcEndpointRef.askSync(RpcEndpointRef.scala:85)
	at org.apache.spark.storage.BlockManagerMaster.registerBlockManager(BlockManagerMaster.scala:80)
	at org.apache.spark.storage.BlockManager.reregister(BlockManager.scala:642)
	at org.apache.spark.executor.Executor.reportHeartBeat(Executor.scala:1223)
	at org.apache.spark.executor.Executor.$anonfun$heartbeater$1(Executor.scala:295)
	at scala.runtime.java8.JFunction0$mcV$sp.apply(JFunction0$mcV$sp.java:23)
	at org.apache.spark.util.Utils$.logUncaughtExceptions(Utils.scala:1928)
	at org.apache.spark.Heartbeater$$anon$1.run(Heartbeater.scala:46)
	at java.base/java.util.concurrent.Executors$RunnableAdapter.call(Executors.java:515)
	at java.base/java.util.concurrent.FutureTask.runAndReset(FutureTask.java:305)
	at java.base/java.util.concurrent.ScheduledThreadPoolExecutor$ScheduledFutureTask.run(ScheduledThreadPoolExecutor.java:305)
	at java.base/java.util.concurrent.ThreadPoolExecutor.runWorker(ThreadPoolExecutor.java:1128)
	at java.base/java.util.concurrent.ThreadPoolExecutor$Worker.run(ThreadPoolExecutor.java:628)
	at java.base/java.lang.Thread.run(Thread.java:829)
Caused by: java.lang.NullPointerException
	at org.apache.spark.storage.BlockManagerMasterEndpoint.org$apache$spark$storage$BlockManagerMasterEndpoint$$register(BlockManagerMasterEndpoint.scala:677)
	at org.apache.spark.storage.BlockManagerMasterEndpoint$$anonfun$receiveAndReply$1.applyOrElse(BlockManagerMasterEndpoint.scala:133)
	at org.apache.spark.rpc.netty.Inbox.$anonfun$process$1(Inbox.scala:103)
	at org.apache.spark.rpc.netty.Inbox.safelyCall(Inbox.scala:213)
	at org.apache.spark.rpc.netty.Inbox.process(Inbox.scala:100)
	at org.apache.spark.rpc.netty.MessageLoop.org$apache$spark$rpc$netty$MessageLoop$$receiveLoop(MessageLoop.scala:75)
	at org.apache.spark.rpc.netty.MessageLoop$$anon$1.run(MessageLoop.scala:41)
	... 3 more
24/05/31 17:05:56 ERROR Inbox: Ignoring error
org.apache.spark.SparkException: Exception thrown in awaitResult: 
	at org.apache.spark.util.SparkThreadUtils$.awaitResult(SparkThreadUtils.scala:56)
	at org.apache.spark.util.ThreadUtils$.awaitResult(ThreadUtils.scala:310)
	at org.apache.spark.rpc.RpcTimeout.awaitResult(RpcTimeout.scala:75)
	at org.apache.spark.rpc.RpcEnv.setupEndpointRefByURI(RpcEnv.scala:102)
	at org.apache.spark.rpc.RpcEnv.setupEndpointRef(RpcEnv.scala:110)
	at org.apache.spark.util.RpcUtils$.makeDriverRef(RpcUtils.scala:36)
	at org.apache.spark.storage.BlockManagerMasterEndpoint.driverEndpoint$lzycompute(BlockManagerMasterEndpoint.scala:124)
	at org.apache.spark.storage.BlockManagerMasterEndpoint.org$apache$spark$storage$BlockManagerMasterEndpoint$$driverEndpoint(BlockManagerMasterEndpoint.scala:123)
	at org.apache.spark.storage.BlockManagerMasterEndpoint.isExecutorAlive$lzycompute$1(BlockManagerMasterEndpoint.scala:688)
	at org.apache.spark.storage.BlockManagerMasterEndpoint.isExecutorAlive$1(BlockManagerMasterEndpoint.scala:687)
	at org.apache.spark.storage.BlockManagerMasterEndpoint.org$apache$spark$storage$BlockManagerMasterEndpoint$$register(BlockManagerMasterEndpoint.scala:725)
	at org.apache.spark.storage.BlockManagerMasterEndpoint$$anonfun$receiveAndReply$1.applyOrElse(BlockManagerMasterEndpoint.scala:133)
	at org.apache.spark.rpc.netty.Inbox.$anonfun$process$1(Inbox.scala:103)
	at org.apache.spark.rpc.netty.Inbox.safelyCall(Inbox.scala:213)
	at org.apache.spark.rpc.netty.Inbox.process(Inbox.scala:100)
	at org.apache.spark.rpc.netty.MessageLoop.org$apache$spark$rpc$netty$MessageLoop$$receiveLoop(MessageLoop.scala:75)
	at org.apache.spark.rpc.netty.MessageLoop$$anon$1.run(MessageLoop.scala:41)
	at java.base/java.util.concurrent.ThreadPoolExecutor.runWorker(ThreadPoolExecutor.java:1128)
	at java.base/java.util.concurrent.ThreadPoolExecutor$Worker.run(ThreadPoolExecutor.java:628)
	at java.base/java.lang.Thread.run(Thread.java:829)
Caused by: org.apache.spark.rpc.RpcEndpointNotFoundException: Cannot find endpoint: spark://CoarseGrainedScheduler@10.0.5.2:32863
	at org.apache.spark.rpc.netty.NettyRpcEnv.$anonfun$asyncSetupEndpointRefByURI$1(NettyRpcEnv.scala:148)
	at org.apache.spark.rpc.netty.NettyRpcEnv.$anonfun$asyncSetupEndpointRefByURI$1$adapted(NettyRpcEnv.scala:144)
	at scala.concurrent.Future.$anonfun$flatMap$1(Future.scala:307)
	at scala.concurrent.impl.Promise.$anonfun$transformWith$1(Promise.scala:41)
	at scala.concurrent.impl.CallbackRunnable.run(Promise.scala:64)
	at org.apache.spark.util.ThreadUtils$$anon$1.execute(ThreadUtils.scala:99)
	at scala.concurrent.impl.ExecutionContextImpl$$anon$4.execute(ExecutionContextImpl.scala:138)
	at scala.concurrent.impl.CallbackRunnable.executeWithValue(Promise.scala:72)
	at scala.concurrent.impl.Promise$DefaultPromise.$anonfun$tryComplete$1(Promise.scala:288)
	at scala.concurrent.impl.Promise$DefaultPromise.$anonfun$tryComplete$1$adapted(Promise.scala:288)
	at scala.concurrent.impl.Promise$DefaultPromise.tryComplete(Promise.scala:288)
	at scala.concurrent.Promise.complete(Promise.scala:53)
	at scala.concurrent.Promise.complete$(Promise.scala:52)
	at scala.concurrent.impl.Promise$DefaultPromise.complete(Promise.scala:187)
	at scala.concurrent.impl.Promise.$anonfun$transform$1(Promise.scala:33)
	at scala.concurrent.impl.CallbackRunnable.run(Promise.scala:64)
	at org.apache.spark.util.ThreadUtils$$anon$1.execute(ThreadUtils.scala:99)
	at scala.concurrent.impl.ExecutionContextImpl$$anon$4.execute(ExecutionContextImpl.scala:138)
	at scala.concurrent.impl.CallbackRunnable.executeWithValue(Promise.scala:72)
	at scala.concurrent.impl.Promise$DefaultPromise.$anonfun$tryComplete$1(Promise.scala:288)
	at scala.concurrent.impl.Promise$DefaultPromise.$anonfun$tryComplete$1$adapted(Promise.scala:288)
	at scala.concurrent.impl.Promise$DefaultPromise.tryComplete(Promise.scala:288)
	at scala.concurrent.Promise.complete(Promise.scala:53)
	at scala.concurrent.Promise.complete$(Promise.scala:52)
	at scala.concurrent.impl.Promise$DefaultPromise.complete(Promise.scala:187)
	at scala.concurrent.impl.Promise.$anonfun$transform$1(Promise.scala:33)
	at scala.concurrent.impl.CallbackRunnable.run(Promise.scala:64)
	at scala.concurrent.BatchingExecutor$Batch.processBatch$1(BatchingExecutor.scala:67)
	at scala.concurrent.BatchingExecutor$Batch.$anonfun$run$1(BatchingExecutor.scala:82)
	at scala.runtime.java8.JFunction0$mcV$sp.apply(JFunction0$mcV$sp.java:23)
	at scala.concurrent.BlockContext$.withBlockContext(BlockContext.scala:85)
	at scala.concurrent.BatchingExecutor$Batch.run(BatchingExecutor.scala:59)
	at scala.concurrent.Future$InternalCallbackExecutor$.unbatchedExecute(Future.scala:875)
	at scala.concurrent.BatchingExecutor.execute(BatchingExecutor.scala:110)
	at scala.concurrent.BatchingExecutor.execute$(BatchingExecutor.scala:107)
	at scala.concurrent.Future$InternalCallbackExecutor$.execute(Future.scala:873)
	at scala.concurrent.impl.CallbackRunnable.executeWithValue(Promise.scala:72)
	at scala.concurrent.impl.Promise$DefaultPromise.$anonfun$tryComplete$1(Promise.scala:288)
	at scala.concurrent.impl.Promise$DefaultPromise.$anonfun$tryComplete$1$adapted(Promise.scala:288)
	at scala.concurrent.impl.Promise$DefaultPromise.tryComplete(Promise.scala:288)
	at scala.concurrent.Promise.trySuccess(Promise.scala:94)
	at scala.concurrent.Promise.trySuccess$(Promise.scala:94)
	at scala.concurrent.impl.Promise$DefaultPromise.trySuccess(Promise.scala:187)
	at org.apache.spark.rpc.netty.NettyRpcEnv.onSuccess$1(NettyRpcEnv.scala:225)
	at org.apache.spark.rpc.netty.NettyRpcEnv.$anonfun$askAbortable$5(NettyRpcEnv.scala:239)
	at org.apache.spark.rpc.netty.NettyRpcEnv.$anonfun$askAbortable$5$adapted(NettyRpcEnv.scala:238)
	at scala.concurrent.impl.CallbackRunnable.run(Promise.scala:64)
	at org.apache.spark.util.ThreadUtils$$anon$1.execute(ThreadUtils.scala:99)
	at scala.concurrent.impl.ExecutionContextImpl$$anon$4.execute(ExecutionContextImpl.scala:138)
	at scala.concurrent.impl.CallbackRunnable.executeWithValue(Promise.scala:72)
	at scala.concurrent.impl.Promise$DefaultPromise.$anonfun$tryComplete$1(Promise.scala:288)
	at scala.concurrent.impl.Promise$DefaultPromise.$anonfun$tryComplete$1$adapted(Promise.scala:288)
	at scala.concurrent.impl.Promise$DefaultPromise.tryComplete(Promise.scala:288)
	at scala.concurrent.Promise.complete(Promise.scala:53)
	at scala.concurrent.Promise.complete$(Promise.scala:52)
	at scala.concurrent.impl.Promise$DefaultPromise.complete(Promise.scala:187)
	at scala.concurrent.Promise.success(Promise.scala:86)
	at scala.concurrent.Promise.success$(Promise.scala:86)
	at scala.concurrent.impl.Promise$DefaultPromise.success(Promise.scala:187)
	at org.apache.spark.rpc.netty.LocalNettyRpcCallContext.send(NettyRpcCallContext.scala:50)
	at org.apache.spark.rpc.netty.NettyRpcCallContext.reply(NettyRpcCallContext.scala:32)
	at org.apache.spark.rpc.netty.RpcEndpointVerifier$$anonfun$receiveAndReply$1.applyOrElse(RpcEndpointVerifier.scala:31)
	... 8 more
24/05/31 17:05:56 WARN Executor: Issue communicating with driver in heartbeater
org.apache.spark.SparkException: Exception thrown in awaitResult: 
	at org.apache.spark.util.SparkThreadUtils$.awaitResult(SparkThreadUtils.scala:56)
	at org.apache.spark.util.ThreadUtils$.awaitResult(ThreadUtils.scala:310)
	at org.apache.spark.rpc.RpcTimeout.awaitResult(RpcTimeout.scala:75)
	at org.apache.spark.rpc.RpcEndpointRef.askSync(RpcEndpointRef.scala:101)
	at org.apache.spark.rpc.RpcEndpointRef.askSync(RpcEndpointRef.scala:85)
	at org.apache.spark.storage.BlockManagerMaster.registerBlockManager(BlockManagerMaster.scala:80)
	at org.apache.spark.storage.BlockManager.reregister(BlockManager.scala:642)
	at org.apache.spark.executor.Executor.reportHeartBeat(Executor.scala:1223)
	at org.apache.spark.executor.Executor.$anonfun$heartbeater$1(Executor.scala:295)
	at scala.runtime.java8.JFunction0$mcV$sp.apply(JFunction0$mcV$sp.java:23)
	at org.apache.spark.util.Utils$.logUncaughtExceptions(Utils.scala:1928)
	at org.apache.spark.Heartbeater$$anon$1.run(Heartbeater.scala:46)
	at java.base/java.util.concurrent.Executors$RunnableAdapter.call(Executors.java:515)
	at java.base/java.util.concurrent.FutureTask.runAndReset(FutureTask.java:305)
	at java.base/java.util.concurrent.ScheduledThreadPoolExecutor$ScheduledFutureTask.run(ScheduledThreadPoolExecutor.java:305)
	at java.base/java.util.concurrent.ThreadPoolExecutor.runWorker(ThreadPoolExecutor.java:1128)
	at java.base/java.util.concurrent.ThreadPoolExecutor$Worker.run(ThreadPoolExecutor.java:628)
	at java.base/java.lang.Thread.run(Thread.java:829)
Caused by: org.apache.spark.SparkException: Exception thrown in awaitResult: 
	at org.apache.spark.util.SparkThreadUtils$.awaitResult(SparkThreadUtils.scala:56)
	at org.apache.spark.util.ThreadUtils$.awaitResult(ThreadUtils.scala:310)
	at org.apache.spark.rpc.RpcTimeout.awaitResult(RpcTimeout.scala:75)
	at org.apache.spark.rpc.RpcEnv.setupEndpointRefByURI(RpcEnv.scala:102)
	at org.apache.spark.rpc.RpcEnv.setupEndpointRef(RpcEnv.scala:110)
	at org.apache.spark.util.RpcUtils$.makeDriverRef(RpcUtils.scala:36)
	at org.apache.spark.storage.BlockManagerMasterEndpoint.driverEndpoint$lzycompute(BlockManagerMasterEndpoint.scala:124)
	at org.apache.spark.storage.BlockManagerMasterEndpoint.org$apache$spark$storage$BlockManagerMasterEndpoint$$driverEndpoint(BlockManagerMasterEndpoint.scala:123)
	at org.apache.spark.storage.BlockManagerMasterEndpoint.isExecutorAlive$lzycompute$1(BlockManagerMasterEndpoint.scala:688)
	at org.apache.spark.storage.BlockManagerMasterEndpoint.isExecutorAlive$1(BlockManagerMasterEndpoint.scala:687)
	at org.apache.spark.storage.BlockManagerMasterEndpoint.org$apache$spark$storage$BlockManagerMasterEndpoint$$register(BlockManagerMasterEndpoint.scala:725)
	at org.apache.spark.storage.BlockManagerMasterEndpoint$$anonfun$receiveAndReply$1.applyOrElse(BlockManagerMasterEndpoint.scala:133)
	at org.apache.spark.rpc.netty.Inbox.$anonfun$process$1(Inbox.scala:103)
	at org.apache.spark.rpc.netty.Inbox.safelyCall(Inbox.scala:213)
	at org.apache.spark.rpc.netty.Inbox.process(Inbox.scala:100)
	at org.apache.spark.rpc.netty.MessageLoop.org$apache$spark$rpc$netty$MessageLoop$$receiveLoop(MessageLoop.scala:75)
	at org.apache.spark.rpc.netty.MessageLoop$$anon$1.run(MessageLoop.scala:41)
	... 3 more
Caused by: org.apache.spark.rpc.RpcEndpointNotFoundException: Cannot find endpoint: spark://CoarseGrainedScheduler@10.0.5.2:32863
	at org.apache.spark.rpc.netty.NettyRpcEnv.$anonfun$asyncSetupEndpointRefByURI$1(NettyRpcEnv.scala:148)
	at org.apache.spark.rpc.netty.NettyRpcEnv.$anonfun$asyncSetupEndpointRefByURI$1$adapted(NettyRpcEnv.scala:144)
	at scala.concurrent.Future.$anonfun$flatMap$1(Future.scala:307)
	at scala.concurrent.impl.Promise.$anonfun$transformWith$1(Promise.scala:41)
	at scala.concurrent.impl.CallbackRunnable.run(Promise.scala:64)
	at org.apache.spark.util.ThreadUtils$$anon$1.execute(ThreadUtils.scala:99)
	at scala.concurrent.impl.ExecutionContextImpl$$anon$4.execute(ExecutionContextImpl.scala:138)
	at scala.concurrent.impl.CallbackRunnable.executeWithValue(Promise.scala:72)
	at scala.concurrent.impl.Promise$DefaultPromise.$anonfun$tryComplete$1(Promise.scala:288)
	at scala.concurrent.impl.Promise$DefaultPromise.$anonfun$tryComplete$1$adapted(Promise.scala:288)
	at scala.concurrent.impl.Promise$DefaultPromise.tryComplete(Promise.scala:288)
	at scala.concurrent.Promise.complete(Promise.scala:53)
	at scala.concurrent.Promise.complete$(Promise.scala:52)
	at scala.concurrent.impl.Promise$DefaultPromise.complete(Promise.scala:187)
	at scala.concurrent.impl.Promise.$anonfun$transform$1(Promise.scala:33)
	at scala.concurrent.impl.CallbackRunnable.run(Promise.scala:64)
	at org.apache.spark.util.ThreadUtils$$anon$1.execute(ThreadUtils.scala:99)
	at scala.concurrent.impl.ExecutionContextImpl$$anon$4.execute(ExecutionContextImpl.scala:138)
	at scala.concurrent.impl.CallbackRunnable.executeWithValue(Promise.scala:72)
	at scala.concurrent.impl.Promise$DefaultPromise.$anonfun$tryComplete$1(Promise.scala:288)
	at scala.concurrent.impl.Promise$DefaultPromise.$anonfun$tryComplete$1$adapted(Promise.scala:288)
	at scala.concurrent.impl.Promise$DefaultPromise.tryComplete(Promise.scala:288)
	at scala.concurrent.Promise.complete(Promise.scala:53)
	at scala.concurrent.Promise.complete$(Promise.scala:52)
	at scala.concurrent.impl.Promise$DefaultPromise.complete(Promise.scala:187)
	at scala.concurrent.impl.Promise.$anonfun$transform$1(Promise.scala:33)
	at scala.concurrent.impl.CallbackRunnable.run(Promise.scala:64)
	at scala.concurrent.BatchingExecutor$Batch.processBatch$1(BatchingExecutor.scala:67)
	at scala.concurrent.BatchingExecutor$Batch.$anonfun$run$1(BatchingExecutor.scala:82)
	at scala.runtime.java8.JFunction0$mcV$sp.apply(JFunction0$mcV$sp.java:23)
	at scala.concurrent.BlockContext$.withBlockContext(BlockContext.scala:85)
	at scala.concurrent.BatchingExecutor$Batch.run(BatchingExecutor.scala:59)
	at scala.concurrent.Future$InternalCallbackExecutor$.unbatchedExecute(Future.scala:875)
	at scala.concurrent.BatchingExecutor.execute(BatchingExecutor.scala:110)
	at scala.concurrent.BatchingExecutor.execute$(BatchingExecutor.scala:107)
	at scala.concurrent.Future$InternalCallbackExecutor$.execute(Future.scala:873)
	at scala.concurrent.impl.CallbackRunnable.executeWithValue(Promise.scala:72)
	at scala.concurrent.impl.Promise$DefaultPromise.$anonfun$tryComplete$1(Promise.scala:288)
	at scala.concurrent.impl.Promise$DefaultPromise.$anonfun$tryComplete$1$adapted(Promise.scala:288)
	at scala.concurrent.impl.Promise$DefaultPromise.tryComplete(Promise.scala:288)
	at scala.concurrent.Promise.trySuccess(Promise.scala:94)
	at scala.concurrent.Promise.trySuccess$(Promise.scala:94)
	at scala.concurrent.impl.Promise$DefaultPromise.trySuccess(Promise.scala:187)
	at org.apache.spark.rpc.netty.NettyRpcEnv.onSuccess$1(NettyRpcEnv.scala:225)
	at org.apache.spark.rpc.netty.NettyRpcEnv.$anonfun$askAbortable$5(NettyRpcEnv.scala:239)
	at org.apache.spark.rpc.netty.NettyRpcEnv.$anonfun$askAbortable$5$adapted(NettyRpcEnv.scala:238)
	at scala.concurrent.impl.CallbackRunnable.run(Promise.scala:64)
	at org.apache.spark.util.ThreadUtils$$anon$1.execute(ThreadUtils.scala:99)
	at scala.concurrent.impl.ExecutionContextImpl$$anon$4.execute(ExecutionContextImpl.scala:138)
	at scala.concurrent.impl.CallbackRunnable.executeWithValue(Promise.scala:72)
	at scala.concurrent.impl.Promise$DefaultPromise.$anonfun$tryComplete$1(Promise.scala:288)
	at scala.concurrent.impl.Promise$DefaultPromise.$anonfun$tryComplete$1$adapted(Promise.scala:288)
	at scala.concurrent.impl.Promise$DefaultPromise.tryComplete(Promise.scala:288)
	at scala.concurrent.Promise.complete(Promise.scala:53)
	at scala.concurrent.Promise.complete$(Promise.scala:52)
	at scala.concurrent.impl.Promise$DefaultPromise.complete(Promise.scala:187)
	at scala.concurrent.Promise.success(Promise.scala:86)
	at scala.concurrent.Promise.success$(Promise.scala:86)
	at scala.concurrent.impl.Promise$DefaultPromise.success(Promise.scala:187)
	at org.apache.spark.rpc.netty.LocalNettyRpcCallContext.send(NettyRpcCallContext.scala:50)
	at org.apache.spark.rpc.netty.NettyRpcCallContext.reply(NettyRpcCallContext.scala:32)
	at org.apache.spark.rpc.netty.RpcEndpointVerifier$$anonfun$receiveAndReply$1.applyOrElse(RpcEndpointVerifier.scala:31)
	... 8 more
[Stage 0:>                                                         (0 + 0) / 16][Stage 0:>                                                         (0 + 1) / 16][Stage 0:>                                                         (0 + 4) / 16][Stage 0:>                                                         (0 + 7) / 16][Stage 0:>                                                        (0 + 15) / 16][Stage 0:>                                                        (0 + 16) / 16][Stage 0:===>                                                     (1 + 15) / 16][Stage 0:=======>                                                 (2 + 14) / 16][Stage 0:==============>                                          (4 + 12) / 16][Stage 0:=====================>                                   (6 + 10) / 16][Stage 0:=========================>                                (7 + 9) / 16][Stage 0:=============================>                            (8 + 8) / 16][Stage 0:================================>                         (9 + 7) / 16][Stage 0:=======================================>                 (11 + 5) / 16][Stage 0:==========================================>              (12 + 4) / 16][Stage 0:==============================================>          (13 + 3) / 16][Stage 0:=================================================>       (14 + 2) / 16][Stage 0:=====================================================>   (15 + 1) / 16]                                                                                24/05/31 17:08:48 WARN SparkStringUtils: Truncated the string representation of a plan since it was too large. This behavior can be adjusted by setting 'spark.sql.debug.maxToStringFields'.
[Stage 1:>                                                        (0 + 16) / 16][Stage 1:==========>                                              (3 + 13) / 16][Stage 1:=================>                                       (5 + 11) / 16][Stage 1:=====================>                                   (6 + 10) / 16][Stage 1:=========================>                                (7 + 9) / 16][Stage 1:=============================>                            (8 + 8) / 16][Stage 1:================================>                         (9 + 7) / 16][Stage 1:===================================>                     (10 + 6) / 16][Stage 1:==============================================>          (13 + 3) / 16][Stage 1:=================================================>       (14 + 2) / 16][Stage 1:=====================================================>   (15 + 1) / 16][Stage 1:=========================================================(16 + 0) / 16][Stage 3:>                                                          (0 + 1) / 1]                                                                                [Stage 4:>                                                          (0 + 1) / 1]                                                                                [Stage 5:>                                                          (0 + 4) / 4][Stage 5:==============>                                            (1 + 3) / 4][Stage 5:=============================>                             (2 + 2) / 4][Stage 5:============================================>              (3 + 1) / 4]                                                                                [Stage 6:>                                                        (0 + 11) / 11][Stage 6:=====>                                                   (1 + 10) / 11][Stage 6:==========>                                               (2 + 9) / 11][Stage 6:===============>                                          (3 + 8) / 11][Stage 6:=====================>                                    (4 + 7) / 11][Stage 6:==========================>                               (5 + 6) / 11][Stage 6:===============================>                          (6 + 5) / 11][Stage 6:====================================>                     (7 + 4) / 11][Stage 6:==========================================>               (8 + 3) / 11][Stage 6:===================================================>     (10 + 1) / 11]                                                                                [32m2024-05-31 17:10:40 +0000[0m - dagster - [34mINFO[0m - __ASSET_JOB - 6406c73a-2b39-4410-9e84-18c1e42b2f29 - spark_operator.create_stock_tables[stock_AAON_path] - Row(10DayAverageTradingVolume=0.57535, 13WeekPriceReturnDaily=-13.7745, 26WeekPriceReturnDaily=17.9257, 3MonthADReturnStd=40.00709, 3MonthAverageTradingVolume=0.68543, 52WeekHigh=96.34, 52WeekHighDate='2024-04-29', 52WeekLow=52.24, 52WeekLowDate='2023-10-25', 52WeekPriceReturnDaily=29.7714, 5DayPriceReturnDaily=-1.744, assetTurnoverAnnual=1.2412, assetTurnoverTTM=1.2361, beta=1.3295449, bookValuePerShareAnnual=9.0202, bookValuePerShareQuarterly=9.5571, bookValueShareGrowth5Y=23.05, capexCagr5Y=24.03, cashFlowPerShareAnnual=0.6061, cashFlowPerShareQuarterly=1.5482, cashFlowPerShareTTM=2.52421, cashPerSharePerShareAnnual=0.0035, cashPerSharePerShareQuarterly=0.1021, currentDividendYieldTTM=0.4292, currentEv/freeCashFlowAnnual=125.122, currentEv/freeCashFlowTTM=48.6233, currentRatioAnnual=3.2265, currentRatioQuarterly=3.1337, dividendGrowthRate5Y=8.94, dividendPerShareAnnual=0.3273, dividendPerShareTTM=0.3243, dividendYieldIndicatedAnnual=0.42706522, ebitdPerShareAnnual=2.9024, ebitdPerShareTTM=2.9504, ebitdaCagr5Y=33.84, ebitdaInterimCagr5Y=33.97, enterpriseValue=6181.5265, epsAnnual=2.1324, epsBasicExclExtraItemsAnnual=2.1324, epsBasicExclExtraItemsTTM=2.1526, epsExclExtraItemsAnnual=2.1324, epsExclExtraItemsTTM=2.1526, epsGrowth3Y=29.04, epsGrowth5Y=31.84, epsGrowthQuarterlyYoy=4.57, epsGrowthTTMYoy=47.81, epsInclExtraItemsAnnual=2.1324, epsInclExtraItemsTTM=2.1526, epsNormalizedAnnual=2.1324, epsTTM=2.1526, focfCagr5Y=22.93, grossMargin5Y=28.48, grossMarginAnnual=34.15, grossMarginTTM=35.19, inventoryTurnoverAnnual=3.7315, inventoryTurnoverTTM=3.7921, longTermDebt/equityAnnual=0.0687, longTermDebt/equityQuarterly=0.0204, marketCapitalization=6173.9175, monthToDatePriceReturnDaily=-20.3635, netIncomeEmployeeAnnual=0.0485, netIncomeEmployeeTTM=0.0491, netInterestCoverageAnnual=58.8233, netInterestCoverageTTM=47.0776, netMarginGrowth5Y=9.29, netProfitMargin5Y=12.86, netProfitMarginAnnual=15.2, netProfitMarginTTM=14.89, operatingMargin5Y=16.15, operatingMarginAnnual=19.47, operatingMarginTTM=17.92, payoutRatioAnnual=14.89, payoutRatioTTM=14.73, pbAnnual=8.1629, pbQuarterly=9.2037, pcfShareAnnual=38.8553, pcfShareTTM=25.0499, peAnnual=34.7585, peBasicExclExtraTTM=34.3253, peExclExtraAnnual=51.60106, peExclExtraTTM=34.3253, peInclExtraTTM=34.3253, peNormalizedAnnual=34.7585, peTTM=34.3253, pfcfShareAnnual=124.968, pfcfShareTTM=48.5634, pretaxMargin5Y=16.03, pretaxMarginAnnual=19.1, pretaxMarginTTM=17.86, priceRelativeToS&P50013Week=-17.0041, priceRelativeToS&P50026Week=3.0714, priceRelativeToS&P5004Week=-21.0407, priceRelativeToS&P50052Week=4.7002, priceRelativeToS&P500Ytd=-8.5164, psAnnual=5.2835, psTTM=5.3007, ptbvAnnual=8.9955, ptbvQuarterly=10.1144, quickRatioAnnual=1.5174, quickRatioQuarterly=1.5069, receivablesTurnoverAnnual=7.1776, receivablesTurnoverTTM=6.9259, revenueEmployeeAnnual=0.3187, revenueEmployeeTTM=0.3177, revenueGrowth3Y=31.44, revenueGrowth5Y=21.91, revenueGrowthQuarterlyYoy=-1.47, revenueGrowthTTMYoy=19.83, revenuePerShareAnnual=14.0286, revenuePerShareTTM=13.8585, revenueShareGrowth5Y=20.63, roa5Y=14.46, roaRfy=18.87, roaTTM=19.09, roe5Y=19.14, roeRfy=24.16, roeTTM=25.130000000000003, roi5Y=18.01, roiAnnual=22.61, roiTTM=23.13, tangibleBookValuePerShareAnnual=8.1853, tangibleBookValuePerShareQuarterly=8.6966, tbvCagr5Y=21.8, totalDebt/totalEquityAnnual=0.0687, totalDebt/totalEquityQuarterly=0.0204, yearToDatePriceReturnDaily=1.435)
[Stage 7:>                                                        (0 + 16) / 16][Stage 7:===>                                                     (1 + 15) / 16][Stage 7:=======>                                                 (2 + 14) / 16][Stage 7:==============>                                          (4 + 12) / 16][Stage 7:=================>                                       (5 + 11) / 16][Stage 7:=====================>                                   (6 + 10) / 16][Stage 7:=========================>                                (7 + 9) / 16][Stage 7:================================>                         (9 + 7) / 16][Stage 7:=======================================>                 (11 + 5) / 16][Stage 7:==========================================>              (12 + 4) / 16][Stage 7:==============================================>          (13 + 3) / 16][Stage 7:=================================================>       (14 + 2) / 16][Stage 7:=====================================================>   (15 + 1) / 16]                                                                                [Stage 8:>                                                        (0 + 16) / 16][Stage 8:>                (0 + 16) / 16][Stage 9:>                 (0 + 0) / 16][Stage 8:=>               (1 + 15) / 16][Stage 9:>                 (0 + 5) / 16][Stage 8:===>             (3 + 13) / 16][Stage 9:>                 (0 + 5) / 16][Stage 8:====>            (4 + 12) / 16][Stage 9:>                 (0 + 5) / 16][Stage 8:=====>           (5 + 11) / 16][Stage 9:>                 (0 + 5) / 16][Stage 8:======>          (6 + 10) / 16][Stage 9:>                 (0 + 6) / 16][Stage 8:==========>       (9 + 7) / 16][Stage 9:>                 (0 + 8) / 16][Stage 8:=============>   (13 + 3) / 16][Stage 9:>                (0 + 13) / 16][Stage 8:==============>  (14 + 2) / 16][Stage 9:>                (0 + 15) / 16][Stage 8:===============> (15 + 1) / 16][Stage 9:>                (0 + 15) / 16][Stage 9:>                                                        (0 + 16) / 16][Stage 9:=======>                                                 (2 + 14) / 16][Stage 9:==========>                                              (3 + 13) / 16][Stage 9:==============>                                          (4 + 12) / 16][Stage 9:=====================>                                   (6 + 10) / 16][Stage 9:=========================>                                (7 + 9) / 16][Stage 9:=============================>                            (8 + 8) / 16][Stage 9:================================>                         (9 + 7) / 16][Stage 9:===================================>                     (10 + 6) / 16][Stage 9:=======================================>                 (11 + 5) / 16][Stage 9:==========================================>              (12 + 4) / 16][Stage 9:==============================================>          (13 + 3) / 16][Stage 9:=================================================>       (14 + 2) / 16][Stage 9:=====================================================>   (15 + 1) / 16][Stage 12:>                                                         (0 + 0) / 1][Stage 12:>                                                         (0 + 1) / 1]                                                                                [Stage 17:>                                                        (0 + 0) / 16][Stage 17:>                                                       (0 + 16) / 16][Stage 17:=>              (1 + 15) / 16][Stage 18:>                (0 + 1) / 16][Stage 17:==>             (2 + 14) / 16][Stage 18:>                (0 + 2) / 16][Stage 17:===>            (3 + 13) / 16][Stage 18:>                (0 + 3) / 16][Stage 17:====>           (4 + 12) / 16][Stage 18:>                (0 + 4) / 16][Stage 17:====>           (4 + 12) / 16][Stage 18:==>              (2 + 4) / 16][Stage 17:======>         (6 + 10) / 16][Stage 18:===>             (3 + 6) / 16][Stage 17:========>        (8 + 8) / 16][Stage 18:====>            (4 + 8) / 16][Stage 17:=========>       (9 + 7) / 16][Stage 18:====>            (4 + 9) / 16][Stage 17:=========>       (9 + 7) / 16][Stage 18:=====>           (5 + 9) / 16][Stage 17:=========>       (9 + 7) / 16][Stage 18:=====>          (5 + 10) / 16][Stage 17:=============>  (13 + 3) / 16][Stage 18:======>         (6 + 10) / 16][Stage 17:==============> (14 + 2) / 16][Stage 18:=======>         (7 + 9) / 16][Stage 17:===============>(15 + 1) / 16][Stage 18:========>        (8 + 8) / 16][Stage 18:============================>                            (8 + 8) / 16][Stage 18:================================>                        (9 + 7) / 16][Stage 18:==========================================>             (12 + 4) / 16][Stage 18:=============================================>          (13 + 3) / 16][Stage 18:=================================================>      (14 + 2) / 16][Stage 18:====================================================>   (15 + 1) / 16][Stage 21:>                                                         (0 + 1) / 1]                                                                                [32m2024-05-31 17:15:08 +0000[0m - dagster - [34mINFO[0m - __ASSET_JOB - 6406c73a-2b39-4410-9e84-18c1e42b2f29 - spark_operator.create_stock_tables[stock_AAON_path] - Row(date='1989-12-31', quarterly.assetTurnoverTTM=None, quarterly.bookValue=None, quarterly.cashRatio=None, quarterly.currentRatio=None, quarterly.ebitPerShare=None, quarterly.eps=None, quarterly.ev=None, quarterly.fcfMargin=None, quarterly.fcfPerShareTTM=None, quarterly.grossMargin=None, quarterly.inventoryTurnoverTTM=None, quarterly.longtermDebtTotalAsset=None, quarterly.longtermDebtTotalCapital=None, quarterly.longtermDebtTotalEquity=None, quarterly.netDebtToTotalCapital=None, quarterly.netDebtToTotalEquity=None, quarterly.netMargin=None, quarterly.operatingMargin=None, quarterly.payoutRatioTTM=None, quarterly.pb=None, quarterly.peTTM=None, quarterly.pfcfTTM=None, quarterly.pretaxMargin=None, quarterly.psTTM=None, quarterly.ptbv=None, quarterly.quickRatio=None, quarterly.receivablesTurnoverTTM=None, quarterly.roaTTM=None, quarterly.roeTTM=None, quarterly.roicTTM=None, quarterly.rotcTTM=None, quarterly.salesPerShare=None, quarterly.sgaToSale=None, quarterly.tangibleBookValue=None, quarterly.totalDebtToEquity=None, quarterly.totalDebtToTotalAsset=None, quarterly.totalDebtToTotalCapital=None, quarterly.totalRatio=None, annual.bookValue=None, annual.cashRatio=0.0, annual.currentRatio=0.9661, annual.ebitPerShare=0.015, annual.eps=0.0021, annual.ev=None, annual.fcfMargin=None, annual.grossMargin=0.1661, annual.inventoryTurnover=None, annual.longtermDebtTotalAsset=None, annual.longtermDebtTotalCapital=None, annual.longtermDebtTotalEquity=None, annual.netDebtToTotalCapital=0.9388, annual.netDebtToTotalEquity=15.3333, annual.netMargin=0.0064, annual.operatingMargin=0.0447, annual.payoutRatio=None, annual.pb=None, annual.pe=None, annual.pfcf=None, annual.pretaxMargin=0.0064, annual.ps=None, annual.ptbv=None, annual.quickRatio=0.3559, annual.receivablesTurnover=None, annual.roa=0.0134, annual.roe=0.3333, annual.roic=0.0204, annual.rotc=0.1429, annual.salesPerShare=0.3358, annual.sgaToSale=0.8371, annual.tangibleBookValue=None, annual.totalDebtToEquity=15.3333, annual.totalDebtToTotalAsset=0.6174, annual.totalDebtToTotalCapital=0.9388, annual.totalRatio=1.042)
[Stage 22:>                                                       (0 + 16) / 16][Stage 22:===>                                                    (1 + 15) / 16][Stage 22:=======>                                                (2 + 14) / 16][Stage 22:==============>                                         (4 + 12) / 16][Stage 22:=================>                                      (5 + 11) / 16][Stage 22:=====================>                                  (6 + 10) / 16][Stage 22:========================>                                (7 + 9) / 16][Stage 22:============================>                            (8 + 8) / 16][Stage 22:================================>                        (9 + 7) / 16][Stage 22:===================================>                    (10 + 6) / 16][Stage 22:======================================>                 (11 + 5) / 16][Stage 22:=============================================>          (13 + 3) / 16][Stage 22:=================================================>      (14 + 2) / 16][Stage 22:====================================================>   (15 + 1) / 16][Stage 23:>                                                       (0 + 16) / 16][Stage 23:===>                                                    (1 + 15) / 16][Stage 23:=======>                                                (2 + 14) / 16][Stage 23:==========>                                             (3 + 13) / 16][Stage 23:==============>                                         (4 + 12) / 16][Stage 23:=====================>                                  (6 + 10) / 16][Stage 23:============================>                            (8 + 8) / 16][Stage 23:================================>                        (9 + 7) / 16][Stage 23:===================================>                    (10 + 6) / 16][Stage 23:======================================>                 (11 + 5) / 16][Stage 23:==========================================>             (12 + 4) / 16][Stage 23:=============================================>          (13 + 3) / 16][Stage 23:=================================================>      (14 + 2) / 16][Stage 23:====================================================>   (15 + 1) / 16][Stage 24:>                                                       (0 + 16) / 16][Stage 24:>               (0 + 16) / 16][Stage 25:>                (0 + 0) / 16][Stage 24:=>              (1 + 15) / 16][Stage 25:>                (0 + 1) / 16][Stage 24:==>             (2 + 14) / 16][Stage 25:>                (0 + 2) / 16][Stage 24:=====>          (5 + 11) / 16][Stage 25:>                (0 + 5) / 16][Stage 24:========>        (8 + 8) / 16][Stage 25:>                (0 + 8) / 16][Stage 24:=========>       (9 + 7) / 16][Stage 25:>                (0 + 9) / 16][Stage 24:===========>    (11 + 5) / 16][Stage 25:>               (0 + 11) / 16][Stage 24:=============>  (13 + 3) / 16][Stage 25:>               (0 + 13) / 16][Stage 24:==============> (14 + 2) / 16][Stage 25:>               (0 + 14) / 16][Stage 24:===============>(15 + 1) / 16][Stage 25:>               (0 + 15) / 16][Stage 25:>                                                       (0 + 16) / 16][Stage 25:===>                                                    (1 + 15) / 16][Stage 25:==========>                                             (3 + 13) / 16][Stage 25:==============>                                         (4 + 12) / 16][Stage 25:=====================>                                  (6 + 10) / 16][Stage 25:========================>                                (7 + 9) / 16][Stage 25:============================>                            (8 + 8) / 16][Stage 25:================================>                        (9 + 7) / 16][Stage 25:===================================>                    (10 + 6) / 16][Stage 25:==========================================>             (12 + 4) / 16][Stage 25:=============================================>          (13 + 3) / 16][Stage 25:=================================================>      (14 + 2) / 16][Stage 25:====================================================>   (15 + 1) / 16][Stage 26:>                                                       (0 + 16) / 16][Stage 26:>               (0 + 16) / 16][Stage 27:>                (0 + 0) / 16][Stage 26:=>              (1 + 15) / 16][Stage 27:>                (0 + 1) / 16][Stage 26:==>             (2 + 14) / 16][Stage 27:>                (0 + 2) / 16][Stage 26:===>            (3 + 13) / 16][Stage 27:>                (0 + 3) / 16][Stage 26:====>           (4 + 12) / 16][Stage 27:>                (0 + 4) / 16][Stage 26:=====>          (5 + 11) / 16][Stage 27:>                (0 + 5) / 16][Stage 26:======>         (6 + 10) / 16][Stage 27:>                (0 + 6) / 16][Stage 26:=======>         (7 + 9) / 16][Stage 27:>                (0 + 7) / 16][Stage 26:========>        (8 + 8) / 16][Stage 27:>                (0 + 8) / 16][Stage 26:=========>       (9 + 7) / 16][Stage 27:>                (0 + 9) / 16][Stage 26:===========>    (11 + 5) / 16][Stage 27:>               (0 + 11) / 16][Stage 26:============>   (12 + 4) / 16][Stage 27:>               (0 + 12) / 16][Stage 26:==============> (14 + 2) / 16][Stage 27:>               (0 + 14) / 16][Stage 26:==============> (14 + 2) / 16][Stage 27:=>              (1 + 14) / 16][Stage 26:===============>(15 + 1) / 16][Stage 27:=>              (1 + 15) / 16][Stage 26:===============>(15 + 1) / 16][Stage 27:==>             (2 + 14) / 16][Stage 27:=======>                                                (2 + 14) / 16][Stage 27:==========>                                             (3 + 13) / 16][Stage 27:==============>                                         (4 + 12) / 16][Stage 27:=================>                                      (5 + 11) / 16][Stage 27:=====================>                                  (6 + 10) / 16][Stage 27:========================>                                (7 + 9) / 16][Stage 27:============================>                            (8 + 8) / 16][Stage 27:===================================>                    (10 + 6) / 16][Stage 27:=============================================>          (13 + 3) / 16][Stage 27:=================================================>      (14 + 2) / 16][Stage 27:====================================================>   (15 + 1) / 16][Stage 31:>                                                       (0 + 16) / 16][Stage 31:===>                                                    (1 + 15) / 16][Stage 31:==========>                                             (3 + 13) / 16][Stage 31:==============>                                         (4 + 12) / 16][Stage 31:=================>                                      (5 + 11) / 16][Stage 31:========================>                                (7 + 9) / 16][Stage 31:================================>                        (9 + 7) / 16][Stage 31:===================================>                    (10 + 6) / 16][Stage 31:======================================>                 (11 + 5) / 16][Stage 31:==========================================>             (12 + 4) / 16][Stage 31:=============================================>          (13 + 3) / 16][Stage 31:=================================================>      (14 + 2) / 16][32m2024-05-31 17:17:39 +0000[0m - dagster - [34mDEBUG[0m - __ASSET_JOB - 6406c73a-2b39-4410-9e84-18c1e42b2f29 - 761265 - spark_operator.create_stock_tables[stock_AAON_path] - STEP_OUTPUT - Yielded output "metric_and_series" of type "Any". (Type check passed).
[32m2024-05-31 17:17:50 +0000[0m - dagster - [34mDEBUG[0m - __ASSET_JOB - 6406c73a-2b39-4410-9e84-18c1e42b2f29 - spark_operator.create_stock_tables[stock_AAON_path] - Writing S3 object at: s3a://dagster-api/staging/2024-05-31/spark_operator.create_stock_tables[stock_AAON_path]/metric_and_series
[32m2024-05-31 17:17:50 +0000[0m - dagster - [34mWARNING[0m - __ASSET_JOB - 6406c73a-2b39-4410-9e84-18c1e42b2f29 - spark_operator.create_stock_tables[stock_AAON_path] - Removing existing S3 object: staging/2024-05-31/spark_operator.create_stock_tables[stock_AAON_path]/metric_and_series
24/05/31 17:17:55 WARN MetricsConfig: Cannot locate configuration: tried hadoop-metrics2-s3a-file-system.properties,hadoop-metrics2.properties
[Stage 38:>                                                       (0 + 16) / 17][Stage 38:===>                                                    (1 + 16) / 17][Stage 38:======>                                                 (2 + 15) / 17][Stage 38:=============>                                          (4 + 13) / 17][Stage 38:================>                                       (5 + 12) / 17][Stage 38:===================>                                    (6 + 11) / 17][Stage 38:==============================>                          (9 + 8) / 17][Stage 38:====================================>                   (11 + 6) / 17][Stage 38:=======================================>                (12 + 5) / 17][Stage 38:==========================================>             (13 + 4) / 17][Stage 38:==============================================>         (14 + 3) / 17][Stage 38:====================================================>   (16 + 1) / 17]                                                                                [32m2024-05-31 17:18:53 +0000[0m - dagster - [34mDEBUG[0m - __ASSET_JOB - 6406c73a-2b39-4410-9e84-18c1e42b2f29 - 761265 - spark_operator.create_stock_tables[stock_AAON_path] - STEP_UP_FOR_RETRY - Execution of step "spark_operator.create_stock_tables[stock_AAON_path]" failed and has requested a retry in 0.24676609397149282 seconds.

dagster._core.execution.plan.utils.RetryRequestedFromPolicy

Stack Trace:
  File "/workspace/.pyenv_mirror/user/current/lib/python3.12/site-packages/dagster/_core/execution/plan/execute_plan.py", line 282, in dagster_event_sequence_for_step
    for step_event in check.generator(step_events):
  File "/workspace/.pyenv_mirror/user/current/lib/python3.12/site-packages/dagster/_core/execution/plan/execute_step.py", line 532, in core_dagster_event_sequence_for_step
    for evt in _type_check_and_store_output(step_context, user_event):
  File "/workspace/.pyenv_mirror/user/current/lib/python3.12/site-packages/dagster/_core/execution/plan/execute_step.py", line 587, in _type_check_and_store_output
    for evt in _store_output(step_context, step_output_handle, output):
  File "/workspace/.pyenv_mirror/user/current/lib/python3.12/site-packages/dagster/_core/execution/plan/execute_step.py", line 810, in _store_output
    for elt in iterate_with_context(
  File "/workspace/.pyenv_mirror/user/current/lib/python3.12/site-packages/dagster/_utils/__init__.py", line 466, in iterate_with_context
    with context_fn():
  File "/home/gitpod/.pyenv/versions/3.12.3/lib/python3.12/contextlib.py", line 158, in __exit__
    self.gen.throw(value)
  File "/workspace/.pyenv_mirror/user/current/lib/python3.12/site-packages/dagster/_core/execution/plan/utils.py", line 72, in op_execution_error_boundary
    raise RetryRequestedFromPolicy(

The above exception was caused by the following exception:
py4j.protocol.Py4JJavaError: An error occurred while calling o2817.save.
: java.lang.AssertionError: unsafe symbol SetTransaction (child of package actions) in runtime reflection universe
	at scala.reflect.internal.Symbols$Symbol.<init>(Symbols.scala:231)
	at scala.reflect.internal.Symbols$TypeSymbol.<init>(Symbols.scala:3102)
	at scala.reflect.internal.Symbols$ClassSymbol.<init>(Symbols.scala:3288)
	at scala.reflect.internal.Symbols$StubClassSymbol.<init>(Symbols.scala:3559)
	at scala.reflect.internal.Symbols.newStubSymbol(Symbols.scala:214)
	at scala.reflect.internal.Symbols.newStubSymbol$(Symbols.scala:210)
	at scala.reflect.internal.SymbolTable.newStubSymbol(SymbolTable.scala:28)
	at scala.reflect.internal.Symbols$Symbol.newStubSymbol(Symbols.scala:534)
	at scala.reflect.internal.pickling.UnPickler$Scan.$anonfun$readSymbol$6(UnPickler.scala:273)
	at scala.reflect.internal.pickling.UnPickler$Scan.$anonfun$readSymbol$5(UnPickler.scala:260)
	at scala.reflect.internal.pickling.UnPickler$Scan.$anonfun$readSymbol$4(UnPickler.scala:260)
	at scala.reflect.internal.pickling.UnPickler$Scan.readExtSymbol$1(UnPickler.scala:258)
	at scala.reflect.internal.pickling.UnPickler$Scan.readSymbol(UnPickler.scala:281)
	at scala.reflect.internal.pickling.UnPickler$Scan.readSymbolRef(UnPickler.scala:645)
	at scala.reflect.internal.pickling.UnPickler$Scan.readType(UnPickler.scala:413)
	at scala.reflect.internal.pickling.UnPickler$Scan$LazyTypeRef.$anonfun$completeInternal$1(UnPickler.scala:722)
	at scala.reflect.internal.pickling.UnPickler$Scan.at(UnPickler.scala:188)
	at scala.reflect.internal.pickling.UnPickler$Scan$LazyTypeRef.completeInternal(UnPickler.scala:722)
	at scala.reflect.internal.pickling.UnPickler$Scan$LazyTypeRef.complete(UnPickler.scala:749)
	at scala.reflect.internal.Symbols$Symbol.completeInfo(Symbols.scala:1551)
	at scala.reflect.internal.Symbols$Symbol.info(Symbols.scala:1514)
	at scala.reflect.runtime.SynchronizedSymbols$SynchronizedSymbol$$anon$14.scala$reflect$runtime$SynchronizedSymbols$SynchronizedSymbol$$super$info(SynchronizedSymbols.scala:227)
	at scala.reflect.runtime.SynchronizedSymbols$SynchronizedSymbol.$anonfun$info$1(SynchronizedSymbols.scala:158)
	at scala.reflect.runtime.SynchronizedSymbols$SynchronizedSymbol.info(SynchronizedSymbols.scala:149)
	at scala.reflect.runtime.SynchronizedSymbols$SynchronizedSymbol.info$(SynchronizedSymbols.scala:158)
	at scala.reflect.runtime.SynchronizedSymbols$SynchronizedSymbol$$anon$14.info(SynchronizedSymbols.scala:227)
	at scala.reflect.internal.Symbols$SymbolContextApiImpl.typeSignature(Symbols.scala:183)
	at scala.reflect.runtime.SynchronizedSymbols$SynchronizedSymbol$$anon$14.scala$reflect$runtime$SynchronizedSymbols$SynchronizedSymbol$$super$typeSignature(SynchronizedSymbols.scala:227)
	at scala.reflect.runtime.SynchronizedSymbols$SynchronizedSymbol.$anonfun$typeSignature$1(SynchronizedSymbols.scala:161)
	at scala.reflect.runtime.SynchronizedSymbols$SynchronizedSymbol.typeSignature(SynchronizedSymbols.scala:149)
	at scala.reflect.runtime.SynchronizedSymbols$SynchronizedSymbol.typeSignature$(SynchronizedSymbols.scala:161)
	at scala.reflect.runtime.SynchronizedSymbols$SynchronizedSymbol$$anon$14.typeSignature(SynchronizedSymbols.scala:227)
	at scala.reflect.runtime.SynchronizedSymbols$SynchronizedSymbol$$anon$14.typeSignature(SynchronizedSymbols.scala:227)
	at org.apache.spark.sql.catalyst.ScalaReflection.$anonfun$getConstructorParameters$1(ScalaReflection.scala:465)
	at scala.collection.immutable.List.map(List.scala:293)
	at org.apache.spark.sql.catalyst.ScalaReflection.getConstructorParameters(ScalaReflection.scala:464)
	at org.apache.spark.sql.catalyst.ScalaReflection.getConstructorParameters$(ScalaReflection.scala:459)
	at org.apache.spark.sql.catalyst.ScalaReflection$.getConstructorParameters(ScalaReflection.scala:42)
	at org.apache.spark.sql.catalyst.ScalaReflection$.encoderFor(ScalaReflection.scala:382)
	at org.apache.spark.sql.catalyst.ScalaReflection$.$anonfun$encoderFor$1(ScalaReflection.scala:247)
	at scala.reflect.internal.tpe.TypeConstraints$UndoLog.undo(TypeConstraints.scala:73)
	at org.apache.spark.sql.catalyst.ScalaReflection.cleanUpReflectionObjects(ScalaReflection.scala:426)
	at org.apache.spark.sql.catalyst.ScalaReflection.cleanUpReflectionObjects$(ScalaReflection.scala:425)
	at org.apache.spark.sql.catalyst.ScalaReflection$.cleanUpReflectionObjects(ScalaReflection.scala:42)
	at org.apache.spark.sql.catalyst.ScalaReflection$.encoderFor(ScalaReflection.scala:244)
	at org.apache.spark.sql.catalyst.ScalaReflection$.encoderFor(ScalaReflection.scala:227)
	at org.apache.spark.sql.catalyst.encoders.ExpressionEncoder$.apply(ExpressionEncoder.scala:51)
	at org.apache.spark.sql.delta.actions.Action$.logSchema$lzycompute(actions.scala:104)
	at org.apache.spark.sql.delta.actions.Action$.logSchema(actions.scala:104)
	at org.apache.spark.sql.delta.Snapshot.emptyDF(Snapshot.scala:392)
	at org.apache.spark.sql.delta.InitialSnapshot.stateDS(Snapshot.scala:477)
	at org.apache.spark.sql.delta.Snapshot.allFilesViaStateReconstruction(Snapshot.scala:186)
	at org.apache.spark.sql.delta.Snapshot.allFiles(Snapshot.scala:191)
	at org.apache.spark.sql.delta.stats.DataSkippingReaderBase.$anonfun$getAllFiles$1(DataSkippingReader.scala:776)
	at org.apache.spark.sql.delta.metering.DeltaLogging.recordFrameProfile(DeltaLogging.scala:140)
	at org.apache.spark.sql.delta.metering.DeltaLogging.recordFrameProfile$(DeltaLogging.scala:138)
	at org.apache.spark.sql.delta.Snapshot.recordFrameProfile(Snapshot.scala:69)
	at org.apache.spark.sql.delta.stats.DataSkippingReaderBase.getAllFiles(DataSkippingReader.scala:770)
	at org.apache.spark.sql.delta.stats.DataSkippingReaderBase.getAllFiles$(DataSkippingReader.scala:769)
	at org.apache.spark.sql.delta.Snapshot.getAllFiles(Snapshot.scala:69)
	at org.apache.spark.sql.delta.stats.DataSkippingReaderBase.$anonfun$filesForScan$1(DataSkippingReader.scala:882)
	at org.apache.spark.sql.delta.metering.DeltaLogging.recordFrameProfile(DeltaLogging.scala:140)
	at org.apache.spark.sql.delta.metering.DeltaLogging.recordFrameProfile$(DeltaLogging.scala:138)
	at org.apache.spark.sql.delta.Snapshot.recordFrameProfile(Snapshot.scala:69)
	at org.apache.spark.sql.delta.metering.DeltaLogging.$anonfun$recordDeltaOperationInternal$1(DeltaLogging.scala:133)
	at com.databricks.spark.util.DatabricksLogging.recordOperation(DatabricksLogging.scala:128)
	at com.databricks.spark.util.DatabricksLogging.recordOperation$(DatabricksLogging.scala:117)
	at org.apache.spark.sql.delta.Snapshot.recordOperation(Snapshot.scala:69)
	at org.apache.spark.sql.delta.metering.DeltaLogging.recordDeltaOperationInternal(DeltaLogging.scala:132)
	at org.apache.spark.sql.delta.metering.DeltaLogging.recordDeltaOperation(DeltaLogging.scala:122)
	at org.apache.spark.sql.delta.metering.DeltaLogging.recordDeltaOperation$(DeltaLogging.scala:112)
	at org.apache.spark.sql.delta.Snapshot.recordDeltaOperation(Snapshot.scala:69)
	at org.apache.spark.sql.delta.stats.DataSkippingReaderBase.filesForScan(DataSkippingReader.scala:874)
	at org.apache.spark.sql.delta.stats.DataSkippingReaderBase.filesForScan$(DataSkippingReader.scala:871)
	at org.apache.spark.sql.delta.Snapshot.filesForScan(Snapshot.scala:69)
	at org.apache.spark.sql.delta.OptimisticTransactionImpl.filterFiles(OptimisticTransaction.scala:784)
	at org.apache.spark.sql.delta.OptimisticTransactionImpl.filterFiles$(OptimisticTransaction.scala:783)
	at org.apache.spark.sql.delta.OptimisticTransaction.filterFiles(OptimisticTransaction.scala:142)
	at org.apache.spark.sql.delta.OptimisticTransactionImpl.filterFiles(OptimisticTransaction.scala:780)
	at org.apache.spark.sql.delta.OptimisticTransactionImpl.filterFiles$(OptimisticTransaction.scala:780)
	at org.apache.spark.sql.delta.OptimisticTransaction.filterFiles(OptimisticTransaction.scala:142)
	at org.apache.spark.sql.delta.commands.WriteIntoDelta.write(WriteIntoDelta.scala:302)
	at org.apache.spark.sql.delta.commands.WriteIntoDelta.$anonfun$run$1(WriteIntoDelta.scala:105)
	at org.apache.spark.sql.delta.commands.WriteIntoDelta.$anonfun$run$1$adapted(WriteIntoDelta.scala:100)
	at org.apache.spark.sql.delta.DeltaLog.withNewTransaction(DeltaLog.scala:223)
	at org.apache.spark.sql.delta.commands.WriteIntoDelta.run(WriteIntoDelta.scala:100)
	at org.apache.spark.sql.delta.sources.DeltaDataSource.createRelation(DeltaDataSource.scala:201)
	at org.apache.spark.sql.execution.datasources.SaveIntoDataSourceCommand.run(SaveIntoDataSourceCommand.scala:48)
	at org.apache.spark.sql.execution.command.ExecutedCommandExec.sideEffectResult$lzycompute(commands.scala:75)
	at org.apache.spark.sql.execution.command.ExecutedCommandExec.sideEffectResult(commands.scala:73)
	at org.apache.spark.sql.execution.command.ExecutedCommandExec.executeCollect(commands.scala:84)
	at org.apache.spark.sql.execution.QueryExecution$$anonfun$eagerlyExecuteCommands$1.$anonfun$applyOrElse$1(QueryExecution.scala:107)
	at org.apache.spark.sql.execution.SQLExecution$.$anonfun$withNewExecutionId$6(SQLExecution.scala:125)
	at org.apache.spark.sql.execution.SQLExecution$.withSQLConfPropagated(SQLExecution.scala:201)
	at org.apache.spark.sql.execution.SQLExecution$.$anonfun$withNewExecutionId$1(SQLExecution.scala:108)
	at org.apache.spark.sql.SparkSession.withActive(SparkSession.scala:900)
	at org.apache.spark.sql.execution.SQLExecution$.withNewExecutionId(SQLExecution.scala:66)
	at org.apache.spark.sql.execution.QueryExecution$$anonfun$eagerlyExecuteCommands$1.applyOrElse(QueryExecution.scala:107)
	at org.apache.spark.sql.execution.QueryExecution$$anonfun$eagerlyExecuteCommands$1.applyOrElse(QueryExecution.scala:98)
	at org.apache.spark.sql.catalyst.trees.TreeNode.$anonfun$transformDownWithPruning$1(TreeNode.scala:461)
	at org.apache.spark.sql.catalyst.trees.CurrentOrigin$.withOrigin(origin.scala:76)
	at org.apache.spark.sql.catalyst.trees.TreeNode.transformDownWithPruning(TreeNode.scala:461)
	at org.apache.spark.sql.catalyst.plans.logical.LogicalPlan.org$apache$spark$sql$catalyst$plans$logical$AnalysisHelper$$super$transformDownWithPruning(LogicalPlan.scala:32)
	at org.apache.spark.sql.catalyst.plans.logical.AnalysisHelper.transformDownWithPruning(AnalysisHelper.scala:267)
	at org.apache.spark.sql.catalyst.plans.logical.AnalysisHelper.transformDownWithPruning$(AnalysisHelper.scala:263)
	at org.apache.spark.sql.catalyst.plans.logical.LogicalPlan.transformDownWithPruning(LogicalPlan.scala:32)
	at org.apache.spark.sql.catalyst.plans.logical.LogicalPlan.transformDownWithPruning(LogicalPlan.scala:32)
	at org.apache.spark.sql.catalyst.trees.TreeNode.transformDown(TreeNode.scala:437)
	at org.apache.spark.sql.execution.QueryExecution.eagerlyExecuteCommands(QueryExecution.scala:98)
	at org.apache.spark.sql.execution.QueryExecution.commandExecuted$lzycompute(QueryExecution.scala:85)
	at org.apache.spark.sql.execution.QueryExecution.commandExecuted(QueryExecution.scala:83)
	at org.apache.spark.sql.execution.QueryExecution.assertCommandExecuted(QueryExecution.scala:142)
	at org.apache.spark.sql.DataFrameWriter.runCommand(DataFrameWriter.scala:859)
	at org.apache.spark.sql.DataFrameWriter.saveToV1Source(DataFrameWriter.scala:388)
	at org.apache.spark.sql.DataFrameWriter.saveInternal(DataFrameWriter.scala:304)
	at org.apache.spark.sql.DataFrameWriter.save(DataFrameWriter.scala:240)
	at java.base/jdk.internal.reflect.NativeMethodAccessorImpl.invoke0(Native Method)
	at java.base/jdk.internal.reflect.NativeMethodAccessorImpl.invoke(NativeMethodAccessorImpl.java:62)
	at java.base/jdk.internal.reflect.DelegatingMethodAccessorImpl.invoke(DelegatingMethodAccessorImpl.java:43)
	at java.base/java.lang.reflect.Method.invoke(Method.java:566)
	at py4j.reflection.MethodInvoker.invoke(MethodInvoker.java:244)
	at py4j.reflection.ReflectionEngine.invoke(ReflectionEngine.java:374)
	at py4j.Gateway.invoke(Gateway.java:282)
	at py4j.commands.AbstractCommand.invokeMethod(AbstractCommand.java:132)
	at py4j.commands.CallCommand.execute(CallCommand.java:79)
	at py4j.ClientServerConnection.waitForCommands(ClientServerConnection.java:182)
	at py4j.ClientServerConnection.run(ClientServerConnection.java:106)
	at java.base/java.lang.Thread.run(Thread.java:829)


Stack Trace:
  File "/workspace/.pyenv_mirror/user/current/lib/python3.12/site-packages/dagster/_core/execution/plan/utils.py", line 54, in op_execution_error_boundary
    yield
  File "/workspace/.pyenv_mirror/user/current/lib/python3.12/site-packages/dagster/_utils/__init__.py", line 468, in iterate_with_context
    next_output = next(iterator)
                  ^^^^^^^^^^^^^^
  File "/workspace/.pyenv_mirror/user/current/lib/python3.12/site-packages/dagster/_core/execution/plan/execute_step.py", line 800, in _gen_fn
    gen_output = output_manager.handle_output(output_context, output.value)
                 ^^^^^^^^^^^^^^^^^^^^^^^^^^^^^^^^^^^^^^^^^^^^^^^^^^^^^^^^^^
  File "/workspace/practical-data-engineering/finnhub-batch-stock-pipeline/finnhub_batch_stock_pipeline/iomanagers/staging_s3_parquet_io_manager.py", line 151, in handle_output
    return self.inner_io_manager().handle_output(context, obj)
           ^^^^^^^^^^^^^^^^^^^^^^^^^^^^^^^^^^^^^^^^^^^^^^^^^^^
  File "/workspace/.pyenv_mirror/user/current/lib/python3.12/site-packages/dagster/_core/storage/upath_io_manager.py", line 446, in handle_output
    self.dump_to_path(context=context, obj=obj, path=path)
  File "/workspace/practical-data-engineering/finnhub-batch-stock-pipeline/finnhub_batch_stock_pipeline/iomanagers/staging_s3_parquet_io_manager.py", line 83, in dump_to_path
    obj.write.format("delta").mode('overwrite').save(pathe)
  File "/workspace/.pyenv_mirror/user/current/lib/python3.12/site-packages/pyspark/sql/readwriter.py", line 1463, in save
    self._jwrite.save(path)
  File "/workspace/.pyenv_mirror/user/current/lib/python3.12/site-packages/py4j/java_gateway.py", line 1322, in __call__
    return_value = get_return_value(
                   ^^^^^^^^^^^^^^^^^
  File "/workspace/.pyenv_mirror/user/current/lib/python3.12/site-packages/pyspark/errors/exceptions/captured.py", line 179, in deco
    return f(*a, **kw)
           ^^^^^^^^^^^
  File "/workspace/.pyenv_mirror/user/current/lib/python3.12/site-packages/py4j/protocol.py", line 326, in get_return_value
    raise Py4JJavaError(

