[32m2024-06-15 13:30:00 +0000[0m - dagster - [34mDEBUG[0m - __ASSET_JOB - 26288189-bc66-4fde-8267-2bc995e19d0f - 143529 - LOGS_CAPTURED - Started capturing logs in process (pid: 143529).
[32m2024-06-15 13:30:00 +0000[0m - dagster - [34mDEBUG[0m - __ASSET_JOB - 26288189-bc66-4fde-8267-2bc995e19d0f - 143529 - finnhub_US_stocks.import_stocks_data - STEP_START - Started execution of step "finnhub_US_stocks.import_stocks_data".
[32m2024-06-15 13:30:00 +0000[0m - dagster - [34mDEBUG[0m - __ASSET_JOB - 26288189-bc66-4fde-8267-2bc995e19d0f - finnhub_US_stocks.import_stocks_data - Loading file from: /workspaces/practical-data-engineering/finnhub-batch-stock-pipeline/tmpoagzo_ny/storage/459fe356-9e91-42d3-ac40-a28341253ff0/finnhub_US_stocks.import_stocks_def/result using PickledObjectFilesystemIOManager...
[32m2024-06-15 13:30:00 +0000[0m - dagster - [34mDEBUG[0m - __ASSET_JOB - 26288189-bc66-4fde-8267-2bc995e19d0f - 143529 - finnhub_US_stocks.import_stocks_data - LOADED_INPUT - Loaded input "input_list" using input manager "io_manager", from output "result" of step "finnhub_US_stocks.import_stocks_def"
[32m2024-06-15 13:30:00 +0000[0m - dagster - [34mDEBUG[0m - __ASSET_JOB - 26288189-bc66-4fde-8267-2bc995e19d0f - 143529 - finnhub_US_stocks.import_stocks_data - STEP_INPUT - Got input "input_list" of type "Any". (Type check passed).
[32m2024-06-15 13:30:00 +0000[0m - dagster - [34mINFO[0m - __ASSET_JOB - 26288189-bc66-4fde-8267-2bc995e19d0f - finnhub_US_stocks.import_stocks_data - A
[32m2024-06-15 13:30:00 +0000[0m - dagster - [34mINFO[0m - __ASSET_JOB - 26288189-bc66-4fde-8267-2bc995e19d0f - finnhub_US_stocks.import_stocks_data - AA
[32m2024-06-15 13:30:00 +0000[0m - dagster - [34mINFO[0m - __ASSET_JOB - 26288189-bc66-4fde-8267-2bc995e19d0f - finnhub_US_stocks.import_stocks_data - AABB
[32m2024-06-15 13:30:00 +0000[0m - dagster - [34mINFO[0m - __ASSET_JOB - 26288189-bc66-4fde-8267-2bc995e19d0f - finnhub_US_stocks.import_stocks_data - AABVF
[32m2024-06-15 13:30:00 +0000[0m - dagster - [34mINFO[0m - __ASSET_JOB - 26288189-bc66-4fde-8267-2bc995e19d0f - finnhub_US_stocks.import_stocks_data - AACAF
[32m2024-06-15 13:30:00 +0000[0m - dagster - [34mINFO[0m - __ASSET_JOB - 26288189-bc66-4fde-8267-2bc995e19d0f - finnhub_US_stocks.import_stocks_data - AACI
[32m2024-06-15 13:30:00 +0000[0m - dagster - [34mINFO[0m - __ASSET_JOB - 26288189-bc66-4fde-8267-2bc995e19d0f - finnhub_US_stocks.import_stocks_data - AACS
[32m2024-06-15 13:30:01 +0000[0m - dagster - [34mINFO[0m - __ASSET_JOB - 26288189-bc66-4fde-8267-2bc995e19d0f - finnhub_US_stocks.import_stocks_data - AACT
[32m2024-06-15 13:30:01 +0000[0m - dagster - [34mINFO[0m - __ASSET_JOB - 26288189-bc66-4fde-8267-2bc995e19d0f - finnhub_US_stocks.import_stocks_data - AACTF
[32m2024-06-15 13:30:01 +0000[0m - dagster - [34mINFO[0m - __ASSET_JOB - 26288189-bc66-4fde-8267-2bc995e19d0f - finnhub_US_stocks.import_stocks_data - AADI
[32m2024-06-15 13:30:01 +0000[0m - dagster - [34mINFO[0m - __ASSET_JOB - 26288189-bc66-4fde-8267-2bc995e19d0f - finnhub_US_stocks.import_stocks_data - AAEEF
[32m2024-06-15 13:30:01 +0000[0m - dagster - [34mINFO[0m - __ASSET_JOB - 26288189-bc66-4fde-8267-2bc995e19d0f - finnhub_US_stocks.import_stocks_data - AAFRF
[32m2024-06-15 13:30:01 +0000[0m - dagster - [34mINFO[0m - __ASSET_JOB - 26288189-bc66-4fde-8267-2bc995e19d0f - finnhub_US_stocks.import_stocks_data - AAGC
[32m2024-06-15 13:30:01 +0000[0m - dagster - [34mINFO[0m - __ASSET_JOB - 26288189-bc66-4fde-8267-2bc995e19d0f - finnhub_US_stocks.import_stocks_data - AAGFF
[32m2024-06-15 13:30:01 +0000[0m - dagster - [34mINFO[0m - __ASSET_JOB - 26288189-bc66-4fde-8267-2bc995e19d0f - finnhub_US_stocks.import_stocks_data - AAGH
[32m2024-06-15 13:30:01 +0000[0m - dagster - [34mINFO[0m - __ASSET_JOB - 26288189-bc66-4fde-8267-2bc995e19d0f - finnhub_US_stocks.import_stocks_data - AAGR
[32m2024-06-15 13:30:01 +0000[0m - dagster - [34mINFO[0m - __ASSET_JOB - 26288189-bc66-4fde-8267-2bc995e19d0f - finnhub_US_stocks.import_stocks_data - AAIGF
[32m2024-06-15 13:30:01 +0000[0m - dagster - [34mINFO[0m - __ASSET_JOB - 26288189-bc66-4fde-8267-2bc995e19d0f - finnhub_US_stocks.import_stocks_data - AAIIQ
[32m2024-06-15 13:30:01 +0000[0m - dagster - [34mINFO[0m - __ASSET_JOB - 26288189-bc66-4fde-8267-2bc995e19d0f - finnhub_US_stocks.import_stocks_data - AAIRF
[32m2024-06-15 13:30:01 +0000[0m - dagster - [34mINFO[0m - __ASSET_JOB - 26288189-bc66-4fde-8267-2bc995e19d0f - finnhub_US_stocks.import_stocks_data - AAL
[32m2024-06-15 13:30:01 +0000[0m - dagster - [34mINFO[0m - __ASSET_JOB - 26288189-bc66-4fde-8267-2bc995e19d0f - finnhub_US_stocks.import_stocks_data - AALBF
[32m2024-06-15 13:30:01 +0000[0m - dagster - [34mINFO[0m - __ASSET_JOB - 26288189-bc66-4fde-8267-2bc995e19d0f - finnhub_US_stocks.import_stocks_data - AAMAF
[32m2024-06-15 13:30:01 +0000[0m - dagster - [34mINFO[0m - __ASSET_JOB - 26288189-bc66-4fde-8267-2bc995e19d0f - finnhub_US_stocks.import_stocks_data - AAMC
[32m2024-06-15 13:30:01 +0000[0m - dagster - [34mINFO[0m - __ASSET_JOB - 26288189-bc66-4fde-8267-2bc995e19d0f - finnhub_US_stocks.import_stocks_data - AAME
[32m2024-06-15 13:30:01 +0000[0m - dagster - [34mINFO[0m - __ASSET_JOB - 26288189-bc66-4fde-8267-2bc995e19d0f - finnhub_US_stocks.import_stocks_data - AAMMF
[32m2024-06-15 13:30:01 +0000[0m - dagster - [34mINFO[0m - __ASSET_JOB - 26288189-bc66-4fde-8267-2bc995e19d0f - finnhub_US_stocks.import_stocks_data - AAMTF
[32m2024-06-15 13:30:01 +0000[0m - dagster - [34mINFO[0m - __ASSET_JOB - 26288189-bc66-4fde-8267-2bc995e19d0f - finnhub_US_stocks.import_stocks_data - AAN
[32m2024-06-15 13:30:01 +0000[0m - dagster - [34mINFO[0m - __ASSET_JOB - 26288189-bc66-4fde-8267-2bc995e19d0f - finnhub_US_stocks.import_stocks_data - AANNF
[32m2024-06-15 13:30:02 +0000[0m - dagster - [34mINFO[0m - __ASSET_JOB - 26288189-bc66-4fde-8267-2bc995e19d0f - finnhub_US_stocks.import_stocks_data - AAOI
[32m2024-06-15 13:30:02 +0000[0m - dagster - [34mINFO[0m - __ASSET_JOB - 26288189-bc66-4fde-8267-2bc995e19d0f - finnhub_US_stocks.import_stocks_data - AAON
[32m2024-06-15 13:30:02 +0000[0m - dagster - [34mINFO[0m - __ASSET_JOB - 26288189-bc66-4fde-8267-2bc995e19d0f - finnhub_US_stocks.import_stocks_data - AAP
[32m2024-06-15 13:30:02 +0000[0m - dagster - [34mINFO[0m - __ASSET_JOB - 26288189-bc66-4fde-8267-2bc995e19d0f - finnhub_US_stocks.import_stocks_data - AAPI
[32m2024-06-15 13:30:02 +0000[0m - dagster - [34mINFO[0m - __ASSET_JOB - 26288189-bc66-4fde-8267-2bc995e19d0f - finnhub_US_stocks.import_stocks_data - AAPJ
[32m2024-06-15 13:30:02 +0000[0m - dagster - [34mINFO[0m - __ASSET_JOB - 26288189-bc66-4fde-8267-2bc995e19d0f - finnhub_US_stocks.import_stocks_data - AAPL
[32m2024-06-15 13:30:02 +0000[0m - dagster - [34mINFO[0m - __ASSET_JOB - 26288189-bc66-4fde-8267-2bc995e19d0f - finnhub_US_stocks.import_stocks_data - AAPT
[32m2024-06-15 13:30:02 +0000[0m - dagster - [34mINFO[0m - __ASSET_JOB - 26288189-bc66-4fde-8267-2bc995e19d0f - finnhub_US_stocks.import_stocks_data - AAQL
[32m2024-06-15 13:30:02 +0000[0m - dagster - [34mINFO[0m - __ASSET_JOB - 26288189-bc66-4fde-8267-2bc995e19d0f - finnhub_US_stocks.import_stocks_data - AASLF
[32m2024-06-15 13:30:02 +0000[0m - dagster - [34mINFO[0m - __ASSET_JOB - 26288189-bc66-4fde-8267-2bc995e19d0f - finnhub_US_stocks.import_stocks_data - AASP
[32m2024-06-15 13:30:02 +0000[0m - dagster - [34mINFO[0m - __ASSET_JOB - 26288189-bc66-4fde-8267-2bc995e19d0f - finnhub_US_stocks.import_stocks_data - AASZD
[32m2024-06-15 13:30:02 +0000[0m - dagster - [34mINFO[0m - __ASSET_JOB - 26288189-bc66-4fde-8267-2bc995e19d0f - finnhub_US_stocks.import_stocks_data - AATC
[32m2024-06-15 13:30:02 +0000[0m - dagster - [34mINFO[0m - __ASSET_JOB - 26288189-bc66-4fde-8267-2bc995e19d0f - finnhub_US_stocks.import_stocks_data - AATGF
[32m2024-06-15 13:30:02 +0000[0m - dagster - [34mINFO[0m - __ASSET_JOB - 26288189-bc66-4fde-8267-2bc995e19d0f - finnhub_US_stocks.import_stocks_data - AATV
[32m2024-06-15 13:30:02 +0000[0m - dagster - [34mINFO[0m - __ASSET_JOB - 26288189-bc66-4fde-8267-2bc995e19d0f - finnhub_US_stocks.import_stocks_data - AAUAF
[32m2024-06-15 13:30:02 +0000[0m - dagster - [34mINFO[0m - __ASSET_JOB - 26288189-bc66-4fde-8267-2bc995e19d0f - finnhub_US_stocks.import_stocks_data - AAUCF
[32m2024-06-15 13:30:02 +0000[0m - dagster - [34mINFO[0m - __ASSET_JOB - 26288189-bc66-4fde-8267-2bc995e19d0f - finnhub_US_stocks.import_stocks_data - AAUGF
[32m2024-06-15 13:30:02 +0000[0m - dagster - [34mINFO[0m - __ASSET_JOB - 26288189-bc66-4fde-8267-2bc995e19d0f - finnhub_US_stocks.import_stocks_data - AAUKF
[32m2024-06-15 13:30:02 +0000[0m - dagster - [34mINFO[0m - __ASSET_JOB - 26288189-bc66-4fde-8267-2bc995e19d0f - finnhub_US_stocks.import_stocks_data - AAVVF
[32m2024-06-15 13:30:02 +0000[0m - dagster - [34mINFO[0m - __ASSET_JOB - 26288189-bc66-4fde-8267-2bc995e19d0f - finnhub_US_stocks.import_stocks_data - AAVXF
[32m2024-06-15 13:30:02 +0000[0m - dagster - [34mINFO[0m - __ASSET_JOB - 26288189-bc66-4fde-8267-2bc995e19d0f - finnhub_US_stocks.import_stocks_data - AAWH
[32m2024-06-15 13:30:03 +0000[0m - dagster - [34mINFO[0m - __ASSET_JOB - 26288189-bc66-4fde-8267-2bc995e19d0f - finnhub_US_stocks.import_stocks_data - AAXT
[32m2024-06-15 13:30:03 +0000[0m - dagster - [34mINFO[0m - __ASSET_JOB - 26288189-bc66-4fde-8267-2bc995e19d0f - finnhub_US_stocks.import_stocks_data - ABANF
[32m2024-06-15 13:30:03 +0000[0m - dagster - [34mINFO[0m - __ASSET_JOB - 26288189-bc66-4fde-8267-2bc995e19d0f - finnhub_US_stocks.import_stocks_data - ABAT
[32m2024-06-15 13:30:03 +0000[0m - dagster - [34mINFO[0m - __ASSET_JOB - 26288189-bc66-4fde-8267-2bc995e19d0f - finnhub_US_stocks.import_stocks_data - ABBB
[32m2024-06-15 13:30:03 +0000[0m - dagster - [34mINFO[0m - __ASSET_JOB - 26288189-bc66-4fde-8267-2bc995e19d0f - finnhub_US_stocks.import_stocks_data - ABBRF
[32m2024-06-15 13:30:03 +0000[0m - dagster - [34mINFO[0m - __ASSET_JOB - 26288189-bc66-4fde-8267-2bc995e19d0f - finnhub_US_stocks.import_stocks_data - ABBV
[32m2024-06-15 13:30:03 +0000[0m - dagster - [34mINFO[0m - __ASSET_JOB - 26288189-bc66-4fde-8267-2bc995e19d0f - finnhub_US_stocks.import_stocks_data - ABBY
[32m2024-06-15 13:30:03 +0000[0m - dagster - [34mINFO[0m - __ASSET_JOB - 26288189-bc66-4fde-8267-2bc995e19d0f - finnhub_US_stocks.import_stocks_data - ABCB
[32m2024-06-15 13:30:03 +0000[0m - dagster - [34mINFO[0m - __ASSET_JOB - 26288189-bc66-4fde-8267-2bc995e19d0f - finnhub_US_stocks.import_stocks_data - ABCCF
[32m2024-06-15 13:30:03 +0000[0m - dagster - [34mINFO[0m - __ASSET_JOB - 26288189-bc66-4fde-8267-2bc995e19d0f - finnhub_US_stocks.import_stocks_data - ABCE
[32m2024-06-15 13:30:03 +0000[0m - dagster - [34mINFO[0m - __ASSET_JOB - 26288189-bc66-4fde-8267-2bc995e19d0f - finnhub_US_stocks.import_stocks_data - ABCFF
[32m2024-06-15 13:30:03 +0000[0m - dagster - [34mINFO[0m - __ASSET_JOB - 26288189-bc66-4fde-8267-2bc995e19d0f - finnhub_US_stocks.import_stocks_data - ABCL
[32m2024-06-15 13:31:08 +0000[0m - dagster - [34mINFO[0m - __ASSET_JOB - 26288189-bc66-4fde-8267-2bc995e19d0f - finnhub_US_stocks.import_stocks_data - ABCP
[32m2024-06-15 13:31:08 +0000[0m - dagster - [34mINFO[0m - __ASSET_JOB - 26288189-bc66-4fde-8267-2bc995e19d0f - finnhub_US_stocks.import_stocks_data - ABCZF
[32m2024-06-15 13:31:08 +0000[0m - dagster - [34mINFO[0m - __ASSET_JOB - 26288189-bc66-4fde-8267-2bc995e19d0f - finnhub_US_stocks.import_stocks_data - ABDDF
[32m2024-06-15 13:31:08 +0000[0m - dagster - [34mINFO[0m - __ASSET_JOB - 26288189-bc66-4fde-8267-2bc995e19d0f - finnhub_US_stocks.import_stocks_data - ABDXF
[32m2024-06-15 13:31:08 +0000[0m - dagster - [34mINFO[0m - __ASSET_JOB - 26288189-bc66-4fde-8267-2bc995e19d0f - finnhub_US_stocks.import_stocks_data - ABEO
[32m2024-06-15 13:31:09 +0000[0m - dagster - [34mINFO[0m - __ASSET_JOB - 26288189-bc66-4fde-8267-2bc995e19d0f - finnhub_US_stocks.import_stocks_data - ABEPF
[32m2024-06-15 13:31:09 +0000[0m - dagster - [34mINFO[0m - __ASSET_JOB - 26288189-bc66-4fde-8267-2bc995e19d0f - finnhub_US_stocks.import_stocks_data - ABFOF
[32m2024-06-15 13:31:09 +0000[0m - dagster - [34mINFO[0m - __ASSET_JOB - 26288189-bc66-4fde-8267-2bc995e19d0f - finnhub_US_stocks.import_stocks_data - ABG
[32m2024-06-15 13:31:09 +0000[0m - dagster - [34mINFO[0m - __ASSET_JOB - 26288189-bc66-4fde-8267-2bc995e19d0f - finnhub_US_stocks.import_stocks_data - ABGOF
[32m2024-06-15 13:31:09 +0000[0m - dagster - [34mINFO[0m - __ASSET_JOB - 26288189-bc66-4fde-8267-2bc995e19d0f - finnhub_US_stocks.import_stocks_data - ABGSF
[32m2024-06-15 13:31:09 +0000[0m - dagster - [34mINFO[0m - __ASSET_JOB - 26288189-bc66-4fde-8267-2bc995e19d0f - finnhub_US_stocks.import_stocks_data - ABILF
[32m2024-06-15 13:31:09 +0000[0m - dagster - [34mINFO[0m - __ASSET_JOB - 26288189-bc66-4fde-8267-2bc995e19d0f - finnhub_US_stocks.import_stocks_data - ABIO
[32m2024-06-15 13:31:09 +0000[0m - dagster - [34mINFO[0m - __ASSET_JOB - 26288189-bc66-4fde-8267-2bc995e19d0f - finnhub_US_stocks.import_stocks_data - ABIT
[32m2024-06-15 13:31:09 +0000[0m - dagster - [34mINFO[0m - __ASSET_JOB - 26288189-bc66-4fde-8267-2bc995e19d0f - finnhub_US_stocks.import_stocks_data - ABL
[32m2024-06-15 13:31:09 +0000[0m - dagster - [34mINFO[0m - __ASSET_JOB - 26288189-bc66-4fde-8267-2bc995e19d0f - finnhub_US_stocks.import_stocks_data - ABLE
[32m2024-06-15 13:31:09 +0000[0m - dagster - [34mINFO[0m - __ASSET_JOB - 26288189-bc66-4fde-8267-2bc995e19d0f - finnhub_US_stocks.import_stocks_data - ABLGF
[32m2024-06-15 13:31:09 +0000[0m - dagster - [34mINFO[0m - __ASSET_JOB - 26288189-bc66-4fde-8267-2bc995e19d0f - finnhub_US_stocks.import_stocks_data - ABLT
[32m2024-06-15 13:31:09 +0000[0m - dagster - [34mINFO[0m - __ASSET_JOB - 26288189-bc66-4fde-8267-2bc995e19d0f - finnhub_US_stocks.import_stocks_data - ABLV
[32m2024-06-15 13:31:09 +0000[0m - dagster - [34mINFO[0m - __ASSET_JOB - 26288189-bc66-4fde-8267-2bc995e19d0f - finnhub_US_stocks.import_stocks_data - ABLZF
[32m2024-06-15 13:31:09 +0000[0m - dagster - [34mINFO[0m - __ASSET_JOB - 26288189-bc66-4fde-8267-2bc995e19d0f - finnhub_US_stocks.import_stocks_data - ABM
[32m2024-06-15 13:31:09 +0000[0m - dagster - [34mINFO[0m - __ASSET_JOB - 26288189-bc66-4fde-8267-2bc995e19d0f - finnhub_US_stocks.import_stocks_data - ABMBF
[32m2024-06-15 13:31:09 +0000[0m - dagster - [34mINFO[0m - __ASSET_JOB - 26288189-bc66-4fde-8267-2bc995e19d0f - finnhub_US_stocks.import_stocks_data - ABMC
[32m2024-06-15 13:31:09 +0000[0m - dagster - [34mINFO[0m - __ASSET_JOB - 26288189-bc66-4fde-8267-2bc995e19d0f - finnhub_US_stocks.import_stocks_data - ABMT
[32m2024-06-15 13:31:09 +0000[0m - dagster - [34mINFO[0m - __ASSET_JOB - 26288189-bc66-4fde-8267-2bc995e19d0f - finnhub_US_stocks.import_stocks_data - ABNAF
[32m2024-06-15 13:31:09 +0000[0m - dagster - [34mINFO[0m - __ASSET_JOB - 26288189-bc66-4fde-8267-2bc995e19d0f - finnhub_US_stocks.import_stocks_data - ABNB
[32m2024-06-15 13:31:10 +0000[0m - dagster - [34mINFO[0m - __ASSET_JOB - 26288189-bc66-4fde-8267-2bc995e19d0f - finnhub_US_stocks.import_stocks_data - ABOIF
[32m2024-06-15 13:31:10 +0000[0m - dagster - [34mINFO[0m - __ASSET_JOB - 26288189-bc66-4fde-8267-2bc995e19d0f - finnhub_US_stocks.import_stocks_data - ABOS
[32m2024-06-15 13:31:10 +0000[0m - dagster - [34mINFO[0m - __ASSET_JOB - 26288189-bc66-4fde-8267-2bc995e19d0f - finnhub_US_stocks.import_stocks_data - ABPR
[32m2024-06-15 13:31:10 +0000[0m - dagster - [34mINFO[0m - __ASSET_JOB - 26288189-bc66-4fde-8267-2bc995e19d0f - finnhub_US_stocks.import_stocks_data - ABQQ
[32m2024-06-15 13:31:10 +0000[0m - dagster - [34mINFO[0m - __ASSET_JOB - 26288189-bc66-4fde-8267-2bc995e19d0f - finnhub_US_stocks.import_stocks_data - ABRMF
[32m2024-06-15 13:31:10 +0000[0m - dagster - [34mINFO[0m - __ASSET_JOB - 26288189-bc66-4fde-8267-2bc995e19d0f - finnhub_US_stocks.import_stocks_data - ABSCF
[32m2024-06-15 13:31:10 +0000[0m - dagster - [34mINFO[0m - __ASSET_JOB - 26288189-bc66-4fde-8267-2bc995e19d0f - finnhub_US_stocks.import_stocks_data - ABSI
[32m2024-06-15 13:31:10 +0000[0m - dagster - [34mINFO[0m - __ASSET_JOB - 26288189-bc66-4fde-8267-2bc995e19d0f - finnhub_US_stocks.import_stocks_data - ABSSF
[32m2024-06-15 13:31:10 +0000[0m - dagster - [34mINFO[0m - __ASSET_JOB - 26288189-bc66-4fde-8267-2bc995e19d0f - finnhub_US_stocks.import_stocks_data - ABT
[32m2024-06-15 13:31:10 +0000[0m - dagster - [34mINFO[0m - __ASSET_JOB - 26288189-bc66-4fde-8267-2bc995e19d0f - finnhub_US_stocks.import_stocks_data - ABTI
[32m2024-06-15 13:31:10 +0000[0m - dagster - [34mINFO[0m - __ASSET_JOB - 26288189-bc66-4fde-8267-2bc995e19d0f - finnhub_US_stocks.import_stocks_data - ABTO
[32m2024-06-15 13:31:10 +0000[0m - dagster - [34mINFO[0m - __ASSET_JOB - 26288189-bc66-4fde-8267-2bc995e19d0f - finnhub_US_stocks.import_stocks_data - ABTS
[32m2024-06-15 13:31:10 +0000[0m - dagster - [34mINFO[0m - __ASSET_JOB - 26288189-bc66-4fde-8267-2bc995e19d0f - finnhub_US_stocks.import_stocks_data - ABUS
[32m2024-06-15 13:31:10 +0000[0m - dagster - [34mINFO[0m - __ASSET_JOB - 26288189-bc66-4fde-8267-2bc995e19d0f - finnhub_US_stocks.import_stocks_data - ABVC
[32m2024-06-15 13:31:10 +0000[0m - dagster - [34mDEBUG[0m - __ASSET_JOB - 26288189-bc66-4fde-8267-2bc995e19d0f - 143529 - finnhub_US_stocks.import_stocks_data - STEP_OUTPUT - Yielded output "result" of type "Any". (Type check passed).
[32m2024-06-15 13:31:10 +0000[0m - dagster - [34mDEBUG[0m - __ASSET_JOB - 26288189-bc66-4fde-8267-2bc995e19d0f - finnhub_US_stocks.import_stocks_data - Writing S3 object at: s3://dagster-api/raw/2024-06-15/finnhub_US_stocks_ABCL.json
[32m2024-06-15 13:31:10 +0000[0m - dagster - [34mWARNING[0m - __ASSET_JOB - 26288189-bc66-4fde-8267-2bc995e19d0f - finnhub_US_stocks.import_stocks_data - Removing existing S3 object: raw/2024-06-15/finnhub_US_stocks_ABCL.json
[32m2024-06-15 13:31:11 +0000[0m - dagster - [34mDEBUG[0m - __ASSET_JOB - 26288189-bc66-4fde-8267-2bc995e19d0f - 143529 - finnhub_US_stocks.import_stocks_data - ASSET_MATERIALIZATION - Materialized value finnhub_US_stocks.
[32m2024-06-15 13:31:11 +0000[0m - dagster - [34mDEBUG[0m - __ASSET_JOB - 26288189-bc66-4fde-8267-2bc995e19d0f - 143529 - finnhub_US_stocks.import_stocks_data - HANDLED_OUTPUT - Handled output "result" using IO manager "s3_json_io_manager"
[32m2024-06-15 13:31:11 +0000[0m - dagster - [34mDEBUG[0m - __ASSET_JOB - 26288189-bc66-4fde-8267-2bc995e19d0f - 143529 - finnhub_US_stocks.import_stocks_data - STEP_SUCCESS - Finished execution of step "finnhub_US_stocks.import_stocks_data" in 1m10s.
