[32m2024-05-25 08:51:53 +0000[0m - dagster - [34mDEBUG[0m - __ASSET_JOB - bb640341-24c0-4e4f-bd65-32116749f9f0 - 46029 - LOGS_CAPTURED - Started capturing logs in process (pid: 46029).
[32m2024-05-25 08:51:53 +0000[0m - dagster - [34mDEBUG[0m - __ASSET_JOB - bb640341-24c0-4e4f-bd65-32116749f9f0 - 46029 - spark_operator.merge_and_analyze - STEP_RESTARTED - Started re-execution (attempt # 3) of step "spark_operator.merge_and_analyze".
[32m2024-05-25 08:51:53 +0000[0m - dagster - [34mDEBUG[0m - __ASSET_JOB - bb640341-24c0-4e4f-bd65-32116749f9f0 - 46029 - spark_operator.merge_and_analyze - STEP_INPUT - Got input "df_list" of type "Any". (Type check passed).
[32m2024-05-25 08:51:53 +0000[0m - dagster - [34mERROR[0m - [31m__ASSET_JOB - bb640341-24c0-4e4f-bd65-32116749f9f0 - 46029 - spark_operator.merge_and_analyze - STEP_FAILURE - Execution of step "spark_operator.merge_and_analyze" failed.

Exceeded max_retries of 2:

KeyError: 'mtrc'

Stack Trace:
  File "/workspace/.pyenv_mirror/user/current/lib/python3.12/site-packages/dagster/_core/execution/plan/utils.py", line 54, in op_execution_error_boundary
    yield
  File "/workspace/.pyenv_mirror/user/current/lib/python3.12/site-packages/dagster/_utils/__init__.py", line 468, in iterate_with_context
    next_output = next(iterator)
                  ^^^^^^^^^^^^^^
  File "/workspace/.pyenv_mirror/user/current/lib/python3.12/site-packages/dagster/_core/execution/plan/compute_generator.py", line 141, in _coerce_op_compute_fn_to_iterator
    result = invoke_compute_fn(
             ^^^^^^^^^^^^^^^^^^
  File "/workspace/.pyenv_mirror/user/current/lib/python3.12/site-packages/dagster/_core/execution/plan/compute_generator.py", line 129, in invoke_compute_fn
    return fn(context, **args_to_pass) if context_arg_provided else fn(**args_to_pass)
           ^^^^^^^^^^^^^^^^^^^^^^^^^^^
  File "/workspace/practical-data-engineering/finnhub-batch-stock-pipeline/finnhub_batch_stock_pipeline/assets/spark_transformations.py", line 344, in merge_and_analyze
    schema = schemas['mtrc'])
             ~~~~~~~^^^^^^^^
[0m
