[32m2024-05-23 04:50:19 +0000[0m - dagster - [34mDEBUG[0m - __ASSET_JOB - a9caa34f-e5f8-4cbf-85de-af7f89adcce9 - 968191 - LOGS_CAPTURED - Started capturing logs in process (pid: 968191).
[32m2024-05-23 04:50:20 +0000[0m - dagster - [34mDEBUG[0m - __ASSET_JOB - a9caa34f-e5f8-4cbf-85de-af7f89adcce9 - 968191 - spark_operator.create_stock_tables[stock_AACAF] - STEP_START - Started execution of step "spark_operator.create_stock_tables[stock_AACAF]".
[32m2024-05-23 04:50:20 +0000[0m - dagster - [34mDEBUG[0m - __ASSET_JOB - a9caa34f-e5f8-4cbf-85de-af7f89adcce9 - spark_operator.create_stock_tables[stock_AACAF] - Loading file from: /workspace/practical-data-engineering/finnhub-batch-stock-pipeline/home/storage/a9caa34f-e5f8-4cbf-85de-af7f89adcce9/spark_operator.stock_tables/result/stock_AACAF using PickledObjectFilesystemIOManager...
[32m2024-05-23 04:50:20 +0000[0m - dagster - [34mDEBUG[0m - __ASSET_JOB - a9caa34f-e5f8-4cbf-85de-af7f89adcce9 - 968191 - spark_operator.create_stock_tables[stock_AACAF] - LOADED_INPUT - Loaded input "input_fn" using input manager "io_manager", from output "result" of step "spark_operator.stock_tables"
[32m2024-05-23 04:50:20 +0000[0m - dagster - [34mDEBUG[0m - __ASSET_JOB - a9caa34f-e5f8-4cbf-85de-af7f89adcce9 - 968191 - spark_operator.create_stock_tables[stock_AACAF] - STEP_INPUT - Got input "input_fn" of type "Any". (Type check passed).
[32m2024-05-23 04:51:01 +0000[0m - dagster - [34mINFO[0m - __ASSET_JOB - a9caa34f-e5f8-4cbf-85de-af7f89adcce9 - spark_operator.create_stock_tables[stock_AACAF] - Row(10DayAverageTradingVolume=7.68629, 13WeekPriceReturnDaily=37.7607, 26WeekPriceReturnDaily=48.5207, 3MonthADReturnStd=48.6216, 3MonthAverageTradingVolume=5.67824, 52WeekHigh=28.55, 52WeekHighDate='2024-05-14', 52WeekLow=12.86, 52WeekLowDate='2023-09-27', 52WeekPriceReturnDaily=10.9134, 5DayPriceReturnDaily=-3.4615, assetTurnoverAnnual=0.5248, assetTurnoverTTM=0.5214, beta=0.6726195, bookValuePerShareAnnual=18.2574, bookValuePerShareQuarterly=18.2574, bookValueShareGrowth5Y=3.27, capexCagr5Y=-17.5, cashFlowPerShareAnnual=2.5804, cashFlowPerShareQuarterly=2.5804, cashFlowPerShareTTM=1.39824, cashPerSharePerShareAnnual=5.6942, cashPerSharePerShareQuarterly=5.6942, currentDividendYieldTTM=0.4376, currentEv/freeCashFlowAnnual=9.8881, currentEv/freeCashFlowTTM=9.8881, currentRatioAnnual=1.6316, currentRatioQuarterly=1.6316, dividendGrowthRate5Y=-42.9, dividendPerShareAnnual=0.1085, dividendPerShareTTM=0.1085, dividendYieldIndicatedAnnual=0.40241447, ebitdPerShareAnnual=1.0285, ebitdPerShareTTM=1.0679, ebitdaCagr5Y=-28.17, ebitdaInterimCagr5Y=-6.85, enterpriseValue=30580.4, epsAnnual=0.6259, epsBasicExclExtraItemsAnnual=0.6259, epsBasicExclExtraItemsTTM=0.6271, epsExclExtraItemsAnnual=0.6259, epsExclExtraItemsTTM=0.6271, epsGrowth3Y=-20.52, epsGrowth5Y=-27.42, epsGrowthQuarterlyYoy=156.75, epsGrowthTTMYoy=-8.51, epsInclExtraItemsAnnual=0.6259, epsInclExtraItemsTTM=0.6271, epsNormalizedAnnual=0.6259, epsTTM=0.6271, focfCagr5Y=2.29, grossMargin5Y=22.63, grossMarginAnnual=16.9, grossMarginTTM=19.24, inventoryTurnoverAnnual=4.5896, inventoryTurnoverTTM=4.5896, longTermDebt/equityAnnual=0.2462, longTermDebt/equityQuarterly=0.2462, marketCapitalization=29782.725, monthToDatePriceReturnDaily=0.4, netIncomeEmployeeAnnual=0.0285, netIncomeEmployeeTTM=0.0285, netInterestCoverageAnnual=5.6848, netInterestCoverageTTM=7.3784, netMarginGrowth5Y=-29.57, netProfitMargin5Y=7.26, netProfitMarginAnnual=3.63, netProfitMarginTTM=5.27, operatingMargin5Y=9.7, operatingMarginAnnual=5.87, operatingMarginTTM=7.36, payoutRatioAnnual=17.6, payoutRatioTTM=86.71, pbAnnual=1.1785, pbQuarterly=1.1785, pcfShareAnnual=6.429, pcfShareTTM=6.429, peAnnual=40.2268, peBasicExclExtraTTM=40.2268, peExclExtraAnnual=24.96958, peExclExtraTTM=40.2268, peInclExtraTTM=40.2268, peNormalizedAnnual=40.2268, peTTM=40.2268, pfcfShareAnnual=9.6301, pfcfShareTTM=9.6301, pretaxMargin5Y=8.02, pretaxMarginAnnual=4.03, pretaxMarginTTM=5.79, priceRelativeToS&P50013Week=30.7956, priceRelativeToS&P50026Week=30.1065, priceRelativeToS&P5004Week=-0.985, priceRelativeToS&P50052Week=8.97345, priceRelativeToS&P500Ytd=-5.5237, psAnnual=1.4586, psTTM=1.4586, ptbvAnnual=1.2111, ptbvQuarterly=1.2111, quickRatioAnnual=1.3362, quickRatioQuarterly=1.3362, receivablesTurnoverAnnual=3.7104, receivablesTurnoverTTM=3.7104, revenueEmployeeAnnual=0.7866, revenueEmployeeTTM=0.7866, revenueGrowth3Y=6.01, revenueGrowth5Y=2.41, revenueGrowthQuarterlyYoy=91.77, revenueGrowthTTMYoy=-1, revenuePerShareAnnual=17.2607, revenuePerShareTTM=17.3159, revenueShareGrowth5Y=3.06, roa5Y=3.49, roaRfy=1.9, roaTTM=1.8900000000000001, roe5Y=6.36, roeRfy=3.38, roeTTM=3.4099999999999997, roi5Y=4.4, roiAnnual=2.5100000000000002, roiTTM=2.4299999999999997, tangibleBookValuePerShareAnnual=17.7662, tangibleBookValuePerShareQuarterly=17.7662, tbvCagr5Y=2.78, totalDebt/totalEquityAnnual=0.3483, totalDebt/totalEquityQuarterly=0.3483, yearToDatePriceReturnDaily=8.1897)
[32m2024-05-23 04:51:55 +0000[0m - dagster - [34mINFO[0m - __ASSET_JOB - a9caa34f-e5f8-4cbf-85de-af7f89adcce9 - spark_operator.create_stock_tables[stock_AACAF] - Row(date='2002-12-31', quarterly.assetTurnoverTTM=None, quarterly.bookValue=None, quarterly.cashRatio=None, quarterly.currentRatio=None, quarterly.ebitPerShare=None, quarterly.eps=None, quarterly.ev=None, quarterly.fcfMargin=None, quarterly.fcfPerShareTTM=None, quarterly.grossMargin=None, quarterly.inventoryTurnoverTTM=None, quarterly.longtermDebtTotalAsset=None, quarterly.longtermDebtTotalCapital=None, quarterly.longtermDebtTotalEquity=None, quarterly.netDebtToTotalCapital=None, quarterly.netDebtToTotalEquity=None, quarterly.netMargin=None, quarterly.operatingMargin=None, quarterly.payoutRatioTTM=None, quarterly.pb=None, quarterly.peTTM=None, quarterly.pfcfTTM=None, quarterly.pretaxMargin=None, quarterly.psTTM=None, quarterly.ptbv=None, quarterly.quickRatio=None, quarterly.receivablesTurnoverTTM=None, quarterly.roaTTM=None, quarterly.roeTTM=None, quarterly.roicTTM=None, quarterly.rotcTTM=None, quarterly.salesPerShare=None, quarterly.sgaToSale=None, quarterly.tangibleBookValue=None, quarterly.totalDebtToEquity=None, quarterly.totalDebtToTotalAsset=None, quarterly.totalDebtToTotalCapital=None, quarterly.totalRatio=None, annual.bookValue=None, annual.cashRatio=0.572463768115942, annual.currentRatio=1.558, annual.ebitPerShare=0.1213, annual.eps=0.0941, annual.ev=None, annual.fcfMargin=None, annual.grossMargin=0.5377, annual.inventoryTurnover=None, annual.longtermDebtTotalAsset=None, annual.longtermDebtTotalCapital=None, annual.longtermDebtTotalEquity=None, annual.netDebtToTotalCapital=-0.1459, annual.netDebtToTotalEquity=-0.1809, annual.netMargin=0.283, annual.operatingMargin=0.3648, annual.payoutRatio=None, annual.pb=None, annual.pe=None, annual.pfcf=None, annual.pretaxMargin=0.3616, annual.ps=None, annual.ptbv=None, annual.quickRatio=1.3261, annual.receivablesTurnover=None, annual.roa=0.2586, annual.roe=0.4787, annual.roic=0.3863, annual.rotc=0.4979, annual.salesPerShare=0.3326, annual.sgaToSale=0.4623, annual.tangibleBookValue=None, annual.totalDebtToEquity=0.2394, annual.totalDebtToTotalAsset=0.1293, annual.totalDebtToTotalCapital=0.1931, annual.totalRatio=2.175)
[32m2024-05-23 04:52:55 +0000[0m - dagster - [34mDEBUG[0m - __ASSET_JOB - a9caa34f-e5f8-4cbf-85de-af7f89adcce9 - 968191 - spark_operator.create_stock_tables[stock_AACAF] - STEP_UP_FOR_RETRY - Execution of step "spark_operator.create_stock_tables[stock_AACAF]" failed and has requested a retry in 0.20496158768891984 seconds.

dagster._core.definitions.events.RetryRequested

Stack Trace:
  File "/workspace/.pyenv_mirror/user/current/lib/python3.12/site-packages/dagster/_core/execution/plan/execute_plan.py", line 282, in dagster_event_sequence_for_step
    for step_event in check.generator(step_events):
  File "/workspace/.pyenv_mirror/user/current/lib/python3.12/site-packages/dagster/_core/execution/plan/execute_step.py", line 525, in core_dagster_event_sequence_for_step
    for user_event in _step_output_error_checked_user_event_sequence(
  File "/workspace/.pyenv_mirror/user/current/lib/python3.12/site-packages/dagster/_core/execution/plan/execute_step.py", line 203, in _step_output_error_checked_user_event_sequence
    for user_event in user_event_sequence:
  File "/workspace/.pyenv_mirror/user/current/lib/python3.12/site-packages/dagster/_core/execution/plan/execute_step.py", line 100, in _process_asset_results_to_events
    for user_event in user_event_sequence:
  File "/workspace/.pyenv_mirror/user/current/lib/python3.12/site-packages/dagster/_core/execution/plan/compute.py", line 208, in execute_core_compute
    for step_output in _yield_compute_results(step_context, inputs, compute_fn, compute_context):
  File "/workspace/.pyenv_mirror/user/current/lib/python3.12/site-packages/dagster/_core/execution/plan/compute.py", line 177, in _yield_compute_results
    for event in iterate_with_context(
  File "/workspace/.pyenv_mirror/user/current/lib/python3.12/site-packages/dagster/_utils/__init__.py", line 466, in iterate_with_context
    with context_fn():
  File "/home/gitpod/.pyenv/versions/3.12.3/lib/python3.12/contextlib.py", line 158, in __exit__
    self.gen.throw(value)
  File "/workspace/.pyenv_mirror/user/current/lib/python3.12/site-packages/dagster/_core/execution/plan/utils.py", line 94, in op_execution_error_boundary
    raise RetryRequested(

The above exception was caused by the following exception:
dagster._core.errors.DagsterExecutionInterruptedError

Stack Trace:
  File "/workspace/.pyenv_mirror/user/current/lib/python3.12/site-packages/dagster/_core/execution/plan/utils.py", line 54, in op_execution_error_boundary
    yield
  File "/workspace/.pyenv_mirror/user/current/lib/python3.12/site-packages/dagster/_utils/__init__.py", line 468, in iterate_with_context
    next_output = next(iterator)
                  ^^^^^^^^^^^^^^
  File "/workspace/.pyenv_mirror/user/current/lib/python3.12/site-packages/dagster/_core/execution/plan/compute_generator.py", line 141, in _coerce_op_compute_fn_to_iterator
    result = invoke_compute_fn(
             ^^^^^^^^^^^^^^^^^^
  File "/workspace/.pyenv_mirror/user/current/lib/python3.12/site-packages/dagster/_core/execution/plan/compute_generator.py", line 129, in invoke_compute_fn
    return fn(context, **args_to_pass) if context_arg_provided else fn(**args_to_pass)
           ^^^^^^^^^^^^^^^^^^^^^^^^^^^
  File "/workspace/practical-data-engineering/finnhub-batch-stock-pipeline/finnhub_batch_stock_pipeline/assets/spark_transformations.py", line 232, in create_stock_tables
    series = get_result_dataframe(srs, srssymbol, spark)
             ^^^^^^^^^^^^^^^^^^^^^^^^^^^^^^^^^^^^^^^^^^^
  File "/workspace/.pyenv_mirror/user/current/lib/python3.12/site-packages/dagster/_core/definitions/op_definition.py", line 461, in __call__
    return direct_invocation_result(self, *args, **kwargs)
           ^^^^^^^^^^^^^^^^^^^^^^^^^^^^^^^^^^^^^^^^^^^^^^^
  File "/workspace/.pyenv_mirror/user/current/lib/python3.12/site-packages/dagster/_core/definitions/op_invocation.py", line 228, in direct_invocation_result
    result = invoke_compute_fn(
             ^^^^^^^^^^^^^^^^^^
  File "/workspace/.pyenv_mirror/user/current/lib/python3.12/site-packages/dagster/_core/execution/plan/compute_generator.py", line 129, in invoke_compute_fn
    return fn(context, **args_to_pass) if context_arg_provided else fn(**args_to_pass)
                                                                    ^^^^^^^^^^^^^^^^^^
  File "/workspace/practical-data-engineering/finnhub-batch-stock-pipeline/finnhub_batch_stock_pipeline/assets/spark_transformations.py", line 48, in get_result_dataframe
    df1df2 = df.rdd.zip(df_s.rdd).map(lambda x: x[0]+x[1])
                        ^^^^^^^^
  File "/workspace/.pyenv_mirror/user/current/lib/python3.12/site-packages/pyspark/sql/dataframe.py", line 214, in rdd
    jrdd = self._jdf.javaToPython()
           ^^^^^^^^^^^^^^^^^^^^^^^^
  File "/workspace/.pyenv_mirror/user/current/lib/python3.12/site-packages/py4j/java_gateway.py", line 1321, in __call__
    answer = self.gateway_client.send_command(command)
             ^^^^^^^^^^^^^^^^^^^^^^^^^^^^^^^^^^^^^^^^^
  File "/workspace/.pyenv_mirror/user/current/lib/python3.12/site-packages/py4j/java_gateway.py", line 1038, in send_command
    response = connection.send_command(command)
               ^^^^^^^^^^^^^^^^^^^^^^^^^^^^^^^^
  File "/workspace/.pyenv_mirror/user/current/lib/python3.12/site-packages/py4j/clientserver.py", line 511, in send_command
    answer = smart_decode(self.stream.readline()[:-1])
                          ^^^^^^^^^^^^^^^^^^^^^^
  File "/home/gitpod/.pyenv/versions/3.12.3/lib/python3.12/socket.py", line 707, in readinto
    return self._sock.recv_into(b)
           ^^^^^^^^^^^^^^^^^^^^^^^
  File "/workspace/.pyenv_mirror/user/current/lib/python3.12/site-packages/dagster/_utils/interrupts.py", line 82, in _new_signal_handler
    raise error_cls()

