[32m2024-05-23 04:50:22 +0000[0m - dagster - [34mDEBUG[0m - __ASSET_JOB - a9caa34f-e5f8-4cbf-85de-af7f89adcce9 - 968144 - LOGS_CAPTURED - Started capturing logs in process (pid: 968144).
[32m2024-05-23 04:50:22 +0000[0m - dagster - [34mDEBUG[0m - __ASSET_JOB - a9caa34f-e5f8-4cbf-85de-af7f89adcce9 - 968144 - spark_operator.create_stock_tables[stock_AA] - STEP_START - Started execution of step "spark_operator.create_stock_tables[stock_AA]".
[32m2024-05-23 04:50:22 +0000[0m - dagster - [34mDEBUG[0m - __ASSET_JOB - a9caa34f-e5f8-4cbf-85de-af7f89adcce9 - spark_operator.create_stock_tables[stock_AA] - Loading file from: /workspace/practical-data-engineering/finnhub-batch-stock-pipeline/home/storage/a9caa34f-e5f8-4cbf-85de-af7f89adcce9/spark_operator.stock_tables/result/stock_AA using PickledObjectFilesystemIOManager...
[32m2024-05-23 04:50:22 +0000[0m - dagster - [34mDEBUG[0m - __ASSET_JOB - a9caa34f-e5f8-4cbf-85de-af7f89adcce9 - 968144 - spark_operator.create_stock_tables[stock_AA] - LOADED_INPUT - Loaded input "input_fn" using input manager "io_manager", from output "result" of step "spark_operator.stock_tables"
[32m2024-05-23 04:50:22 +0000[0m - dagster - [34mDEBUG[0m - __ASSET_JOB - a9caa34f-e5f8-4cbf-85de-af7f89adcce9 - 968144 - spark_operator.create_stock_tables[stock_AA] - STEP_INPUT - Got input "input_fn" of type "Any". (Type check passed).
[32m2024-05-23 04:51:03 +0000[0m - dagster - [34mINFO[0m - __ASSET_JOB - a9caa34f-e5f8-4cbf-85de-af7f89adcce9 - spark_operator.create_stock_tables[stock_AA] - Row(10DayAverageTradingVolume=1.18425, 13WeekPriceReturnDaily=65.193, 26WeekPriceReturnDaily=68.4754, 3MonthADReturnStd=46.294697, 3MonthAverageTradingVolume=1.38202, 52WeekHigh=44.56, 52WeekHighDate='2024-05-21', 52WeekLow=23.09, 52WeekLowDate='2023-10-23', 52WeekPriceReturnDaily=21.1264, 5DayPriceReturnDaily=10.1149, assetTurnoverAnnual=0.7454, assetTurnoverTTM=0.7416, beta=1.7789694, bookValuePerShareAnnual=23.8188, bookValuePerShareQuarterly=22.2433, bookValueShareGrowth5Y=-4.77, capexCagr5Y=5.88, cashFlowPerShareAnnual=-2.4654, cashFlowPerShareQuarterly=-2.8848, cashFlowPerShareTTM=-1.96629, cashPerSharePerShareAnnual=5.2893, cashPerSharePerShareQuarterly=7.5629, currentDividendYieldTTM=0.9671, currentEv/freeCashFlowAnnual=64.46702, currentRatioAnnual=1.4538, currentRatioQuarterly=1.6051, dividendPerShareAnnual=0.4051, dividendPerShareTTM=0.4079, dividendYieldIndicatedAnnual=0.9072352, ebitdPerShareAnnual=1.8202, ebitdPerShareTTM=1.0715, ebitdaCagr5Y=-33.08, ebitdaInterimCagr5Y=None, enterpriseValue=8738.6895, epsAnnual=-3.6573, epsBasicExclExtraItemsAnnual=-3.6573, epsBasicExclExtraItemsTTM=-3.7672999999999996, epsExclExtraItemsAnnual=-3.6573, epsExclExtraItemsTTM=-3.7672999999999996, epsGrowth3Y=None, epsGrowth5Y=None, epsGrowthQuarterlyYoy=None, epsGrowthTTMYoy=None, epsInclExtraItemsAnnual=-3.6573, epsInclExtraItemsTTM=-3.7672999999999996, epsNormalizedAnnual=-3.6573, epsTTM=-3.7672999999999996, focfCagr5Y=None, grossMargin5Y=16.4, grossMarginAnnual=6.99, grossMarginTTM=7.5, inventoryTurnoverAnnual=4.2805, inventoryTurnoverTTM=4.4173, longTermDebt/equityAnnual=0.4074, longTermDebt/equityQuarterly=0.6182, marketCapitalization=7548.6895, monthToDatePriceReturnDaily=25.4696, netIncomeEmployeeAnnual=-0.0497, netIncomeEmployeeTTM=-0.0513, netInterestCoverageAnnual=-1.6036, netInterestCoverageTTM=-1.1159, netMarginGrowth5Y=None, netProfitMargin5Y=-3.25, netProfitMarginAnnual=-6.17, netProfitMarginTTM=-9.7, operatingMargin5Y=2.82, operatingMarginAnnual=-3.25, operatingMarginTTM=-9.2, pbAnnual=1.4274, pbQuarterly=1.5294, pcfShareAnnual=82.9526, pcfShareTTM=243.5061, peAnnual=None, peBasicExclExtraTTM=None, peExclExtraTTM=None, peInclExtraTTM=None, peNormalizedAnnual=None, peTTM=None, pfcfShareAnnual=22.0722, pfcfShareTTM=754.869, pretaxMargin5Y=1.53, pretaxMarginAnnual=-5.54, pretaxMarginTTM=-12.5, priceRelativeToS&P50013Week=58.2279, priceRelativeToS&P50026Week=50.0612, priceRelativeToS&P5004Week=17.0663, priceRelativeToS&P50052Week=-5.7534, priceRelativeToS&P500Ytd=17.8842, psAnnual=0.7154, psTTM=0.7203, ptbvAnnual=1.44, ptbvQuarterly=1.5434, quickRatioAnnual=0.6218, quickRatioQuarterly=0.8112, receivablesTurnoverAnnual=14.7155, receivablesTurnoverTTM=12.9223, revenueEmployeeAnnual=0.8054, revenueEmployeeTTM=0.8, revenueGrowth3Y=4.35, revenueGrowth5Y=-4.67, revenueGrowthQuarterlyYoy=-2.66, revenueGrowthTTMYoy=-11.4, revenuePerShareAnnual=59.2753, revenuePerShareTTM=58.5475, revenueShareGrowth5Y=-3.52, roa5Y=-2.28, roaRfy=-4.6, roaTTM=-4.760000000000001, roe5Y=-8.21, roeRfy=-15.310000000000002, roeTTM=-15.28, roi5Y=-5.54, roiAnnual=-10.639999999999999, roiTTM=-10.51, tangibleBookValuePerShareAnnual=23.6115, tangibleBookValuePerShareQuarterly=22.0428, tbvCagr5Y=-5.4, totalDebt/totalEquityAnnual=0.4392, totalDebt/totalEquityQuarterly=0.638, yearToDatePriceReturnDaily=29.6765)
[32m2024-05-23 04:51:58 +0000[0m - dagster - [34mINFO[0m - __ASSET_JOB - a9caa34f-e5f8-4cbf-85de-af7f89adcce9 - spark_operator.create_stock_tables[stock_AA] - Row(date='2013-12-31', quarterly.assetTurnoverTTM=None, quarterly.bookValue=None, quarterly.cashRatio=None, quarterly.currentRatio=None, quarterly.ebitPerShare=None, quarterly.eps=None, quarterly.ev=None, quarterly.fcfMargin=None, quarterly.fcfPerShareTTM=None, quarterly.grossMargin=None, quarterly.inventoryTurnoverTTM=None, quarterly.longtermDebtTotalAsset=None, quarterly.longtermDebtTotalCapital=None, quarterly.longtermDebtTotalEquity=None, quarterly.netDebtToTotalCapital=None, quarterly.netDebtToTotalEquity=None, quarterly.netMargin=None, quarterly.operatingMargin=None, quarterly.pb=None, quarterly.peTTM=None, quarterly.pfcfTTM=None, quarterly.pretaxMargin=None, quarterly.psTTM=None, quarterly.ptbv=None, quarterly.quickRatio=None, quarterly.receivablesTurnoverTTM=None, quarterly.roaTTM=None, quarterly.roeTTM=None, quarterly.roicTTM=None, quarterly.rotcTTM=None, quarterly.salesPerShare=None, quarterly.sgaToSale=None, quarterly.tangibleBookValue=None, quarterly.totalDebtToEquity=None, quarterly.totalDebtToTotalAsset=None, quarterly.totalDebtToTotalCapital=None, quarterly.totalRatio=None, annual.bookValue=None, annual.cashRatio=None, annual.currentRatio=None, annual.ebitPerShare=-13.3064, annual.eps=-15.9425, annual.ev=None, annual.fcfMargin=None, annual.grossMargin=0.1219, annual.inventoryTurnover=None, annual.longtermDebtTotalAsset=None, annual.longtermDebtTotalCapital=None, annual.longtermDebtTotalEquity=None, annual.netDebtToTotalCapital=None, annual.netDebtToTotalEquity=None, annual.netMargin=-0.2314, annual.operatingMargin=-0.1931, annual.payoutRatio=None, annual.pb=None, annual.pe=None, annual.pfcf=None, annual.pretaxMargin=-0.2185, annual.ps=None, annual.ptbv=None, annual.quickRatio=None, annual.receivablesTurnover=None, annual.roa=None, annual.roe=None, annual.roic=None, annual.rotc=None, annual.salesPerShare=68.9052, annual.sgaToSale=0.8781, annual.tangibleBookValue=None, annual.totalDebtToEquity=None, annual.totalDebtToTotalAsset=None, annual.totalDebtToTotalCapital=None, annual.totalRatio=None)
[32m2024-05-23 04:52:55 +0000[0m - dagster - [34mDEBUG[0m - __ASSET_JOB - a9caa34f-e5f8-4cbf-85de-af7f89adcce9 - 968144 - spark_operator.create_stock_tables[stock_AA] - STEP_UP_FOR_RETRY - Execution of step "spark_operator.create_stock_tables[stock_AA]" failed and has requested a retry in 0.2041716100426414 seconds.

dagster._core.definitions.events.RetryRequested

Stack Trace:
  File "/workspace/.pyenv_mirror/user/current/lib/python3.12/site-packages/dagster/_core/execution/plan/execute_plan.py", line 282, in dagster_event_sequence_for_step
    for step_event in check.generator(step_events):
  File "/workspace/.pyenv_mirror/user/current/lib/python3.12/site-packages/dagster/_core/execution/plan/execute_step.py", line 525, in core_dagster_event_sequence_for_step
    for user_event in _step_output_error_checked_user_event_sequence(
  File "/workspace/.pyenv_mirror/user/current/lib/python3.12/site-packages/dagster/_core/execution/plan/execute_step.py", line 203, in _step_output_error_checked_user_event_sequence
    for user_event in user_event_sequence:
  File "/workspace/.pyenv_mirror/user/current/lib/python3.12/site-packages/dagster/_core/execution/plan/execute_step.py", line 100, in _process_asset_results_to_events
    for user_event in user_event_sequence:
  File "/workspace/.pyenv_mirror/user/current/lib/python3.12/site-packages/dagster/_core/execution/plan/compute.py", line 208, in execute_core_compute
    for step_output in _yield_compute_results(step_context, inputs, compute_fn, compute_context):
  File "/workspace/.pyenv_mirror/user/current/lib/python3.12/site-packages/dagster/_core/execution/plan/compute.py", line 177, in _yield_compute_results
    for event in iterate_with_context(
  File "/workspace/.pyenv_mirror/user/current/lib/python3.12/site-packages/dagster/_utils/__init__.py", line 466, in iterate_with_context
    with context_fn():
  File "/home/gitpod/.pyenv/versions/3.12.3/lib/python3.12/contextlib.py", line 158, in __exit__
    self.gen.throw(value)
  File "/workspace/.pyenv_mirror/user/current/lib/python3.12/site-packages/dagster/_core/execution/plan/utils.py", line 94, in op_execution_error_boundary
    raise RetryRequested(

The above exception was caused by the following exception:
dagster._core.errors.DagsterExecutionInterruptedError

Stack Trace:
  File "/workspace/.pyenv_mirror/user/current/lib/python3.12/site-packages/dagster/_core/execution/plan/utils.py", line 54, in op_execution_error_boundary
    yield
  File "/workspace/.pyenv_mirror/user/current/lib/python3.12/site-packages/dagster/_utils/__init__.py", line 468, in iterate_with_context
    next_output = next(iterator)
                  ^^^^^^^^^^^^^^
  File "/workspace/.pyenv_mirror/user/current/lib/python3.12/site-packages/dagster/_core/execution/plan/compute_generator.py", line 141, in _coerce_op_compute_fn_to_iterator
    result = invoke_compute_fn(
             ^^^^^^^^^^^^^^^^^^
  File "/workspace/.pyenv_mirror/user/current/lib/python3.12/site-packages/dagster/_core/execution/plan/compute_generator.py", line 129, in invoke_compute_fn
    return fn(context, **args_to_pass) if context_arg_provided else fn(**args_to_pass)
           ^^^^^^^^^^^^^^^^^^^^^^^^^^^
  File "/workspace/practical-data-engineering/finnhub-batch-stock-pipeline/finnhub_batch_stock_pipeline/assets/spark_transformations.py", line 232, in create_stock_tables
    series = get_result_dataframe(srs, srssymbol, spark)
             ^^^^^^^^^^^^^^^^^^^^^^^^^^^^^^^^^^^^^^^^^^^
  File "/workspace/.pyenv_mirror/user/current/lib/python3.12/site-packages/dagster/_core/definitions/op_definition.py", line 461, in __call__
    return direct_invocation_result(self, *args, **kwargs)
           ^^^^^^^^^^^^^^^^^^^^^^^^^^^^^^^^^^^^^^^^^^^^^^^
  File "/workspace/.pyenv_mirror/user/current/lib/python3.12/site-packages/dagster/_core/definitions/op_invocation.py", line 228, in direct_invocation_result
    result = invoke_compute_fn(
             ^^^^^^^^^^^^^^^^^^
  File "/workspace/.pyenv_mirror/user/current/lib/python3.12/site-packages/dagster/_core/execution/plan/compute_generator.py", line 129, in invoke_compute_fn
    return fn(context, **args_to_pass) if context_arg_provided else fn(**args_to_pass)
                                                                    ^^^^^^^^^^^^^^^^^^
  File "/workspace/practical-data-engineering/finnhub-batch-stock-pipeline/finnhub_batch_stock_pipeline/assets/spark_transformations.py", line 48, in get_result_dataframe
    df1df2 = df.rdd.zip(df_s.rdd).map(lambda x: x[0]+x[1])
                        ^^^^^^^^
  File "/workspace/.pyenv_mirror/user/current/lib/python3.12/site-packages/pyspark/sql/dataframe.py", line 214, in rdd
    jrdd = self._jdf.javaToPython()
           ^^^^^^^^^^^^^^^^^^^^^^^^
  File "/workspace/.pyenv_mirror/user/current/lib/python3.12/site-packages/py4j/java_gateway.py", line 1321, in __call__
    answer = self.gateway_client.send_command(command)
             ^^^^^^^^^^^^^^^^^^^^^^^^^^^^^^^^^^^^^^^^^
  File "/workspace/.pyenv_mirror/user/current/lib/python3.12/site-packages/py4j/java_gateway.py", line 1038, in send_command
    response = connection.send_command(command)
               ^^^^^^^^^^^^^^^^^^^^^^^^^^^^^^^^
  File "/workspace/.pyenv_mirror/user/current/lib/python3.12/site-packages/py4j/clientserver.py", line 511, in send_command
    answer = smart_decode(self.stream.readline()[:-1])
                          ^^^^^^^^^^^^^^^^^^^^^^
  File "/home/gitpod/.pyenv/versions/3.12.3/lib/python3.12/socket.py", line 707, in readinto
    return self._sock.recv_into(b)
           ^^^^^^^^^^^^^^^^^^^^^^^
  File "/workspace/.pyenv_mirror/user/current/lib/python3.12/site-packages/dagster/_utils/interrupts.py", line 82, in _new_signal_handler
    raise error_cls()

