[32m2024-05-23 04:50:19 +0000[0m - dagster - [34mDEBUG[0m - __ASSET_JOB - a9caa34f-e5f8-4cbf-85de-af7f89adcce9 - 968185 - LOGS_CAPTURED - Started capturing logs in process (pid: 968185).
[32m2024-05-23 04:50:19 +0000[0m - dagster - [34mDEBUG[0m - __ASSET_JOB - a9caa34f-e5f8-4cbf-85de-af7f89adcce9 - 968185 - spark_operator.create_stock_tables[stock_AABVF] - STEP_START - Started execution of step "spark_operator.create_stock_tables[stock_AABVF]".
[32m2024-05-23 04:50:19 +0000[0m - dagster - [34mDEBUG[0m - __ASSET_JOB - a9caa34f-e5f8-4cbf-85de-af7f89adcce9 - spark_operator.create_stock_tables[stock_AABVF] - Loading file from: /workspace/practical-data-engineering/finnhub-batch-stock-pipeline/home/storage/a9caa34f-e5f8-4cbf-85de-af7f89adcce9/spark_operator.stock_tables/result/stock_AABVF using PickledObjectFilesystemIOManager...
[32m2024-05-23 04:50:19 +0000[0m - dagster - [34mDEBUG[0m - __ASSET_JOB - a9caa34f-e5f8-4cbf-85de-af7f89adcce9 - 968185 - spark_operator.create_stock_tables[stock_AABVF] - LOADED_INPUT - Loaded input "input_fn" using input manager "io_manager", from output "result" of step "spark_operator.stock_tables"
[32m2024-05-23 04:50:19 +0000[0m - dagster - [34mDEBUG[0m - __ASSET_JOB - a9caa34f-e5f8-4cbf-85de-af7f89adcce9 - 968185 - spark_operator.create_stock_tables[stock_AABVF] - STEP_INPUT - Got input "input_fn" of type "Any". (Type check passed).
[32m2024-05-23 04:51:01 +0000[0m - dagster - [34mINFO[0m - __ASSET_JOB - a9caa34f-e5f8-4cbf-85de-af7f89adcce9 - spark_operator.create_stock_tables[stock_AABVF] - Row(10DayAverageTradingVolume=0.04624, 13WeekPriceReturnDaily=0, 26WeekPriceReturnDaily=-16.6667, 3MonthADReturnStd=266.41946, 3MonthAverageTradingVolume=0.07332, 52WeekHigh=0.045, 52WeekHighDate='2023-07-13', 52WeekLow=0.015, 52WeekLowDate='2024-03-28', 52WeekPriceReturnDaily=-54.54545, 5DayPriceReturnDaily=0, assetTurnoverAnnual=0.211, assetTurnoverTTM=0.0191, beta=2.1099637, bookValuePerShareAnnual=0.0758, bookValuePerShareQuarterly=0.0758, bookValueShareGrowth5Y=-22.94, capexCagr5Y=None, cashFlowPerShareAnnual=0.0002, cashFlowPerShareQuarterly=0.0002, cashFlowPerShareTTM=-0.13053, cashPerSharePerShareAnnual=0.091, cashPerSharePerShareQuarterly=0.091, currentDividendYieldTTM=0, currentEv/freeCashFlowAnnual=126.5669, currentEv/freeCashFlowTTM=126.5669, currentRatioAnnual=4.9, currentRatioQuarterly=4.9, dividendPerShareAnnual=0, dividendPerShareTTM=0, ebitdPerShareAnnual=-0.1228, ebitdPerShareTTM=-0.1228, ebitdaCagr5Y=None, ebitdaInterimCagr5Y=None, enterpriseValue=3.5945, epsAnnual=-0.1228, epsBasicExclExtraItemsAnnual=-0.1228, epsBasicExclExtraItemsTTM=-0.12290000000000001, epsExclExtraItemsAnnual=-0.1228, epsExclExtraItemsTTM=-0.12290000000000001, epsGrowth3Y=None, epsGrowth5Y=None, epsGrowthQuarterlyYoy=None, epsGrowthTTMYoy=None, epsInclExtraItemsAnnual=-0.1228, epsInclExtraItemsTTM=-0.12290000000000001, epsNormalizedAnnual=-0.1228, epsTTM=-0.12290000000000001, focfCagr5Y=None, grossMargin5Y=99.55, grossMarginAnnual=99.35, grossMarginTTM=97.08, longTermDebt/equityAnnual=0, longTermDebt/equityQuarterly=0, marketCapitalization=3.621932, monthToDatePriceReturnDaily=25, netIncomeEmployeeAnnual=-8.8989, netIncomeEmployeeTTM=-8.8989, netMarginGrowth5Y=-28.83, netProfitMargin5Y=49.94, netProfitMarginAnnual=9.91, netProfitMarginTTM=-172.73, operatingMargin5Y=49.94, operatingMarginAnnual=9.91, operatingMarginTTM=-172.74, pbAnnual=0.3305, pbQuarterly=0.3305, pcfShareAnnual=127.5328, pcfShareTTM=127.5328, peAnnual=None, peBasicExclExtraTTM=None, peExclExtraTTM=None, peInclExtraTTM=None, peNormalizedAnnual=None, peTTM=None, pfcfShareAnnual=127.5328, pfcfShareTTM=54.5883, pretaxMargin5Y=49.94, pretaxMarginAnnual=9.91, pretaxMarginTTM=-172.73, priceRelativeToS&P50013Week=-6.9651, priceRelativeToS&P50026Week=-35.0809, priceRelativeToS&P5004Week=-5.1344, priceRelativeToS&P50052Week=-54.00063, priceRelativeToS&P500Ytd=20.3707, psAnnual=None, psTTM=None, ptbvAnnual=0.12584, ptbvQuarterly=0.17368, quickRatioAnnual=4.8951, quickRatioQuarterly=4.8951, receivablesTurnoverAnnual=-336.8329, receivablesTurnoverTTM=-336.8329, revenueEmployeeAnnual=-7.5872, revenueEmployeeTTM=-7.5872, revenueGrowth3Y=None, revenueGrowth5Y=None, revenueGrowthQuarterlyYoy=None, revenueGrowthTTMYoy=None, revenuePerShareAnnual=-0.1047, revenuePerShareTTM=-0.1047, revenueShareGrowth5Y=None, roa5Y=-31.03, roaRfy=-128.91, roaTTM=-85.63, roe5Y=-37.95, roeRfy=-161.95999999999998, roeTTM=-97.15, roi5Y=-37.85, roiAnnual=-161.37, roiTTM=-96.94, tangibleBookValuePerShareAnnual=0.19867, tangibleBookValuePerShareQuarterly=0.14394, tbvCagr5Y=-11.35182, totalDebt/totalEquityAnnual=0.0036, totalDebt/totalEquityQuarterly=0.0036, yearToDatePriceReturnDaily=25)
[32m2024-05-23 04:51:58 +0000[0m - dagster - [34mINFO[0m - __ASSET_JOB - a9caa34f-e5f8-4cbf-85de-af7f89adcce9 - spark_operator.create_stock_tables[stock_AABVF] - Row(date='2003-01-31', quarterly.assetTurnoverTTM=None, quarterly.bookValue=None, quarterly.cashRatio=None, quarterly.currentRatio=None, quarterly.ebitPerShare=None, quarterly.eps=None, quarterly.ev=None, quarterly.fcfMargin=None, quarterly.fcfPerShareTTM=None, quarterly.grossMargin=None, quarterly.longtermDebtTotalAsset=None, quarterly.longtermDebtTotalCapital=None, quarterly.longtermDebtTotalEquity=None, quarterly.netDebtToTotalCapital=None, quarterly.netDebtToTotalEquity=None, quarterly.netMargin=None, quarterly.operatingMargin=None, quarterly.pb=None, quarterly.peTTM=None, quarterly.pfcfTTM=None, quarterly.pretaxMargin=None, quarterly.psTTM=None, quarterly.quickRatio=None, quarterly.receivablesTurnoverTTM=None, quarterly.roaTTM=None, quarterly.roeTTM=None, quarterly.roicTTM=None, quarterly.rotcTTM=None, quarterly.salesPerShare=None, quarterly.sgaToSale=None, quarterly.totalDebtToEquity=None, quarterly.totalDebtToTotalAsset=None, quarterly.totalDebtToTotalCapital=None, quarterly.totalRatio=None, annual.bookValue=None, annual.cashRatio=1.0, annual.currentRatio=1.0, annual.ebitPerShare=-0.063, annual.eps=-0.063, annual.ev=2.8887, annual.fcfMargin=None, annual.grossMargin=None, annual.longtermDebtTotalAsset=None, annual.longtermDebtTotalCapital=None, annual.longtermDebtTotalEquity=None, annual.netDebtToTotalCapital=4.0, annual.netDebtToTotalEquity=None, annual.netMargin=None, annual.operatingMargin=None, annual.pb=None, annual.pe=None, annual.pfcf=None, annual.pretaxMargin=None, annual.ps=None, annual.quickRatio=1.0, annual.receivablesTurnover=None, annual.roa=-0.7333, annual.roe=None, annual.roic=None, annual.rotc=None, annual.salesPerShare=0.0, annual.sgaToSale=None, annual.totalDebtToEquity=None, annual.totalDebtToTotalAsset=0.3333, annual.totalDebtToTotalCapital=5.0, annual.totalRatio=0.6)
[32m2024-05-23 04:52:55 +0000[0m - dagster - [34mDEBUG[0m - __ASSET_JOB - a9caa34f-e5f8-4cbf-85de-af7f89adcce9 - 968185 - spark_operator.create_stock_tables[stock_AABVF] - STEP_UP_FOR_RETRY - Execution of step "spark_operator.create_stock_tables[stock_AABVF]" failed and has requested a retry in 0.17063915837264282 seconds.

dagster._core.definitions.events.RetryRequested

Stack Trace:
  File "/workspace/.pyenv_mirror/user/current/lib/python3.12/site-packages/dagster/_core/execution/plan/execute_plan.py", line 282, in dagster_event_sequence_for_step
    for step_event in check.generator(step_events):
  File "/workspace/.pyenv_mirror/user/current/lib/python3.12/site-packages/dagster/_core/execution/plan/execute_step.py", line 525, in core_dagster_event_sequence_for_step
    for user_event in _step_output_error_checked_user_event_sequence(
  File "/workspace/.pyenv_mirror/user/current/lib/python3.12/site-packages/dagster/_core/execution/plan/execute_step.py", line 203, in _step_output_error_checked_user_event_sequence
    for user_event in user_event_sequence:
  File "/workspace/.pyenv_mirror/user/current/lib/python3.12/site-packages/dagster/_core/execution/plan/execute_step.py", line 100, in _process_asset_results_to_events
    for user_event in user_event_sequence:
  File "/workspace/.pyenv_mirror/user/current/lib/python3.12/site-packages/dagster/_core/execution/plan/compute.py", line 208, in execute_core_compute
    for step_output in _yield_compute_results(step_context, inputs, compute_fn, compute_context):
  File "/workspace/.pyenv_mirror/user/current/lib/python3.12/site-packages/dagster/_core/execution/plan/compute.py", line 177, in _yield_compute_results
    for event in iterate_with_context(
  File "/workspace/.pyenv_mirror/user/current/lib/python3.12/site-packages/dagster/_utils/__init__.py", line 466, in iterate_with_context
    with context_fn():
  File "/home/gitpod/.pyenv/versions/3.12.3/lib/python3.12/contextlib.py", line 158, in __exit__
    self.gen.throw(value)
  File "/workspace/.pyenv_mirror/user/current/lib/python3.12/site-packages/dagster/_core/execution/plan/utils.py", line 94, in op_execution_error_boundary
    raise RetryRequested(

The above exception was caused by the following exception:
dagster._core.errors.DagsterExecutionInterruptedError

Stack Trace:
  File "/workspace/.pyenv_mirror/user/current/lib/python3.12/site-packages/dagster/_core/execution/plan/utils.py", line 54, in op_execution_error_boundary
    yield
  File "/workspace/.pyenv_mirror/user/current/lib/python3.12/site-packages/dagster/_utils/__init__.py", line 468, in iterate_with_context
    next_output = next(iterator)
                  ^^^^^^^^^^^^^^
  File "/workspace/.pyenv_mirror/user/current/lib/python3.12/site-packages/dagster/_core/execution/plan/compute_generator.py", line 141, in _coerce_op_compute_fn_to_iterator
    result = invoke_compute_fn(
             ^^^^^^^^^^^^^^^^^^
  File "/workspace/.pyenv_mirror/user/current/lib/python3.12/site-packages/dagster/_core/execution/plan/compute_generator.py", line 129, in invoke_compute_fn
    return fn(context, **args_to_pass) if context_arg_provided else fn(**args_to_pass)
           ^^^^^^^^^^^^^^^^^^^^^^^^^^^
  File "/workspace/practical-data-engineering/finnhub-batch-stock-pipeline/finnhub_batch_stock_pipeline/assets/spark_transformations.py", line 232, in create_stock_tables
    series = get_result_dataframe(srs, srssymbol, spark)
             ^^^^^^^^^^^^^^^^^^^^^^^^^^^^^^^^^^^^^^^^^^^
  File "/workspace/.pyenv_mirror/user/current/lib/python3.12/site-packages/dagster/_core/definitions/op_definition.py", line 461, in __call__
    return direct_invocation_result(self, *args, **kwargs)
           ^^^^^^^^^^^^^^^^^^^^^^^^^^^^^^^^^^^^^^^^^^^^^^^
  File "/workspace/.pyenv_mirror/user/current/lib/python3.12/site-packages/dagster/_core/definitions/op_invocation.py", line 228, in direct_invocation_result
    result = invoke_compute_fn(
             ^^^^^^^^^^^^^^^^^^
  File "/workspace/.pyenv_mirror/user/current/lib/python3.12/site-packages/dagster/_core/execution/plan/compute_generator.py", line 129, in invoke_compute_fn
    return fn(context, **args_to_pass) if context_arg_provided else fn(**args_to_pass)
                                                                    ^^^^^^^^^^^^^^^^^^
  File "/workspace/practical-data-engineering/finnhub-batch-stock-pipeline/finnhub_batch_stock_pipeline/assets/spark_transformations.py", line 48, in get_result_dataframe
    df1df2 = df.rdd.zip(df_s.rdd).map(lambda x: x[0]+x[1])
             ^^^^^^
  File "/workspace/.pyenv_mirror/user/current/lib/python3.12/site-packages/pyspark/sql/dataframe.py", line 214, in rdd
    jrdd = self._jdf.javaToPython()
           ^^^^^^^^^^^^^^^^^^^^^^^^
  File "/workspace/.pyenv_mirror/user/current/lib/python3.12/site-packages/py4j/java_gateway.py", line 1321, in __call__
    answer = self.gateway_client.send_command(command)
             ^^^^^^^^^^^^^^^^^^^^^^^^^^^^^^^^^^^^^^^^^
  File "/workspace/.pyenv_mirror/user/current/lib/python3.12/site-packages/py4j/java_gateway.py", line 1038, in send_command
    response = connection.send_command(command)
               ^^^^^^^^^^^^^^^^^^^^^^^^^^^^^^^^
  File "/workspace/.pyenv_mirror/user/current/lib/python3.12/site-packages/py4j/clientserver.py", line 511, in send_command
    answer = smart_decode(self.stream.readline()[:-1])
                          ^^^^^^^^^^^^^^^^^^^^^^
  File "/home/gitpod/.pyenv/versions/3.12.3/lib/python3.12/socket.py", line 707, in readinto
    return self._sock.recv_into(b)
           ^^^^^^^^^^^^^^^^^^^^^^^
  File "/workspace/.pyenv_mirror/user/current/lib/python3.12/site-packages/dagster/_utils/interrupts.py", line 82, in _new_signal_handler
    raise error_cls()

