[32m2024-05-25 16:09:03 +0000[0m - dagster - [34mDEBUG[0m - __ASSET_JOB - a078a6b2-18e6-4ad5-86ac-a11a9c99a53a - 124316 - LOGS_CAPTURED - Started capturing logs in process (pid: 124316).
[32m2024-05-25 16:09:03 +0000[0m - dagster - [34mDEBUG[0m - __ASSET_JOB - a078a6b2-18e6-4ad5-86ac-a11a9c99a53a - 124316 - fact_tables - STEP_START - Started execution of step "fact_tables".
[32m2024-05-25 16:09:03 +0000[0m - dagster - [34mDEBUG[0m - __ASSET_JOB - a078a6b2-18e6-4ad5-86ac-a11a9c99a53a - fact_tables - Loading S3 object from: s3a://dagster-api/staging/2024-05-25/metric
[32m2024-05-25 16:09:09 +0000[0m - dagster - [34mDEBUG[0m - __ASSET_JOB - a078a6b2-18e6-4ad5-86ac-a11a9c99a53a - 124316 - fact_tables - LOADED_INPUT - Loaded input "metric" using input manager "s3_prqt_io_manager"
[32m2024-05-25 16:09:09 +0000[0m - dagster - [34mDEBUG[0m - __ASSET_JOB - a078a6b2-18e6-4ad5-86ac-a11a9c99a53a - fact_tables - Loading S3 object from: s3a://dagster-api/staging/2024-05-25/series
[32m2024-05-25 16:09:10 +0000[0m - dagster - [34mDEBUG[0m - __ASSET_JOB - a078a6b2-18e6-4ad5-86ac-a11a9c99a53a - 124316 - fact_tables - LOADED_INPUT - Loaded input "series" using input manager "s3_prqt_io_manager"
[32m2024-05-25 16:09:10 +0000[0m - dagster - [34mDEBUG[0m - __ASSET_JOB - a078a6b2-18e6-4ad5-86ac-a11a9c99a53a - 124316 - fact_tables - STEP_INPUT - Got input "metric" of type "Any". (Type check passed).
[32m2024-05-25 16:09:10 +0000[0m - dagster - [34mDEBUG[0m - __ASSET_JOB - a078a6b2-18e6-4ad5-86ac-a11a9c99a53a - 124316 - fact_tables - STEP_INPUT - Got input "series" of type "Any". (Type check passed).
[32m2024-05-25 16:09:20 +0000[0m - dagster - [34mINFO[0m - __ASSET_JOB - a078a6b2-18e6-4ad5-86ac-a11a9c99a53a - fact_tables - Row(10DayAverageTradingVolume='0.03018', 13WeekPriceReturnDaily='125', 26WeekPriceReturnDaily='125', 3MonthADReturnStd='214.58504', 3MonthAverageTradingVolume='0.13861', 52WeekHigh='0.06', 52WeekHighDate='2024-03-04', 52WeekLow='0.015', 52WeekLowDate='2023-11-08', 52WeekPriceReturnDaily='-61.53846', 5DayPriceReturnDaily='0', assetTurnoverAnnual='0.5846', assetTurnoverTTM='1.0046', beta='0.77292067', bookValuePerShareAnnual='0.0252', bookValuePerShareQuarterly='0.0266', bookValueShareGrowth5Y='-7.79', capexCagr5Y='13.3', cashFlowPerShareAnnual='-0.0113', cashFlowPerShareQuarterly='0.0069', cashFlowPerShareTTM='-0.01403', cashPerSharePerShareAnnual='0.0126', cashPerSharePerShareQuarterly='0.0196', currentDividendYieldTTM=None, currentRatioAnnual='2.0231', currentRatioQuarterly='1.7589', dividendPerShareAnnual=None, dividendPerShareTTM=None, ebitdPerShareAnnual='-0.0219', ebitdPerShareTTM='-0.0049', ebitdaCagr5Y=None, ebitdaInterimCagr5Y=None, enterpriseValue='6.0636', epsAnnual='-0.0234', epsBasicExclExtraItemsAnnual='-0.0234', epsBasicExclExtraItemsTTM='-0.0097', epsExclExtraItemsAnnual='-0.0234', epsExclExtraItemsTTM='-0.0097', epsGrowth3Y=None, epsGrowth5Y=None, epsGrowthQuarterlyYoy=None, epsGrowthTTMYoy=None, epsInclExtraItemsAnnual='-0.0234', epsInclExtraItemsTTM='-0.0097', epsNormalizedAnnual='-0.0234', epsTTM='-0.0097', focfCagr5Y=None, grossMarginAnnual='44.4', grossMarginTTM='61.03', inventoryTurnoverTTM='1.5052', longTermDebt/equityAnnual='0', longTermDebt/equityQuarterly='0', marketCapitalization='9.998734', monthToDatePriceReturnDaily='0', netIncomeEmployeeAnnual=None, netIncomeEmployeeTTM=None, netInterestCoverageAnnual='-6.3585', netInterestCoverageTTM=None, netProfitMargin5Y='-165.97', netProfitMarginAnnual='-81.32', netProfitMarginTTM='11.99', operatingMargin5Y='-169.4', operatingMarginAnnual='-84.97', operatingMarginTTM='24.74', pbAnnual='1.7844', pbQuarterly='1.0178', pcfShareAnnual=None, pcfShareTTM='5.9191', peAnnual=None, peBasicExclExtraTTM=None, peExclExtraTTM=None, peInclExtraTTM=None, peNormalizedAnnual=None, peTTM=None, pretaxMargin5Y='-166.67', pretaxMarginAnnual='-84.82', pretaxMarginTTM='19.74', priceRelativeToS&P50013Week='121.3626', priceRelativeToS&P50026Week='108.1797', priceRelativeToS&P5004Week='-3.4825', priceRelativeToS&P50052Week='-61.07745', priceRelativeToS&P500Ytd='38.6362', psAnnual='1.8151', psTTM='0.9359', ptbvAnnual='2.1197', ptbvQuarterly='1.1767', quickRatioAnnual='1.1117', quickRatioQuarterly='1.1384', receivablesTurnoverAnnual='8.5587', receivablesTurnoverTTM='7.9779', revenueEmployeeAnnual=None, revenueEmployeeTTM=None, revenueGrowth3Y='18.65', revenueGrowth5Y='17.05', revenueGrowthQuarterlyYoy='26.41', revenueGrowthTTMYoy='182.62', revenuePerShareAnnual='0.0288', revenuePerShareTTM='0.0481', revenueShareGrowth5Y='-9.94', roa5Y='-82.61', roaRfy='-47.54', roaTTM='-16.220000000000002', roe5Y='-107.43', roeRfy='-79.95', roeTTM='-31.36', roi5Y='-99.78', roiAnnual='-75.72', roiTTM='-29.03', tangibleBookValuePerShareAnnual='0.0212', tangibleBookValuePerShareQuarterly='0.023', tbvCagr5Y='19.84', totalDebt/totalEquityAnnual='0.0559', totalDebt/totalEquityQuarterly='0.0712', yearToDatePriceReturnDaily='50', currentEv/freeCashFlowAnnual=None, currentEv/freeCashFlowTTM='3.9758', dividendGrowthRate5Y=None, dividendYieldIndicatedAnnual=None, grossMargin5Y='43.01', inventoryTurnoverAnnual='1.7223', netMarginGrowth5Y=None, payoutRatioAnnual=None, payoutRatioTTM=None, peExclExtraAnnual=None, pfcfShareAnnual=None, pfcfShareTTM=5.341700077056885, symbol='ACU.V')
[32m2024-05-25 16:09:21 +0000[0m - dagster - [34mERROR[0m - [31m__ASSET_JOB - a078a6b2-18e6-4ad5-86ac-a11a9c99a53a - 124316 - fact_tables - STEP_FAILURE - Execution of step "fact_tables" failed.

dagster._core.errors.DagsterExecutionStepExecutionError: Error occurred while executing op "fact_tables"::

TypeError: Cannot convert Column to pyarrow.lib.RecordBatch

Stack Trace:
  File "/workspace/.pyenv_mirror/user/current/lib/python3.12/site-packages/dagster/_core/execution/plan/utils.py", line 54, in op_execution_error_boundary
    yield
  File "/workspace/.pyenv_mirror/user/current/lib/python3.12/site-packages/dagster/_utils/__init__.py", line 468, in iterate_with_context
    next_output = next(iterator)
                  ^^^^^^^^^^^^^^
  File "/workspace/.pyenv_mirror/user/current/lib/python3.12/site-packages/dagster/_core/execution/plan/compute_generator.py", line 141, in _coerce_op_compute_fn_to_iterator
    result = invoke_compute_fn(
             ^^^^^^^^^^^^^^^^^^
  File "/workspace/.pyenv_mirror/user/current/lib/python3.12/site-packages/dagster/_core/execution/plan/compute_generator.py", line 129, in invoke_compute_fn
    return fn(context, **args_to_pass) if context_arg_provided else fn(**args_to_pass)
           ^^^^^^^^^^^^^^^^^^^^^^^^^^^
  File "/workspace/practical-data-engineering/finnhub-batch-stock-pipeline/finnhub_batch_stock_pipeline/assets/fact_tables.py", line 61, in fact_tables
    metric_fact_lake = pa.Table.from_batches(metric_fact)
                       ^^^^^^^^^^^^^^^^^^^^^^^^^^^^^^^^^^
  File "pyarrow/table.pxi", line 4755, in pyarrow.lib.Table.from_batches
[0m
