[32m2024-06-07 02:28:00 +0000[0m - dagster - [34mDEBUG[0m - __ASSET_JOB - 9479c9ca-d72d-4bad-b685-eb74c287208c - 20063 - LOGS_CAPTURED - Started capturing logs in process (pid: 20063).
[32m2024-06-07 02:28:00 +0000[0m - dagster - [34mDEBUG[0m - __ASSET_JOB - 9479c9ca-d72d-4bad-b685-eb74c287208c - 20063 - spark_operator.create_stock_tables[stock_AABVF] - STEP_START - Started execution of step "spark_operator.create_stock_tables[stock_AABVF]".
[32m2024-06-07 02:28:00 +0000[0m - dagster - [34mDEBUG[0m - __ASSET_JOB - 9479c9ca-d72d-4bad-b685-eb74c287208c - spark_operator.create_stock_tables[stock_AABVF] - Loading file from: /workspaces/practical-data-engineering/finnhub-batch-stock-pipeline/tmpekrvvjwz/storage/9479c9ca-d72d-4bad-b685-eb74c287208c/spark_operator.stock_tables/result/stock_AABVF using PickledObjectFilesystemIOManager...
[32m2024-06-07 02:28:00 +0000[0m - dagster - [34mDEBUG[0m - __ASSET_JOB - 9479c9ca-d72d-4bad-b685-eb74c287208c - 20063 - spark_operator.create_stock_tables[stock_AABVF] - LOADED_INPUT - Loaded input "input_fn" using input manager "io_manager", from output "result" of step "spark_operator.stock_tables"
[32m2024-06-07 02:28:00 +0000[0m - dagster - [34mDEBUG[0m - __ASSET_JOB - 9479c9ca-d72d-4bad-b685-eb74c287208c - 20063 - spark_operator.create_stock_tables[stock_AABVF] - STEP_INPUT - Got input "input_fn" of type "Any". (Type check passed).
24/06/07 02:28:07 WARN Utils: Your hostname, codespaces-5ecfaf resolves to a loopback address: 127.0.0.1; using 172.16.5.4 instead (on interface eth0)
24/06/07 02:28:07 WARN Utils: Set SPARK_LOCAL_IP if you need to bind to another address
Ivy Default Cache set to: /home/codespace/.ivy2/cache
The jars for the packages stored in: /home/codespace/.ivy2/jars
io.delta#delta-spark_2.12 added as a dependency
org.apache.hadoop#hadoop-aws added as a dependency
org.apache.hadoop#hadoop-common added as a dependency
com.amazonaws#aws-java-sdk-bundle added as a dependency
:: resolving dependencies :: org.apache.spark#spark-submit-parent-896018da-613e-4bc0-bef7-a98f7808ca15;1.0
	confs: [default]
	found io.delta#delta-spark_2.12;3.1.0 in spark-list
	found io.delta#delta-storage;3.1.0 in central
	found org.apache.hadoop#hadoop-aws;3.3.4 in central
	found com.amazonaws#aws-java-sdk-bundle;1.12.262 in central
	found org.wildfly.openssl#wildfly-openssl;1.0.7.Final in central
	found org.apache.hadoop#hadoop-common;3.3.4 in central
	found org.apache.hadoop.thirdparty#hadoop-shaded-protobuf_3_7;1.1.1 in central
	found org.apache.hadoop#hadoop-annotations;3.3.4 in central
	found org.apache.hadoop.thirdparty#hadoop-shaded-guava;1.1.1 in central
	found commons-cli#commons-cli;1.2 in central
	found org.apache.commons#commons-math3;3.1.1 in central
	found org.apache.httpcomponents#httpclient;4.5.13 in central
	found org.apache.httpcomponents#httpcore;4.4.13 in central
	found commons-logging#commons-logging;1.1.3 in central
	found commons-io#commons-io;2.8.0 in central
	found commons-net#commons-net;3.6 in central
	found commons-collections#commons-collections;3.2.2 in central
	found javax.servlet#javax.servlet-api;3.1.0 in central
	found org.eclipse.jetty#jetty-server;9.4.43.v20210629 in central
	found org.eclipse.jetty#jetty-http;9.4.43.v20210629 in central
	found org.eclipse.jetty#jetty-util;9.4.43.v20210629 in central
	found org.eclipse.jetty#jetty-io;9.4.43.v20210629 in central
	found org.eclipse.jetty#jetty-servlet;9.4.43.v20210629 in central
	found org.eclipse.jetty#jetty-security;9.4.43.v20210629 in central
	found org.eclipse.jetty#jetty-util-ajax;9.4.43.v20210629 in central
	found org.eclipse.jetty#jetty-webapp;9.4.43.v20210629 in central
	found org.eclipse.jetty#jetty-xml;9.4.43.v20210629 in central
	found com.sun.jersey#jersey-core;1.19 in central
	found javax.ws.rs#jsr311-api;1.1.1 in central
	found com.sun.jersey#jersey-servlet;1.19 in central
	found com.sun.jersey#jersey-server;1.19 in central
	found com.sun.jersey#jersey-json;1.19 in central
	found org.codehaus.jettison#jettison;1.1 in central
	found com.sun.xml.bind#jaxb-impl;2.2.3-1 in central
	found javax.xml.bind#jaxb-api;2.2.11 in central
	found org.codehaus.jackson#jackson-core-asl;1.9.13 in central
	found org.codehaus.jackson#jackson-mapper-asl;1.9.13 in central
	found org.codehaus.jackson#jackson-jaxrs;1.9.13 in central
	found org.codehaus.jackson#jackson-xc;1.9.13 in central
	found ch.qos.reload4j#reload4j;1.2.22 in spark-list
	found commons-beanutils#commons-beanutils;1.9.4 in central
	found org.apache.commons#commons-configuration2;2.1.1 in central
	found org.apache.commons#commons-lang3;3.12.0 in central
	found org.apache.commons#commons-text;1.4 in central
	found org.slf4j#slf4j-api;1.7.36 in central
	found org.slf4j#slf4j-reload4j;1.7.36 in central
	found org.apache.avro#avro;1.7.7 in central
	found com.thoughtworks.paranamer#paranamer;2.3 in central
	found org.xerial.snappy#snappy-java;1.1.8.2 in central
	found org.apache.commons#commons-compress;1.21 in central
	found com.google.re2j#re2j;1.1 in central
	found com.google.protobuf#protobuf-java;2.5.0 in central
	found com.google.code.gson#gson;2.8.9 in central
	found org.apache.hadoop#hadoop-auth;3.3.4 in central
	found com.nimbusds#nimbus-jose-jwt;9.8.1 in central
	found com.github.stephenc.jcip#jcip-annotations;1.0-1 in central
	found net.minidev#json-smart;2.4.7 in central
	found net.minidev#accessors-smart;2.4.7 in central
	found org.ow2.asm#asm;5.0.4 in central
	found org.apache.zookeeper#zookeeper;3.5.6 in central
	found org.apache.zookeeper#zookeeper-jute;3.5.6 in central
	found org.apache.yetus#audience-annotations;0.5.0 in central
	found org.apache.curator#curator-framework;4.2.0 in central
	found org.apache.curator#curator-client;4.2.0 in central
	found org.apache.kerby#kerb-simplekdc;1.0.1 in central
	found org.apache.kerby#kerb-client;1.0.1 in central
	found org.apache.kerby#kerby-config;1.0.1 in central
	found org.apache.kerby#kerb-core;1.0.1 in central
	found org.apache.kerby#kerby-pkix;1.0.1 in central
	found org.apache.kerby#kerby-asn1;1.0.1 in spark-list
	found org.apache.kerby#kerby-util;1.0.1 in spark-list
	found org.apache.kerby#kerb-common;1.0.1 in central
	found org.apache.kerby#kerb-crypto;1.0.1 in central
	found org.apache.kerby#kerb-util;1.0.1 in central
	found org.apache.kerby#token-provider;1.0.1 in central
	found org.apache.kerby#kerb-admin;1.0.1 in central
	found org.apache.kerby#kerby-xdr;1.0.1 in central
	found com.jcraft#jsch;0.1.55 in central
	found org.apache.curator#curator-recipes;4.2.0 in central
	found com.google.code.findbugs#jsr305;3.0.2 in central
	found com.fasterxml.jackson.core#jackson-databind;2.12.7 in central
	found com.fasterxml.jackson.core#jackson-annotations;2.12.7 in central
	found com.fasterxml.jackson.core#jackson-core;2.12.7 in central
	found org.codehaus.woodstox#stax2-api;4.2.1 in central
	found com.fasterxml.woodstox#woodstox-core;5.3.0 in central
	found dnsjava#dnsjava;2.1.7 in central
	found jakarta.activation#jakarta.activation-api;1.2.1 in central
	found javax.servlet.jsp#jsp-api;2.1 in central
downloading https://repo1.maven.org/maven2/org/apache/hadoop/hadoop-aws/3.3.4/hadoop-aws-3.3.4.jar ...
	[SUCCESSFUL ] org.apache.hadoop#hadoop-aws;3.3.4!hadoop-aws.jar (40ms)
downloading https://repo1.maven.org/maven2/org/apache/hadoop/hadoop-common/3.3.4/hadoop-common-3.3.4.jar ...
downloading https://repo1.maven.org/maven2/org/wildfly/openssl/wildfly-openssl/1.0.7.Final/wildfly-openssl-1.0.7.Final.jar ...
downloading https://repo1.maven.org/maven2/org/apache/hadoop/thirdparty/hadoop-shaded-guava/1.1.1/hadoop-shaded-guava-1.1.1.jar ...
downloading https://repo1.maven.org/maven2/commons-cli/commons-cli/1.2/commons-cli-1.2.jar ...
	[SUCCESSFUL ] commons-cli#commons-cli;1.2!commons-cli.jar (19ms)
downloading https://repo1.maven.org/maven2/org/apache/commons/commons-math3/3.1.1/commons-math3-3.1.1.jar ...
	[SUCCESSFUL ] org.apache.commons#commons-math3;3.1.1!commons-math3.jar (71ms)
downloading https://repo1.maven.org/maven2/org/apache/httpcomponents/httpclient/4.5.13/httpclient-4.5.13.jar ...
downloading https://repo1.maven.org/maven2/commons-io/commons-io/2.8.0/commons-io-2.8.0.jar ...
	[SUCCESSFUL ] commons-io#commons-io;2.8.0!commons-io.jar (24ms)
downloading https://repo1.maven.org/maven2/commons-net/commons-net/3.6/commons-net-3.6.jar ...
	[SUCCESSFUL ] commons-net#commons-net;3.6!commons-net.jar (14ms)
downloading https://repo1.maven.org/maven2/commons-collections/commons-collections/3.2.2/commons-collections-3.2.2.jar ...
downloading https://repo1.maven.org/maven2/org/eclipse/jetty/jetty-server/9.4.43.v20210629/jetty-server-9.4.43.v20210629.jar ...
downloading https://repo1.maven.org/maven2/org/eclipse/jetty/jetty-util/9.4.43.v20210629/jetty-util-9.4.43.v20210629.jar ...
downloading https://repo1.maven.org/maven2/org/eclipse/jetty/jetty-servlet/9.4.43.v20210629/jetty-servlet-9.4.43.v20210629.jar ...
	[SUCCESSFUL ] org.eclipse.jetty#jetty-servlet;9.4.43.v20210629!jetty-servlet.jar (22ms)
downloading https://repo1.maven.org/maven2/com/sun/jersey/jersey-core/1.19/jersey-core-1.19.jar ...
downloading https://repo1.maven.org/maven2/com/sun/jersey/jersey-json/1.19/jersey-json-1.19.jar ...
	[SUCCESSFUL ] com.sun.jersey#jersey-json;1.19!jersey-json.jar (17ms)
downloading https://repo1.maven.org/maven2/commons-logging/commons-logging/1.1.3/commons-logging-1.1.3.jar ...
downloading https://repo1.maven.org/maven2/ch/qos/reload4j/reload4j/1.2.22/reload4j-1.2.22.jar ...
downloading https://repo1.maven.org/maven2/commons-beanutils/commons-beanutils/1.9.4/commons-beanutils-1.9.4.jar ...
	[SUCCESSFUL ] commons-beanutils#commons-beanutils;1.9.4!commons-beanutils.jar (10ms)
downloading https://repo1.maven.org/maven2/org/apache/commons/commons-configuration2/2.1.1/commons-configuration2-2.1.1.jar ...
downloading https://repo1.maven.org/maven2/org/apache/commons/commons-lang3/3.12.0/commons-lang3-3.12.0.jar ...
	[SUCCESSFUL ] org.apache.commons#commons-lang3;3.12.0!commons-lang3.jar (34ms)
downloading https://repo1.maven.org/maven2/org/apache/avro/avro/1.7.7/avro-1.7.7.jar ...
downloading https://repo1.maven.org/maven2/com/google/re2j/re2j/1.1/re2j-1.1.jar ...
	[SUCCESSFUL ] com.google.re2j#re2j;1.1!re2j.jar (30ms)
downloading https://repo1.maven.org/maven2/com/google/protobuf/protobuf-java/2.5.0/protobuf-java-2.5.0.jar ...
downloading https://repo1.maven.org/maven2/com/jcraft/jsch/0.1.55/jsch-0.1.55.jar ...
	[SUCCESSFUL ] com.jcraft#jsch;0.1.55!jsch.jar (18ms)
downloading https://repo1.maven.org/maven2/org/apache/curator/curator-client/4.2.0/curator-client-4.2.0.jar ...
downloading https://repo1.maven.org/maven2/org/apache/zookeeper/zookeeper/3.5.6/zookeeper-3.5.6.jar ...
downloading https://repo1.maven.org/maven2/org/apache/commons/commons-compress/1.21/commons-compress-1.21.jar ...
downloading https://repo1.maven.org/maven2/com/fasterxml/woodstox/woodstox-core/5.3.0/woodstox-core-5.3.0.jar ...
downloading https://repo1.maven.org/maven2/org/xerial/snappy/snappy-java/1.1.8.2/snappy-java-1.1.8.2.jar ...
downloading https://repo1.maven.org/maven2/com/sun/xml/bind/jaxb-impl/2.2.3-1/jaxb-impl-2.2.3-1.jar ...
	[SUCCESSFUL ] com.sun.xml.bind#jaxb-impl;2.2.3-1!jaxb-impl.jar (151ms)
downloading https://repo1.maven.org/maven2/com/thoughtworks/paranamer/paranamer/2.3/paranamer-2.3.jar ...
	[SUCCESSFUL ] com.thoughtworks.paranamer#paranamer;2.3!paranamer.jar (58ms)
downloading https://repo1.maven.org/maven2/net/minidev/json-smart/2.4.7/json-smart-2.4.7.jar ...
downloading https://repo1.maven.org/maven2/org/apache/curator/curator-framework/4.2.0/curator-framework-4.2.0.jar ...
downloading https://repo1.maven.org/maven2/org/ow2/asm/asm/5.0.4/asm-5.0.4.jar ...
	[SUCCESSFUL ] org.ow2.asm#asm;5.0.4!asm.jar (25ms)
downloading https://repo1.maven.org/maven2/org/apache/zookeeper/zookeeper-jute/3.5.6/zookeeper-jute-3.5.6.jar ...
	[SUCCESSFUL ] org.apache.zookeeper#zookeeper-jute;3.5.6!zookeeper-jute.jar (51ms)
downloading https://repo1.maven.org/maven2/org/apache/kerby/kerby-pkix/1.0.1/kerby-pkix-1.0.1.jar ...
	[SUCCESSFUL ] org.apache.kerby#kerby-pkix;1.0.1!kerby-pkix.jar (42ms)
downloading https://repo1.maven.org/maven2/org/apache/kerby/kerb-crypto/1.0.1/kerb-crypto-1.0.1.jar ...
	[SUCCESSFUL ] org.apache.kerby#kerb-crypto;1.0.1!kerb-crypto.jar (15ms)
downloading https://repo1.maven.org/maven2/org/apache/kerby/kerby-xdr/1.0.1/kerby-xdr-1.0.1.jar ...
	[SUCCESSFUL ] org.apache.kerby#kerby-xdr;1.0.1!kerby-xdr.jar (7ms)
downloading https://repo1.maven.org/maven2/com/fasterxml/jackson/core/jackson-annotations/2.12.7/jackson-annotations-2.12.7.jar ...
	[SUCCESSFUL ] com.fasterxml.jackson.core#jackson-annotations;2.12.7!jackson-annotations.jar(bundle) (11ms)
downloading https://repo1.maven.org/maven2/com/fasterxml/jackson/core/jackson-core/2.12.7/jackson-core-2.12.7.jar ...
:: resolution report :: resolve 41615ms :: artifacts dl 1934ms
	:: modules in use:
	ch.qos.reload4j#reload4j;1.2.22 from spark-list in [default]
	com.amazonaws#aws-java-sdk-bundle;1.12.262 from central in [default]
	com.fasterxml.jackson.core#jackson-annotations;2.12.7 from central in [default]
	com.fasterxml.jackson.core#jackson-core;2.12.7 from central in [default]
	com.fasterxml.jackson.core#jackson-databind;2.12.7 from central in [default]
	com.fasterxml.woodstox#woodstox-core;5.3.0 from central in [default]
	com.github.stephenc.jcip#jcip-annotations;1.0-1 from central in [default]
	com.google.code.findbugs#jsr305;3.0.2 from central in [default]
	com.google.code.gson#gson;2.8.9 from central in [default]
	com.google.protobuf#protobuf-java;2.5.0 from central in [default]
	com.google.re2j#re2j;1.1 from central in [default]
	com.jcraft#jsch;0.1.55 from central in [default]
	com.nimbusds#nimbus-jose-jwt;9.8.1 from central in [default]
	com.sun.jersey#jersey-core;1.19 from central in [default]
	com.sun.jersey#jersey-json;1.19 from central in [default]
	com.sun.jersey#jersey-server;1.19 from central in [default]
	com.sun.jersey#jersey-servlet;1.19 from central in [default]
	com.sun.xml.bind#jaxb-impl;2.2.3-1 from central in [default]
	com.thoughtworks.paranamer#paranamer;2.3 from central in [default]
	commons-beanutils#commons-beanutils;1.9.4 from central in [default]
	commons-cli#commons-cli;1.2 from central in [default]
	commons-collections#commons-collections;3.2.2 from central in [default]
	commons-io#commons-io;2.8.0 from central in [default]
	commons-logging#commons-logging;1.1.3 from central in [default]
	commons-net#commons-net;3.6 from central in [default]
	dnsjava#dnsjava;2.1.7 from central in [default]
	io.delta#delta-spark_2.12;3.1.0 from spark-list in [default]
	io.delta#delta-storage;3.1.0 from central in [default]
	jakarta.activation#jakarta.activation-api;1.2.1 from central in [default]
	javax.servlet#javax.servlet-api;3.1.0 from central in [default]
	javax.servlet.jsp#jsp-api;2.1 from central in [default]
	javax.ws.rs#jsr311-api;1.1.1 from central in [default]
	javax.xml.bind#jaxb-api;2.2.11 from central in [default]
	net.minidev#accessors-smart;2.4.7 from central in [default]
	net.minidev#json-smart;2.4.7 from central in [default]
	org.apache.avro#avro;1.7.7 from central in [default]
	org.apache.commons#commons-compress;1.21 from central in [default]
	org.apache.commons#commons-configuration2;2.1.1 from central in [default]
	org.apache.commons#commons-lang3;3.12.0 from central in [default]
	org.apache.commons#commons-math3;3.1.1 from central in [default]
	org.apache.commons#commons-text;1.4 from central in [default]
	org.apache.curator#curator-client;4.2.0 from central in [default]
	org.apache.curator#curator-framework;4.2.0 from central in [default]
	org.apache.curator#curator-recipes;4.2.0 from central in [default]
	org.apache.hadoop#hadoop-annotations;3.3.4 from central in [default]
	org.apache.hadoop#hadoop-auth;3.3.4 from central in [default]
	org.apache.hadoop#hadoop-aws;3.3.4 from central in [default]
	org.apache.hadoop#hadoop-common;3.3.4 from central in [default]
	org.apache.hadoop.thirdparty#hadoop-shaded-guava;1.1.1 from central in [default]
	org.apache.hadoop.thirdparty#hadoop-shaded-protobuf_3_7;1.1.1 from central in [default]
	org.apache.httpcomponents#httpclient;4.5.13 from central in [default]
	org.apache.httpcomponents#httpcore;4.4.13 from central in [default]
	org.apache.kerby#kerb-admin;1.0.1 from central in [default]
	org.apache.kerby#kerb-client;1.0.1 from central in [default]
	org.apache.kerby#kerb-common;1.0.1 from central in [default]
	org.apache.kerby#kerb-core;1.0.1 from central in [default]
	org.apache.kerby#kerb-crypto;1.0.1 from central in [default]
	org.apache.kerby#kerb-simplekdc;1.0.1 from central in [default]
	org.apache.kerby#kerb-util;1.0.1 from central in [default]
	org.apache.kerby#kerby-asn1;1.0.1 from spark-list in [default]
	org.apache.kerby#kerby-config;1.0.1 from central in [default]
	org.apache.kerby#kerby-pkix;1.0.1 from central in [default]
	org.apache.kerby#kerby-util;1.0.1 from spark-list in [default]
	org.apache.kerby#kerby-xdr;1.0.1 from central in [default]
	org.apache.kerby#token-provider;1.0.1 from central in [default]
	org.apache.yetus#audience-annotations;0.5.0 from central in [default]
	org.apache.zookeeper#zookeeper;3.5.6 from central in [default]
	org.apache.zookeeper#zookeeper-jute;3.5.6 from central in [default]
	org.codehaus.jackson#jackson-core-asl;1.9.13 from central in [default]
	org.codehaus.jackson#jackson-jaxrs;1.9.13 from central in [default]
	org.codehaus.jackson#jackson-mapper-asl;1.9.13 from central in [default]
	org.codehaus.jackson#jackson-xc;1.9.13 from central in [default]
	org.codehaus.jettison#jettison;1.1 from central in [default]
	org.codehaus.woodstox#stax2-api;4.2.1 from central in [default]
	org.eclipse.jetty#jetty-http;9.4.43.v20210629 from central in [default]
	org.eclipse.jetty#jetty-io;9.4.43.v20210629 from central in [default]
	org.eclipse.jetty#jetty-security;9.4.43.v20210629 from central in [default]
	org.eclipse.jetty#jetty-server;9.4.43.v20210629 from central in [default]
	org.eclipse.jetty#jetty-servlet;9.4.43.v20210629 from central in [default]
	org.eclipse.jetty#jetty-util;9.4.43.v20210629 from central in [default]
	org.eclipse.jetty#jetty-util-ajax;9.4.43.v20210629 from central in [default]
	org.eclipse.jetty#jetty-webapp;9.4.43.v20210629 from central in [default]
	org.eclipse.jetty#jetty-xml;9.4.43.v20210629 from central in [default]
	org.ow2.asm#asm;5.0.4 from central in [default]
	org.slf4j#slf4j-api;1.7.36 from central in [default]
	org.slf4j#slf4j-reload4j;1.7.36 from central in [default]
	org.wildfly.openssl#wildfly-openssl;1.0.7.Final from central in [default]
	org.xerial.snappy#snappy-java;1.1.8.2 from central in [default]
	---------------------------------------------------------------------
	|                  |            modules            ||   artifacts   |
	|       conf       | number| search|dwnlded|evicted|| number|dwnlded|
	---------------------------------------------------------------------
	|      default     |   92  |   54  |   49  |   0   ||   88  |   19  |
	---------------------------------------------------------------------

:: problems summary ::
:::: WARNINGS
	problem while downloading module descriptor: https://repo1.maven.org/maven2/org/sonatype/oss/oss-parent/9/oss-parent-9.pom: Downloaded file size (0) doesn't match expected Content Length (6569) for https://repo1.maven.org/maven2/org/sonatype/oss/oss-parent/9/oss-parent-9.pom. Please retry. (16ms)

	io problem while parsing ivy file: https://repo1.maven.org/maven2/org/antlr/antlr4-master/4.9.3/antlr4-master-4.9.3.pom (java.io.IOException: Impossible to load parent for file:/home/codespace/.ivy2/cache/org.antlr/antlr4-master/ivy-4.9.3.xml.original. Parent=org.sonatype.oss#oss-parent;9)

	io problem while parsing ivy file: https://repo1.maven.org/maven2/org/antlr/antlr4-runtime/4.9.3/antlr4-runtime-4.9.3.pom (java.io.IOException: Impossible to load parent for file:/home/codespace/.ivy2/cache/org.antlr/antlr4-runtime/ivy-4.9.3.xml.original. Parent=org.antlr#antlr4-master;4.9.3)

		module not found: org.antlr#antlr4-runtime;4.9.3

	==== local-m2-cache: tried

	  file:/home/codespace/.m2/repository/org/sonatype/oss/oss-parent/9/oss-parent-9.pom

	  -- artifact org.sonatype.oss#oss-parent;9!oss-parent.jar:

	  file:/home/codespace/.m2/repository/org/sonatype/oss/oss-parent/9/oss-parent-9.jar

	==== local-ivy-cache: tried

	  /home/codespace/.ivy2/local/org.sonatype.oss/oss-parent/9/ivys/ivy.xml

	  -- artifact org.sonatype.oss#oss-parent;9!oss-parent.jar:

	  /home/codespace/.ivy2/local/org.sonatype.oss/oss-parent/9/jars/oss-parent.jar

	==== central: tried

	  https://repo1.maven.org/maven2/org/sonatype/oss/oss-parent/9/oss-parent-9.pom

	==== spark-packages: tried

	  https://repos.spark-packages.org/org/antlr/antlr4-runtime/4.9.3/antlr4-runtime-4.9.3.pom

	  -- artifact org.antlr#antlr4-runtime;4.9.3!antlr4-runtime.jar:

	  https://repos.spark-packages.org/org/antlr/antlr4-runtime/4.9.3/antlr4-runtime-4.9.3.jar

	problem while downloading module descriptor: https://repo1.maven.org/maven2/com/google/guava/guava-parent/27.0-jre/guava-parent-27.0-jre.pom: Downloaded file size (0) doesn't match expected Content Length (10395) for https://repo1.maven.org/maven2/com/google/guava/guava-parent/27.0-jre/guava-parent-27.0-jre.pom. Please retry. (15ms)

	io problem while parsing ivy file: https://repo1.maven.org/maven2/com/google/guava/guava/27.0-jre/guava-27.0-jre.pom (java.io.IOException: Impossible to load parent for file:/home/codespace/.ivy2/cache/com.google.guava/guava/ivy-27.0-jre.xml.original. Parent=com.google.guava#guava-parent;27.0-jre)

		module not found: com.google.guava#guava;27.0-jre

	==== local-m2-cache: tried

	  file:/home/codespace/.m2/repository/com/google/guava/guava-parent/27.0-jre/guava-parent-27.0-jre.pom

	  -- artifact com.google.guava#guava-parent;27.0-jre!guava-parent.jar:

	  file:/home/codespace/.m2/repository/com/google/guava/guava-parent/27.0-jre/guava-parent-27.0-jre.jar

	==== local-ivy-cache: tried

	  /home/codespace/.ivy2/local/com.google.guava/guava-parent/27.0-jre/ivys/ivy.xml

	  -- artifact com.google.guava#guava-parent;27.0-jre!guava-parent.jar:

	  /home/codespace/.ivy2/local/com.google.guava/guava-parent/27.0-jre/jars/guava-parent.jar

	==== central: tried

	  https://repo1.maven.org/maven2/com/google/guava/guava-parent/27.0-jre/guava-parent-27.0-jre.pom

	==== spark-packages: tried

	  https://repos.spark-packages.org/com/google/guava/guava/27.0-jre/guava-27.0-jre.pom

	  -- artifact com.google.guava#guava;27.0-jre!guava.jar:

	  https://repos.spark-packages.org/com/google/guava/guava/27.0-jre/guava-27.0-jre.jar

	problem while downloading module descriptor: https://repo1.maven.org/maven2/org/apache/commons/commons-parent/52/commons-parent-52.pom: Downloaded file size (0) doesn't match expected Content Length (79273) for https://repo1.maven.org/maven2/org/apache/commons/commons-parent/52/commons-parent-52.pom. Please retry. (10ms)

	io problem while parsing ivy file: https://repo1.maven.org/maven2/commons-codec/commons-codec/1.15/commons-codec-1.15.pom (java.io.IOException: Impossible to load parent for file:/home/codespace/.ivy2/cache/commons-codec/commons-codec/ivy-1.15.xml.original. Parent=org.apache.commons#commons-parent;52)

		module not found: commons-codec#commons-codec;1.15

	==== local-m2-cache: tried

	  file:/home/codespace/.m2/repository/org/apache/commons/commons-parent/52/commons-parent-52.pom

	  -- artifact org.apache.commons#commons-parent;52!commons-parent.jar:

	  file:/home/codespace/.m2/repository/org/apache/commons/commons-parent/52/commons-parent-52.jar

	==== local-ivy-cache: tried

	  /home/codespace/.ivy2/local/org.apache.commons/commons-parent/52/ivys/ivy.xml

	  -- artifact org.apache.commons#commons-parent;52!commons-parent.jar:

	  /home/codespace/.ivy2/local/org.apache.commons/commons-parent/52/jars/commons-parent.jar

	==== central: tried

	  https://repo1.maven.org/maven2/org/apache/commons/commons-parent/52/commons-parent-52.pom

	==== spark-packages: tried

	  https://repos.spark-packages.org/commons-codec/commons-codec/1.15/commons-codec-1.15.pom

	  -- artifact commons-codec#commons-codec;1.15!commons-codec.jar:

	  https://repos.spark-packages.org/commons-codec/commons-codec/1.15/commons-codec-1.15.jar

	impossible to put metadata file in cache: https://repo1.maven.org/maven2/com/google/re2j/re2j/1.1/re2j-1.1.pom (1.1) (java.io.FileNotFoundException: /home/codespace/.ivy2/cache/com.google.re2j/re2j/ivy-1.1.xml.original (No such file or directory))

	impossible to put metadata file in cache: https://repo1.maven.org/maven2/com/google/protobuf/protobuf-java/2.5.0/protobuf-java-2.5.0.pom (2.5.0) (java.io.FileNotFoundException: /home/codespace/.ivy2/cache/com.google.protobuf/protobuf-java/ivy-2.5.0.xml.original (No such file or directory))

	problem while downloading module descriptor: https://repo1.maven.org/maven2/org/apache/kerby/kerb-server/1.0.1/kerb-server-1.0.1.pom: impossible to move part file to definitive one: /home/codespace/.ivy2/cache/org.apache.kerby/kerb-server/ivy-1.0.1.xml.original.part -> /home/codespace/.ivy2/cache/org.apache.kerby/kerb-server/ivy-1.0.1.xml.original (10ms)

		module not found: org.apache.kerby#kerb-server;1.0.1

	==== local-m2-cache: tried

	  file:/home/codespace/.m2/repository/org/apache/kerby/kerb-server/1.0.1/kerb-server-1.0.1.pom

	  -- artifact org.apache.kerby#kerb-server;1.0.1!kerb-server.jar:

	  file:/home/codespace/.m2/repository/org/apache/kerby/kerb-server/1.0.1/kerb-server-1.0.1.jar

	==== local-ivy-cache: tried

	  /home/codespace/.ivy2/local/org.apache.kerby/kerb-server/1.0.1/ivys/ivy.xml

	  -- artifact org.apache.kerby#kerb-server;1.0.1!kerb-server.jar:

	  /home/codespace/.ivy2/local/org.apache.kerby/kerb-server/1.0.1/jars/kerb-server.jar

	==== central: tried

	  https://repo1.maven.org/maven2/org/apache/kerby/kerb-server/1.0.1/kerb-server-1.0.1.pom

	==== spark-packages: tried

	  https://repos.spark-packages.org/org/apache/kerby/kerb-server/1.0.1/kerb-server-1.0.1.pom

	  -- artifact org.apache.kerby#kerb-server;1.0.1!kerb-server.jar:

	  https://repos.spark-packages.org/org/apache/kerby/kerb-server/1.0.1/kerb-server-1.0.1.jar

	impossible to put metadata file in cache: https://repo1.maven.org/maven2/com/fasterxml/jackson/core/jackson-core/2.12.7/jackson-core-2.12.7.pom (2.12.7) (java.io.FileNotFoundException: /home/codespace/.ivy2/cache/com.fasterxml.jackson.core/jackson-core/ivy-2.12.7.xml.original (No such file or directory))

	impossible to put metadata file in cache: https://repo1.maven.org/maven2/com/fasterxml/oss-parent/38/oss-parent-38.pom (38) (java.io.FileNotFoundException: /home/codespace/.ivy2/cache/com.fasterxml/oss-parent/ivy-38.xml.original (No such file or directory))

		[FAILED     ] org.apache.hadoop#hadoop-common;3.3.4!hadoop-common.jar: Downloaded file size (0) doesn't match expected Content Length (4470571) for https://repo1.maven.org/maven2/org/apache/hadoop/hadoop-common/3.3.4/hadoop-common-3.3.4.jar. Please retry. (183ms)

		[FAILED     ] org.apache.hadoop#hadoop-common;3.3.4!hadoop-common.jar: Downloaded file size (0) doesn't match expected Content Length (4470571) for https://repo1.maven.org/maven2/org/apache/hadoop/hadoop-common/3.3.4/hadoop-common-3.3.4.jar. Please retry. (183ms)

	==== central: tried

	  https://repo1.maven.org/maven2/org/apache/hadoop/hadoop-common/3.3.4/hadoop-common-3.3.4.jar

		[FAILED     ] org.wildfly.openssl#wildfly-openssl;1.0.7.Final!wildfly-openssl.jar: Downloaded file size (0) doesn't match expected Content Length (424076) for https://repo1.maven.org/maven2/org/wildfly/openssl/wildfly-openssl/1.0.7.Final/wildfly-openssl-1.0.7.Final.jar. Please retry. (32ms)

		[FAILED     ] org.wildfly.openssl#wildfly-openssl;1.0.7.Final!wildfly-openssl.jar: Downloaded file size (0) doesn't match expected Content Length (424076) for https://repo1.maven.org/maven2/org/wildfly/openssl/wildfly-openssl/1.0.7.Final/wildfly-openssl-1.0.7.Final.jar. Please retry. (32ms)

	==== central: tried

	  https://repo1.maven.org/maven2/org/wildfly/openssl/wildfly-openssl/1.0.7.Final/wildfly-openssl-1.0.7.Final.jar

		[FAILED     ] org.apache.hadoop.thirdparty#hadoop-shaded-guava;1.1.1!hadoop-shaded-guava.jar: Downloaded file size (0) doesn't match expected Content Length (3362359) for https://repo1.maven.org/maven2/org/apache/hadoop/thirdparty/hadoop-shaded-guava/1.1.1/hadoop-shaded-guava-1.1.1.jar. Please retry. (129ms)

		[FAILED     ] org.apache.hadoop.thirdparty#hadoop-shaded-guava;1.1.1!hadoop-shaded-guava.jar: Downloaded file size (0) doesn't match expected Content Length (3362359) for https://repo1.maven.org/maven2/org/apache/hadoop/thirdparty/hadoop-shaded-guava/1.1.1/hadoop-shaded-guava-1.1.1.jar. Please retry. (129ms)

	==== central: tried

	  https://repo1.maven.org/maven2/org/apache/hadoop/thirdparty/hadoop-shaded-guava/1.1.1/hadoop-shaded-guava-1.1.1.jar

		[FAILED     ] org.apache.httpcomponents#httpclient;4.5.13!httpclient.jar: Downloaded file size (0) doesn't match expected Content Length (780321) for https://repo1.maven.org/maven2/org/apache/httpcomponents/httpclient/4.5.13/httpclient-4.5.13.jar. Please retry. (47ms)

		[FAILED     ] org.apache.httpcomponents#httpclient;4.5.13!httpclient.jar: Downloaded file size (0) doesn't match expected Content Length (780321) for https://repo1.maven.org/maven2/org/apache/httpcomponents/httpclient/4.5.13/httpclient-4.5.13.jar. Please retry. (47ms)

	==== central: tried

	  https://repo1.maven.org/maven2/org/apache/httpcomponents/httpclient/4.5.13/httpclient-4.5.13.jar

		[FAILED     ] commons-collections#commons-collections;3.2.2!commons-collections.jar: Downloaded file size (0) doesn't match expected Content Length (588337) for https://repo1.maven.org/maven2/commons-collections/commons-collections/3.2.2/commons-collections-3.2.2.jar. Please retry. (34ms)

		[FAILED     ] commons-collections#commons-collections;3.2.2!commons-collections.jar: Downloaded file size (0) doesn't match expected Content Length (588337) for https://repo1.maven.org/maven2/commons-collections/commons-collections/3.2.2/commons-collections-3.2.2.jar. Please retry. (34ms)

	==== central: tried

	  https://repo1.maven.org/maven2/commons-collections/commons-collections/3.2.2/commons-collections-3.2.2.jar

		[FAILED     ] org.eclipse.jetty#jetty-server;9.4.43.v20210629!jetty-server.jar: Downloaded file size (0) doesn't match expected Content Length (716996) for https://repo1.maven.org/maven2/org/eclipse/jetty/jetty-server/9.4.43.v20210629/jetty-server-9.4.43.v20210629.jar. Please retry. (31ms)

		[FAILED     ] org.eclipse.jetty#jetty-server;9.4.43.v20210629!jetty-server.jar: Downloaded file size (0) doesn't match expected Content Length (716996) for https://repo1.maven.org/maven2/org/eclipse/jetty/jetty-server/9.4.43.v20210629/jetty-server-9.4.43.v20210629.jar. Please retry. (31ms)

	==== central: tried

	  https://repo1.maven.org/maven2/org/eclipse/jetty/jetty-server/9.4.43.v20210629/jetty-server-9.4.43.v20210629.jar

		[FAILED     ] org.eclipse.jetty#jetty-util;9.4.43.v20210629!jetty-util.jar: Downloaded file size (0) doesn't match expected Content Length (575509) for https://repo1.maven.org/maven2/org/eclipse/jetty/jetty-util/9.4.43.v20210629/jetty-util-9.4.43.v20210629.jar. Please retry. (18ms)

		[FAILED     ] org.eclipse.jetty#jetty-util;9.4.43.v20210629!jetty-util.jar: Downloaded file size (0) doesn't match expected Content Length (575509) for https://repo1.maven.org/maven2/org/eclipse/jetty/jetty-util/9.4.43.v20210629/jetty-util-9.4.43.v20210629.jar. Please retry. (18ms)

	==== central: tried

	  https://repo1.maven.org/maven2/org/eclipse/jetty/jetty-util/9.4.43.v20210629/jetty-util-9.4.43.v20210629.jar

		[FAILED     ] com.sun.jersey#jersey-core;1.19!jersey-core.jar: Downloaded file size (0) doesn't match expected Content Length (436689) for https://repo1.maven.org/maven2/com/sun/jersey/jersey-core/1.19/jersey-core-1.19.jar. Please retry. (26ms)

		[FAILED     ] com.sun.jersey#jersey-core;1.19!jersey-core.jar: Downloaded file size (0) doesn't match expected Content Length (436689) for https://repo1.maven.org/maven2/com/sun/jersey/jersey-core/1.19/jersey-core-1.19.jar. Please retry. (26ms)

	==== central: tried

	  https://repo1.maven.org/maven2/com/sun/jersey/jersey-core/1.19/jersey-core-1.19.jar

		[FAILED     ] commons-logging#commons-logging;1.1.3!commons-logging.jar: Downloaded file size (0) doesn't match expected Content Length (62050) for https://repo1.maven.org/maven2/commons-logging/commons-logging/1.1.3/commons-logging-1.1.3.jar. Please retry. (6ms)

		[FAILED     ] commons-logging#commons-logging;1.1.3!commons-logging.jar: Downloaded file size (0) doesn't match expected Content Length (62050) for https://repo1.maven.org/maven2/commons-logging/commons-logging/1.1.3/commons-logging-1.1.3.jar. Please retry. (6ms)

	==== central: tried

	  https://repo1.maven.org/maven2/commons-logging/commons-logging/1.1.3/commons-logging-1.1.3.jar

		[FAILED     ] ch.qos.reload4j#reload4j;1.2.22!reload4j.jar: impossible to move part file to definitive one: /home/codespace/.ivy2/cache/ch.qos.reload4j/reload4j/jars/reload4j-1.2.22.jar.part -> /home/codespace/.ivy2/cache/ch.qos.reload4j/reload4j/jars/reload4j-1.2.22.jar (18ms)

		[FAILED     ] org.apache.commons#commons-configuration2;2.1.1!commons-configuration2.jar: Downloaded file size (0) doesn't match expected Content Length (616888) for https://repo1.maven.org/maven2/org/apache/commons/commons-configuration2/2.1.1/commons-configuration2-2.1.1.jar. Please retry. (28ms)

		[FAILED     ] org.apache.commons#commons-configuration2;2.1.1!commons-configuration2.jar: Downloaded file size (0) doesn't match expected Content Length (616888) for https://repo1.maven.org/maven2/org/apache/commons/commons-configuration2/2.1.1/commons-configuration2-2.1.1.jar. Please retry. (28ms)

	==== central: tried

	  https://repo1.maven.org/maven2/org/apache/commons/commons-configuration2/2.1.1/commons-configuration2-2.1.1.jar

		[FAILED     ] org.apache.avro#avro;1.7.7!avro.jar(bundle): Downloaded file size (0) doesn't match expected Content Length (436303) for https://repo1.maven.org/maven2/org/apache/avro/avro/1.7.7/avro-1.7.7.jar. Please retry. (16ms)

		[FAILED     ] org.apache.avro#avro;1.7.7!avro.jar(bundle): Downloaded file size (0) doesn't match expected Content Length (436303) for https://repo1.maven.org/maven2/org/apache/avro/avro/1.7.7/avro-1.7.7.jar. Please retry. (16ms)

	==== central: tried

	  https://repo1.maven.org/maven2/org/apache/avro/avro/1.7.7/avro-1.7.7.jar

		[FAILED     ] com.google.protobuf#protobuf-java;2.5.0!protobuf-java.jar(bundle): Downloaded file size (0) doesn't match expected Content Length (533455) for https://repo1.maven.org/maven2/com/google/protobuf/protobuf-java/2.5.0/protobuf-java-2.5.0.jar. Please retry. (21ms)

		[FAILED     ] com.google.protobuf#protobuf-java;2.5.0!protobuf-java.jar(bundle): Downloaded file size (0) doesn't match expected Content Length (533455) for https://repo1.maven.org/maven2/com/google/protobuf/protobuf-java/2.5.0/protobuf-java-2.5.0.jar. Please retry. (21ms)

	==== central: tried

	  https://repo1.maven.org/maven2/com/google/protobuf/protobuf-java/2.5.0/protobuf-java-2.5.0.jar

		[FAILED     ] org.apache.curator#curator-client;4.2.0!curator-client.jar(bundle): Downloaded file size (0) doesn't match expected Content Length (2982566) for https://repo1.maven.org/maven2/org/apache/curator/curator-client/4.2.0/curator-client-4.2.0.jar. Please retry. (119ms)

		[FAILED     ] org.apache.curator#curator-client;4.2.0!curator-client.jar(bundle): Downloaded file size (0) doesn't match expected Content Length (2982566) for https://repo1.maven.org/maven2/org/apache/curator/curator-client/4.2.0/curator-client-4.2.0.jar. Please retry. (119ms)

	==== central: tried

	  https://repo1.maven.org/maven2/org/apache/curator/curator-client/4.2.0/curator-client-4.2.0.jar

		[FAILED     ] org.apache.zookeeper#zookeeper;3.5.6!zookeeper.jar: impossible to move part file to definitive one: /home/codespace/.ivy2/cache/org.apache.zookeeper/zookeeper/jars/zookeeper-3.5.6.jar.part -> /home/codespace/.ivy2/cache/org.apache.zookeeper/zookeeper/jars/zookeeper-3.5.6.jar (61ms)

		[FAILED     ] org.apache.zookeeper#zookeeper;3.5.6!zookeeper.jar: impossible to move part file to definitive one: /home/codespace/.ivy2/cache/org.apache.zookeeper/zookeeper/jars/zookeeper-3.5.6.jar.part -> /home/codespace/.ivy2/cache/org.apache.zookeeper/zookeeper/jars/zookeeper-3.5.6.jar (61ms)

	==== central: tried

	  https://repo1.maven.org/maven2/org/apache/zookeeper/zookeeper/3.5.6/zookeeper-3.5.6.jar

		[FAILED     ] org.apache.commons#commons-compress;1.21!commons-compress.jar: Downloaded file size (0) doesn't match expected Content Length (1018316) for https://repo1.maven.org/maven2/org/apache/commons/commons-compress/1.21/commons-compress-1.21.jar. Please retry. (44ms)

		[FAILED     ] org.apache.commons#commons-compress;1.21!commons-compress.jar: Downloaded file size (0) doesn't match expected Content Length (1018316) for https://repo1.maven.org/maven2/org/apache/commons/commons-compress/1.21/commons-compress-1.21.jar. Please retry. (44ms)

	==== central: tried

	  https://repo1.maven.org/maven2/org/apache/commons/commons-compress/1.21/commons-compress-1.21.jar

		[FAILED     ] com.fasterxml.woodstox#woodstox-core;5.3.0!woodstox-core.jar(bundle): Downloaded file size (0) doesn't match expected Content Length (522360) for https://repo1.maven.org/maven2/com/fasterxml/woodstox/woodstox-core/5.3.0/woodstox-core-5.3.0.jar. Please retry. (36ms)

		[FAILED     ] com.fasterxml.woodstox#woodstox-core;5.3.0!woodstox-core.jar(bundle): Downloaded file size (0) doesn't match expected Content Length (522360) for https://repo1.maven.org/maven2/com/fasterxml/woodstox/woodstox-core/5.3.0/woodstox-core-5.3.0.jar. Please retry. (36ms)

	==== central: tried

	  https://repo1.maven.org/maven2/com/fasterxml/woodstox/woodstox-core/5.3.0/woodstox-core-5.3.0.jar

		[FAILED     ] org.xerial.snappy#snappy-java;1.1.8.2!snappy-java.jar(bundle): Downloaded file size (0) doesn't match expected Content Length (1969177) for https://repo1.maven.org/maven2/org/xerial/snappy/snappy-java/1.1.8.2/snappy-java-1.1.8.2.jar. Please retry. (153ms)

		[FAILED     ] org.xerial.snappy#snappy-java;1.1.8.2!snappy-java.jar(bundle): Downloaded file size (0) doesn't match expected Content Length (1969177) for https://repo1.maven.org/maven2/org/xerial/snappy/snappy-java/1.1.8.2/snappy-java-1.1.8.2.jar. Please retry. (153ms)

	==== central: tried

	  https://repo1.maven.org/maven2/org/xerial/snappy/snappy-java/1.1.8.2/snappy-java-1.1.8.2.jar

		[FAILED     ] net.minidev#json-smart;2.4.7!json-smart.jar(bundle): Downloaded file size (0) doesn't match expected Content Length (119227) for https://repo1.maven.org/maven2/net/minidev/json-smart/2.4.7/json-smart-2.4.7.jar. Please retry. (22ms)

		[FAILED     ] net.minidev#json-smart;2.4.7!json-smart.jar(bundle): Downloaded file size (0) doesn't match expected Content Length (119227) for https://repo1.maven.org/maven2/net/minidev/json-smart/2.4.7/json-smart-2.4.7.jar. Please retry. (22ms)

	==== central: tried

	  https://repo1.maven.org/maven2/net/minidev/json-smart/2.4.7/json-smart-2.4.7.jar

		[FAILED     ] org.apache.curator#curator-framework;4.2.0!curator-framework.jar(bundle): Downloaded file size (0) doesn't match expected Content Length (323722) for https://repo1.maven.org/maven2/org/apache/curator/curator-framework/4.2.0/curator-framework-4.2.0.jar. Please retry. (45ms)

		[FAILED     ] org.apache.curator#curator-framework;4.2.0!curator-framework.jar(bundle): Downloaded file size (0) doesn't match expected Content Length (323722) for https://repo1.maven.org/maven2/org/apache/curator/curator-framework/4.2.0/curator-framework-4.2.0.jar. Please retry. (45ms)

	==== central: tried

	  https://repo1.maven.org/maven2/org/apache/curator/curator-framework/4.2.0/curator-framework-4.2.0.jar

		[FAILED     ] com.fasterxml.jackson.core#jackson-core;2.12.7!jackson-core.jar(bundle): impossible to move part file to definitive one: /home/codespace/.ivy2/cache/com.fasterxml.jackson.core/jackson-core/bundles/jackson-core-2.12.7.jar.part -> /home/codespace/.ivy2/cache/com.fasterxml.jackson.core/jackson-core/bundles/jackson-core-2.12.7.jar (36ms)

		[FAILED     ] com.fasterxml.jackson.core#jackson-core;2.12.7!jackson-core.jar(bundle): impossible to move part file to definitive one: /home/codespace/.ivy2/cache/com.fasterxml.jackson.core/jackson-core/bundles/jackson-core-2.12.7.jar.part -> /home/codespace/.ivy2/cache/com.fasterxml.jackson.core/jackson-core/bundles/jackson-core-2.12.7.jar (36ms)

	==== central: tried

	  https://repo1.maven.org/maven2/com/fasterxml/jackson/core/jackson-core/2.12.7/jackson-core-2.12.7.jar

		::::::::::::::::::::::::::::::::::::::::::::::

		::          UNRESOLVED DEPENDENCIES         ::

		::::::::::::::::::::::::::::::::::::::::::::::

		:: org.antlr#antlr4-runtime;4.9.3: not found

		:: com.google.guava#guava;27.0-jre: not found

		:: commons-codec#commons-codec;1.15: not found

		:: org.apache.kerby#kerb-server;1.0.1: not found

		::::::::::::::::::::::::::::::::::::::::::::::


		::::::::::::::::::::::::::::::::::::::::::::::

		::              FAILED DOWNLOADS            ::

		:: ^ see resolution messages for details  ^ ::

		::::::::::::::::::::::::::::::::::::::::::::::

		:: org.wildfly.openssl#wildfly-openssl;1.0.7.Final!wildfly-openssl.jar

		:: org.apache.hadoop#hadoop-common;3.3.4!hadoop-common.jar

		:: org.apache.hadoop.thirdparty#hadoop-shaded-guava;1.1.1!hadoop-shaded-guava.jar

		:: org.apache.httpcomponents#httpclient;4.5.13!httpclient.jar

		:: commons-logging#commons-logging;1.1.3!commons-logging.jar

		:: commons-collections#commons-collections;3.2.2!commons-collections.jar

		:: org.eclipse.jetty#jetty-server;9.4.43.v20210629!jetty-server.jar

		:: org.eclipse.jetty#jetty-util;9.4.43.v20210629!jetty-util.jar

		:: com.sun.jersey#jersey-core;1.19!jersey-core.jar

		:: org.apache.commons#commons-configuration2;2.1.1!commons-configuration2.jar

		:: org.apache.avro#avro;1.7.7!avro.jar(bundle)

		:: org.xerial.snappy#snappy-java;1.1.8.2!snappy-java.jar(bundle)

		:: org.apache.commons#commons-compress;1.21!commons-compress.jar

		:: com.google.protobuf#protobuf-java;2.5.0!protobuf-java.jar(bundle)

		:: net.minidev#json-smart;2.4.7!json-smart.jar(bundle)

		:: org.apache.zookeeper#zookeeper;3.5.6!zookeeper.jar

		:: org.apache.curator#curator-framework;4.2.0!curator-framework.jar(bundle)

		:: org.apache.curator#curator-client;4.2.0!curator-client.jar(bundle)

		:: com.fasterxml.jackson.core#jackson-core;2.12.7!jackson-core.jar(bundle)

		:: com.fasterxml.woodstox#woodstox-core;5.3.0!woodstox-core.jar(bundle)

		::::::::::::::::::::::::::::::::::::::::::::::


:::: ERRORS
	unknown resolver null

	unknown resolver null

	unknown resolver null

	unknown resolver null

	unknown resolver null

	unknown resolver null

	unknown resolver null

	unknown resolver null


:: USE VERBOSE OR DEBUG MESSAGE LEVEL FOR MORE DETAILS
Exception in thread "main" java.lang.RuntimeException: [unresolved dependency: org.antlr#antlr4-runtime;4.9.3: not found, unresolved dependency: com.google.guava#guava;27.0-jre: not found, unresolved dependency: commons-codec#commons-codec;1.15: not found, unresolved dependency: org.apache.kerby#kerb-server;1.0.1: not found, download failed: org.wildfly.openssl#wildfly-openssl;1.0.7.Final!wildfly-openssl.jar, download failed: org.apache.hadoop#hadoop-common;3.3.4!hadoop-common.jar, download failed: org.apache.hadoop.thirdparty#hadoop-shaded-guava;1.1.1!hadoop-shaded-guava.jar, download failed: org.apache.httpcomponents#httpclient;4.5.13!httpclient.jar, download failed: commons-logging#commons-logging;1.1.3!commons-logging.jar, download failed: commons-collections#commons-collections;3.2.2!commons-collections.jar, download failed: org.eclipse.jetty#jetty-server;9.4.43.v20210629!jetty-server.jar, download failed: org.eclipse.jetty#jetty-util;9.4.43.v20210629!jetty-util.jar, download failed: com.sun.jersey#jersey-core;1.19!jersey-core.jar, download failed: org.apache.commons#commons-configuration2;2.1.1!commons-configuration2.jar, download failed: org.apache.avro#avro;1.7.7!avro.jar(bundle), download failed: org.xerial.snappy#snappy-java;1.1.8.2!snappy-java.jar(bundle), download failed: org.apache.commons#commons-compress;1.21!commons-compress.jar, download failed: com.google.protobuf#protobuf-java;2.5.0!protobuf-java.jar(bundle), download failed: net.minidev#json-smart;2.4.7!json-smart.jar(bundle), download failed: org.apache.zookeeper#zookeeper;3.5.6!zookeeper.jar, download failed: org.apache.curator#curator-framework;4.2.0!curator-framework.jar(bundle), download failed: org.apache.curator#curator-client;4.2.0!curator-client.jar(bundle), download failed: com.fasterxml.jackson.core#jackson-core;2.12.7!jackson-core.jar(bundle), download failed: com.fasterxml.woodstox#woodstox-core;5.3.0!woodstox-core.jar(bundle)]
	at org.apache.spark.deploy.SparkSubmitUtils$.resolveMavenCoordinates(SparkSubmit.scala:1608)
	at org.apache.spark.util.DependencyUtils$.resolveMavenDependencies(DependencyUtils.scala:185)
	at org.apache.spark.deploy.SparkSubmit.prepareSubmitEnvironment(SparkSubmit.scala:334)
	at org.apache.spark.deploy.SparkSubmit.org$apache$spark$deploy$SparkSubmit$$runMain(SparkSubmit.scala:964)
	at org.apache.spark.deploy.SparkSubmit.doRunMain$1(SparkSubmit.scala:194)
	at org.apache.spark.deploy.SparkSubmit.submit(SparkSubmit.scala:217)
	at org.apache.spark.deploy.SparkSubmit.doSubmit(SparkSubmit.scala:91)
	at org.apache.spark.deploy.SparkSubmit$$anon$2.doSubmit(SparkSubmit.scala:1120)
	at org.apache.spark.deploy.SparkSubmit$.main(SparkSubmit.scala:1129)
	at org.apache.spark.deploy.SparkSubmit.main(SparkSubmit.scala)
[32m2024-06-07 02:28:53 +0000[0m - dagster - [34mDEBUG[0m - __ASSET_JOB - 9479c9ca-d72d-4bad-b685-eb74c287208c - 20063 - spark_operator.create_stock_tables[stock_AABVF] - STEP_UP_FOR_RETRY - Execution of step "spark_operator.create_stock_tables[stock_AABVF]" failed and has requested a retry in 0.3327214737535268 seconds.

dagster._core.execution.plan.utils.RetryRequestedFromPolicy

Stack Trace:
  File "/usr/local/python/3.10.13/lib/python3.10/site-packages/dagster/_core/execution/plan/execute_plan.py", line 282, in dagster_event_sequence_for_step
    for step_event in check.generator(step_events):
  File "/usr/local/python/3.10.13/lib/python3.10/site-packages/dagster/_core/execution/plan/execute_step.py", line 525, in core_dagster_event_sequence_for_step
    for user_event in _step_output_error_checked_user_event_sequence(
  File "/usr/local/python/3.10.13/lib/python3.10/site-packages/dagster/_core/execution/plan/execute_step.py", line 203, in _step_output_error_checked_user_event_sequence
    for user_event in user_event_sequence:
  File "/usr/local/python/3.10.13/lib/python3.10/site-packages/dagster/_core/execution/plan/execute_step.py", line 100, in _process_asset_results_to_events
    for user_event in user_event_sequence:
  File "/usr/local/python/3.10.13/lib/python3.10/site-packages/dagster/_core/execution/plan/compute.py", line 208, in execute_core_compute
    for step_output in _yield_compute_results(step_context, inputs, compute_fn, compute_context):
  File "/usr/local/python/3.10.13/lib/python3.10/site-packages/dagster/_core/execution/plan/compute.py", line 177, in _yield_compute_results
    for event in iterate_with_context(
  File "/usr/local/python/3.10.13/lib/python3.10/site-packages/dagster/_utils/__init__.py", line 466, in iterate_with_context
    with context_fn():
  File "/usr/local/python/3.10.13/lib/python3.10/contextlib.py", line 153, in __exit__
    self.gen.throw(typ, value, traceback)
  File "/usr/local/python/3.10.13/lib/python3.10/site-packages/dagster/_core/execution/plan/utils.py", line 72, in op_execution_error_boundary
    raise RetryRequestedFromPolicy(

The above exception was caused by the following exception:
pyspark.errors.exceptions.base.PySparkRuntimeError: [JAVA_GATEWAY_EXITED] Java gateway process exited before sending its port number.

Stack Trace:
  File "/usr/local/python/3.10.13/lib/python3.10/site-packages/dagster/_core/execution/plan/utils.py", line 54, in op_execution_error_boundary
    yield
  File "/usr/local/python/3.10.13/lib/python3.10/site-packages/dagster/_utils/__init__.py", line 468, in iterate_with_context
    next_output = next(iterator)
  File "/usr/local/python/3.10.13/lib/python3.10/site-packages/dagster/_core/execution/plan/compute_generator.py", line 141, in _coerce_op_compute_fn_to_iterator
    result = invoke_compute_fn(
  File "/usr/local/python/3.10.13/lib/python3.10/site-packages/dagster/_core/execution/plan/compute_generator.py", line 129, in invoke_compute_fn
    return fn(context, **args_to_pass) if context_arg_provided else fn(**args_to_pass)
  File "/workspaces/practical-data-engineering/finnhub-batch-stock-pipeline/finnhub_batch_stock_pipeline/assets/spark_transformations.py", line 120, in create_stock_tables
    spark = pyspark.spark_session
  File "/usr/local/python/3.10.13/lib/python3.10/site-packages/dagster_pyspark/resources.py", line 134, in spark_session
    self._init_session()
  File "/usr/local/python/3.10.13/lib/python3.10/site-packages/dagster_pyspark/resources.py", line 130, in _init_session
    self._spark_session = spark_session_from_config(self.spark_config)
  File "/usr/local/python/3.10.13/lib/python3.10/site-packages/dagster_pyspark/resources.py", line 20, in spark_session_from_config
    return builder.getOrCreate()
  File "/usr/local/python/3.10.13/lib/python3.10/site-packages/pyspark/sql/session.py", line 497, in getOrCreate
    sc = SparkContext.getOrCreate(sparkConf)
  File "/usr/local/python/3.10.13/lib/python3.10/site-packages/pyspark/context.py", line 515, in getOrCreate
    SparkContext(conf=conf or SparkConf())
  File "/usr/local/python/3.10.13/lib/python3.10/site-packages/pyspark/context.py", line 201, in __init__
    SparkContext._ensure_initialized(self, gateway=gateway, conf=conf)
  File "/usr/local/python/3.10.13/lib/python3.10/site-packages/pyspark/context.py", line 436, in _ensure_initialized
    SparkContext._gateway = gateway or launch_gateway(conf)
  File "/usr/local/python/3.10.13/lib/python3.10/site-packages/pyspark/java_gateway.py", line 107, in launch_gateway
    raise PySparkRuntimeError(

