[32m2024-06-15 13:36:37 +0000[0m - dagster - [34mDEBUG[0m - __ASSET_JOB - d61cb1be-bec4-4ff6-9ad6-a5fd46215020 - 156104 - LOGS_CAPTURED - Started capturing logs in process (pid: 156104).
[32m2024-06-15 13:36:37 +0000[0m - dagster - [34mDEBUG[0m - __ASSET_JOB - d61cb1be-bec4-4ff6-9ad6-a5fd46215020 - 156104 - finnhub_US_stocks.import_stocks_data - STEP_START - Started execution of step "finnhub_US_stocks.import_stocks_data".
[32m2024-06-15 13:36:37 +0000[0m - dagster - [34mDEBUG[0m - __ASSET_JOB - d61cb1be-bec4-4ff6-9ad6-a5fd46215020 - finnhub_US_stocks.import_stocks_data - Loading file from: /workspaces/practical-data-engineering/finnhub-batch-stock-pipeline/tmpoagzo_ny/storage/459fe356-9e91-42d3-ac40-a28341253ff0/finnhub_US_stocks.import_stocks_def/result using PickledObjectFilesystemIOManager...
[32m2024-06-15 13:36:38 +0000[0m - dagster - [34mDEBUG[0m - __ASSET_JOB - d61cb1be-bec4-4ff6-9ad6-a5fd46215020 - 156104 - finnhub_US_stocks.import_stocks_data - LOADED_INPUT - Loaded input "input_list" using input manager "io_manager", from output "result" of step "finnhub_US_stocks.import_stocks_def"
[32m2024-06-15 13:36:38 +0000[0m - dagster - [34mDEBUG[0m - __ASSET_JOB - d61cb1be-bec4-4ff6-9ad6-a5fd46215020 - 156104 - finnhub_US_stocks.import_stocks_data - STEP_INPUT - Got input "input_list" of type "Any". (Type check passed).
[32m2024-06-15 13:36:38 +0000[0m - dagster - [34mINFO[0m - __ASSET_JOB - d61cb1be-bec4-4ff6-9ad6-a5fd46215020 - finnhub_US_stocks.import_stocks_data - A
[32m2024-06-15 13:36:38 +0000[0m - dagster - [34mINFO[0m - __ASSET_JOB - d61cb1be-bec4-4ff6-9ad6-a5fd46215020 - finnhub_US_stocks.import_stocks_data - AA
[32m2024-06-15 13:36:38 +0000[0m - dagster - [34mINFO[0m - __ASSET_JOB - d61cb1be-bec4-4ff6-9ad6-a5fd46215020 - finnhub_US_stocks.import_stocks_data - AABB
[32m2024-06-15 13:36:38 +0000[0m - dagster - [34mINFO[0m - __ASSET_JOB - d61cb1be-bec4-4ff6-9ad6-a5fd46215020 - finnhub_US_stocks.import_stocks_data - AABVF
[32m2024-06-15 13:36:39 +0000[0m - dagster - [34mINFO[0m - __ASSET_JOB - d61cb1be-bec4-4ff6-9ad6-a5fd46215020 - finnhub_US_stocks.import_stocks_data - AACAF
[32m2024-06-15 13:36:39 +0000[0m - dagster - [34mINFO[0m - __ASSET_JOB - d61cb1be-bec4-4ff6-9ad6-a5fd46215020 - finnhub_US_stocks.import_stocks_data - AACI
[32m2024-06-15 13:36:39 +0000[0m - dagster - [34mINFO[0m - __ASSET_JOB - d61cb1be-bec4-4ff6-9ad6-a5fd46215020 - finnhub_US_stocks.import_stocks_data - AACS
[32m2024-06-15 13:36:39 +0000[0m - dagster - [34mINFO[0m - __ASSET_JOB - d61cb1be-bec4-4ff6-9ad6-a5fd46215020 - finnhub_US_stocks.import_stocks_data - AACT
[32m2024-06-15 13:36:39 +0000[0m - dagster - [34mINFO[0m - __ASSET_JOB - d61cb1be-bec4-4ff6-9ad6-a5fd46215020 - finnhub_US_stocks.import_stocks_data - AACTF
[32m2024-06-15 13:36:40 +0000[0m - dagster - [34mINFO[0m - __ASSET_JOB - d61cb1be-bec4-4ff6-9ad6-a5fd46215020 - finnhub_US_stocks.import_stocks_data - AADI
[32m2024-06-15 13:36:40 +0000[0m - dagster - [34mINFO[0m - __ASSET_JOB - d61cb1be-bec4-4ff6-9ad6-a5fd46215020 - finnhub_US_stocks.import_stocks_data - AAEEF
[32m2024-06-15 13:36:41 +0000[0m - dagster - [34mINFO[0m - __ASSET_JOB - d61cb1be-bec4-4ff6-9ad6-a5fd46215020 - finnhub_US_stocks.import_stocks_data - AAFRF
[32m2024-06-15 13:36:41 +0000[0m - dagster - [34mINFO[0m - __ASSET_JOB - d61cb1be-bec4-4ff6-9ad6-a5fd46215020 - finnhub_US_stocks.import_stocks_data - AAGC
[32m2024-06-15 13:36:41 +0000[0m - dagster - [34mINFO[0m - __ASSET_JOB - d61cb1be-bec4-4ff6-9ad6-a5fd46215020 - finnhub_US_stocks.import_stocks_data - AAGFF
[32m2024-06-15 13:36:41 +0000[0m - dagster - [34mINFO[0m - __ASSET_JOB - d61cb1be-bec4-4ff6-9ad6-a5fd46215020 - finnhub_US_stocks.import_stocks_data - AAGH
[32m2024-06-15 13:36:42 +0000[0m - dagster - [34mINFO[0m - __ASSET_JOB - d61cb1be-bec4-4ff6-9ad6-a5fd46215020 - finnhub_US_stocks.import_stocks_data - AAGR
[32m2024-06-15 13:36:42 +0000[0m - dagster - [34mINFO[0m - __ASSET_JOB - d61cb1be-bec4-4ff6-9ad6-a5fd46215020 - finnhub_US_stocks.import_stocks_data - AAIGF
[32m2024-06-15 13:36:42 +0000[0m - dagster - [34mINFO[0m - __ASSET_JOB - d61cb1be-bec4-4ff6-9ad6-a5fd46215020 - finnhub_US_stocks.import_stocks_data - AAIIQ
[32m2024-06-15 13:36:42 +0000[0m - dagster - [34mINFO[0m - __ASSET_JOB - d61cb1be-bec4-4ff6-9ad6-a5fd46215020 - finnhub_US_stocks.import_stocks_data - AAIRF
[32m2024-06-15 13:36:43 +0000[0m - dagster - [34mINFO[0m - __ASSET_JOB - d61cb1be-bec4-4ff6-9ad6-a5fd46215020 - finnhub_US_stocks.import_stocks_data - AAL
[32m2024-06-15 13:36:43 +0000[0m - dagster - [34mINFO[0m - __ASSET_JOB - d61cb1be-bec4-4ff6-9ad6-a5fd46215020 - finnhub_US_stocks.import_stocks_data - AALBF
[32m2024-06-15 13:36:44 +0000[0m - dagster - [34mINFO[0m - __ASSET_JOB - d61cb1be-bec4-4ff6-9ad6-a5fd46215020 - finnhub_US_stocks.import_stocks_data - AAMAF
[32m2024-06-15 13:36:44 +0000[0m - dagster - [34mINFO[0m - __ASSET_JOB - d61cb1be-bec4-4ff6-9ad6-a5fd46215020 - finnhub_US_stocks.import_stocks_data - AAMC
[32m2024-06-15 13:36:44 +0000[0m - dagster - [34mINFO[0m - __ASSET_JOB - d61cb1be-bec4-4ff6-9ad6-a5fd46215020 - finnhub_US_stocks.import_stocks_data - AAME
[32m2024-06-15 13:36:44 +0000[0m - dagster - [34mINFO[0m - __ASSET_JOB - d61cb1be-bec4-4ff6-9ad6-a5fd46215020 - finnhub_US_stocks.import_stocks_data - AAMMF
[32m2024-06-15 13:36:44 +0000[0m - dagster - [34mINFO[0m - __ASSET_JOB - d61cb1be-bec4-4ff6-9ad6-a5fd46215020 - finnhub_US_stocks.import_stocks_data - AAMTF
[32m2024-06-15 13:36:45 +0000[0m - dagster - [34mINFO[0m - __ASSET_JOB - d61cb1be-bec4-4ff6-9ad6-a5fd46215020 - finnhub_US_stocks.import_stocks_data - AAN
[32m2024-06-15 13:36:45 +0000[0m - dagster - [34mINFO[0m - __ASSET_JOB - d61cb1be-bec4-4ff6-9ad6-a5fd46215020 - finnhub_US_stocks.import_stocks_data - AANNF
[32m2024-06-15 13:36:45 +0000[0m - dagster - [34mINFO[0m - __ASSET_JOB - d61cb1be-bec4-4ff6-9ad6-a5fd46215020 - finnhub_US_stocks.import_stocks_data - AAOI
[32m2024-06-15 13:36:46 +0000[0m - dagster - [34mINFO[0m - __ASSET_JOB - d61cb1be-bec4-4ff6-9ad6-a5fd46215020 - finnhub_US_stocks.import_stocks_data - AAON
[32m2024-06-15 13:36:46 +0000[0m - dagster - [34mINFO[0m - __ASSET_JOB - d61cb1be-bec4-4ff6-9ad6-a5fd46215020 - finnhub_US_stocks.import_stocks_data - AAP
[32m2024-06-15 13:36:46 +0000[0m - dagster - [34mINFO[0m - __ASSET_JOB - d61cb1be-bec4-4ff6-9ad6-a5fd46215020 - finnhub_US_stocks.import_stocks_data - AAPI
[32m2024-06-15 13:36:46 +0000[0m - dagster - [34mINFO[0m - __ASSET_JOB - d61cb1be-bec4-4ff6-9ad6-a5fd46215020 - finnhub_US_stocks.import_stocks_data - AAPJ
[32m2024-06-15 13:36:47 +0000[0m - dagster - [34mINFO[0m - __ASSET_JOB - d61cb1be-bec4-4ff6-9ad6-a5fd46215020 - finnhub_US_stocks.import_stocks_data - AAPL
[32m2024-06-15 13:36:47 +0000[0m - dagster - [34mINFO[0m - __ASSET_JOB - d61cb1be-bec4-4ff6-9ad6-a5fd46215020 - finnhub_US_stocks.import_stocks_data - AAPT
[32m2024-06-15 13:36:47 +0000[0m - dagster - [34mINFO[0m - __ASSET_JOB - d61cb1be-bec4-4ff6-9ad6-a5fd46215020 - finnhub_US_stocks.import_stocks_data - AAQL
[32m2024-06-15 13:36:47 +0000[0m - dagster - [34mINFO[0m - __ASSET_JOB - d61cb1be-bec4-4ff6-9ad6-a5fd46215020 - finnhub_US_stocks.import_stocks_data - AASLF
[32m2024-06-15 13:36:48 +0000[0m - dagster - [34mINFO[0m - __ASSET_JOB - d61cb1be-bec4-4ff6-9ad6-a5fd46215020 - finnhub_US_stocks.import_stocks_data - AASP
[32m2024-06-15 13:36:48 +0000[0m - dagster - [34mINFO[0m - __ASSET_JOB - d61cb1be-bec4-4ff6-9ad6-a5fd46215020 - finnhub_US_stocks.import_stocks_data - AASZD
[32m2024-06-15 13:36:48 +0000[0m - dagster - [34mINFO[0m - __ASSET_JOB - d61cb1be-bec4-4ff6-9ad6-a5fd46215020 - finnhub_US_stocks.import_stocks_data - AATC
[32m2024-06-15 13:36:49 +0000[0m - dagster - [34mINFO[0m - __ASSET_JOB - d61cb1be-bec4-4ff6-9ad6-a5fd46215020 - finnhub_US_stocks.import_stocks_data - AATGF
[32m2024-06-15 13:36:49 +0000[0m - dagster - [34mINFO[0m - __ASSET_JOB - d61cb1be-bec4-4ff6-9ad6-a5fd46215020 - finnhub_US_stocks.import_stocks_data - AATV
[32m2024-06-15 13:36:49 +0000[0m - dagster - [34mINFO[0m - __ASSET_JOB - d61cb1be-bec4-4ff6-9ad6-a5fd46215020 - finnhub_US_stocks.import_stocks_data - AAUAF
[32m2024-06-15 13:36:49 +0000[0m - dagster - [34mINFO[0m - __ASSET_JOB - d61cb1be-bec4-4ff6-9ad6-a5fd46215020 - finnhub_US_stocks.import_stocks_data - AAUCF
[32m2024-06-15 13:36:50 +0000[0m - dagster - [34mINFO[0m - __ASSET_JOB - d61cb1be-bec4-4ff6-9ad6-a5fd46215020 - finnhub_US_stocks.import_stocks_data - AAUGF
[32m2024-06-15 13:36:50 +0000[0m - dagster - [34mINFO[0m - __ASSET_JOB - d61cb1be-bec4-4ff6-9ad6-a5fd46215020 - finnhub_US_stocks.import_stocks_data - AAUKF
[32m2024-06-15 13:36:50 +0000[0m - dagster - [34mINFO[0m - __ASSET_JOB - d61cb1be-bec4-4ff6-9ad6-a5fd46215020 - finnhub_US_stocks.import_stocks_data - AAVVF
[32m2024-06-15 13:36:51 +0000[0m - dagster - [34mINFO[0m - __ASSET_JOB - d61cb1be-bec4-4ff6-9ad6-a5fd46215020 - finnhub_US_stocks.import_stocks_data - AAVXF
[32m2024-06-15 13:36:51 +0000[0m - dagster - [34mINFO[0m - __ASSET_JOB - d61cb1be-bec4-4ff6-9ad6-a5fd46215020 - finnhub_US_stocks.import_stocks_data - AAWH
[32m2024-06-15 13:36:51 +0000[0m - dagster - [34mINFO[0m - __ASSET_JOB - d61cb1be-bec4-4ff6-9ad6-a5fd46215020 - finnhub_US_stocks.import_stocks_data - AAXT
[32m2024-06-15 13:36:51 +0000[0m - dagster - [34mINFO[0m - __ASSET_JOB - d61cb1be-bec4-4ff6-9ad6-a5fd46215020 - finnhub_US_stocks.import_stocks_data - ABANF
[32m2024-06-15 13:36:52 +0000[0m - dagster - [34mINFO[0m - __ASSET_JOB - d61cb1be-bec4-4ff6-9ad6-a5fd46215020 - finnhub_US_stocks.import_stocks_data - ABAT
[32m2024-06-15 13:36:52 +0000[0m - dagster - [34mINFO[0m - __ASSET_JOB - d61cb1be-bec4-4ff6-9ad6-a5fd46215020 - finnhub_US_stocks.import_stocks_data - ABBB
[32m2024-06-15 13:36:52 +0000[0m - dagster - [34mINFO[0m - __ASSET_JOB - d61cb1be-bec4-4ff6-9ad6-a5fd46215020 - finnhub_US_stocks.import_stocks_data - ABBRF
[32m2024-06-15 13:36:52 +0000[0m - dagster - [34mINFO[0m - __ASSET_JOB - d61cb1be-bec4-4ff6-9ad6-a5fd46215020 - finnhub_US_stocks.import_stocks_data - ABBV
[32m2024-06-15 13:36:52 +0000[0m - dagster - [34mINFO[0m - __ASSET_JOB - d61cb1be-bec4-4ff6-9ad6-a5fd46215020 - finnhub_US_stocks.import_stocks_data - ABBY
[32m2024-06-15 13:36:52 +0000[0m - dagster - [34mINFO[0m - __ASSET_JOB - d61cb1be-bec4-4ff6-9ad6-a5fd46215020 - finnhub_US_stocks.import_stocks_data - ABCB
[32m2024-06-15 13:36:53 +0000[0m - dagster - [34mINFO[0m - __ASSET_JOB - d61cb1be-bec4-4ff6-9ad6-a5fd46215020 - finnhub_US_stocks.import_stocks_data - ABCCF
[32m2024-06-15 13:36:53 +0000[0m - dagster - [34mINFO[0m - __ASSET_JOB - d61cb1be-bec4-4ff6-9ad6-a5fd46215020 - finnhub_US_stocks.import_stocks_data - ABCE
[32m2024-06-15 13:36:53 +0000[0m - dagster - [34mINFO[0m - __ASSET_JOB - d61cb1be-bec4-4ff6-9ad6-a5fd46215020 - finnhub_US_stocks.import_stocks_data - ABCFF
[32m2024-06-15 13:36:54 +0000[0m - dagster - [34mINFO[0m - __ASSET_JOB - d61cb1be-bec4-4ff6-9ad6-a5fd46215020 - finnhub_US_stocks.import_stocks_data - ABCL
[32m2024-06-15 13:37:59 +0000[0m - dagster - [34mINFO[0m - __ASSET_JOB - d61cb1be-bec4-4ff6-9ad6-a5fd46215020 - finnhub_US_stocks.import_stocks_data - ABCP
[32m2024-06-15 13:37:59 +0000[0m - dagster - [34mINFO[0m - __ASSET_JOB - d61cb1be-bec4-4ff6-9ad6-a5fd46215020 - finnhub_US_stocks.import_stocks_data - ABCZF
[32m2024-06-15 13:37:59 +0000[0m - dagster - [34mINFO[0m - __ASSET_JOB - d61cb1be-bec4-4ff6-9ad6-a5fd46215020 - finnhub_US_stocks.import_stocks_data - ABDDF
[32m2024-06-15 13:38:00 +0000[0m - dagster - [34mINFO[0m - __ASSET_JOB - d61cb1be-bec4-4ff6-9ad6-a5fd46215020 - finnhub_US_stocks.import_stocks_data - ABDXF
[32m2024-06-15 13:38:00 +0000[0m - dagster - [34mINFO[0m - __ASSET_JOB - d61cb1be-bec4-4ff6-9ad6-a5fd46215020 - finnhub_US_stocks.import_stocks_data - ABEO
[32m2024-06-15 13:38:01 +0000[0m - dagster - [34mINFO[0m - __ASSET_JOB - d61cb1be-bec4-4ff6-9ad6-a5fd46215020 - finnhub_US_stocks.import_stocks_data - ABEPF
[32m2024-06-15 13:38:01 +0000[0m - dagster - [34mINFO[0m - __ASSET_JOB - d61cb1be-bec4-4ff6-9ad6-a5fd46215020 - finnhub_US_stocks.import_stocks_data - ABFOF
[32m2024-06-15 13:38:01 +0000[0m - dagster - [34mINFO[0m - __ASSET_JOB - d61cb1be-bec4-4ff6-9ad6-a5fd46215020 - finnhub_US_stocks.import_stocks_data - ABG
[32m2024-06-15 13:38:01 +0000[0m - dagster - [34mINFO[0m - __ASSET_JOB - d61cb1be-bec4-4ff6-9ad6-a5fd46215020 - finnhub_US_stocks.import_stocks_data - ABGOF
[32m2024-06-15 13:38:01 +0000[0m - dagster - [34mINFO[0m - __ASSET_JOB - d61cb1be-bec4-4ff6-9ad6-a5fd46215020 - finnhub_US_stocks.import_stocks_data - ABGSF
[32m2024-06-15 13:38:02 +0000[0m - dagster - [34mINFO[0m - __ASSET_JOB - d61cb1be-bec4-4ff6-9ad6-a5fd46215020 - finnhub_US_stocks.import_stocks_data - ABILF
[32m2024-06-15 13:38:02 +0000[0m - dagster - [34mINFO[0m - __ASSET_JOB - d61cb1be-bec4-4ff6-9ad6-a5fd46215020 - finnhub_US_stocks.import_stocks_data - ABIO
[32m2024-06-15 13:38:03 +0000[0m - dagster - [34mINFO[0m - __ASSET_JOB - d61cb1be-bec4-4ff6-9ad6-a5fd46215020 - finnhub_US_stocks.import_stocks_data - ABIT
[32m2024-06-15 13:38:03 +0000[0m - dagster - [34mINFO[0m - __ASSET_JOB - d61cb1be-bec4-4ff6-9ad6-a5fd46215020 - finnhub_US_stocks.import_stocks_data - ABL
[32m2024-06-15 13:38:03 +0000[0m - dagster - [34mINFO[0m - __ASSET_JOB - d61cb1be-bec4-4ff6-9ad6-a5fd46215020 - finnhub_US_stocks.import_stocks_data - ABLE
[32m2024-06-15 13:38:03 +0000[0m - dagster - [34mINFO[0m - __ASSET_JOB - d61cb1be-bec4-4ff6-9ad6-a5fd46215020 - finnhub_US_stocks.import_stocks_data - ABLGF
[32m2024-06-15 13:38:03 +0000[0m - dagster - [34mINFO[0m - __ASSET_JOB - d61cb1be-bec4-4ff6-9ad6-a5fd46215020 - finnhub_US_stocks.import_stocks_data - ABLT
[32m2024-06-15 13:38:04 +0000[0m - dagster - [34mINFO[0m - __ASSET_JOB - d61cb1be-bec4-4ff6-9ad6-a5fd46215020 - finnhub_US_stocks.import_stocks_data - ABLV
[32m2024-06-15 13:38:04 +0000[0m - dagster - [34mINFO[0m - __ASSET_JOB - d61cb1be-bec4-4ff6-9ad6-a5fd46215020 - finnhub_US_stocks.import_stocks_data - ABLZF
[32m2024-06-15 13:38:04 +0000[0m - dagster - [34mINFO[0m - __ASSET_JOB - d61cb1be-bec4-4ff6-9ad6-a5fd46215020 - finnhub_US_stocks.import_stocks_data - ABM
[32m2024-06-15 13:38:05 +0000[0m - dagster - [34mINFO[0m - __ASSET_JOB - d61cb1be-bec4-4ff6-9ad6-a5fd46215020 - finnhub_US_stocks.import_stocks_data - ABMBF
[32m2024-06-15 13:38:05 +0000[0m - dagster - [34mINFO[0m - __ASSET_JOB - d61cb1be-bec4-4ff6-9ad6-a5fd46215020 - finnhub_US_stocks.import_stocks_data - ABMC
[32m2024-06-15 13:38:05 +0000[0m - dagster - [34mINFO[0m - __ASSET_JOB - d61cb1be-bec4-4ff6-9ad6-a5fd46215020 - finnhub_US_stocks.import_stocks_data - ABMT
[32m2024-06-15 13:38:05 +0000[0m - dagster - [34mINFO[0m - __ASSET_JOB - d61cb1be-bec4-4ff6-9ad6-a5fd46215020 - finnhub_US_stocks.import_stocks_data - ABNAF
[32m2024-06-15 13:38:06 +0000[0m - dagster - [34mINFO[0m - __ASSET_JOB - d61cb1be-bec4-4ff6-9ad6-a5fd46215020 - finnhub_US_stocks.import_stocks_data - ABNB
[32m2024-06-15 13:38:06 +0000[0m - dagster - [34mINFO[0m - __ASSET_JOB - d61cb1be-bec4-4ff6-9ad6-a5fd46215020 - finnhub_US_stocks.import_stocks_data - ABOIF
[32m2024-06-15 13:38:06 +0000[0m - dagster - [34mINFO[0m - __ASSET_JOB - d61cb1be-bec4-4ff6-9ad6-a5fd46215020 - finnhub_US_stocks.import_stocks_data - ABOS
[32m2024-06-15 13:38:06 +0000[0m - dagster - [34mINFO[0m - __ASSET_JOB - d61cb1be-bec4-4ff6-9ad6-a5fd46215020 - finnhub_US_stocks.import_stocks_data - ABPR
[32m2024-06-15 13:38:07 +0000[0m - dagster - [34mINFO[0m - __ASSET_JOB - d61cb1be-bec4-4ff6-9ad6-a5fd46215020 - finnhub_US_stocks.import_stocks_data - ABQQ
[32m2024-06-15 13:38:07 +0000[0m - dagster - [34mINFO[0m - __ASSET_JOB - d61cb1be-bec4-4ff6-9ad6-a5fd46215020 - finnhub_US_stocks.import_stocks_data - ABRMF
[32m2024-06-15 13:38:07 +0000[0m - dagster - [34mINFO[0m - __ASSET_JOB - d61cb1be-bec4-4ff6-9ad6-a5fd46215020 - finnhub_US_stocks.import_stocks_data - ABSCF
[32m2024-06-15 13:38:07 +0000[0m - dagster - [34mINFO[0m - __ASSET_JOB - d61cb1be-bec4-4ff6-9ad6-a5fd46215020 - finnhub_US_stocks.import_stocks_data - ABSI
[32m2024-06-15 13:38:07 +0000[0m - dagster - [34mINFO[0m - __ASSET_JOB - d61cb1be-bec4-4ff6-9ad6-a5fd46215020 - finnhub_US_stocks.import_stocks_data - ABSSF
[32m2024-06-15 13:38:08 +0000[0m - dagster - [34mINFO[0m - __ASSET_JOB - d61cb1be-bec4-4ff6-9ad6-a5fd46215020 - finnhub_US_stocks.import_stocks_data - ABT
[32m2024-06-15 13:38:08 +0000[0m - dagster - [34mINFO[0m - __ASSET_JOB - d61cb1be-bec4-4ff6-9ad6-a5fd46215020 - finnhub_US_stocks.import_stocks_data - ABTI
[32m2024-06-15 13:38:08 +0000[0m - dagster - [34mINFO[0m - __ASSET_JOB - d61cb1be-bec4-4ff6-9ad6-a5fd46215020 - finnhub_US_stocks.import_stocks_data - ABTO
[32m2024-06-15 13:38:08 +0000[0m - dagster - [34mINFO[0m - __ASSET_JOB - d61cb1be-bec4-4ff6-9ad6-a5fd46215020 - finnhub_US_stocks.import_stocks_data - ABTS
[32m2024-06-15 13:38:09 +0000[0m - dagster - [34mINFO[0m - __ASSET_JOB - d61cb1be-bec4-4ff6-9ad6-a5fd46215020 - finnhub_US_stocks.import_stocks_data - ABUS
[32m2024-06-15 13:38:09 +0000[0m - dagster - [34mINFO[0m - __ASSET_JOB - d61cb1be-bec4-4ff6-9ad6-a5fd46215020 - finnhub_US_stocks.import_stocks_data - ABVC
[32m2024-06-15 13:38:09 +0000[0m - dagster - [34mDEBUG[0m - __ASSET_JOB - d61cb1be-bec4-4ff6-9ad6-a5fd46215020 - 156104 - finnhub_US_stocks.import_stocks_data - STEP_OUTPUT - Yielded output "result" of type "Any". (Type check passed).
[32m2024-06-15 13:38:09 +0000[0m - dagster - [34mDEBUG[0m - __ASSET_JOB - d61cb1be-bec4-4ff6-9ad6-a5fd46215020 - finnhub_US_stocks.import_stocks_data - Writing S3 object at: s3://dagster-api/raw/2024-06-15/finnhub_US_stocks_A.json
[32m2024-06-15 13:38:10 +0000[0m - dagster - [34mDEBUG[0m - __ASSET_JOB - d61cb1be-bec4-4ff6-9ad6-a5fd46215020 - finnhub_US_stocks.import_stocks_data - Writing S3 object at: s3://dagster-api/raw/2024-06-15/finnhub_US_stocks_AA.json
[32m2024-06-15 13:38:10 +0000[0m - dagster - [34mDEBUG[0m - __ASSET_JOB - d61cb1be-bec4-4ff6-9ad6-a5fd46215020 - finnhub_US_stocks.import_stocks_data - Writing S3 object at: s3://dagster-api/raw/2024-06-15/finnhub_US_stocks_AABB.json
[32m2024-06-15 13:38:10 +0000[0m - dagster - [34mDEBUG[0m - __ASSET_JOB - d61cb1be-bec4-4ff6-9ad6-a5fd46215020 - finnhub_US_stocks.import_stocks_data - Writing S3 object at: s3://dagster-api/raw/2024-06-15/finnhub_US_stocks_AABVF.json
[32m2024-06-15 13:38:10 +0000[0m - dagster - [34mDEBUG[0m - __ASSET_JOB - d61cb1be-bec4-4ff6-9ad6-a5fd46215020 - finnhub_US_stocks.import_stocks_data - Writing S3 object at: s3://dagster-api/raw/2024-06-15/finnhub_US_stocks_AACAF.json
[32m2024-06-15 13:38:10 +0000[0m - dagster - [34mDEBUG[0m - __ASSET_JOB - d61cb1be-bec4-4ff6-9ad6-a5fd46215020 - finnhub_US_stocks.import_stocks_data - Writing S3 object at: s3://dagster-api/raw/2024-06-15/finnhub_US_stocks_AACI.json
[32m2024-06-15 13:38:10 +0000[0m - dagster - [34mDEBUG[0m - __ASSET_JOB - d61cb1be-bec4-4ff6-9ad6-a5fd46215020 - finnhub_US_stocks.import_stocks_data - Writing S3 object at: s3://dagster-api/raw/2024-06-15/finnhub_US_stocks_AACS.json
[32m2024-06-15 13:38:10 +0000[0m - dagster - [34mDEBUG[0m - __ASSET_JOB - d61cb1be-bec4-4ff6-9ad6-a5fd46215020 - finnhub_US_stocks.import_stocks_data - Writing S3 object at: s3://dagster-api/raw/2024-06-15/finnhub_US_stocks_AACT.json
[32m2024-06-15 13:38:10 +0000[0m - dagster - [34mDEBUG[0m - __ASSET_JOB - d61cb1be-bec4-4ff6-9ad6-a5fd46215020 - finnhub_US_stocks.import_stocks_data - Writing S3 object at: s3://dagster-api/raw/2024-06-15/finnhub_US_stocks_AACTF.json
[32m2024-06-15 13:38:10 +0000[0m - dagster - [34mDEBUG[0m - __ASSET_JOB - d61cb1be-bec4-4ff6-9ad6-a5fd46215020 - finnhub_US_stocks.import_stocks_data - Writing S3 object at: s3://dagster-api/raw/2024-06-15/finnhub_US_stocks_AADI.json
[32m2024-06-15 13:38:10 +0000[0m - dagster - [34mDEBUG[0m - __ASSET_JOB - d61cb1be-bec4-4ff6-9ad6-a5fd46215020 - finnhub_US_stocks.import_stocks_data - Writing S3 object at: s3://dagster-api/raw/2024-06-15/finnhub_US_stocks_AAEEF.json
[32m2024-06-15 13:38:10 +0000[0m - dagster - [34mDEBUG[0m - __ASSET_JOB - d61cb1be-bec4-4ff6-9ad6-a5fd46215020 - finnhub_US_stocks.import_stocks_data - Writing S3 object at: s3://dagster-api/raw/2024-06-15/finnhub_US_stocks_AAFRF.json
[32m2024-06-15 13:38:10 +0000[0m - dagster - [34mDEBUG[0m - __ASSET_JOB - d61cb1be-bec4-4ff6-9ad6-a5fd46215020 - finnhub_US_stocks.import_stocks_data - Writing S3 object at: s3://dagster-api/raw/2024-06-15/finnhub_US_stocks_AAGC.json
[32m2024-06-15 13:38:10 +0000[0m - dagster - [34mDEBUG[0m - __ASSET_JOB - d61cb1be-bec4-4ff6-9ad6-a5fd46215020 - finnhub_US_stocks.import_stocks_data - Writing S3 object at: s3://dagster-api/raw/2024-06-15/finnhub_US_stocks_AAGFF.json
[32m2024-06-15 13:38:11 +0000[0m - dagster - [34mDEBUG[0m - __ASSET_JOB - d61cb1be-bec4-4ff6-9ad6-a5fd46215020 - finnhub_US_stocks.import_stocks_data - Writing S3 object at: s3://dagster-api/raw/2024-06-15/finnhub_US_stocks_AAGH.json
[32m2024-06-15 13:38:11 +0000[0m - dagster - [34mDEBUG[0m - __ASSET_JOB - d61cb1be-bec4-4ff6-9ad6-a5fd46215020 - finnhub_US_stocks.import_stocks_data - Writing S3 object at: s3://dagster-api/raw/2024-06-15/finnhub_US_stocks_AAGR.json
[32m2024-06-15 13:38:11 +0000[0m - dagster - [34mDEBUG[0m - __ASSET_JOB - d61cb1be-bec4-4ff6-9ad6-a5fd46215020 - finnhub_US_stocks.import_stocks_data - Writing S3 object at: s3://dagster-api/raw/2024-06-15/finnhub_US_stocks_AAIGF.json
[32m2024-06-15 13:38:11 +0000[0m - dagster - [34mDEBUG[0m - __ASSET_JOB - d61cb1be-bec4-4ff6-9ad6-a5fd46215020 - finnhub_US_stocks.import_stocks_data - Writing S3 object at: s3://dagster-api/raw/2024-06-15/finnhub_US_stocks_AAIIQ.json
[32m2024-06-15 13:38:11 +0000[0m - dagster - [34mDEBUG[0m - __ASSET_JOB - d61cb1be-bec4-4ff6-9ad6-a5fd46215020 - finnhub_US_stocks.import_stocks_data - Writing S3 object at: s3://dagster-api/raw/2024-06-15/finnhub_US_stocks_AAIRF.json
[32m2024-06-15 13:38:11 +0000[0m - dagster - [34mDEBUG[0m - __ASSET_JOB - d61cb1be-bec4-4ff6-9ad6-a5fd46215020 - finnhub_US_stocks.import_stocks_data - Writing S3 object at: s3://dagster-api/raw/2024-06-15/finnhub_US_stocks_AAL.json
[32m2024-06-15 13:38:11 +0000[0m - dagster - [34mDEBUG[0m - __ASSET_JOB - d61cb1be-bec4-4ff6-9ad6-a5fd46215020 - finnhub_US_stocks.import_stocks_data - Writing S3 object at: s3://dagster-api/raw/2024-06-15/finnhub_US_stocks_AALBF.json
[32m2024-06-15 13:38:11 +0000[0m - dagster - [34mDEBUG[0m - __ASSET_JOB - d61cb1be-bec4-4ff6-9ad6-a5fd46215020 - finnhub_US_stocks.import_stocks_data - Writing S3 object at: s3://dagster-api/raw/2024-06-15/finnhub_US_stocks_AAMAF.json
[32m2024-06-15 13:38:11 +0000[0m - dagster - [34mDEBUG[0m - __ASSET_JOB - d61cb1be-bec4-4ff6-9ad6-a5fd46215020 - finnhub_US_stocks.import_stocks_data - Writing S3 object at: s3://dagster-api/raw/2024-06-15/finnhub_US_stocks_AAMC.json
[32m2024-06-15 13:38:11 +0000[0m - dagster - [34mDEBUG[0m - __ASSET_JOB - d61cb1be-bec4-4ff6-9ad6-a5fd46215020 - finnhub_US_stocks.import_stocks_data - Writing S3 object at: s3://dagster-api/raw/2024-06-15/finnhub_US_stocks_AAME.json
[32m2024-06-15 13:38:11 +0000[0m - dagster - [34mDEBUG[0m - __ASSET_JOB - d61cb1be-bec4-4ff6-9ad6-a5fd46215020 - finnhub_US_stocks.import_stocks_data - Writing S3 object at: s3://dagster-api/raw/2024-06-15/finnhub_US_stocks_AAMMF.json
[32m2024-06-15 13:38:11 +0000[0m - dagster - [34mDEBUG[0m - __ASSET_JOB - d61cb1be-bec4-4ff6-9ad6-a5fd46215020 - finnhub_US_stocks.import_stocks_data - Writing S3 object at: s3://dagster-api/raw/2024-06-15/finnhub_US_stocks_AAMTF.json
[32m2024-06-15 13:38:11 +0000[0m - dagster - [34mDEBUG[0m - __ASSET_JOB - d61cb1be-bec4-4ff6-9ad6-a5fd46215020 - finnhub_US_stocks.import_stocks_data - Writing S3 object at: s3://dagster-api/raw/2024-06-15/finnhub_US_stocks_AAN.json
[32m2024-06-15 13:38:12 +0000[0m - dagster - [34mDEBUG[0m - __ASSET_JOB - d61cb1be-bec4-4ff6-9ad6-a5fd46215020 - finnhub_US_stocks.import_stocks_data - Writing S3 object at: s3://dagster-api/raw/2024-06-15/finnhub_US_stocks_AANNF.json
[32m2024-06-15 13:38:12 +0000[0m - dagster - [34mDEBUG[0m - __ASSET_JOB - d61cb1be-bec4-4ff6-9ad6-a5fd46215020 - finnhub_US_stocks.import_stocks_data - Writing S3 object at: s3://dagster-api/raw/2024-06-15/finnhub_US_stocks_AAOI.json
[32m2024-06-15 13:38:12 +0000[0m - dagster - [34mDEBUG[0m - __ASSET_JOB - d61cb1be-bec4-4ff6-9ad6-a5fd46215020 - finnhub_US_stocks.import_stocks_data - Writing S3 object at: s3://dagster-api/raw/2024-06-15/finnhub_US_stocks_AAON.json
[32m2024-06-15 13:38:12 +0000[0m - dagster - [34mDEBUG[0m - __ASSET_JOB - d61cb1be-bec4-4ff6-9ad6-a5fd46215020 - finnhub_US_stocks.import_stocks_data - Writing S3 object at: s3://dagster-api/raw/2024-06-15/finnhub_US_stocks_AAP.json
[32m2024-06-15 13:38:12 +0000[0m - dagster - [34mDEBUG[0m - __ASSET_JOB - d61cb1be-bec4-4ff6-9ad6-a5fd46215020 - finnhub_US_stocks.import_stocks_data - Writing S3 object at: s3://dagster-api/raw/2024-06-15/finnhub_US_stocks_AAPI.json
[32m2024-06-15 13:38:12 +0000[0m - dagster - [34mDEBUG[0m - __ASSET_JOB - d61cb1be-bec4-4ff6-9ad6-a5fd46215020 - finnhub_US_stocks.import_stocks_data - Writing S3 object at: s3://dagster-api/raw/2024-06-15/finnhub_US_stocks_AAPJ.json
[32m2024-06-15 13:38:12 +0000[0m - dagster - [34mDEBUG[0m - __ASSET_JOB - d61cb1be-bec4-4ff6-9ad6-a5fd46215020 - finnhub_US_stocks.import_stocks_data - Writing S3 object at: s3://dagster-api/raw/2024-06-15/finnhub_US_stocks_AAPL.json
[32m2024-06-15 13:38:12 +0000[0m - dagster - [34mDEBUG[0m - __ASSET_JOB - d61cb1be-bec4-4ff6-9ad6-a5fd46215020 - finnhub_US_stocks.import_stocks_data - Writing S3 object at: s3://dagster-api/raw/2024-06-15/finnhub_US_stocks_AAPT.json
[32m2024-06-15 13:38:12 +0000[0m - dagster - [34mDEBUG[0m - __ASSET_JOB - d61cb1be-bec4-4ff6-9ad6-a5fd46215020 - finnhub_US_stocks.import_stocks_data - Writing S3 object at: s3://dagster-api/raw/2024-06-15/finnhub_US_stocks_AAQL.json
[32m2024-06-15 13:38:12 +0000[0m - dagster - [34mDEBUG[0m - __ASSET_JOB - d61cb1be-bec4-4ff6-9ad6-a5fd46215020 - finnhub_US_stocks.import_stocks_data - Writing S3 object at: s3://dagster-api/raw/2024-06-15/finnhub_US_stocks_AASLF.json
[32m2024-06-15 13:38:12 +0000[0m - dagster - [34mDEBUG[0m - __ASSET_JOB - d61cb1be-bec4-4ff6-9ad6-a5fd46215020 - finnhub_US_stocks.import_stocks_data - Writing S3 object at: s3://dagster-api/raw/2024-06-15/finnhub_US_stocks_AASP.json
[32m2024-06-15 13:38:12 +0000[0m - dagster - [34mDEBUG[0m - __ASSET_JOB - d61cb1be-bec4-4ff6-9ad6-a5fd46215020 - finnhub_US_stocks.import_stocks_data - Writing S3 object at: s3://dagster-api/raw/2024-06-15/finnhub_US_stocks_AASZD.json
[32m2024-06-15 13:38:12 +0000[0m - dagster - [34mDEBUG[0m - __ASSET_JOB - d61cb1be-bec4-4ff6-9ad6-a5fd46215020 - finnhub_US_stocks.import_stocks_data - Writing S3 object at: s3://dagster-api/raw/2024-06-15/finnhub_US_stocks_AATC.json
[32m2024-06-15 13:38:13 +0000[0m - dagster - [34mDEBUG[0m - __ASSET_JOB - d61cb1be-bec4-4ff6-9ad6-a5fd46215020 - finnhub_US_stocks.import_stocks_data - Writing S3 object at: s3://dagster-api/raw/2024-06-15/finnhub_US_stocks_AATGF.json
[32m2024-06-15 13:38:13 +0000[0m - dagster - [34mDEBUG[0m - __ASSET_JOB - d61cb1be-bec4-4ff6-9ad6-a5fd46215020 - finnhub_US_stocks.import_stocks_data - Writing S3 object at: s3://dagster-api/raw/2024-06-15/finnhub_US_stocks_AATV.json
[32m2024-06-15 13:38:13 +0000[0m - dagster - [34mDEBUG[0m - __ASSET_JOB - d61cb1be-bec4-4ff6-9ad6-a5fd46215020 - finnhub_US_stocks.import_stocks_data - Writing S3 object at: s3://dagster-api/raw/2024-06-15/finnhub_US_stocks_AAUAF.json
[32m2024-06-15 13:38:13 +0000[0m - dagster - [34mDEBUG[0m - __ASSET_JOB - d61cb1be-bec4-4ff6-9ad6-a5fd46215020 - finnhub_US_stocks.import_stocks_data - Writing S3 object at: s3://dagster-api/raw/2024-06-15/finnhub_US_stocks_AAUCF.json
[32m2024-06-15 13:38:13 +0000[0m - dagster - [34mDEBUG[0m - __ASSET_JOB - d61cb1be-bec4-4ff6-9ad6-a5fd46215020 - finnhub_US_stocks.import_stocks_data - Writing S3 object at: s3://dagster-api/raw/2024-06-15/finnhub_US_stocks_AAUGF.json
[32m2024-06-15 13:38:13 +0000[0m - dagster - [34mDEBUG[0m - __ASSET_JOB - d61cb1be-bec4-4ff6-9ad6-a5fd46215020 - finnhub_US_stocks.import_stocks_data - Writing S3 object at: s3://dagster-api/raw/2024-06-15/finnhub_US_stocks_AAUKF.json
[32m2024-06-15 13:38:13 +0000[0m - dagster - [34mDEBUG[0m - __ASSET_JOB - d61cb1be-bec4-4ff6-9ad6-a5fd46215020 - finnhub_US_stocks.import_stocks_data - Writing S3 object at: s3://dagster-api/raw/2024-06-15/finnhub_US_stocks_AAVVF.json
[32m2024-06-15 13:38:13 +0000[0m - dagster - [34mDEBUG[0m - __ASSET_JOB - d61cb1be-bec4-4ff6-9ad6-a5fd46215020 - finnhub_US_stocks.import_stocks_data - Writing S3 object at: s3://dagster-api/raw/2024-06-15/finnhub_US_stocks_AAVXF.json
[32m2024-06-15 13:38:13 +0000[0m - dagster - [34mDEBUG[0m - __ASSET_JOB - d61cb1be-bec4-4ff6-9ad6-a5fd46215020 - finnhub_US_stocks.import_stocks_data - Writing S3 object at: s3://dagster-api/raw/2024-06-15/finnhub_US_stocks_AAWH.json
[32m2024-06-15 13:38:13 +0000[0m - dagster - [34mDEBUG[0m - __ASSET_JOB - d61cb1be-bec4-4ff6-9ad6-a5fd46215020 - finnhub_US_stocks.import_stocks_data - Writing S3 object at: s3://dagster-api/raw/2024-06-15/finnhub_US_stocks_AAXT.json
[32m2024-06-15 13:38:13 +0000[0m - dagster - [34mDEBUG[0m - __ASSET_JOB - d61cb1be-bec4-4ff6-9ad6-a5fd46215020 - finnhub_US_stocks.import_stocks_data - Writing S3 object at: s3://dagster-api/raw/2024-06-15/finnhub_US_stocks_ABANF.json
[32m2024-06-15 13:38:13 +0000[0m - dagster - [34mDEBUG[0m - __ASSET_JOB - d61cb1be-bec4-4ff6-9ad6-a5fd46215020 - finnhub_US_stocks.import_stocks_data - Writing S3 object at: s3://dagster-api/raw/2024-06-15/finnhub_US_stocks_ABAT.json
[32m2024-06-15 13:38:13 +0000[0m - dagster - [34mDEBUG[0m - __ASSET_JOB - d61cb1be-bec4-4ff6-9ad6-a5fd46215020 - finnhub_US_stocks.import_stocks_data - Writing S3 object at: s3://dagster-api/raw/2024-06-15/finnhub_US_stocks_ABBB.json
[32m2024-06-15 13:38:14 +0000[0m - dagster - [34mDEBUG[0m - __ASSET_JOB - d61cb1be-bec4-4ff6-9ad6-a5fd46215020 - finnhub_US_stocks.import_stocks_data - Writing S3 object at: s3://dagster-api/raw/2024-06-15/finnhub_US_stocks_ABBRF.json
[32m2024-06-15 13:38:14 +0000[0m - dagster - [34mDEBUG[0m - __ASSET_JOB - d61cb1be-bec4-4ff6-9ad6-a5fd46215020 - finnhub_US_stocks.import_stocks_data - Writing S3 object at: s3://dagster-api/raw/2024-06-15/finnhub_US_stocks_ABBV.json
[32m2024-06-15 13:38:14 +0000[0m - dagster - [34mDEBUG[0m - __ASSET_JOB - d61cb1be-bec4-4ff6-9ad6-a5fd46215020 - finnhub_US_stocks.import_stocks_data - Writing S3 object at: s3://dagster-api/raw/2024-06-15/finnhub_US_stocks_ABBY.json
[32m2024-06-15 13:38:14 +0000[0m - dagster - [34mDEBUG[0m - __ASSET_JOB - d61cb1be-bec4-4ff6-9ad6-a5fd46215020 - finnhub_US_stocks.import_stocks_data - Writing S3 object at: s3://dagster-api/raw/2024-06-15/finnhub_US_stocks_ABCB.json
[32m2024-06-15 13:38:14 +0000[0m - dagster - [34mDEBUG[0m - __ASSET_JOB - d61cb1be-bec4-4ff6-9ad6-a5fd46215020 - finnhub_US_stocks.import_stocks_data - Writing S3 object at: s3://dagster-api/raw/2024-06-15/finnhub_US_stocks_ABCCF.json
[32m2024-06-15 13:38:14 +0000[0m - dagster - [34mDEBUG[0m - __ASSET_JOB - d61cb1be-bec4-4ff6-9ad6-a5fd46215020 - finnhub_US_stocks.import_stocks_data - Writing S3 object at: s3://dagster-api/raw/2024-06-15/finnhub_US_stocks_ABCE.json
[32m2024-06-15 13:38:14 +0000[0m - dagster - [34mDEBUG[0m - __ASSET_JOB - d61cb1be-bec4-4ff6-9ad6-a5fd46215020 - finnhub_US_stocks.import_stocks_data - Writing S3 object at: s3://dagster-api/raw/2024-06-15/finnhub_US_stocks_ABCFF.json
[32m2024-06-15 13:38:14 +0000[0m - dagster - [34mDEBUG[0m - __ASSET_JOB - d61cb1be-bec4-4ff6-9ad6-a5fd46215020 - finnhub_US_stocks.import_stocks_data - Writing S3 object at: s3://dagster-api/raw/2024-06-15/finnhub_US_stocks_ABCL.json
[32m2024-06-15 13:38:14 +0000[0m - dagster - [34mWARNING[0m - __ASSET_JOB - d61cb1be-bec4-4ff6-9ad6-a5fd46215020 - finnhub_US_stocks.import_stocks_data - Removing existing S3 object: raw/2024-06-15/finnhub_US_stocks_ABCL.json
[32m2024-06-15 13:38:14 +0000[0m - dagster - [34mDEBUG[0m - __ASSET_JOB - d61cb1be-bec4-4ff6-9ad6-a5fd46215020 - finnhub_US_stocks.import_stocks_data - Writing S3 object at: s3://dagster-api/raw/2024-06-15/finnhub_US_stocks_ABCP.json
[32m2024-06-15 13:38:14 +0000[0m - dagster - [34mDEBUG[0m - __ASSET_JOB - d61cb1be-bec4-4ff6-9ad6-a5fd46215020 - finnhub_US_stocks.import_stocks_data - Writing S3 object at: s3://dagster-api/raw/2024-06-15/finnhub_US_stocks_ABCZF.json
[32m2024-06-15 13:38:14 +0000[0m - dagster - [34mDEBUG[0m - __ASSET_JOB - d61cb1be-bec4-4ff6-9ad6-a5fd46215020 - finnhub_US_stocks.import_stocks_data - Writing S3 object at: s3://dagster-api/raw/2024-06-15/finnhub_US_stocks_ABDDF.json
[32m2024-06-15 13:38:14 +0000[0m - dagster - [34mDEBUG[0m - __ASSET_JOB - d61cb1be-bec4-4ff6-9ad6-a5fd46215020 - finnhub_US_stocks.import_stocks_data - Writing S3 object at: s3://dagster-api/raw/2024-06-15/finnhub_US_stocks_ABDXF.json
[32m2024-06-15 13:38:15 +0000[0m - dagster - [34mDEBUG[0m - __ASSET_JOB - d61cb1be-bec4-4ff6-9ad6-a5fd46215020 - finnhub_US_stocks.import_stocks_data - Writing S3 object at: s3://dagster-api/raw/2024-06-15/finnhub_US_stocks_ABEO.json
[32m2024-06-15 13:38:15 +0000[0m - dagster - [34mDEBUG[0m - __ASSET_JOB - d61cb1be-bec4-4ff6-9ad6-a5fd46215020 - finnhub_US_stocks.import_stocks_data - Writing S3 object at: s3://dagster-api/raw/2024-06-15/finnhub_US_stocks_ABEPF.json
[32m2024-06-15 13:38:15 +0000[0m - dagster - [34mDEBUG[0m - __ASSET_JOB - d61cb1be-bec4-4ff6-9ad6-a5fd46215020 - finnhub_US_stocks.import_stocks_data - Writing S3 object at: s3://dagster-api/raw/2024-06-15/finnhub_US_stocks_ABFOF.json
[32m2024-06-15 13:38:15 +0000[0m - dagster - [34mDEBUG[0m - __ASSET_JOB - d61cb1be-bec4-4ff6-9ad6-a5fd46215020 - finnhub_US_stocks.import_stocks_data - Writing S3 object at: s3://dagster-api/raw/2024-06-15/finnhub_US_stocks_ABG.json
[32m2024-06-15 13:38:15 +0000[0m - dagster - [34mDEBUG[0m - __ASSET_JOB - d61cb1be-bec4-4ff6-9ad6-a5fd46215020 - finnhub_US_stocks.import_stocks_data - Writing S3 object at: s3://dagster-api/raw/2024-06-15/finnhub_US_stocks_ABGOF.json
[32m2024-06-15 13:38:15 +0000[0m - dagster - [34mDEBUG[0m - __ASSET_JOB - d61cb1be-bec4-4ff6-9ad6-a5fd46215020 - finnhub_US_stocks.import_stocks_data - Writing S3 object at: s3://dagster-api/raw/2024-06-15/finnhub_US_stocks_ABGSF.json
[32m2024-06-15 13:38:15 +0000[0m - dagster - [34mDEBUG[0m - __ASSET_JOB - d61cb1be-bec4-4ff6-9ad6-a5fd46215020 - finnhub_US_stocks.import_stocks_data - Writing S3 object at: s3://dagster-api/raw/2024-06-15/finnhub_US_stocks_ABILF.json
[32m2024-06-15 13:38:15 +0000[0m - dagster - [34mDEBUG[0m - __ASSET_JOB - d61cb1be-bec4-4ff6-9ad6-a5fd46215020 - finnhub_US_stocks.import_stocks_data - Writing S3 object at: s3://dagster-api/raw/2024-06-15/finnhub_US_stocks_ABIO.json
[32m2024-06-15 13:38:15 +0000[0m - dagster - [34mDEBUG[0m - __ASSET_JOB - d61cb1be-bec4-4ff6-9ad6-a5fd46215020 - finnhub_US_stocks.import_stocks_data - Writing S3 object at: s3://dagster-api/raw/2024-06-15/finnhub_US_stocks_ABIT.json
[32m2024-06-15 13:38:15 +0000[0m - dagster - [34mDEBUG[0m - __ASSET_JOB - d61cb1be-bec4-4ff6-9ad6-a5fd46215020 - finnhub_US_stocks.import_stocks_data - Writing S3 object at: s3://dagster-api/raw/2024-06-15/finnhub_US_stocks_ABL.json
[32m2024-06-15 13:38:15 +0000[0m - dagster - [34mDEBUG[0m - __ASSET_JOB - d61cb1be-bec4-4ff6-9ad6-a5fd46215020 - finnhub_US_stocks.import_stocks_data - Writing S3 object at: s3://dagster-api/raw/2024-06-15/finnhub_US_stocks_ABLE.json
[32m2024-06-15 13:38:15 +0000[0m - dagster - [34mDEBUG[0m - __ASSET_JOB - d61cb1be-bec4-4ff6-9ad6-a5fd46215020 - finnhub_US_stocks.import_stocks_data - Writing S3 object at: s3://dagster-api/raw/2024-06-15/finnhub_US_stocks_ABLGF.json
[32m2024-06-15 13:38:16 +0000[0m - dagster - [34mDEBUG[0m - __ASSET_JOB - d61cb1be-bec4-4ff6-9ad6-a5fd46215020 - finnhub_US_stocks.import_stocks_data - Writing S3 object at: s3://dagster-api/raw/2024-06-15/finnhub_US_stocks_ABLT.json
[32m2024-06-15 13:38:16 +0000[0m - dagster - [34mDEBUG[0m - __ASSET_JOB - d61cb1be-bec4-4ff6-9ad6-a5fd46215020 - finnhub_US_stocks.import_stocks_data - Writing S3 object at: s3://dagster-api/raw/2024-06-15/finnhub_US_stocks_ABLV.json
[32m2024-06-15 13:38:16 +0000[0m - dagster - [34mDEBUG[0m - __ASSET_JOB - d61cb1be-bec4-4ff6-9ad6-a5fd46215020 - finnhub_US_stocks.import_stocks_data - Writing S3 object at: s3://dagster-api/raw/2024-06-15/finnhub_US_stocks_ABLZF.json
[32m2024-06-15 13:38:16 +0000[0m - dagster - [34mDEBUG[0m - __ASSET_JOB - d61cb1be-bec4-4ff6-9ad6-a5fd46215020 - finnhub_US_stocks.import_stocks_data - Writing S3 object at: s3://dagster-api/raw/2024-06-15/finnhub_US_stocks_ABM.json
[32m2024-06-15 13:38:16 +0000[0m - dagster - [34mDEBUG[0m - __ASSET_JOB - d61cb1be-bec4-4ff6-9ad6-a5fd46215020 - finnhub_US_stocks.import_stocks_data - Writing S3 object at: s3://dagster-api/raw/2024-06-15/finnhub_US_stocks_ABMBF.json
[32m2024-06-15 13:38:16 +0000[0m - dagster - [34mDEBUG[0m - __ASSET_JOB - d61cb1be-bec4-4ff6-9ad6-a5fd46215020 - finnhub_US_stocks.import_stocks_data - Writing S3 object at: s3://dagster-api/raw/2024-06-15/finnhub_US_stocks_ABMC.json
[32m2024-06-15 13:38:16 +0000[0m - dagster - [34mDEBUG[0m - __ASSET_JOB - d61cb1be-bec4-4ff6-9ad6-a5fd46215020 - finnhub_US_stocks.import_stocks_data - Writing S3 object at: s3://dagster-api/raw/2024-06-15/finnhub_US_stocks_ABMT.json
[32m2024-06-15 13:38:16 +0000[0m - dagster - [34mDEBUG[0m - __ASSET_JOB - d61cb1be-bec4-4ff6-9ad6-a5fd46215020 - finnhub_US_stocks.import_stocks_data - Writing S3 object at: s3://dagster-api/raw/2024-06-15/finnhub_US_stocks_ABNAF.json
[32m2024-06-15 13:38:16 +0000[0m - dagster - [34mDEBUG[0m - __ASSET_JOB - d61cb1be-bec4-4ff6-9ad6-a5fd46215020 - finnhub_US_stocks.import_stocks_data - Writing S3 object at: s3://dagster-api/raw/2024-06-15/finnhub_US_stocks_ABNB.json
[32m2024-06-15 13:38:16 +0000[0m - dagster - [34mDEBUG[0m - __ASSET_JOB - d61cb1be-bec4-4ff6-9ad6-a5fd46215020 - finnhub_US_stocks.import_stocks_data - Writing S3 object at: s3://dagster-api/raw/2024-06-15/finnhub_US_stocks_ABOIF.json
[32m2024-06-15 13:38:16 +0000[0m - dagster - [34mDEBUG[0m - __ASSET_JOB - d61cb1be-bec4-4ff6-9ad6-a5fd46215020 - finnhub_US_stocks.import_stocks_data - Writing S3 object at: s3://dagster-api/raw/2024-06-15/finnhub_US_stocks_ABOS.json
[32m2024-06-15 13:38:17 +0000[0m - dagster - [34mDEBUG[0m - __ASSET_JOB - d61cb1be-bec4-4ff6-9ad6-a5fd46215020 - finnhub_US_stocks.import_stocks_data - Writing S3 object at: s3://dagster-api/raw/2024-06-15/finnhub_US_stocks_ABPR.json
[32m2024-06-15 13:38:17 +0000[0m - dagster - [34mDEBUG[0m - __ASSET_JOB - d61cb1be-bec4-4ff6-9ad6-a5fd46215020 - finnhub_US_stocks.import_stocks_data - Writing S3 object at: s3://dagster-api/raw/2024-06-15/finnhub_US_stocks_ABQQ.json
[32m2024-06-15 13:38:17 +0000[0m - dagster - [34mDEBUG[0m - __ASSET_JOB - d61cb1be-bec4-4ff6-9ad6-a5fd46215020 - finnhub_US_stocks.import_stocks_data - Writing S3 object at: s3://dagster-api/raw/2024-06-15/finnhub_US_stocks_ABRMF.json
[32m2024-06-15 13:38:17 +0000[0m - dagster - [34mDEBUG[0m - __ASSET_JOB - d61cb1be-bec4-4ff6-9ad6-a5fd46215020 - finnhub_US_stocks.import_stocks_data - Writing S3 object at: s3://dagster-api/raw/2024-06-15/finnhub_US_stocks_ABSCF.json
[32m2024-06-15 13:38:17 +0000[0m - dagster - [34mDEBUG[0m - __ASSET_JOB - d61cb1be-bec4-4ff6-9ad6-a5fd46215020 - finnhub_US_stocks.import_stocks_data - Writing S3 object at: s3://dagster-api/raw/2024-06-15/finnhub_US_stocks_ABSI.json
[32m2024-06-15 13:38:17 +0000[0m - dagster - [34mDEBUG[0m - __ASSET_JOB - d61cb1be-bec4-4ff6-9ad6-a5fd46215020 - finnhub_US_stocks.import_stocks_data - Writing S3 object at: s3://dagster-api/raw/2024-06-15/finnhub_US_stocks_ABSSF.json
[32m2024-06-15 13:38:17 +0000[0m - dagster - [34mDEBUG[0m - __ASSET_JOB - d61cb1be-bec4-4ff6-9ad6-a5fd46215020 - finnhub_US_stocks.import_stocks_data - Writing S3 object at: s3://dagster-api/raw/2024-06-15/finnhub_US_stocks_ABT.json
[32m2024-06-15 13:38:17 +0000[0m - dagster - [34mDEBUG[0m - __ASSET_JOB - d61cb1be-bec4-4ff6-9ad6-a5fd46215020 - finnhub_US_stocks.import_stocks_data - Writing S3 object at: s3://dagster-api/raw/2024-06-15/finnhub_US_stocks_ABTI.json
[32m2024-06-15 13:38:17 +0000[0m - dagster - [34mDEBUG[0m - __ASSET_JOB - d61cb1be-bec4-4ff6-9ad6-a5fd46215020 - finnhub_US_stocks.import_stocks_data - Writing S3 object at: s3://dagster-api/raw/2024-06-15/finnhub_US_stocks_ABTO.json
[32m2024-06-15 13:38:17 +0000[0m - dagster - [34mDEBUG[0m - __ASSET_JOB - d61cb1be-bec4-4ff6-9ad6-a5fd46215020 - finnhub_US_stocks.import_stocks_data - Writing S3 object at: s3://dagster-api/raw/2024-06-15/finnhub_US_stocks_ABTS.json
[32m2024-06-15 13:38:17 +0000[0m - dagster - [34mDEBUG[0m - __ASSET_JOB - d61cb1be-bec4-4ff6-9ad6-a5fd46215020 - finnhub_US_stocks.import_stocks_data - Writing S3 object at: s3://dagster-api/raw/2024-06-15/finnhub_US_stocks_ABUS.json
[32m2024-06-15 13:38:17 +0000[0m - dagster - [34mDEBUG[0m - __ASSET_JOB - d61cb1be-bec4-4ff6-9ad6-a5fd46215020 - finnhub_US_stocks.import_stocks_data - Writing S3 object at: s3://dagster-api/raw/2024-06-15/finnhub_US_stocks_ABVC.json
[32m2024-06-15 13:38:18 +0000[0m - dagster - [34mDEBUG[0m - __ASSET_JOB - d61cb1be-bec4-4ff6-9ad6-a5fd46215020 - 156104 - finnhub_US_stocks.import_stocks_data - ASSET_MATERIALIZATION - Materialized value finnhub_US_stocks.
[32m2024-06-15 13:38:18 +0000[0m - dagster - [34mDEBUG[0m - __ASSET_JOB - d61cb1be-bec4-4ff6-9ad6-a5fd46215020 - 156104 - finnhub_US_stocks.import_stocks_data - HANDLED_OUTPUT - Handled output "result" using IO manager "s3_json_io_manager"
[32m2024-06-15 13:38:18 +0000[0m - dagster - [34mDEBUG[0m - __ASSET_JOB - d61cb1be-bec4-4ff6-9ad6-a5fd46215020 - 156104 - finnhub_US_stocks.import_stocks_data - STEP_SUCCESS - Finished execution of step "finnhub_US_stocks.import_stocks_data" in 1m40s.
