[32m2024-05-23 08:24:24 +0000[0m - dagster - [34mDEBUG[0m - __ASSET_JOB - 1392535f-d375-44ea-aaed-e87349713592 - 20937 - LOGS_CAPTURED - Started capturing logs in process (pid: 20937).
[32m2024-05-23 08:24:24 +0000[0m - dagster - [34mDEBUG[0m - __ASSET_JOB - 1392535f-d375-44ea-aaed-e87349713592 - 20937 - spark_operator.stock_tables - STEP_START - Started execution of step "spark_operator.stock_tables".
[32m2024-05-23 08:24:24 +0000[0m - dagster - [34mDEBUG[0m - __ASSET_JOB - 1392535f-d375-44ea-aaed-e87349713592 - spark_operator.stock_tables - Loading S3 object from: s3://dagster-api/raw/finnhub_US_stocks
[32m2024-05-23 08:24:24 +0000[0m - dagster - [34mDEBUG[0m - __ASSET_JOB - 1392535f-d375-44ea-aaed-e87349713592 - 20937 - spark_operator.stock_tables - ASSET_OBSERVATION - DagsterEventType.ASSET_OBSERVATION for step spark_operator.stock_tables
[32m2024-05-23 08:24:24 +0000[0m - dagster - [34mDEBUG[0m - __ASSET_JOB - 1392535f-d375-44ea-aaed-e87349713592 - 20937 - spark_operator.stock_tables - ASSET_OBSERVATION - DagsterEventType.ASSET_OBSERVATION for step spark_operator.stock_tables
[32m2024-05-23 08:24:24 +0000[0m - dagster - [34mDEBUG[0m - __ASSET_JOB - 1392535f-d375-44ea-aaed-e87349713592 - 20937 - spark_operator.stock_tables - ASSET_OBSERVATION - DagsterEventType.ASSET_OBSERVATION for step spark_operator.stock_tables
[32m2024-05-23 08:24:24 +0000[0m - dagster - [34mDEBUG[0m - __ASSET_JOB - 1392535f-d375-44ea-aaed-e87349713592 - 20937 - spark_operator.stock_tables - ASSET_OBSERVATION - DagsterEventType.ASSET_OBSERVATION for step spark_operator.stock_tables
[32m2024-05-23 08:24:24 +0000[0m - dagster - [34mDEBUG[0m - __ASSET_JOB - 1392535f-d375-44ea-aaed-e87349713592 - 20937 - spark_operator.stock_tables - ASSET_OBSERVATION - DagsterEventType.ASSET_OBSERVATION for step spark_operator.stock_tables
[32m2024-05-23 08:24:24 +0000[0m - dagster - [34mDEBUG[0m - __ASSET_JOB - 1392535f-d375-44ea-aaed-e87349713592 - 20937 - spark_operator.stock_tables - LOADED_INPUT - Loaded input "stock_data" using input manager "s3_json_io_manager"
[32m2024-05-23 08:24:24 +0000[0m - dagster - [34mDEBUG[0m - __ASSET_JOB - 1392535f-d375-44ea-aaed-e87349713592 - 20937 - spark_operator.stock_tables - STEP_INPUT - Got input "stock_data" of type "Any". (Type check passed).
[32m2024-05-23 08:24:24 +0000[0m - dagster - [34mDEBUG[0m - __ASSET_JOB - 1392535f-d375-44ea-aaed-e87349713592 - 20937 - spark_operator.stock_tables - STEP_OUTPUT - Yielded output "result" mapping key "stock_A" of type "Any". (Type check passed).
[32m2024-05-23 08:24:24 +0000[0m - dagster - [34mDEBUG[0m - __ASSET_JOB - 1392535f-d375-44ea-aaed-e87349713592 - spark_operator.stock_tables - Writing file at: /workspace/practical-data-engineering/finnhub-batch-stock-pipeline/home/storage/1392535f-d375-44ea-aaed-e87349713592/spark_operator.stock_tables/result/stock_A using PickledObjectFilesystemIOManager...
[32m2024-05-23 08:24:24 +0000[0m - dagster - [34mDEBUG[0m - __ASSET_JOB - 1392535f-d375-44ea-aaed-e87349713592 - 20937 - spark_operator.stock_tables - HANDLED_OUTPUT - Handled output "result" using IO manager "io_manager"
[32m2024-05-23 08:24:24 +0000[0m - dagster - [34mDEBUG[0m - __ASSET_JOB - 1392535f-d375-44ea-aaed-e87349713592 - 20937 - spark_operator.stock_tables - STEP_OUTPUT - Yielded output "result" mapping key "stock_AA" of type "Any". (Type check passed).
[32m2024-05-23 08:24:24 +0000[0m - dagster - [34mDEBUG[0m - __ASSET_JOB - 1392535f-d375-44ea-aaed-e87349713592 - spark_operator.stock_tables - Writing file at: /workspace/practical-data-engineering/finnhub-batch-stock-pipeline/home/storage/1392535f-d375-44ea-aaed-e87349713592/spark_operator.stock_tables/result/stock_AA using PickledObjectFilesystemIOManager...
[32m2024-05-23 08:24:24 +0000[0m - dagster - [34mDEBUG[0m - __ASSET_JOB - 1392535f-d375-44ea-aaed-e87349713592 - 20937 - spark_operator.stock_tables - HANDLED_OUTPUT - Handled output "result" using IO manager "io_manager"
[32m2024-05-23 08:24:24 +0000[0m - dagster - [34mDEBUG[0m - __ASSET_JOB - 1392535f-d375-44ea-aaed-e87349713592 - 20937 - spark_operator.stock_tables - STEP_OUTPUT - Yielded output "result" mapping key "stock_AABB" of type "Any". (Type check passed).
[32m2024-05-23 08:24:24 +0000[0m - dagster - [34mDEBUG[0m - __ASSET_JOB - 1392535f-d375-44ea-aaed-e87349713592 - spark_operator.stock_tables - Writing file at: /workspace/practical-data-engineering/finnhub-batch-stock-pipeline/home/storage/1392535f-d375-44ea-aaed-e87349713592/spark_operator.stock_tables/result/stock_AABB using PickledObjectFilesystemIOManager...
[32m2024-05-23 08:24:24 +0000[0m - dagster - [34mDEBUG[0m - __ASSET_JOB - 1392535f-d375-44ea-aaed-e87349713592 - 20937 - spark_operator.stock_tables - HANDLED_OUTPUT - Handled output "result" using IO manager "io_manager"
[32m2024-05-23 08:24:24 +0000[0m - dagster - [34mDEBUG[0m - __ASSET_JOB - 1392535f-d375-44ea-aaed-e87349713592 - 20937 - spark_operator.stock_tables - STEP_OUTPUT - Yielded output "result" mapping key "stock_AABVF" of type "Any". (Type check passed).
[32m2024-05-23 08:24:24 +0000[0m - dagster - [34mDEBUG[0m - __ASSET_JOB - 1392535f-d375-44ea-aaed-e87349713592 - spark_operator.stock_tables - Writing file at: /workspace/practical-data-engineering/finnhub-batch-stock-pipeline/home/storage/1392535f-d375-44ea-aaed-e87349713592/spark_operator.stock_tables/result/stock_AABVF using PickledObjectFilesystemIOManager...
[32m2024-05-23 08:24:24 +0000[0m - dagster - [34mDEBUG[0m - __ASSET_JOB - 1392535f-d375-44ea-aaed-e87349713592 - 20937 - spark_operator.stock_tables - HANDLED_OUTPUT - Handled output "result" using IO manager "io_manager"
[32m2024-05-23 08:24:24 +0000[0m - dagster - [34mDEBUG[0m - __ASSET_JOB - 1392535f-d375-44ea-aaed-e87349713592 - 20937 - spark_operator.stock_tables - STEP_OUTPUT - Yielded output "result" mapping key "stock_AACAF" of type "Any". (Type check passed).
[32m2024-05-23 08:24:24 +0000[0m - dagster - [34mDEBUG[0m - __ASSET_JOB - 1392535f-d375-44ea-aaed-e87349713592 - spark_operator.stock_tables - Writing file at: /workspace/practical-data-engineering/finnhub-batch-stock-pipeline/home/storage/1392535f-d375-44ea-aaed-e87349713592/spark_operator.stock_tables/result/stock_AACAF using PickledObjectFilesystemIOManager...
[32m2024-05-23 08:24:24 +0000[0m - dagster - [34mDEBUG[0m - __ASSET_JOB - 1392535f-d375-44ea-aaed-e87349713592 - 20937 - spark_operator.stock_tables - HANDLED_OUTPUT - Handled output "result" using IO manager "io_manager"
[32m2024-05-23 08:24:24 +0000[0m - dagster - [34mDEBUG[0m - __ASSET_JOB - 1392535f-d375-44ea-aaed-e87349713592 - 20937 - spark_operator.stock_tables - STEP_SUCCESS - Finished execution of step "spark_operator.stock_tables" in 413ms.
