[32m2024-05-23 04:14:28 +0000[0m - dagster - [34mDEBUG[0m - __ASSET_JOB - 1ef82098-263d-4397-8463-4e9fb173237b - 818483 - LOGS_CAPTURED - Started capturing logs in process (pid: 818483).
[32m2024-05-23 04:14:28 +0000[0m - dagster - [34mDEBUG[0m - __ASSET_JOB - 1ef82098-263d-4397-8463-4e9fb173237b - 818483 - spark_operator.create_stock_tables[stock_AACAF] - STEP_START - Started execution of step "spark_operator.create_stock_tables[stock_AACAF]".
[32m2024-05-23 04:14:28 +0000[0m - dagster - [34mDEBUG[0m - __ASSET_JOB - 1ef82098-263d-4397-8463-4e9fb173237b - spark_operator.create_stock_tables[stock_AACAF] - Loading file from: /workspace/practical-data-engineering/finnhub-batch-stock-pipeline/home/storage/5e0ebb77-b74e-4fd8-963e-7743a35f7526/spark_operator.stock_tables/result/stock_AACAF using PickledObjectFilesystemIOManager...
[32m2024-05-23 04:14:28 +0000[0m - dagster - [34mDEBUG[0m - __ASSET_JOB - 1ef82098-263d-4397-8463-4e9fb173237b - 818483 - spark_operator.create_stock_tables[stock_AACAF] - LOADED_INPUT - Loaded input "input_fn" using input manager "io_manager", from output "result" of step "spark_operator.stock_tables"
[32m2024-05-23 04:14:28 +0000[0m - dagster - [34mDEBUG[0m - __ASSET_JOB - 1ef82098-263d-4397-8463-4e9fb173237b - 818483 - spark_operator.create_stock_tables[stock_AACAF] - STEP_INPUT - Got input "input_fn" of type "Any". (Type check passed).
[32m2024-05-23 04:14:37 +0000[0m - dagster - [34mINFO[0m - __ASSET_JOB - 1ef82098-263d-4397-8463-4e9fb173237b - spark_operator.create_stock_tables[stock_AACAF] - Row(10DayAverageTradingVolume=7.68629, 13WeekPriceReturnDaily=37.7607, 26WeekPriceReturnDaily=48.5207, 3MonthADReturnStd=48.6216, 3MonthAverageTradingVolume=5.67824, 52WeekHigh=28.55, 52WeekHighDate='2024-05-14', 52WeekLow=12.86, 52WeekLowDate='2023-09-27', 52WeekPriceReturnDaily=10.9134, 5DayPriceReturnDaily=-3.4615, assetTurnoverAnnual=0.5248, assetTurnoverTTM=0.5214, beta=0.6726195, bookValuePerShareAnnual=18.2574, bookValuePerShareQuarterly=18.2574, bookValueShareGrowth5Y=3.27, capexCagr5Y=-17.5, cashFlowPerShareAnnual=2.5804, cashFlowPerShareQuarterly=2.5804, cashFlowPerShareTTM=1.39824, cashPerSharePerShareAnnual=5.6942, cashPerSharePerShareQuarterly=5.6942, currentDividendYieldTTM=0.4376, currentEv/freeCashFlowAnnual=9.8881, currentEv/freeCashFlowTTM=9.8881, currentRatioAnnual=1.6316, currentRatioQuarterly=1.6316, dividendGrowthRate5Y=-42.9, dividendPerShareAnnual=0.1085, dividendPerShareTTM=0.1085, dividendYieldIndicatedAnnual=0.40241447, ebitdPerShareAnnual=1.0285, ebitdPerShareTTM=1.0679, ebitdaCagr5Y=-28.17, ebitdaInterimCagr5Y=-6.85, enterpriseValue=30580.4, epsAnnual=0.6259, epsBasicExclExtraItemsAnnual=0.6259, epsBasicExclExtraItemsTTM=0.6271, epsExclExtraItemsAnnual=0.6259, epsExclExtraItemsTTM=0.6271, epsGrowth3Y=-20.52, epsGrowth5Y=-27.42, epsGrowthQuarterlyYoy=156.75, epsGrowthTTMYoy=-8.51, epsInclExtraItemsAnnual=0.6259, epsInclExtraItemsTTM=0.6271, epsNormalizedAnnual=0.6259, epsTTM=0.6271, focfCagr5Y=2.29, grossMargin5Y=22.63, grossMarginAnnual=16.9, grossMarginTTM=19.24, inventoryTurnoverAnnual=4.5896, inventoryTurnoverTTM=4.5896, longTermDebt/equityAnnual=0.2462, longTermDebt/equityQuarterly=0.2462, marketCapitalization=29782.725, monthToDatePriceReturnDaily=0.4, netIncomeEmployeeAnnual=0.0285, netIncomeEmployeeTTM=0.0285, netInterestCoverageAnnual=5.6848, netInterestCoverageTTM=7.3784, netMarginGrowth5Y=-29.57, netProfitMargin5Y=7.26, netProfitMarginAnnual=3.63, netProfitMarginTTM=5.27, operatingMargin5Y=9.7, operatingMarginAnnual=5.87, operatingMarginTTM=7.36, payoutRatioAnnual=17.6, payoutRatioTTM=86.71, pbAnnual=1.1785, pbQuarterly=1.1785, pcfShareAnnual=6.429, pcfShareTTM=6.429, peAnnual=40.2268, peBasicExclExtraTTM=40.2268, peExclExtraAnnual=24.96958, peExclExtraTTM=40.2268, peInclExtraTTM=40.2268, peNormalizedAnnual=40.2268, peTTM=40.2268, pfcfShareAnnual=9.6301, pfcfShareTTM=9.6301, pretaxMargin5Y=8.02, pretaxMarginAnnual=4.03, pretaxMarginTTM=5.79, priceRelativeToS&P50013Week=30.7956, priceRelativeToS&P50026Week=30.1065, priceRelativeToS&P5004Week=-0.985, priceRelativeToS&P50052Week=8.97345, priceRelativeToS&P500Ytd=-5.5237, psAnnual=1.4586, psTTM=1.4586, ptbvAnnual=1.2111, ptbvQuarterly=1.2111, quickRatioAnnual=1.3362, quickRatioQuarterly=1.3362, receivablesTurnoverAnnual=3.7104, receivablesTurnoverTTM=3.7104, revenueEmployeeAnnual=0.7866, revenueEmployeeTTM=0.7866, revenueGrowth3Y=6.01, revenueGrowth5Y=2.41, revenueGrowthQuarterlyYoy=91.77, revenueGrowthTTMYoy=-1, revenuePerShareAnnual=17.2607, revenuePerShareTTM=17.3159, revenueShareGrowth5Y=3.06, roa5Y=3.49, roaRfy=1.9, roaTTM=1.8900000000000001, roe5Y=6.36, roeRfy=3.38, roeTTM=3.4099999999999997, roi5Y=4.4, roiAnnual=2.5100000000000002, roiTTM=2.4299999999999997, tangibleBookValuePerShareAnnual=17.7662, tangibleBookValuePerShareQuarterly=17.7662, tbvCagr5Y=2.78, totalDebt/totalEquityAnnual=0.3483, totalDebt/totalEquityQuarterly=0.3483, yearToDatePriceReturnDaily=8.1897)
[32m2024-05-23 04:14:47 +0000[0m - dagster - [34mINFO[0m - __ASSET_JOB - 1ef82098-263d-4397-8463-4e9fb173237b - spark_operator.create_stock_tables[stock_AACAF] - Row(date='2002-12-31', quarterly.assetTurnoverTTM=None, quarterly.bookValue=None, quarterly.cashRatio=None, quarterly.currentRatio=None, quarterly.ebitPerShare=None, quarterly.eps=None, quarterly.ev=None, quarterly.fcfMargin=None, quarterly.fcfPerShareTTM=None, quarterly.grossMargin=None, quarterly.inventoryTurnoverTTM=None, quarterly.longtermDebtTotalAsset=None, quarterly.longtermDebtTotalCapital=None, quarterly.longtermDebtTotalEquity=None, quarterly.netDebtToTotalCapital=None, quarterly.netDebtToTotalEquity=None, quarterly.netMargin=None, quarterly.operatingMargin=None, quarterly.payoutRatioTTM=None, quarterly.pb=None, quarterly.peTTM=None, quarterly.pfcfTTM=None, quarterly.pretaxMargin=None, quarterly.psTTM=None, quarterly.ptbv=None, quarterly.quickRatio=None, quarterly.receivablesTurnoverTTM=None, quarterly.roaTTM=None, quarterly.roeTTM=None, quarterly.roicTTM=None, quarterly.rotcTTM=None, quarterly.salesPerShare=None, quarterly.sgaToSale=None, quarterly.tangibleBookValue=None, quarterly.totalDebtToEquity=None, quarterly.totalDebtToTotalAsset=None, quarterly.totalDebtToTotalCapital=None, quarterly.totalRatio=None, annual.bookValue=None, annual.cashRatio=0.572463768115942, annual.currentRatio=1.558, annual.ebitPerShare=0.1213, annual.eps=0.0941, annual.ev=None, annual.fcfMargin=None, annual.grossMargin=0.5377, annual.inventoryTurnover=None, annual.longtermDebtTotalAsset=None, annual.longtermDebtTotalCapital=None, annual.longtermDebtTotalEquity=None, annual.netDebtToTotalCapital=-0.1459, annual.netDebtToTotalEquity=-0.1809, annual.netMargin=0.283, annual.operatingMargin=0.3648, annual.payoutRatio=None, annual.pb=None, annual.pe=None, annual.pfcf=None, annual.pretaxMargin=0.3616, annual.ps=None, annual.ptbv=None, annual.quickRatio=1.3261, annual.receivablesTurnover=None, annual.roa=0.2586, annual.roe=0.4787, annual.roic=0.3863, annual.rotc=0.4979, annual.salesPerShare=0.3326, annual.sgaToSale=0.4623, annual.tangibleBookValue=None, annual.totalDebtToEquity=0.2394, annual.totalDebtToTotalAsset=0.1293, annual.totalDebtToTotalCapital=0.1931, annual.totalRatio=2.175)
[32m2024-05-23 04:15:06 +0000[0m - dagster - [34mDEBUG[0m - __ASSET_JOB - 1ef82098-263d-4397-8463-4e9fb173237b - 818483 - spark_operator.create_stock_tables[stock_AACAF] - STEP_OUTPUT - Yielded output "metric_and_series" of type "Any". (Type check passed).
[32m2024-05-23 04:15:07 +0000[0m - dagster - [34mDEBUG[0m - __ASSET_JOB - 1ef82098-263d-4397-8463-4e9fb173237b - spark_operator.create_stock_tables[stock_AACAF] - Writing S3 object at: s3a://dagster-api/staging/2024-05-23/spark_operator.create_stock_tables[stock_AACAF]/metric_and_series
[32m2024-05-23 04:15:07 +0000[0m - dagster - [34mWARNING[0m - __ASSET_JOB - 1ef82098-263d-4397-8463-4e9fb173237b - spark_operator.create_stock_tables[stock_AACAF] - Removing existing S3 object: staging/2024-05-23/spark_operator.create_stock_tables[stock_AACAF]/metric_and_series
[32m2024-05-23 04:36:43 +0000[0m - dagster - [34mDEBUG[0m - __ASSET_JOB - 1ef82098-263d-4397-8463-4e9fb173237b - 818483 - spark_operator.create_stock_tables[stock_AACAF] - STEP_UP_FOR_RETRY - Execution of step "spark_operator.create_stock_tables[stock_AACAF]" failed and has requested a retry in 0.20779399658625466 seconds.

dagster._core.execution.plan.utils.RetryRequestedFromPolicy

Stack Trace:
  File "/workspace/.pyenv_mirror/user/current/lib/python3.12/site-packages/dagster/_core/execution/plan/execute_plan.py", line 282, in dagster_event_sequence_for_step
    for step_event in check.generator(step_events):
  File "/workspace/.pyenv_mirror/user/current/lib/python3.12/site-packages/dagster/_core/execution/plan/execute_step.py", line 532, in core_dagster_event_sequence_for_step
    for evt in _type_check_and_store_output(step_context, user_event):
  File "/workspace/.pyenv_mirror/user/current/lib/python3.12/site-packages/dagster/_core/execution/plan/execute_step.py", line 587, in _type_check_and_store_output
    for evt in _store_output(step_context, step_output_handle, output):
  File "/workspace/.pyenv_mirror/user/current/lib/python3.12/site-packages/dagster/_core/execution/plan/execute_step.py", line 810, in _store_output
    for elt in iterate_with_context(
  File "/workspace/.pyenv_mirror/user/current/lib/python3.12/site-packages/dagster/_utils/__init__.py", line 466, in iterate_with_context
    with context_fn():
  File "/home/gitpod/.pyenv/versions/3.12.3/lib/python3.12/contextlib.py", line 158, in __exit__
    self.gen.throw(value)
  File "/workspace/.pyenv_mirror/user/current/lib/python3.12/site-packages/dagster/_core/execution/plan/utils.py", line 72, in op_execution_error_boundary
    raise RetryRequestedFromPolicy(

The above exception was caused by the following exception:
py4j.protocol.Py4JJavaError: An error occurred while calling o2822.save.
: org.apache.hadoop.fs.s3a.AWSClientIOException: getFileStatus on s3a://dagster-api/staging/2024-05-23/spark_operator.create_stock_tables[stock_AACAF]/metric_and_series/_delta_log: com.amazonaws.SdkClientException: Unable to execute HTTP request: Unsupported or unrecognized SSL message: Unable to execute HTTP request: Unsupported or unrecognized SSL message
	at org.apache.hadoop.fs.s3a.S3AUtils.translateException(S3AUtils.java:214)
	at org.apache.hadoop.fs.s3a.S3AUtils.translateException(S3AUtils.java:175)
	at org.apache.hadoop.fs.s3a.S3AFileSystem.s3GetFileStatus(S3AFileSystem.java:3799)
	at org.apache.hadoop.fs.s3a.S3AFileSystem.innerGetFileStatus(S3AFileSystem.java:3688)
	at org.apache.hadoop.fs.s3a.S3AFileSystem.lambda$exists$34(S3AFileSystem.java:4703)
	at org.apache.hadoop.fs.statistics.impl.IOStatisticsBinding.lambda$trackDurationOfOperation$5(IOStatisticsBinding.java:499)
	at org.apache.hadoop.fs.statistics.impl.IOStatisticsBinding.trackDuration(IOStatisticsBinding.java:444)
	at org.apache.hadoop.fs.s3a.S3AFileSystem.trackDurationAndSpan(S3AFileSystem.java:2337)
	at org.apache.hadoop.fs.s3a.S3AFileSystem.trackDurationAndSpan(S3AFileSystem.java:2356)
	at org.apache.hadoop.fs.s3a.S3AFileSystem.exists(S3AFileSystem.java:4701)
	at io.delta.storage.S3SingleDriverLogStore.listFromInternal(S3SingleDriverLogStore.java:201)
	at io.delta.storage.S3SingleDriverLogStore.listFrom(S3SingleDriverLogStore.java:306)
	at org.apache.spark.sql.delta.storage.LogStoreAdaptor.listFrom(LogStore.scala:452)
	at org.apache.spark.sql.delta.storage.DelegatingLogStore.listFrom(DelegatingLogStore.scala:127)
	at org.apache.spark.sql.delta.Checkpoints.findLastCompleteCheckpointBefore(Checkpoints.scala:428)
	at org.apache.spark.sql.delta.Checkpoints.findLastCompleteCheckpointBefore$(Checkpoints.scala:416)
	at org.apache.spark.sql.delta.DeltaLog.findLastCompleteCheckpointBefore(DeltaLog.scala:72)
	at org.apache.spark.sql.delta.Checkpoints.$anonfun$loadMetadataFromFile$1(Checkpoints.scala:383)
	at org.apache.spark.sql.delta.metering.DeltaLogging.recordFrameProfile(DeltaLogging.scala:140)
	at org.apache.spark.sql.delta.metering.DeltaLogging.recordFrameProfile$(DeltaLogging.scala:138)
	at org.apache.spark.sql.delta.DeltaLog.recordFrameProfile(DeltaLog.scala:72)
	at org.apache.spark.sql.delta.metering.DeltaLogging.$anonfun$recordDeltaOperationInternal$1(DeltaLogging.scala:133)
	at com.databricks.spark.util.DatabricksLogging.recordOperation(DatabricksLogging.scala:128)
	at com.databricks.spark.util.DatabricksLogging.recordOperation$(DatabricksLogging.scala:117)
	at org.apache.spark.sql.delta.DeltaLog.recordOperation(DeltaLog.scala:72)
	at org.apache.spark.sql.delta.metering.DeltaLogging.recordDeltaOperationInternal(DeltaLogging.scala:132)
	at org.apache.spark.sql.delta.metering.DeltaLogging.recordDeltaOperation(DeltaLogging.scala:122)
	at org.apache.spark.sql.delta.metering.DeltaLogging.recordDeltaOperation$(DeltaLogging.scala:112)
	at org.apache.spark.sql.delta.DeltaLog.recordDeltaOperation(DeltaLog.scala:72)
	at org.apache.spark.sql.delta.Checkpoints.loadMetadataFromFile(Checkpoints.scala:360)
	at org.apache.spark.sql.delta.Checkpoints.$anonfun$loadMetadataFromFile$1(Checkpoints.scala:371)
	at org.apache.spark.sql.delta.metering.DeltaLogging.recordFrameProfile(DeltaLogging.scala:140)
	at org.apache.spark.sql.delta.metering.DeltaLogging.recordFrameProfile$(DeltaLogging.scala:138)
	at org.apache.spark.sql.delta.DeltaLog.recordFrameProfile(DeltaLog.scala:72)
	at org.apache.spark.sql.delta.metering.DeltaLogging.$anonfun$recordDeltaOperationInternal$1(DeltaLogging.scala:133)
	at com.databricks.spark.util.DatabricksLogging.recordOperation(DatabricksLogging.scala:128)
	at com.databricks.spark.util.DatabricksLogging.recordOperation$(DatabricksLogging.scala:117)
	at org.apache.spark.sql.delta.DeltaLog.recordOperation(DeltaLog.scala:72)
	at org.apache.spark.sql.delta.metering.DeltaLogging.recordDeltaOperationInternal(DeltaLogging.scala:132)
	at org.apache.spark.sql.delta.metering.DeltaLogging.recordDeltaOperation(DeltaLogging.scala:122)
	at org.apache.spark.sql.delta.metering.DeltaLogging.recordDeltaOperation$(DeltaLogging.scala:112)
	at org.apache.spark.sql.delta.DeltaLog.recordDeltaOperation(DeltaLog.scala:72)
	at org.apache.spark.sql.delta.Checkpoints.loadMetadataFromFile(Checkpoints.scala:360)
	at org.apache.spark.sql.delta.Checkpoints.$anonfun$loadMetadataFromFile$1(Checkpoints.scala:371)
	at org.apache.spark.sql.delta.metering.DeltaLogging.recordFrameProfile(DeltaLogging.scala:140)
	at org.apache.spark.sql.delta.metering.DeltaLogging.recordFrameProfile$(DeltaLogging.scala:138)
	at org.apache.spark.sql.delta.DeltaLog.recordFrameProfile(DeltaLog.scala:72)
	at org.apache.spark.sql.delta.metering.DeltaLogging.$anonfun$recordDeltaOperationInternal$1(DeltaLogging.scala:133)
	at com.databricks.spark.util.DatabricksLogging.recordOperation(DatabricksLogging.scala:128)
	at com.databricks.spark.util.DatabricksLogging.recordOperation$(DatabricksLogging.scala:117)
	at org.apache.spark.sql.delta.DeltaLog.recordOperation(DeltaLog.scala:72)
	at org.apache.spark.sql.delta.metering.DeltaLogging.recordDeltaOperationInternal(DeltaLogging.scala:132)
	at org.apache.spark.sql.delta.metering.DeltaLogging.recordDeltaOperation(DeltaLogging.scala:122)
	at org.apache.spark.sql.delta.metering.DeltaLogging.recordDeltaOperation$(DeltaLogging.scala:112)
	at org.apache.spark.sql.delta.DeltaLog.recordDeltaOperation(DeltaLog.scala:72)
	at org.apache.spark.sql.delta.Checkpoints.loadMetadataFromFile(Checkpoints.scala:360)
	at org.apache.spark.sql.delta.Checkpoints.$anonfun$loadMetadataFromFile$1(Checkpoints.scala:371)
	at org.apache.spark.sql.delta.metering.DeltaLogging.recordFrameProfile(DeltaLogging.scala:140)
	at org.apache.spark.sql.delta.metering.DeltaLogging.recordFrameProfile$(DeltaLogging.scala:138)
	at org.apache.spark.sql.delta.DeltaLog.recordFrameProfile(DeltaLog.scala:72)
	at org.apache.spark.sql.delta.metering.DeltaLogging.$anonfun$recordDeltaOperationInternal$1(DeltaLogging.scala:133)
	at com.databricks.spark.util.DatabricksLogging.recordOperation(DatabricksLogging.scala:128)
	at com.databricks.spark.util.DatabricksLogging.recordOperation$(DatabricksLogging.scala:117)
	at org.apache.spark.sql.delta.DeltaLog.recordOperation(DeltaLog.scala:72)
	at org.apache.spark.sql.delta.metering.DeltaLogging.recordDeltaOperationInternal(DeltaLogging.scala:132)
	at org.apache.spark.sql.delta.metering.DeltaLogging.recordDeltaOperation(DeltaLogging.scala:122)
	at org.apache.spark.sql.delta.metering.DeltaLogging.recordDeltaOperation$(DeltaLogging.scala:112)
	at org.apache.spark.sql.delta.DeltaLog.recordDeltaOperation(DeltaLog.scala:72)
	at org.apache.spark.sql.delta.Checkpoints.loadMetadataFromFile(Checkpoints.scala:360)
	at org.apache.spark.sql.delta.Checkpoints.readLastCheckpointFile(Checkpoints.scala:354)
	at org.apache.spark.sql.delta.Checkpoints.readLastCheckpointFile$(Checkpoints.scala:353)
	at org.apache.spark.sql.delta.DeltaLog.readLastCheckpointFile(DeltaLog.scala:72)
	at org.apache.spark.sql.delta.SnapshotManagement.$anonfun$getSnapshotAtInit$1(SnapshotManagement.scala:436)
	at org.apache.spark.sql.delta.metering.DeltaLogging.recordFrameProfile(DeltaLogging.scala:140)
	at org.apache.spark.sql.delta.metering.DeltaLogging.recordFrameProfile$(DeltaLogging.scala:138)
	at org.apache.spark.sql.delta.DeltaLog.recordFrameProfile(DeltaLog.scala:72)
	at org.apache.spark.sql.delta.SnapshotManagement.getSnapshotAtInit(SnapshotManagement.scala:434)
	at org.apache.spark.sql.delta.SnapshotManagement.getSnapshotAtInit$(SnapshotManagement.scala:433)
	at org.apache.spark.sql.delta.DeltaLog.getSnapshotAtInit(DeltaLog.scala:72)
	at org.apache.spark.sql.delta.SnapshotManagement.$init$(SnapshotManagement.scala:60)
	at org.apache.spark.sql.delta.DeltaLog.<init>(DeltaLog.scala:78)
	at org.apache.spark.sql.delta.DeltaLog$.$anonfun$apply$4(DeltaLog.scala:779)
	at org.apache.spark.sql.catalyst.plans.logical.AnalysisHelper$.allowInvokingTransformsInAnalyzer(AnalysisHelper.scala:323)
	at org.apache.spark.sql.delta.DeltaLog$.$anonfun$apply$3(DeltaLog.scala:774)
	at org.apache.spark.sql.delta.metering.DeltaLogging.recordFrameProfile(DeltaLogging.scala:140)
	at org.apache.spark.sql.delta.metering.DeltaLogging.recordFrameProfile$(DeltaLogging.scala:138)
	at org.apache.spark.sql.delta.DeltaLog$.recordFrameProfile(DeltaLog.scala:598)
	at org.apache.spark.sql.delta.metering.DeltaLogging.$anonfun$recordDeltaOperationInternal$1(DeltaLogging.scala:133)
	at com.databricks.spark.util.DatabricksLogging.recordOperation(DatabricksLogging.scala:128)
	at com.databricks.spark.util.DatabricksLogging.recordOperation$(DatabricksLogging.scala:117)
	at org.apache.spark.sql.delta.DeltaLog$.recordOperation(DeltaLog.scala:598)
	at org.apache.spark.sql.delta.metering.DeltaLogging.recordDeltaOperationInternal(DeltaLogging.scala:132)
	at org.apache.spark.sql.delta.metering.DeltaLogging.recordDeltaOperation(DeltaLogging.scala:122)
	at org.apache.spark.sql.delta.metering.DeltaLogging.recordDeltaOperation$(DeltaLogging.scala:112)
	at org.apache.spark.sql.delta.DeltaLog$.recordDeltaOperation(DeltaLog.scala:598)
	at org.apache.spark.sql.delta.DeltaLog$.createDeltaLog$1(DeltaLog.scala:773)
	at org.apache.spark.sql.delta.DeltaLog$.$anonfun$apply$5(DeltaLog.scala:791)
	at com.google.common.cache.LocalCache$LocalManualCache$1.load(LocalCache.java:4792)
	at com.google.common.cache.LocalCache$LoadingValueReference.loadFuture(LocalCache.java:3599)
	at com.google.common.cache.LocalCache$Segment.loadSync(LocalCache.java:2379)
	at com.google.common.cache.LocalCache$Segment.lockedGetOrLoad(LocalCache.java:2342)
	at com.google.common.cache.LocalCache$Segment.get(LocalCache.java:2257)
	at com.google.common.cache.LocalCache.get(LocalCache.java:4000)
	at com.google.common.cache.LocalCache$LocalManualCache.get(LocalCache.java:4789)
	at org.apache.spark.sql.delta.DeltaLog$.getDeltaLogFromCache$1(DeltaLog.scala:790)
	at org.apache.spark.sql.delta.DeltaLog$.apply(DeltaLog.scala:800)
	at org.apache.spark.sql.delta.DeltaLog$.forTable(DeltaLog.scala:677)
	at org.apache.spark.sql.delta.sources.DeltaDataSource.createRelation(DeltaDataSource.scala:189)
	at org.apache.spark.sql.execution.datasources.SaveIntoDataSourceCommand.run(SaveIntoDataSourceCommand.scala:48)
	at org.apache.spark.sql.execution.command.ExecutedCommandExec.sideEffectResult$lzycompute(commands.scala:75)
	at org.apache.spark.sql.execution.command.ExecutedCommandExec.sideEffectResult(commands.scala:73)
	at org.apache.spark.sql.execution.command.ExecutedCommandExec.executeCollect(commands.scala:84)
	at org.apache.spark.sql.execution.QueryExecution$$anonfun$eagerlyExecuteCommands$1.$anonfun$applyOrElse$1(QueryExecution.scala:107)
	at org.apache.spark.sql.execution.SQLExecution$.$anonfun$withNewExecutionId$6(SQLExecution.scala:125)
	at org.apache.spark.sql.execution.SQLExecution$.withSQLConfPropagated(SQLExecution.scala:201)
	at org.apache.spark.sql.execution.SQLExecution$.$anonfun$withNewExecutionId$1(SQLExecution.scala:108)
	at org.apache.spark.sql.SparkSession.withActive(SparkSession.scala:900)
	at org.apache.spark.sql.execution.SQLExecution$.withNewExecutionId(SQLExecution.scala:66)
	at org.apache.spark.sql.execution.QueryExecution$$anonfun$eagerlyExecuteCommands$1.applyOrElse(QueryExecution.scala:107)
	at org.apache.spark.sql.execution.QueryExecution$$anonfun$eagerlyExecuteCommands$1.applyOrElse(QueryExecution.scala:98)
	at org.apache.spark.sql.catalyst.trees.TreeNode.$anonfun$transformDownWithPruning$1(TreeNode.scala:461)
	at org.apache.spark.sql.catalyst.trees.CurrentOrigin$.withOrigin(origin.scala:76)
	at org.apache.spark.sql.catalyst.trees.TreeNode.transformDownWithPruning(TreeNode.scala:461)
	at org.apache.spark.sql.catalyst.plans.logical.LogicalPlan.org$apache$spark$sql$catalyst$plans$logical$AnalysisHelper$$super$transformDownWithPruning(LogicalPlan.scala:32)
	at org.apache.spark.sql.catalyst.plans.logical.AnalysisHelper.transformDownWithPruning(AnalysisHelper.scala:267)
	at org.apache.spark.sql.catalyst.plans.logical.AnalysisHelper.transformDownWithPruning$(AnalysisHelper.scala:263)
	at org.apache.spark.sql.catalyst.plans.logical.LogicalPlan.transformDownWithPruning(LogicalPlan.scala:32)
	at org.apache.spark.sql.catalyst.plans.logical.LogicalPlan.transformDownWithPruning(LogicalPlan.scala:32)
	at org.apache.spark.sql.catalyst.trees.TreeNode.transformDown(TreeNode.scala:437)
	at org.apache.spark.sql.execution.QueryExecution.eagerlyExecuteCommands(QueryExecution.scala:98)
	at org.apache.spark.sql.execution.QueryExecution.commandExecuted$lzycompute(QueryExecution.scala:85)
	at org.apache.spark.sql.execution.QueryExecution.commandExecuted(QueryExecution.scala:83)
	at org.apache.spark.sql.execution.QueryExecution.assertCommandExecuted(QueryExecution.scala:142)
	at org.apache.spark.sql.DataFrameWriter.runCommand(DataFrameWriter.scala:859)
	at org.apache.spark.sql.DataFrameWriter.saveToV1Source(DataFrameWriter.scala:388)
	at org.apache.spark.sql.DataFrameWriter.saveInternal(DataFrameWriter.scala:304)
	at org.apache.spark.sql.DataFrameWriter.save(DataFrameWriter.scala:240)
	at java.base/jdk.internal.reflect.NativeMethodAccessorImpl.invoke0(Native Method)
	at java.base/jdk.internal.reflect.NativeMethodAccessorImpl.invoke(NativeMethodAccessorImpl.java:77)
	at java.base/jdk.internal.reflect.DelegatingMethodAccessorImpl.invoke(DelegatingMethodAccessorImpl.java:43)
	at java.base/java.lang.reflect.Method.invoke(Method.java:568)
	at py4j.reflection.MethodInvoker.invoke(MethodInvoker.java:244)
	at py4j.reflection.ReflectionEngine.invoke(ReflectionEngine.java:374)
	at py4j.Gateway.invoke(Gateway.java:282)
	at py4j.commands.AbstractCommand.invokeMethod(AbstractCommand.java:132)
	at py4j.commands.CallCommand.execute(CallCommand.java:79)
	at py4j.ClientServerConnection.waitForCommands(ClientServerConnection.java:182)
	at py4j.ClientServerConnection.run(ClientServerConnection.java:106)
	at java.base/java.lang.Thread.run(Thread.java:840)
Caused by: com.amazonaws.SdkClientException: Unable to execute HTTP request: Unsupported or unrecognized SSL message
	at com.amazonaws.http.AmazonHttpClient$RequestExecutor.handleRetryableException(AmazonHttpClient.java:1219)
	at com.amazonaws.http.AmazonHttpClient$RequestExecutor.executeHelper(AmazonHttpClient.java:1165)
	at com.amazonaws.http.AmazonHttpClient$RequestExecutor.doExecute(AmazonHttpClient.java:814)
	at com.amazonaws.http.AmazonHttpClient$RequestExecutor.executeWithTimer(AmazonHttpClient.java:781)
	at com.amazonaws.http.AmazonHttpClient$RequestExecutor.execute(AmazonHttpClient.java:755)
	at com.amazonaws.http.AmazonHttpClient$RequestExecutor.access$500(AmazonHttpClient.java:715)
	at com.amazonaws.http.AmazonHttpClient$RequestExecutionBuilderImpl.execute(AmazonHttpClient.java:697)
	at com.amazonaws.http.AmazonHttpClient.execute(AmazonHttpClient.java:561)
	at com.amazonaws.http.AmazonHttpClient.execute(AmazonHttpClient.java:541)
	at com.amazonaws.services.s3.AmazonS3Client.invoke(AmazonS3Client.java:5456)
	at com.amazonaws.services.s3.AmazonS3Client.invoke(AmazonS3Client.java:5403)
	at com.amazonaws.services.s3.AmazonS3Client.getObjectMetadata(AmazonS3Client.java:1372)
	at org.apache.hadoop.fs.s3a.S3AFileSystem.lambda$getObjectMetadata$10(S3AFileSystem.java:2545)
	at org.apache.hadoop.fs.s3a.Invoker.retryUntranslated(Invoker.java:414)
	at org.apache.hadoop.fs.s3a.Invoker.retryUntranslated(Invoker.java:377)
	at org.apache.hadoop.fs.s3a.S3AFileSystem.getObjectMetadata(S3AFileSystem.java:2533)
	at org.apache.hadoop.fs.s3a.S3AFileSystem.getObjectMetadata(S3AFileSystem.java:2513)
	at org.apache.hadoop.fs.s3a.S3AFileSystem.s3GetFileStatus(S3AFileSystem.java:3776)
	... 146 more
Caused by: javax.net.ssl.SSLException: Unsupported or unrecognized SSL message
	at java.base/sun.security.ssl.SSLSocketInputRecord.handleUnknownRecord(SSLSocketInputRecord.java:457)
	at java.base/sun.security.ssl.SSLSocketInputRecord.decode(SSLSocketInputRecord.java:175)
	at java.base/sun.security.ssl.SSLTransport.decode(SSLTransport.java:111)
	at java.base/sun.security.ssl.SSLSocketImpl.decode(SSLSocketImpl.java:1510)
	at java.base/sun.security.ssl.SSLSocketImpl.readHandshakeRecord(SSLSocketImpl.java:1425)
	at java.base/sun.security.ssl.SSLSocketImpl.startHandshake(SSLSocketImpl.java:455)
	at java.base/sun.security.ssl.SSLSocketImpl.startHandshake(SSLSocketImpl.java:426)
	at com.amazonaws.thirdparty.apache.http.conn.ssl.SSLConnectionSocketFactory.createLayeredSocket(SSLConnectionSocketFactory.java:436)
	at com.amazonaws.thirdparty.apache.http.conn.ssl.SSLConnectionSocketFactory.connectSocket(SSLConnectionSocketFactory.java:384)
	at com.amazonaws.thirdparty.apache.http.impl.conn.DefaultHttpClientConnectionOperator.connect(DefaultHttpClientConnectionOperator.java:142)
	at com.amazonaws.thirdparty.apache.http.impl.conn.PoolingHttpClientConnectionManager.connect(PoolingHttpClientConnectionManager.java:376)
	at jdk.internal.reflect.GeneratedMethodAccessor105.invoke(Unknown Source)
	at java.base/jdk.internal.reflect.DelegatingMethodAccessorImpl.invoke(DelegatingMethodAccessorImpl.java:43)
	at java.base/java.lang.reflect.Method.invoke(Method.java:568)
	at com.amazonaws.http.conn.ClientConnectionManagerFactory$Handler.invoke(ClientConnectionManagerFactory.java:76)
	at com.amazonaws.http.conn.$Proxy43.connect(Unknown Source)
	at com.amazonaws.thirdparty.apache.http.impl.execchain.MainClientExec.establishRoute(MainClientExec.java:393)
	at com.amazonaws.thirdparty.apache.http.impl.execchain.MainClientExec.execute(MainClientExec.java:236)
	at com.amazonaws.thirdparty.apache.http.impl.execchain.ProtocolExec.execute(ProtocolExec.java:186)
	at com.amazonaws.thirdparty.apache.http.impl.client.InternalHttpClient.doExecute(InternalHttpClient.java:185)
	at com.amazonaws.thirdparty.apache.http.impl.client.CloseableHttpClient.execute(CloseableHttpClient.java:83)
	at com.amazonaws.thirdparty.apache.http.impl.client.CloseableHttpClient.execute(CloseableHttpClient.java:56)
	at com.amazonaws.http.apache.client.impl.SdkHttpClient.execute(SdkHttpClient.java:72)
	at com.amazonaws.http.AmazonHttpClient$RequestExecutor.executeOneRequest(AmazonHttpClient.java:1346)
	at com.amazonaws.http.AmazonHttpClient$RequestExecutor.executeHelper(AmazonHttpClient.java:1157)
	... 162 more


Stack Trace:
  File "/workspace/.pyenv_mirror/user/current/lib/python3.12/site-packages/dagster/_core/execution/plan/utils.py", line 54, in op_execution_error_boundary
    yield
  File "/workspace/.pyenv_mirror/user/current/lib/python3.12/site-packages/dagster/_utils/__init__.py", line 468, in iterate_with_context
    next_output = next(iterator)
                  ^^^^^^^^^^^^^^
  File "/workspace/.pyenv_mirror/user/current/lib/python3.12/site-packages/dagster/_core/execution/plan/execute_step.py", line 800, in _gen_fn
    gen_output = output_manager.handle_output(output_context, output.value)
                 ^^^^^^^^^^^^^^^^^^^^^^^^^^^^^^^^^^^^^^^^^^^^^^^^^^^^^^^^^^
  File "/workspace/practical-data-engineering/finnhub-batch-stock-pipeline/finnhub_batch_stock_pipeline/iomanagers/staging_s3_parquet_io_manager.py", line 150, in handle_output
    return self.inner_io_manager().handle_output(context, obj)
           ^^^^^^^^^^^^^^^^^^^^^^^^^^^^^^^^^^^^^^^^^^^^^^^^^^^
  File "/workspace/.pyenv_mirror/user/current/lib/python3.12/site-packages/dagster/_core/storage/upath_io_manager.py", line 446, in handle_output
    self.dump_to_path(context=context, obj=obj, path=path)
  File "/workspace/practical-data-engineering/finnhub-batch-stock-pipeline/finnhub_batch_stock_pipeline/iomanagers/staging_s3_parquet_io_manager.py", line 82, in dump_to_path
    obj.write.format("delta").mode('overwrite').save(pathe)
  File "/workspace/.pyenv_mirror/user/current/lib/python3.12/site-packages/pyspark/sql/readwriter.py", line 1463, in save
    self._jwrite.save(path)
  File "/workspace/.pyenv_mirror/user/current/lib/python3.12/site-packages/py4j/java_gateway.py", line 1322, in __call__
    return_value = get_return_value(
                   ^^^^^^^^^^^^^^^^^
  File "/workspace/.pyenv_mirror/user/current/lib/python3.12/site-packages/pyspark/errors/exceptions/captured.py", line 179, in deco
    return f(*a, **kw)
           ^^^^^^^^^^^
  File "/workspace/.pyenv_mirror/user/current/lib/python3.12/site-packages/py4j/protocol.py", line 326, in get_return_value
    raise Py4JJavaError(

