[32m2024-05-23 04:55:37 +0000[0m - dagster - [34mDEBUG[0m - __ASSET_JOB - fdbd5061-c0bf-487e-a47c-0459cb7a68de - 1003384 - LOGS_CAPTURED - Started capturing logs in process (pid: 1003384).
[32m2024-05-23 04:55:37 +0000[0m - dagster - [34mDEBUG[0m - __ASSET_JOB - fdbd5061-c0bf-487e-a47c-0459cb7a68de - 1003384 - spark_operator.create_stock_tables[stock_AACAF] - STEP_START - Started execution of step "spark_operator.create_stock_tables[stock_AACAF]".
[32m2024-05-23 04:55:37 +0000[0m - dagster - [34mDEBUG[0m - __ASSET_JOB - fdbd5061-c0bf-487e-a47c-0459cb7a68de - spark_operator.create_stock_tables[stock_AACAF] - Loading file from: /workspace/practical-data-engineering/finnhub-batch-stock-pipeline/home/storage/fdbd5061-c0bf-487e-a47c-0459cb7a68de/spark_operator.stock_tables/result/stock_AACAF using PickledObjectFilesystemIOManager...
[32m2024-05-23 04:55:37 +0000[0m - dagster - [34mDEBUG[0m - __ASSET_JOB - fdbd5061-c0bf-487e-a47c-0459cb7a68de - 1003384 - spark_operator.create_stock_tables[stock_AACAF] - LOADED_INPUT - Loaded input "input_fn" using input manager "io_manager", from output "result" of step "spark_operator.stock_tables"
[32m2024-05-23 04:55:37 +0000[0m - dagster - [34mDEBUG[0m - __ASSET_JOB - fdbd5061-c0bf-487e-a47c-0459cb7a68de - 1003384 - spark_operator.create_stock_tables[stock_AACAF] - STEP_INPUT - Got input "input_fn" of type "Any". (Type check passed).
[32m2024-05-23 04:56:17 +0000[0m - dagster - [34mINFO[0m - __ASSET_JOB - fdbd5061-c0bf-487e-a47c-0459cb7a68de - spark_operator.create_stock_tables[stock_AACAF] - Row(10DayAverageTradingVolume=7.68629, 13WeekPriceReturnDaily=37.7607, 26WeekPriceReturnDaily=48.5207, 3MonthADReturnStd=48.6216, 3MonthAverageTradingVolume=5.67824, 52WeekHigh=28.55, 52WeekHighDate='2024-05-14', 52WeekLow=12.86, 52WeekLowDate='2023-09-27', 52WeekPriceReturnDaily=10.9134, 5DayPriceReturnDaily=-3.4615, assetTurnoverAnnual=0.5248, assetTurnoverTTM=0.5214, beta=0.6726195, bookValuePerShareAnnual=18.2574, bookValuePerShareQuarterly=18.2574, bookValueShareGrowth5Y=3.27, capexCagr5Y=-17.5, cashFlowPerShareAnnual=2.5804, cashFlowPerShareQuarterly=2.5804, cashFlowPerShareTTM=1.39824, cashPerSharePerShareAnnual=5.6942, cashPerSharePerShareQuarterly=5.6942, currentDividendYieldTTM=0.4376, currentEv/freeCashFlowAnnual=9.8881, currentEv/freeCashFlowTTM=9.8881, currentRatioAnnual=1.6316, currentRatioQuarterly=1.6316, dividendGrowthRate5Y=-42.9, dividendPerShareAnnual=0.1085, dividendPerShareTTM=0.1085, dividendYieldIndicatedAnnual=0.40241447, ebitdPerShareAnnual=1.0285, ebitdPerShareTTM=1.0679, ebitdaCagr5Y=-28.17, ebitdaInterimCagr5Y=-6.85, enterpriseValue=30580.4, epsAnnual=0.6259, epsBasicExclExtraItemsAnnual=0.6259, epsBasicExclExtraItemsTTM=0.6271, epsExclExtraItemsAnnual=0.6259, epsExclExtraItemsTTM=0.6271, epsGrowth3Y=-20.52, epsGrowth5Y=-27.42, epsGrowthQuarterlyYoy=156.75, epsGrowthTTMYoy=-8.51, epsInclExtraItemsAnnual=0.6259, epsInclExtraItemsTTM=0.6271, epsNormalizedAnnual=0.6259, epsTTM=0.6271, focfCagr5Y=2.29, grossMargin5Y=22.63, grossMarginAnnual=16.9, grossMarginTTM=19.24, inventoryTurnoverAnnual=4.5896, inventoryTurnoverTTM=4.5896, longTermDebt/equityAnnual=0.2462, longTermDebt/equityQuarterly=0.2462, marketCapitalization=29782.725, monthToDatePriceReturnDaily=0.4, netIncomeEmployeeAnnual=0.0285, netIncomeEmployeeTTM=0.0285, netInterestCoverageAnnual=5.6848, netInterestCoverageTTM=7.3784, netMarginGrowth5Y=-29.57, netProfitMargin5Y=7.26, netProfitMarginAnnual=3.63, netProfitMarginTTM=5.27, operatingMargin5Y=9.7, operatingMarginAnnual=5.87, operatingMarginTTM=7.36, payoutRatioAnnual=17.6, payoutRatioTTM=86.71, pbAnnual=1.1785, pbQuarterly=1.1785, pcfShareAnnual=6.429, pcfShareTTM=6.429, peAnnual=40.2268, peBasicExclExtraTTM=40.2268, peExclExtraAnnual=24.96958, peExclExtraTTM=40.2268, peInclExtraTTM=40.2268, peNormalizedAnnual=40.2268, peTTM=40.2268, pfcfShareAnnual=9.6301, pfcfShareTTM=9.6301, pretaxMargin5Y=8.02, pretaxMarginAnnual=4.03, pretaxMarginTTM=5.79, priceRelativeToS&P50013Week=30.7956, priceRelativeToS&P50026Week=30.1065, priceRelativeToS&P5004Week=-0.985, priceRelativeToS&P50052Week=8.97345, priceRelativeToS&P500Ytd=-5.5237, psAnnual=1.4586, psTTM=1.4586, ptbvAnnual=1.2111, ptbvQuarterly=1.2111, quickRatioAnnual=1.3362, quickRatioQuarterly=1.3362, receivablesTurnoverAnnual=3.7104, receivablesTurnoverTTM=3.7104, revenueEmployeeAnnual=0.7866, revenueEmployeeTTM=0.7866, revenueGrowth3Y=6.01, revenueGrowth5Y=2.41, revenueGrowthQuarterlyYoy=91.77, revenueGrowthTTMYoy=-1, revenuePerShareAnnual=17.2607, revenuePerShareTTM=17.3159, revenueShareGrowth5Y=3.06, roa5Y=3.49, roaRfy=1.9, roaTTM=1.8900000000000001, roe5Y=6.36, roeRfy=3.38, roeTTM=3.4099999999999997, roi5Y=4.4, roiAnnual=2.5100000000000002, roiTTM=2.4299999999999997, tangibleBookValuePerShareAnnual=17.7662, tangibleBookValuePerShareQuarterly=17.7662, tbvCagr5Y=2.78, totalDebt/totalEquityAnnual=0.3483, totalDebt/totalEquityQuarterly=0.3483, yearToDatePriceReturnDaily=8.1897)
[32m2024-05-23 04:57:19 +0000[0m - dagster - [34mINFO[0m - __ASSET_JOB - fdbd5061-c0bf-487e-a47c-0459cb7a68de - spark_operator.create_stock_tables[stock_AACAF] - Row(date='2002-12-31', quarterly.assetTurnoverTTM=None, quarterly.bookValue=None, quarterly.cashRatio=None, quarterly.currentRatio=None, quarterly.ebitPerShare=None, quarterly.eps=None, quarterly.ev=None, quarterly.fcfMargin=None, quarterly.fcfPerShareTTM=None, quarterly.grossMargin=None, quarterly.inventoryTurnoverTTM=None, quarterly.longtermDebtTotalAsset=None, quarterly.longtermDebtTotalCapital=None, quarterly.longtermDebtTotalEquity=None, quarterly.netDebtToTotalCapital=None, quarterly.netDebtToTotalEquity=None, quarterly.netMargin=None, quarterly.operatingMargin=None, quarterly.payoutRatioTTM=None, quarterly.pb=None, quarterly.peTTM=None, quarterly.pfcfTTM=None, quarterly.pretaxMargin=None, quarterly.psTTM=None, quarterly.ptbv=None, quarterly.quickRatio=None, quarterly.receivablesTurnoverTTM=None, quarterly.roaTTM=None, quarterly.roeTTM=None, quarterly.roicTTM=None, quarterly.rotcTTM=None, quarterly.salesPerShare=None, quarterly.sgaToSale=None, quarterly.tangibleBookValue=None, quarterly.totalDebtToEquity=None, quarterly.totalDebtToTotalAsset=None, quarterly.totalDebtToTotalCapital=None, quarterly.totalRatio=None, annual.bookValue=None, annual.cashRatio=0.572463768115942, annual.currentRatio=1.558, annual.ebitPerShare=0.1213, annual.eps=0.0941, annual.ev=None, annual.fcfMargin=None, annual.grossMargin=0.5377, annual.inventoryTurnover=None, annual.longtermDebtTotalAsset=None, annual.longtermDebtTotalCapital=None, annual.longtermDebtTotalEquity=None, annual.netDebtToTotalCapital=-0.1459, annual.netDebtToTotalEquity=-0.1809, annual.netMargin=0.283, annual.operatingMargin=0.3648, annual.payoutRatio=None, annual.pb=None, annual.pe=None, annual.pfcf=None, annual.pretaxMargin=0.3616, annual.ps=None, annual.ptbv=None, annual.quickRatio=1.3261, annual.receivablesTurnover=None, annual.roa=0.2586, annual.roe=0.4787, annual.roic=0.3863, annual.rotc=0.4979, annual.salesPerShare=0.3326, annual.sgaToSale=0.4623, annual.tangibleBookValue=None, annual.totalDebtToEquity=0.2394, annual.totalDebtToTotalAsset=0.1293, annual.totalDebtToTotalCapital=0.1931, annual.totalRatio=2.175)
[32m2024-05-23 04:58:34 +0000[0m - dagster - [34mDEBUG[0m - __ASSET_JOB - fdbd5061-c0bf-487e-a47c-0459cb7a68de - 1003384 - spark_operator.create_stock_tables[stock_AACAF] - STEP_OUTPUT - Yielded output "metric_and_series" of type "Any". (Type check passed).
[32m2024-05-23 04:58:40 +0000[0m - dagster - [34mDEBUG[0m - __ASSET_JOB - fdbd5061-c0bf-487e-a47c-0459cb7a68de - spark_operator.create_stock_tables[stock_AACAF] - Writing S3 object at: s3a://dagster-api/staging/2024-05-23/spark_operator.create_stock_tables[stock_AACAF]/metric_and_series
[32m2024-05-23 04:58:40 +0000[0m - dagster - [34mWARNING[0m - __ASSET_JOB - fdbd5061-c0bf-487e-a47c-0459cb7a68de - spark_operator.create_stock_tables[stock_AACAF] - Removing existing S3 object: staging/2024-05-23/spark_operator.create_stock_tables[stock_AACAF]/metric_and_series
[32m2024-05-23 05:00:59 +0000[0m - dagster - [34mDEBUG[0m - __ASSET_JOB - fdbd5061-c0bf-487e-a47c-0459cb7a68de - 1003384 - spark_operator.create_stock_tables[stock_AACAF] - STEP_UP_FOR_RETRY - Execution of step "spark_operator.create_stock_tables[stock_AACAF]" failed and has requested a retry in 0.1721000666653894 seconds.

dagster._core.execution.plan.utils.RetryRequestedFromPolicy

Stack Trace:
  File "/workspace/.pyenv_mirror/user/current/lib/python3.12/site-packages/dagster/_core/execution/plan/execute_plan.py", line 282, in dagster_event_sequence_for_step
    for step_event in check.generator(step_events):
  File "/workspace/.pyenv_mirror/user/current/lib/python3.12/site-packages/dagster/_core/execution/plan/execute_step.py", line 532, in core_dagster_event_sequence_for_step
    for evt in _type_check_and_store_output(step_context, user_event):
  File "/workspace/.pyenv_mirror/user/current/lib/python3.12/site-packages/dagster/_core/execution/plan/execute_step.py", line 587, in _type_check_and_store_output
    for evt in _store_output(step_context, step_output_handle, output):
  File "/workspace/.pyenv_mirror/user/current/lib/python3.12/site-packages/dagster/_core/execution/plan/execute_step.py", line 810, in _store_output
    for elt in iterate_with_context(
  File "/workspace/.pyenv_mirror/user/current/lib/python3.12/site-packages/dagster/_utils/__init__.py", line 466, in iterate_with_context
    with context_fn():
  File "/home/gitpod/.pyenv/versions/3.12.3/lib/python3.12/contextlib.py", line 158, in __exit__
    self.gen.throw(value)
  File "/workspace/.pyenv_mirror/user/current/lib/python3.12/site-packages/dagster/_core/execution/plan/utils.py", line 72, in op_execution_error_boundary
    raise RetryRequestedFromPolicy(

The above exception was caused by the following exception:
py4j.protocol.Py4JJavaError: An error occurred while calling o2822.save.
: org.apache.spark.SparkException: Job aborted due to stage failure: Task 30 in stage 38.0 failed 1 times, most recent failure: Lost task 30.0 in stage 38.0 (TID 260) (10.0.5.2 executor driver): org.apache.spark.SparkException: [TASK_WRITE_FAILED] Task failed while writing rows to s3a://dagster-api/staging/2024-05-23/spark_operator.create_stock_tables[stock_AACAF]/metric_and_series.
	at org.apache.spark.sql.errors.QueryExecutionErrors$.taskFailedWhileWritingRowsError(QueryExecutionErrors.scala:774)
	at org.apache.spark.sql.delta.files.DeltaFileFormatWriter$.executeTask(DeltaFileFormatWriter.scala:447)
	at org.apache.spark.sql.delta.files.DeltaFileFormatWriter$.$anonfun$executeWrite$2(DeltaFileFormatWriter.scala:274)
	at org.apache.spark.scheduler.ResultTask.runTask(ResultTask.scala:93)
	at org.apache.spark.TaskContext.runTaskWithListeners(TaskContext.scala:166)
	at org.apache.spark.scheduler.Task.run(Task.scala:141)
	at org.apache.spark.executor.Executor$TaskRunner.$anonfun$run$4(Executor.scala:620)
	at org.apache.spark.util.SparkErrorUtils.tryWithSafeFinally(SparkErrorUtils.scala:64)
	at org.apache.spark.util.SparkErrorUtils.tryWithSafeFinally$(SparkErrorUtils.scala:61)
	at org.apache.spark.util.Utils$.tryWithSafeFinally(Utils.scala:94)
	at org.apache.spark.executor.Executor$TaskRunner.run(Executor.scala:623)
	at java.base/java.util.concurrent.ThreadPoolExecutor.runWorker(ThreadPoolExecutor.java:1136)
	at java.base/java.util.concurrent.ThreadPoolExecutor$Worker.run(ThreadPoolExecutor.java:635)
	at java.base/java.lang.Thread.run(Thread.java:840)
Caused by: org.apache.spark.api.python.PythonException: Traceback (most recent call last):
  File "/workspace/.pyenv_mirror/user/current/lib/python3.12/site-packages/pyspark/python/lib/pyspark.zip/pyspark/worker.py", line 1247, in main
    process()
  File "/workspace/.pyenv_mirror/user/current/lib/python3.12/site-packages/pyspark/python/lib/pyspark.zip/pyspark/worker.py", line 1239, in process
    serializer.dump_stream(out_iter, outfile)
  File "/workspace/.pyenv_mirror/user/current/lib/python3.12/site-packages/pyspark/python/lib/pyspark.zip/pyspark/serializers.py", line 274, in dump_stream
    vs = list(itertools.islice(iterator, batch))
         ^^^^^^^^^^^^^^^^^^^^^^^^^^^^^^^^^^^^^^^
  File "/workspace/.pyenv_mirror/user/current/lib/python3.12/site-packages/pyspark/python/lib/pyspark.zip/pyspark/serializers.py", line 339, in _load_stream_without_unbatching
    raise ValueError(
ValueError: Can not deserialize PairRDD with different number of items in batches: (1, 3)

	at org.apache.spark.api.python.BasePythonRunner$ReaderIterator.handlePythonException(PythonRunner.scala:572)
	at org.apache.spark.api.python.PythonRunner$$anon$3.read(PythonRunner.scala:784)
	at org.apache.spark.api.python.PythonRunner$$anon$3.read(PythonRunner.scala:766)
	at org.apache.spark.api.python.BasePythonRunner$ReaderIterator.hasNext(PythonRunner.scala:525)
	at org.apache.spark.InterruptibleIterator.hasNext(InterruptibleIterator.scala:37)
	at scala.collection.Iterator$$anon$11.hasNext(Iterator.scala:491)
	at scala.collection.Iterator$$anon$10.hasNext(Iterator.scala:460)
	at scala.collection.Iterator$$anon$10.hasNext(Iterator.scala:460)
	at org.apache.spark.sql.catalyst.expressions.GeneratedClass$GeneratedIteratorForCodegenStage1.processNext(Unknown Source)
	at org.apache.spark.sql.execution.BufferedRowIterator.hasNext(BufferedRowIterator.java:43)
	at org.apache.spark.sql.execution.WholeStageCodegenEvaluatorFactory$WholeStageCodegenPartitionEvaluator$$anon$1.hasNext(WholeStageCodegenEvaluatorFactory.scala:43)
	at scala.collection.Iterator$$anon$10.hasNext(Iterator.scala:460)
	at org.apache.spark.sql.execution.datasources.FileFormatDataWriter.writeWithIterator(FileFormatDataWriter.scala:91)
	at org.apache.spark.sql.delta.files.DeltaFileFormatWriter$.$anonfun$executeTask$1(DeltaFileFormatWriter.scala:430)
	at org.apache.spark.util.Utils$.tryWithSafeFinallyAndFailureCallbacks(Utils.scala:1397)
	at org.apache.spark.sql.delta.files.DeltaFileFormatWriter$.executeTask(DeltaFileFormatWriter.scala:437)
	... 12 more

Driver stacktrace:
	at org.apache.spark.scheduler.DAGScheduler.failJobAndIndependentStages(DAGScheduler.scala:2856)
	at org.apache.spark.scheduler.DAGScheduler.$anonfun$abortStage$2(DAGScheduler.scala:2792)
	at org.apache.spark.scheduler.DAGScheduler.$anonfun$abortStage$2$adapted(DAGScheduler.scala:2791)
	at scala.collection.mutable.ResizableArray.foreach(ResizableArray.scala:62)
	at scala.collection.mutable.ResizableArray.foreach$(ResizableArray.scala:55)
	at scala.collection.mutable.ArrayBuffer.foreach(ArrayBuffer.scala:49)
	at org.apache.spark.scheduler.DAGScheduler.abortStage(DAGScheduler.scala:2791)
	at org.apache.spark.scheduler.DAGScheduler.$anonfun$handleTaskSetFailed$1(DAGScheduler.scala:1247)
	at org.apache.spark.scheduler.DAGScheduler.$anonfun$handleTaskSetFailed$1$adapted(DAGScheduler.scala:1247)
	at scala.Option.foreach(Option.scala:407)
	at org.apache.spark.scheduler.DAGScheduler.handleTaskSetFailed(DAGScheduler.scala:1247)
	at org.apache.spark.scheduler.DAGSchedulerEventProcessLoop.doOnReceive(DAGScheduler.scala:3060)
	at org.apache.spark.scheduler.DAGSchedulerEventProcessLoop.onReceive(DAGScheduler.scala:2994)
	at org.apache.spark.scheduler.DAGSchedulerEventProcessLoop.onReceive(DAGScheduler.scala:2983)
	at org.apache.spark.util.EventLoop$$anon$1.run(EventLoop.scala:49)
	at org.apache.spark.scheduler.DAGScheduler.runJob(DAGScheduler.scala:989)
	at org.apache.spark.SparkContext.runJob(SparkContext.scala:2398)
	at org.apache.spark.sql.delta.files.DeltaFileFormatWriter$.$anonfun$executeWrite$1(DeltaFileFormatWriter.scala:263)
	at org.apache.spark.sql.delta.files.DeltaFileFormatWriter$.writeAndCommit(DeltaFileFormatWriter.scala:295)
	at org.apache.spark.sql.delta.files.DeltaFileFormatWriter$.executeWrite(DeltaFileFormatWriter.scala:234)
	at org.apache.spark.sql.delta.files.DeltaFileFormatWriter$.write(DeltaFileFormatWriter.scala:214)
	at org.apache.spark.sql.delta.files.TransactionalWrite.$anonfun$writeFiles$1(TransactionalWrite.scala:433)
	at org.apache.spark.sql.execution.SQLExecution$.$anonfun$withNewExecutionId$6(SQLExecution.scala:125)
	at org.apache.spark.sql.execution.SQLExecution$.withSQLConfPropagated(SQLExecution.scala:201)
	at org.apache.spark.sql.execution.SQLExecution$.$anonfun$withNewExecutionId$1(SQLExecution.scala:108)
	at org.apache.spark.sql.SparkSession.withActive(SparkSession.scala:900)
	at org.apache.spark.sql.execution.SQLExecution$.withNewExecutionId(SQLExecution.scala:66)
	at org.apache.spark.sql.delta.files.TransactionalWrite.writeFiles(TransactionalWrite.scala:391)
	at org.apache.spark.sql.delta.files.TransactionalWrite.writeFiles$(TransactionalWrite.scala:364)
	at org.apache.spark.sql.delta.OptimisticTransaction.writeFiles(OptimisticTransaction.scala:142)
	at org.apache.spark.sql.delta.files.TransactionalWrite.writeFiles(TransactionalWrite.scala:239)
	at org.apache.spark.sql.delta.files.TransactionalWrite.writeFiles$(TransactionalWrite.scala:235)
	at org.apache.spark.sql.delta.OptimisticTransaction.writeFiles(OptimisticTransaction.scala:142)
	at org.apache.spark.sql.delta.files.TransactionalWrite.writeFiles(TransactionalWrite.scala:228)
	at org.apache.spark.sql.delta.files.TransactionalWrite.writeFiles$(TransactionalWrite.scala:225)
	at org.apache.spark.sql.delta.OptimisticTransaction.writeFiles(OptimisticTransaction.scala:142)
	at org.apache.spark.sql.delta.commands.WriteIntoDelta.writeFiles(WriteIntoDelta.scala:341)
	at org.apache.spark.sql.delta.commands.WriteIntoDelta.write(WriteIntoDelta.scala:292)
	at org.apache.spark.sql.delta.commands.WriteIntoDelta.$anonfun$run$1(WriteIntoDelta.scala:105)
	at org.apache.spark.sql.delta.commands.WriteIntoDelta.$anonfun$run$1$adapted(WriteIntoDelta.scala:100)
	at org.apache.spark.sql.delta.DeltaLog.withNewTransaction(DeltaLog.scala:223)
	at org.apache.spark.sql.delta.commands.WriteIntoDelta.run(WriteIntoDelta.scala:100)
	at org.apache.spark.sql.delta.sources.DeltaDataSource.createRelation(DeltaDataSource.scala:201)
	at org.apache.spark.sql.execution.datasources.SaveIntoDataSourceCommand.run(SaveIntoDataSourceCommand.scala:48)
	at org.apache.spark.sql.execution.command.ExecutedCommandExec.sideEffectResult$lzycompute(commands.scala:75)
	at org.apache.spark.sql.execution.command.ExecutedCommandExec.sideEffectResult(commands.scala:73)
	at org.apache.spark.sql.execution.command.ExecutedCommandExec.executeCollect(commands.scala:84)
	at org.apache.spark.sql.execution.QueryExecution$$anonfun$eagerlyExecuteCommands$1.$anonfun$applyOrElse$1(QueryExecution.scala:107)
	at org.apache.spark.sql.execution.SQLExecution$.$anonfun$withNewExecutionId$6(SQLExecution.scala:125)
	at org.apache.spark.sql.execution.SQLExecution$.withSQLConfPropagated(SQLExecution.scala:201)
	at org.apache.spark.sql.execution.SQLExecution$.$anonfun$withNewExecutionId$1(SQLExecution.scala:108)
	at org.apache.spark.sql.SparkSession.withActive(SparkSession.scala:900)
	at org.apache.spark.sql.execution.SQLExecution$.withNewExecutionId(SQLExecution.scala:66)
	at org.apache.spark.sql.execution.QueryExecution$$anonfun$eagerlyExecuteCommands$1.applyOrElse(QueryExecution.scala:107)
	at org.apache.spark.sql.execution.QueryExecution$$anonfun$eagerlyExecuteCommands$1.applyOrElse(QueryExecution.scala:98)
	at org.apache.spark.sql.catalyst.trees.TreeNode.$anonfun$transformDownWithPruning$1(TreeNode.scala:461)
	at org.apache.spark.sql.catalyst.trees.CurrentOrigin$.withOrigin(origin.scala:76)
	at org.apache.spark.sql.catalyst.trees.TreeNode.transformDownWithPruning(TreeNode.scala:461)
	at org.apache.spark.sql.catalyst.plans.logical.LogicalPlan.org$apache$spark$sql$catalyst$plans$logical$AnalysisHelper$$super$transformDownWithPruning(LogicalPlan.scala:32)
	at org.apache.spark.sql.catalyst.plans.logical.AnalysisHelper.transformDownWithPruning(AnalysisHelper.scala:267)
	at org.apache.spark.sql.catalyst.plans.logical.AnalysisHelper.transformDownWithPruning$(AnalysisHelper.scala:263)
	at org.apache.spark.sql.catalyst.plans.logical.LogicalPlan.transformDownWithPruning(LogicalPlan.scala:32)
	at org.apache.spark.sql.catalyst.plans.logical.LogicalPlan.transformDownWithPruning(LogicalPlan.scala:32)
	at org.apache.spark.sql.catalyst.trees.TreeNode.transformDown(TreeNode.scala:437)
	at org.apache.spark.sql.execution.QueryExecution.eagerlyExecuteCommands(QueryExecution.scala:98)
	at org.apache.spark.sql.execution.QueryExecution.commandExecuted$lzycompute(QueryExecution.scala:85)
	at org.apache.spark.sql.execution.QueryExecution.commandExecuted(QueryExecution.scala:83)
	at org.apache.spark.sql.execution.QueryExecution.assertCommandExecuted(QueryExecution.scala:142)
	at org.apache.spark.sql.DataFrameWriter.runCommand(DataFrameWriter.scala:859)
	at org.apache.spark.sql.DataFrameWriter.saveToV1Source(DataFrameWriter.scala:388)
	at org.apache.spark.sql.DataFrameWriter.saveInternal(DataFrameWriter.scala:304)
	at org.apache.spark.sql.DataFrameWriter.save(DataFrameWriter.scala:240)
	at java.base/jdk.internal.reflect.NativeMethodAccessorImpl.invoke0(Native Method)
	at java.base/jdk.internal.reflect.NativeMethodAccessorImpl.invoke(NativeMethodAccessorImpl.java:77)
	at java.base/jdk.internal.reflect.DelegatingMethodAccessorImpl.invoke(DelegatingMethodAccessorImpl.java:43)
	at java.base/java.lang.reflect.Method.invoke(Method.java:568)
	at py4j.reflection.MethodInvoker.invoke(MethodInvoker.java:244)
	at py4j.reflection.ReflectionEngine.invoke(ReflectionEngine.java:374)
	at py4j.Gateway.invoke(Gateway.java:282)
	at py4j.commands.AbstractCommand.invokeMethod(AbstractCommand.java:132)
	at py4j.commands.CallCommand.execute(CallCommand.java:79)
	at py4j.ClientServerConnection.waitForCommands(ClientServerConnection.java:182)
	at py4j.ClientServerConnection.run(ClientServerConnection.java:106)
	at java.base/java.lang.Thread.run(Thread.java:840)
Caused by: org.apache.spark.SparkException: [TASK_WRITE_FAILED] Task failed while writing rows to s3a://dagster-api/staging/2024-05-23/spark_operator.create_stock_tables[stock_AACAF]/metric_and_series.
	at org.apache.spark.sql.errors.QueryExecutionErrors$.taskFailedWhileWritingRowsError(QueryExecutionErrors.scala:774)
	at org.apache.spark.sql.delta.files.DeltaFileFormatWriter$.executeTask(DeltaFileFormatWriter.scala:447)
	at org.apache.spark.sql.delta.files.DeltaFileFormatWriter$.$anonfun$executeWrite$2(DeltaFileFormatWriter.scala:274)
	at org.apache.spark.scheduler.ResultTask.runTask(ResultTask.scala:93)
	at org.apache.spark.TaskContext.runTaskWithListeners(TaskContext.scala:166)
	at org.apache.spark.scheduler.Task.run(Task.scala:141)
	at org.apache.spark.executor.Executor$TaskRunner.$anonfun$run$4(Executor.scala:620)
	at org.apache.spark.util.SparkErrorUtils.tryWithSafeFinally(SparkErrorUtils.scala:64)
	at org.apache.spark.util.SparkErrorUtils.tryWithSafeFinally$(SparkErrorUtils.scala:61)
	at org.apache.spark.util.Utils$.tryWithSafeFinally(Utils.scala:94)
	at org.apache.spark.executor.Executor$TaskRunner.run(Executor.scala:623)
	at java.base/java.util.concurrent.ThreadPoolExecutor.runWorker(ThreadPoolExecutor.java:1136)
	at java.base/java.util.concurrent.ThreadPoolExecutor$Worker.run(ThreadPoolExecutor.java:635)
	... 1 more
Caused by: org.apache.spark.api.python.PythonException: Traceback (most recent call last):
  File "/workspace/.pyenv_mirror/user/current/lib/python3.12/site-packages/pyspark/python/lib/pyspark.zip/pyspark/worker.py", line 1247, in main
    process()
  File "/workspace/.pyenv_mirror/user/current/lib/python3.12/site-packages/pyspark/python/lib/pyspark.zip/pyspark/worker.py", line 1239, in process
    serializer.dump_stream(out_iter, outfile)
  File "/workspace/.pyenv_mirror/user/current/lib/python3.12/site-packages/pyspark/python/lib/pyspark.zip/pyspark/serializers.py", line 274, in dump_stream
    vs = list(itertools.islice(iterator, batch))
         ^^^^^^^^^^^^^^^^^^^^^^^^^^^^^^^^^^^^^^^
  File "/workspace/.pyenv_mirror/user/current/lib/python3.12/site-packages/pyspark/python/lib/pyspark.zip/pyspark/serializers.py", line 339, in _load_stream_without_unbatching
    raise ValueError(
ValueError: Can not deserialize PairRDD with different number of items in batches: (1, 3)

	at org.apache.spark.api.python.BasePythonRunner$ReaderIterator.handlePythonException(PythonRunner.scala:572)
	at org.apache.spark.api.python.PythonRunner$$anon$3.read(PythonRunner.scala:784)
	at org.apache.spark.api.python.PythonRunner$$anon$3.read(PythonRunner.scala:766)
	at org.apache.spark.api.python.BasePythonRunner$ReaderIterator.hasNext(PythonRunner.scala:525)
	at org.apache.spark.InterruptibleIterator.hasNext(InterruptibleIterator.scala:37)
	at scala.collection.Iterator$$anon$11.hasNext(Iterator.scala:491)
	at scala.collection.Iterator$$anon$10.hasNext(Iterator.scala:460)
	at scala.collection.Iterator$$anon$10.hasNext(Iterator.scala:460)
	at org.apache.spark.sql.catalyst.expressions.GeneratedClass$GeneratedIteratorForCodegenStage1.processNext(Unknown Source)
	at org.apache.spark.sql.execution.BufferedRowIterator.hasNext(BufferedRowIterator.java:43)
	at org.apache.spark.sql.execution.WholeStageCodegenEvaluatorFactory$WholeStageCodegenPartitionEvaluator$$anon$1.hasNext(WholeStageCodegenEvaluatorFactory.scala:43)
	at scala.collection.Iterator$$anon$10.hasNext(Iterator.scala:460)
	at org.apache.spark.sql.execution.datasources.FileFormatDataWriter.writeWithIterator(FileFormatDataWriter.scala:91)
	at org.apache.spark.sql.delta.files.DeltaFileFormatWriter$.$anonfun$executeTask$1(DeltaFileFormatWriter.scala:430)
	at org.apache.spark.util.Utils$.tryWithSafeFinallyAndFailureCallbacks(Utils.scala:1397)
	at org.apache.spark.sql.delta.files.DeltaFileFormatWriter$.executeTask(DeltaFileFormatWriter.scala:437)
	... 12 more


Stack Trace:
  File "/workspace/.pyenv_mirror/user/current/lib/python3.12/site-packages/dagster/_core/execution/plan/utils.py", line 54, in op_execution_error_boundary
    yield
  File "/workspace/.pyenv_mirror/user/current/lib/python3.12/site-packages/dagster/_utils/__init__.py", line 468, in iterate_with_context
    next_output = next(iterator)
                  ^^^^^^^^^^^^^^
  File "/workspace/.pyenv_mirror/user/current/lib/python3.12/site-packages/dagster/_core/execution/plan/execute_step.py", line 800, in _gen_fn
    gen_output = output_manager.handle_output(output_context, output.value)
                 ^^^^^^^^^^^^^^^^^^^^^^^^^^^^^^^^^^^^^^^^^^^^^^^^^^^^^^^^^^
  File "/workspace/practical-data-engineering/finnhub-batch-stock-pipeline/finnhub_batch_stock_pipeline/iomanagers/staging_s3_parquet_io_manager.py", line 150, in handle_output
    return self.inner_io_manager().handle_output(context, obj)
           ^^^^^^^^^^^^^^^^^^^^^^^^^^^^^^^^^^^^^^^^^^^^^^^^^^^
  File "/workspace/.pyenv_mirror/user/current/lib/python3.12/site-packages/dagster/_core/storage/upath_io_manager.py", line 446, in handle_output
    self.dump_to_path(context=context, obj=obj, path=path)
  File "/workspace/practical-data-engineering/finnhub-batch-stock-pipeline/finnhub_batch_stock_pipeline/iomanagers/staging_s3_parquet_io_manager.py", line 82, in dump_to_path
    obj.write.format("delta").mode('overwrite').save(pathe)
  File "/workspace/.pyenv_mirror/user/current/lib/python3.12/site-packages/pyspark/sql/readwriter.py", line 1463, in save
    self._jwrite.save(path)
  File "/workspace/.pyenv_mirror/user/current/lib/python3.12/site-packages/py4j/java_gateway.py", line 1322, in __call__
    return_value = get_return_value(
                   ^^^^^^^^^^^^^^^^^
  File "/workspace/.pyenv_mirror/user/current/lib/python3.12/site-packages/pyspark/errors/exceptions/captured.py", line 179, in deco
    return f(*a, **kw)
           ^^^^^^^^^^^
  File "/workspace/.pyenv_mirror/user/current/lib/python3.12/site-packages/py4j/protocol.py", line 326, in get_return_value
    raise Py4JJavaError(

