[32m2024-05-31 15:28:42 +0000[0m - dagster - [34mDEBUG[0m - __ASSET_JOB - 29657144-f47b-4730-a719-19652768d51f - 17006 - LOGS_CAPTURED - Started capturing logs in process (pid: 17006).
[32m2024-05-31 15:28:42 +0000[0m - dagster - [34mDEBUG[0m - __ASSET_JOB - 29657144-f47b-4730-a719-19652768d51f - 17006 - spark_operator.create_stock_tables[stock_AACT_path] - STEP_START - Started execution of step "spark_operator.create_stock_tables[stock_AACT_path]".
[32m2024-05-31 15:28:42 +0000[0m - dagster - [34mDEBUG[0m - __ASSET_JOB - 29657144-f47b-4730-a719-19652768d51f - spark_operator.create_stock_tables[stock_AACT_path] - Loading file from: /workspace/practical-data-engineering/finnhub-batch-stock-pipeline/home/storage/29657144-f47b-4730-a719-19652768d51f/spark_operator.stock_tables/result/stock_AACT_path using PickledObjectFilesystemIOManager...
[32m2024-05-31 15:28:42 +0000[0m - dagster - [34mDEBUG[0m - __ASSET_JOB - 29657144-f47b-4730-a719-19652768d51f - 17006 - spark_operator.create_stock_tables[stock_AACT_path] - LOADED_INPUT - Loaded input "input_fn" using input manager "io_manager", from output "result" of step "spark_operator.stock_tables"
[32m2024-05-31 15:28:42 +0000[0m - dagster - [34mDEBUG[0m - __ASSET_JOB - 29657144-f47b-4730-a719-19652768d51f - 17006 - spark_operator.create_stock_tables[stock_AACT_path] - STEP_INPUT - Got input "input_fn" of type "Any". (Type check passed).
24/05/31 15:28:54 WARN Utils: Your hostname, willowyboat-practicalda-8yoi5et7ep7 resolves to a loopback address: 127.0.0.1; using 10.0.5.2 instead (on interface eth0)
24/05/31 15:28:54 WARN Utils: Set SPARK_LOCAL_IP if you need to bind to another address
Ivy Default Cache set to: /home/gitpod/.ivy2/cache
The jars for the packages stored in: /home/gitpod/.ivy2/jars
io.delta#delta-spark_2.12 added as a dependency
org.apache.hadoop#hadoop-aws added as a dependency
org.apache.hadoop#hadoop-common added as a dependency
com.amazonaws#aws-java-sdk-bundle added as a dependency
:: resolving dependencies :: org.apache.spark#spark-submit-parent-05d4a798-a856-40e1-a2e0-d6f69515c839;1.0
	confs: [default]
	found io.delta#delta-spark_2.12;3.1.0 in central
	found io.delta#delta-storage;3.1.0 in central
	found org.antlr#antlr4-runtime;4.9.3 in central
	found org.apache.hadoop#hadoop-aws;3.3.4 in central
	found com.amazonaws#aws-java-sdk-bundle;1.12.262 in spark-list
	found org.wildfly.openssl#wildfly-openssl;1.0.7.Final in central
	found org.apache.hadoop#hadoop-common;3.3.4 in central
	found org.apache.hadoop.thirdparty#hadoop-shaded-protobuf_3_7;1.1.1 in central
	found org.apache.hadoop#hadoop-annotations;3.3.4 in central
	found org.apache.hadoop.thirdparty#hadoop-shaded-guava;1.1.1 in spark-list
	found com.google.guava#guava;27.0-jre in central
	found com.google.guava#failureaccess;1.0 in central
	found com.google.guava#listenablefuture;9999.0-empty-to-avoid-conflict-with-guava in central
	found com.google.code.findbugs#jsr305;3.0.2 in central
	found org.checkerframework#checker-qual;2.5.2 in central
	found com.google.j2objc#j2objc-annotations;1.1 in central
	found commons-cli#commons-cli;1.2 in central
	found org.apache.commons#commons-math3;3.1.1 in central
	found org.apache.httpcomponents#httpclient;4.5.13 in central
	found org.apache.httpcomponents#httpcore;4.4.13 in central
	found commons-logging#commons-logging;1.1.3 in central
	found commons-io#commons-io;2.8.0 in central
	found commons-net#commons-net;3.6 in central
	found commons-collections#commons-collections;3.2.2 in central
	found javax.servlet#javax.servlet-api;3.1.0 in central
	found org.eclipse.jetty#jetty-util;9.4.43.v20210629 in central
	found org.eclipse.jetty#jetty-servlet;9.4.43.v20210629 in central
	found org.eclipse.jetty#jetty-security;9.4.43.v20210629 in central
	found org.eclipse.jetty#jetty-util-ajax;9.4.43.v20210629 in central
	found org.eclipse.jetty#jetty-webapp;9.4.43.v20210629 in central
	found org.eclipse.jetty#jetty-xml;9.4.43.v20210629 in central
	found com.sun.jersey#jersey-core;1.19 in central
	found javax.ws.rs#jsr311-api;1.1.1 in central
	found com.sun.jersey#jersey-servlet;1.19 in central
	found com.sun.jersey#jersey-server;1.19 in central
	found ch.qos.reload4j#reload4j;1.2.22 in central
	found commons-beanutils#commons-beanutils;1.9.4 in central
	found org.apache.commons#commons-configuration2;2.1.1 in central
	found org.apache.commons#commons-lang3;3.12.0 in central
	found org.apache.commons#commons-text;1.4 in central
	found org.slf4j#slf4j-reload4j;1.7.36 in spark-list
	found com.google.re2j#re2j;1.1 in central
	found com.google.protobuf#protobuf-java;2.5.0 in central
	found com.google.code.gson#gson;2.8.9 in central
	found com.jcraft#jsch;0.1.55 in central
	found org.apache.curator#curator-recipes;4.2.0 in central
	found org.apache.curator#curator-framework;4.2.0 in central
	found org.apache.zookeeper#zookeeper;3.5.6 in central
	found org.apache.zookeeper#zookeeper-jute;3.5.6 in central
	found org.apache.yetus#audience-annotations;0.5.0 in central
	found org.apache.commons#commons-compress;1.21 in central
	found org.apache.kerby#kerb-core;1.0.1 in central
	found com.fasterxml.jackson.core#jackson-databind;2.12.7 in central
	found com.fasterxml.jackson.core#jackson-annotations;2.12.7 in central
	found com.fasterxml.jackson.core#jackson-core;2.12.7 in central
	found org.codehaus.woodstox#stax2-api;4.2.1 in central
	found com.fasterxml.woodstox#woodstox-core;5.3.0 in central
	found org.xerial.snappy#snappy-java;1.1.8.2 in central
	found jakarta.activation#jakarta.activation-api;1.2.1 in central
	found javax.servlet.jsp#jsp-api;2.1 in central
downloading https://repo1.maven.org/maven2/com/amazonaws/aws-java-sdk-bundle/1.12.262/aws-java-sdk-bundle-1.12.262.jar ...
downloading https://repo1.maven.org/maven2/org/apache/httpcomponents/httpclient/4.5.13/httpclient-4.5.13.jar ...
downloading https://repo1.maven.org/maven2/commons-collections/commons-collections/3.2.2/commons-collections-3.2.2.jar ...
downloading https://repo1.maven.org/maven2/org/eclipse/jetty/jetty-util/9.4.43.v20210629/jetty-util-9.4.43.v20210629.jar ...
downloading https://repo1.maven.org/maven2/org/eclipse/jetty/jetty-webapp/9.4.43.v20210629/jetty-webapp-9.4.43.v20210629.jar ...
downloading https://repo1.maven.org/maven2/com/sun/jersey/jersey-core/1.19/jersey-core-1.19.jar ...
downloading https://repo1.maven.org/maven2/com/sun/jersey/jersey-servlet/1.19/jersey-servlet-1.19.jar ...
	[SUCCESSFUL ] com.sun.jersey#jersey-servlet;1.19!jersey-servlet.jar (251ms)
downloading https://repo1.maven.org/maven2/com/sun/jersey/jersey-server/1.19/jersey-server-1.19.jar ...
	[SUCCESSFUL ] com.sun.jersey#jersey-server;1.19!jersey-server.jar (106ms)
downloading https://repo1.maven.org/maven2/commons-logging/commons-logging/1.1.3/commons-logging-1.1.3.jar ...
	[SUCCESSFUL ] commons-logging#commons-logging;1.1.3!commons-logging.jar (93ms)
downloading https://repo1.maven.org/maven2/ch/qos/reload4j/reload4j/1.2.22/reload4j-1.2.22.jar ...
	[SUCCESSFUL ] ch.qos.reload4j#reload4j;1.2.22!reload4j.jar (203ms)
downloading https://repo1.maven.org/maven2/commons-beanutils/commons-beanutils/1.9.4/commons-beanutils-1.9.4.jar ...
downloading https://repo1.maven.org/maven2/org/apache/commons/commons-configuration2/2.1.1/commons-configuration2-2.1.1.jar ...
downloading https://repo1.maven.org/maven2/com/google/re2j/re2j/1.1/re2j-1.1.jar ...
	[SUCCESSFUL ] com.google.re2j#re2j;1.1!re2j.jar (98ms)
downloading https://repo1.maven.org/maven2/com/google/protobuf/protobuf-java/2.5.0/protobuf-java-2.5.0.jar ...
	[SUCCESSFUL ] com.google.protobuf#protobuf-java;2.5.0!protobuf-java.jar(bundle) (192ms)
downloading https://repo1.maven.org/maven2/com/jcraft/jsch/0.1.55/jsch-0.1.55.jar ...
downloading https://repo1.maven.org/maven2/org/apache/curator/curator-recipes/4.2.0/curator-recipes-4.2.0.jar ...
downloading https://repo1.maven.org/maven2/com/google/code/findbugs/jsr305/3.0.2/jsr305-3.0.2.jar ...
	[SUCCESSFUL ] com.google.code.findbugs#jsr305;3.0.2!jsr305.jar (331ms)
downloading https://repo1.maven.org/maven2/org/apache/zookeeper/zookeeper/3.5.6/zookeeper-3.5.6.jar ...
downloading https://repo1.maven.org/maven2/org/apache/commons/commons-compress/1.21/commons-compress-1.21.jar ...
downloading https://repo1.maven.org/maven2/com/fasterxml/jackson/core/jackson-databind/2.12.7/jackson-databind-2.12.7.jar ...
downloading https://repo1.maven.org/maven2/com/fasterxml/woodstox/woodstox-core/5.3.0/woodstox-core-5.3.0.jar ...
downloading https://repo1.maven.org/maven2/org/xerial/snappy/snappy-java/1.1.8.2/snappy-java-1.1.8.2.jar ...
downloading https://repo1.maven.org/maven2/com/google/guava/failureaccess/1.0/failureaccess-1.0.jar ...
	[SUCCESSFUL ] com.google.guava#failureaccess;1.0!failureaccess.jar (18ms)
downloading https://repo1.maven.org/maven2/com/google/guava/listenablefuture/9999.0-empty-to-avoid-conflict-with-guava/listenablefuture-9999.0-empty-to-avoid-conflict-with-guava.jar ...
	[SUCCESSFUL ] com.google.guava#listenablefuture;9999.0-empty-to-avoid-conflict-with-guava!listenablefuture.jar (76ms)
downloading https://repo1.maven.org/maven2/com/google/j2objc/j2objc-annotations/1.1/j2objc-annotations-1.1.jar ...
downloading https://repo1.maven.org/maven2/org/eclipse/jetty/jetty-util-ajax/9.4.43.v20210629/jetty-util-ajax-9.4.43.v20210629.jar ...
	[SUCCESSFUL ] org.eclipse.jetty#jetty-util-ajax;9.4.43.v20210629!jetty-util-ajax.jar (93ms)
downloading https://repo1.maven.org/maven2/org/eclipse/jetty/jetty-xml/9.4.43.v20210629/jetty-xml-9.4.43.v20210629.jar ...
downloading https://repo1.maven.org/maven2/javax/ws/rs/jsr311-api/1.1.1/jsr311-api-1.1.1.jar ...
	[SUCCESSFUL ] javax.ws.rs#jsr311-api;1.1.1!jsr311-api.jar (90ms)
downloading https://repo1.maven.org/maven2/org/apache/curator/curator-framework/4.2.0/curator-framework-4.2.0.jar ...
	[SUCCESSFUL ] org.apache.curator#curator-framework;4.2.0!curator-framework.jar(bundle) (18ms)
downloading https://repo1.maven.org/maven2/org/apache/zookeeper/zookeeper-jute/3.5.6/zookeeper-jute-3.5.6.jar ...
	[SUCCESSFUL ] org.apache.zookeeper#zookeeper-jute;3.5.6!zookeeper-jute.jar (182ms)
downloading https://repo1.maven.org/maven2/org/apache/yetus/audience-annotations/0.5.0/audience-annotations-0.5.0.jar ...
	[SUCCESSFUL ] org.apache.yetus#audience-annotations;0.5.0!audience-annotations.jar (99ms)
downloading https://repo1.maven.org/maven2/com/fasterxml/jackson/core/jackson-annotations/2.12.7/jackson-annotations-2.12.7.jar ...
	[SUCCESSFUL ] com.fasterxml.jackson.core#jackson-annotations;2.12.7!jackson-annotations.jar(bundle) (246ms)
downloading https://repo1.maven.org/maven2/com/fasterxml/jackson/core/jackson-core/2.12.7/jackson-core-2.12.7.jar ...
	[SUCCESSFUL ] com.fasterxml.jackson.core#jackson-core;2.12.7!jackson-core.jar(bundle) (50ms)
downloading https://repo1.maven.org/maven2/jakarta/activation/jakarta.activation-api/1.2.1/jakarta.activation-api-1.2.1.jar ...
	[SUCCESSFUL ] jakarta.activation#jakarta.activation-api;1.2.1!jakarta.activation-api.jar (21ms)
downloading https://repo1.maven.org/maven2/javax/servlet/jsp/jsp-api/2.1/jsp-api-2.1.jar ...
	[SUCCESSFUL ] javax.servlet.jsp#jsp-api;2.1!jsp-api.jar (93ms)
:: resolution report :: resolve 48204ms :: artifacts dl 119687ms
	:: modules in use:
	ch.qos.reload4j#reload4j;1.2.22 from central in [default]
	com.amazonaws#aws-java-sdk-bundle;1.12.262 from spark-list in [default]
	com.fasterxml.jackson.core#jackson-annotations;2.12.7 from central in [default]
	com.fasterxml.jackson.core#jackson-core;2.12.7 from central in [default]
	com.fasterxml.jackson.core#jackson-databind;2.12.7 from central in [default]
	com.fasterxml.woodstox#woodstox-core;5.3.0 from central in [default]
	com.google.code.findbugs#jsr305;3.0.2 from central in [default]
	com.google.code.gson#gson;2.8.9 from central in [default]
	com.google.guava#failureaccess;1.0 from central in [default]
	com.google.guava#guava;27.0-jre from central in [default]
	com.google.guava#listenablefuture;9999.0-empty-to-avoid-conflict-with-guava from central in [default]
	com.google.j2objc#j2objc-annotations;1.1 from central in [default]
	com.google.protobuf#protobuf-java;2.5.0 from central in [default]
	com.google.re2j#re2j;1.1 from central in [default]
	com.jcraft#jsch;0.1.55 from central in [default]
	com.sun.jersey#jersey-core;1.19 from central in [default]
	com.sun.jersey#jersey-server;1.19 from central in [default]
	com.sun.jersey#jersey-servlet;1.19 from central in [default]
	commons-beanutils#commons-beanutils;1.9.4 from central in [default]
	commons-cli#commons-cli;1.2 from central in [default]
	commons-collections#commons-collections;3.2.2 from central in [default]
	commons-io#commons-io;2.8.0 from central in [default]
	commons-logging#commons-logging;1.1.3 from central in [default]
	commons-net#commons-net;3.6 from central in [default]
	io.delta#delta-spark_2.12;3.1.0 from central in [default]
	io.delta#delta-storage;3.1.0 from central in [default]
	jakarta.activation#jakarta.activation-api;1.2.1 from central in [default]
	javax.servlet#javax.servlet-api;3.1.0 from central in [default]
	javax.servlet.jsp#jsp-api;2.1 from central in [default]
	javax.ws.rs#jsr311-api;1.1.1 from central in [default]
	org.antlr#antlr4-runtime;4.9.3 from central in [default]
	org.apache.commons#commons-compress;1.21 from central in [default]
	org.apache.commons#commons-configuration2;2.1.1 from central in [default]
	org.apache.commons#commons-lang3;3.12.0 from central in [default]
	org.apache.commons#commons-math3;3.1.1 from central in [default]
	org.apache.commons#commons-text;1.4 from central in [default]
	org.apache.curator#curator-framework;4.2.0 from central in [default]
	org.apache.curator#curator-recipes;4.2.0 from central in [default]
	org.apache.hadoop#hadoop-annotations;3.3.4 from central in [default]
	org.apache.hadoop#hadoop-aws;3.3.4 from central in [default]
	org.apache.hadoop#hadoop-common;3.3.4 from central in [default]
	org.apache.hadoop.thirdparty#hadoop-shaded-guava;1.1.1 from spark-list in [default]
	org.apache.hadoop.thirdparty#hadoop-shaded-protobuf_3_7;1.1.1 from central in [default]
	org.apache.httpcomponents#httpclient;4.5.13 from central in [default]
	org.apache.httpcomponents#httpcore;4.4.13 from central in [default]
	org.apache.kerby#kerb-core;1.0.1 from central in [default]
	org.apache.yetus#audience-annotations;0.5.0 from central in [default]
	org.apache.zookeeper#zookeeper;3.5.6 from central in [default]
	org.apache.zookeeper#zookeeper-jute;3.5.6 from central in [default]
	org.checkerframework#checker-qual;2.5.2 from central in [default]
	org.codehaus.woodstox#stax2-api;4.2.1 from central in [default]
	org.eclipse.jetty#jetty-security;9.4.43.v20210629 from central in [default]
	org.eclipse.jetty#jetty-servlet;9.4.43.v20210629 from central in [default]
	org.eclipse.jetty#jetty-util;9.4.43.v20210629 from central in [default]
	org.eclipse.jetty#jetty-util-ajax;9.4.43.v20210629 from central in [default]
	org.eclipse.jetty#jetty-webapp;9.4.43.v20210629 from central in [default]
	org.eclipse.jetty#jetty-xml;9.4.43.v20210629 from central in [default]
	org.slf4j#slf4j-reload4j;1.7.36 from spark-list in [default]
	org.wildfly.openssl#wildfly-openssl;1.0.7.Final from central in [default]
	org.xerial.snappy#snappy-java;1.1.8.2 from central in [default]
	---------------------------------------------------------------------
	|                  |            modules            ||   artifacts   |
	|       conf       | number| search|dwnlded|evicted|| number|dwnlded|
	---------------------------------------------------------------------
	|      default     |   70  |   37  |   34  |   0   ||   60  |   18  |
	---------------------------------------------------------------------

:: problems summary ::
:::: WARNINGS
	impossible to put metadata file in cache: https://repo1.maven.org/maven2/com/google/guava/guava/27.0-jre/guava-27.0-jre.pom (27.0-jre) (java.io.FileNotFoundException: /home/gitpod/.ivy2/cache/com.google.guava/guava/ivy-27.0-jre.xml.original (No such file or directory))

	problem while downloading module descriptor: https://repo1.maven.org/maven2/org/codehaus/mojo/animal-sniffer-annotations/1.17/animal-sniffer-annotations-1.17.pom: size of source file /home/gitpod/.ivy2/cache/org.codehaus.mojo/animal-sniffer-annotations/ivy-1.17.xml.original(0) differs from size of dest file /home/gitpod/.ivy2/cache/org.codehaus.mojo/animal-sniffer-annotations/ivy-1.17.xml.original.backup(2572) - please retry (10ms)

		module not found: org.codehaus.mojo#animal-sniffer-annotations;1.17

	==== local-m2-cache: tried

	  file:/home/gitpod/.m2/repository/org/codehaus/mojo/animal-sniffer-annotations/1.17/animal-sniffer-annotations-1.17.pom

	  -- artifact org.codehaus.mojo#animal-sniffer-annotations;1.17!animal-sniffer-annotations.jar:

	  file:/home/gitpod/.m2/repository/org/codehaus/mojo/animal-sniffer-annotations/1.17/animal-sniffer-annotations-1.17.jar

	==== local-ivy-cache: tried

	  /home/gitpod/.ivy2/local/org.codehaus.mojo/animal-sniffer-annotations/1.17/ivys/ivy.xml

	  -- artifact org.codehaus.mojo#animal-sniffer-annotations;1.17!animal-sniffer-annotations.jar:

	  /home/gitpod/.ivy2/local/org.codehaus.mojo/animal-sniffer-annotations/1.17/jars/animal-sniffer-annotations.jar

	==== central: tried

	  https://repo1.maven.org/maven2/org/codehaus/mojo/animal-sniffer-annotations/1.17/animal-sniffer-annotations-1.17.pom

	==== spark-packages: tried

	  https://repos.spark-packages.org/org/codehaus/mojo/animal-sniffer-annotations/1.17/animal-sniffer-annotations-1.17.pom

	  -- artifact org.codehaus.mojo#animal-sniffer-annotations;1.17!animal-sniffer-annotations.jar:

	  https://repos.spark-packages.org/org/codehaus/mojo/animal-sniffer-annotations/1.17/animal-sniffer-annotations-1.17.jar

	impossible to put metadata file in cache: https://repo1.maven.org/maven2/org/apache/commons/commons-parent/28/commons-parent-28.pom (28) (java.io.FileNotFoundException: /home/gitpod/.ivy2/cache/org.apache.commons/commons-parent/ivy-28.xml.original (No such file or directory))

	problem while downloading module descriptor: https://repo1.maven.org/maven2/org/apache/commons/commons-parent/52/commons-parent-52.pom: Downloaded file size (0) doesn't match expected Content Length (79273) for https://repo1.maven.org/maven2/org/apache/commons/commons-parent/52/commons-parent-52.pom. Please retry. (21ms)

	io problem while parsing ivy file: https://repo1.maven.org/maven2/commons-codec/commons-codec/1.15/commons-codec-1.15.pom (java.io.IOException: Impossible to load parent for file:/home/gitpod/.ivy2/cache/commons-codec/commons-codec/ivy-1.15.xml.original. Parent=org.apache.commons#commons-parent;52)

		module not found: commons-codec#commons-codec;1.15

	==== local-m2-cache: tried

	  file:/home/gitpod/.m2/repository/org/apache/commons/commons-parent/52/commons-parent-52.pom

	  -- artifact org.apache.commons#commons-parent;52!commons-parent.jar:

	  file:/home/gitpod/.m2/repository/org/apache/commons/commons-parent/52/commons-parent-52.jar

	==== local-ivy-cache: tried

	  /home/gitpod/.ivy2/local/org.apache.commons/commons-parent/52/ivys/ivy.xml

	  -- artifact org.apache.commons#commons-parent;52!commons-parent.jar:

	  /home/gitpod/.ivy2/local/org.apache.commons/commons-parent/52/jars/commons-parent.jar

	==== central: tried

	  https://repo1.maven.org/maven2/org/apache/commons/commons-parent/52/commons-parent-52.pom

	==== spark-packages: tried

	  https://repos.spark-packages.org/commons-codec/commons-codec/1.15/commons-codec-1.15.pom

	  -- artifact commons-codec#commons-codec;1.15!commons-codec.jar:

	  https://repos.spark-packages.org/commons-codec/commons-codec/1.15/commons-codec-1.15.jar

	problem while downloading module descriptor: https://repo1.maven.org/maven2/org/eclipse/jetty/jetty-server/9.4.43.v20210629/jetty-server-9.4.43.v20210629.pom: impossible to move part file to definitive one: /home/gitpod/.ivy2/cache/org.eclipse.jetty/jetty-server/ivy-9.4.43.v20210629.xml.original.part -> /home/gitpod/.ivy2/cache/org.eclipse.jetty/jetty-server/ivy-9.4.43.v20210629.xml.original (85ms)

		module not found: org.eclipse.jetty#jetty-server;9.4.43.v20210629

	==== local-m2-cache: tried

	  file:/home/gitpod/.m2/repository/org/eclipse/jetty/jetty-server/9.4.43.v20210629/jetty-server-9.4.43.v20210629.pom

	  -- artifact org.eclipse.jetty#jetty-server;9.4.43.v20210629!jetty-server.jar:

	  file:/home/gitpod/.m2/repository/org/eclipse/jetty/jetty-server/9.4.43.v20210629/jetty-server-9.4.43.v20210629.jar

	==== local-ivy-cache: tried

	  /home/gitpod/.ivy2/local/org.eclipse.jetty/jetty-server/9.4.43.v20210629/ivys/ivy.xml

	  -- artifact org.eclipse.jetty#jetty-server;9.4.43.v20210629!jetty-server.jar:

	  /home/gitpod/.ivy2/local/org.eclipse.jetty/jetty-server/9.4.43.v20210629/jars/jetty-server.jar

	==== central: tried

	  https://repo1.maven.org/maven2/org/eclipse/jetty/jetty-server/9.4.43.v20210629/jetty-server-9.4.43.v20210629.pom

	==== spark-packages: tried

	  https://repos.spark-packages.org/org/eclipse/jetty/jetty-server/9.4.43.v20210629/jetty-server-9.4.43.v20210629.pom

	  -- artifact org.eclipse.jetty#jetty-server;9.4.43.v20210629!jetty-server.jar:

	  https://repos.spark-packages.org/org/eclipse/jetty/jetty-server/9.4.43.v20210629/jetty-server-9.4.43.v20210629.jar

	impossible to put metadata file in cache: https://repo1.maven.org/maven2/javax/ws/rs/jsr311-api/1.1.1/jsr311-api-1.1.1.pom (1.1.1) (java.io.FileNotFoundException: /home/gitpod/.ivy2/cache/javax.ws.rs/jsr311-api/ivy-1.1.1.xml.original (No such file or directory))

	io problem while parsing ivy file: https://repo1.maven.org/maven2/com/sun/jersey/jersey-json/1.19/jersey-json-1.19.pom (java.io.FileNotFoundException: /home/gitpod/.ivy2/cache/com.sun.jersey/jersey-json/ivy-1.19.xml.original (No such file or directory))

		module not found: com.sun.jersey#jersey-json;1.19

	==== local-m2-cache: tried

	  file:/home/gitpod/.m2/repository/com/sun/jersey/jersey-json/1.19/jersey-json-1.19.pom

	  -- artifact com.sun.jersey#jersey-json;1.19!jersey-json.jar:

	  file:/home/gitpod/.m2/repository/com/sun/jersey/jersey-json/1.19/jersey-json-1.19.jar

	==== local-ivy-cache: tried

	  /home/gitpod/.ivy2/local/com.sun.jersey/jersey-json/1.19/ivys/ivy.xml

	  -- artifact com.sun.jersey#jersey-json;1.19!jersey-json.jar:

	  /home/gitpod/.ivy2/local/com.sun.jersey/jersey-json/1.19/jars/jersey-json.jar

	==== central: tried

	  https://repo1.maven.org/maven2/com/sun/jersey/jersey-json/1.19/jersey-json-1.19.pom

	==== spark-packages: tried

	  https://repos.spark-packages.org/com/sun/jersey/jersey-json/1.19/jersey-json-1.19.pom

	  -- artifact com.sun.jersey#jersey-json;1.19!jersey-json.jar:

	  https://repos.spark-packages.org/com/sun/jersey/jersey-json/1.19/jersey-json-1.19.jar

	impossible to put metadata file in cache: https://repo1.maven.org/maven2/org/apache/commons/commons-parent/47/commons-parent-47.pom (47) (java.io.FileNotFoundException: /home/gitpod/.ivy2/cache/org.apache.commons/commons-parent/ivy-47.xml.original (No such file or directory))

	impossible to put metadata file in cache: https://repo1.maven.org/maven2/org/apache/commons/commons-parent/41/commons-parent-41.pom (41) (java.io.FileNotFoundException: /home/gitpod/.ivy2/cache/org.apache.commons/commons-parent/ivy-41.xml.original (No such file or directory))

	problem while downloading module descriptor: https://repo1.maven.org/maven2/org/slf4j/slf4j-api/1.7.36/slf4j-api-1.7.36.pom: impossible to move part file to definitive one: /home/gitpod/.ivy2/cache/org.slf4j/slf4j-api/ivy-1.7.36.xml.original.part -> /home/gitpod/.ivy2/cache/org.slf4j/slf4j-api/ivy-1.7.36.xml.original (7ms)

		module not found: org.slf4j#slf4j-api;1.7.36

	==== local-m2-cache: tried

	  file:/home/gitpod/.m2/repository/org/slf4j/slf4j-api/1.7.36/slf4j-api-1.7.36.pom

	  -- artifact org.slf4j#slf4j-api;1.7.36!slf4j-api.jar:

	  file:/home/gitpod/.m2/repository/org/slf4j/slf4j-api/1.7.36/slf4j-api-1.7.36.jar

	==== local-ivy-cache: tried

	  /home/gitpod/.ivy2/local/org.slf4j/slf4j-api/1.7.36/ivys/ivy.xml

	  -- artifact org.slf4j#slf4j-api;1.7.36!slf4j-api.jar:

	  /home/gitpod/.ivy2/local/org.slf4j/slf4j-api/1.7.36/jars/slf4j-api.jar

	==== central: tried

	  https://repo1.maven.org/maven2/org/slf4j/slf4j-api/1.7.36/slf4j-api-1.7.36.pom

	==== spark-packages: tried

	  https://repos.spark-packages.org/org/slf4j/slf4j-api/1.7.36/slf4j-api-1.7.36.pom

	  -- artifact org.slf4j#slf4j-api;1.7.36!slf4j-api.jar:

	  https://repos.spark-packages.org/org/slf4j/slf4j-api/1.7.36/slf4j-api-1.7.36.jar

	problem while downloading module descriptor: https://repo1.maven.org/maven2/org/apache/avro/avro-parent/1.7.7/avro-parent-1.7.7.pom: Downloaded file size (0) doesn't match expected Content Length (19022) for https://repo1.maven.org/maven2/org/apache/avro/avro-parent/1.7.7/avro-parent-1.7.7.pom. Please retry. (46ms)

	io problem while parsing ivy file: https://repo1.maven.org/maven2/org/apache/avro/avro/1.7.7/avro-1.7.7.pom (java.io.IOException: Impossible to load parent for file:/home/gitpod/.ivy2/cache/org.apache.avro/avro/ivy-1.7.7.xml.original. Parent=org.apache.avro#avro-parent;1.7.7)

		module not found: org.apache.avro#avro;1.7.7

	==== local-m2-cache: tried

	  file:/home/gitpod/.m2/repository/org/apache/avro/avro-parent/1.7.7/avro-parent-1.7.7.pom

	  -- artifact org.apache.avro#avro-parent;1.7.7!avro-parent.jar:

	  file:/home/gitpod/.m2/repository/org/apache/avro/avro-parent/1.7.7/avro-parent-1.7.7.jar

	==== local-ivy-cache: tried

	  /home/gitpod/.ivy2/local/org.apache.avro/avro-parent/1.7.7/ivys/ivy.xml

	  -- artifact org.apache.avro#avro-parent;1.7.7!avro-parent.jar:

	  /home/gitpod/.ivy2/local/org.apache.avro/avro-parent/1.7.7/jars/avro-parent.jar

	==== central: tried

	  https://repo1.maven.org/maven2/org/apache/avro/avro-parent/1.7.7/avro-parent-1.7.7.pom

	==== spark-packages: tried

	  https://repos.spark-packages.org/org/apache/avro/avro/1.7.7/avro-1.7.7.pom

	  -- artifact org.apache.avro#avro;1.7.7!avro.jar:

	  https://repos.spark-packages.org/org/apache/avro/avro/1.7.7/avro-1.7.7.jar

	problem while downloading module descriptor: https://repo1.maven.org/maven2/org/apache/hadoop/hadoop-auth/3.3.4/hadoop-auth-3.3.4.pom: Downloaded file size (0) doesn't match expected Content Length (8582) for https://repo1.maven.org/maven2/org/apache/hadoop/hadoop-auth/3.3.4/hadoop-auth-3.3.4.pom. Please retry. (8ms)

		module not found: org.apache.hadoop#hadoop-auth;3.3.4

	==== local-m2-cache: tried

	  file:/home/gitpod/.m2/repository/org/apache/hadoop/hadoop-auth/3.3.4/hadoop-auth-3.3.4.pom

	  -- artifact org.apache.hadoop#hadoop-auth;3.3.4!hadoop-auth.jar(test-jar):

	  file:/home/gitpod/.m2/repository/org/apache/hadoop/hadoop-auth/3.3.4/hadoop-auth-3.3.4-tests.jar

	==== local-ivy-cache: tried

	  /home/gitpod/.ivy2/local/org.apache.hadoop/hadoop-auth/3.3.4/ivys/ivy.xml

	  -- artifact org.apache.hadoop#hadoop-auth;3.3.4!hadoop-auth.jar(test-jar):

	  /home/gitpod/.ivy2/local/org.apache.hadoop/hadoop-auth/3.3.4/test-jars/hadoop-auth-tests.jar

	==== central: tried

	  https://repo1.maven.org/maven2/org/apache/hadoop/hadoop-auth/3.3.4/hadoop-auth-3.3.4.pom

	==== spark-packages: tried

	  https://repos.spark-packages.org/org/apache/hadoop/hadoop-auth/3.3.4/hadoop-auth-3.3.4.pom

	  -- artifact org.apache.hadoop#hadoop-auth;3.3.4!hadoop-auth.jar(test-jar):

	  https://repos.spark-packages.org/org/apache/hadoop/hadoop-auth/3.3.4/hadoop-auth-3.3.4-tests.jar

	problem while downloading module descriptor: https://repo1.maven.org/maven2/org/apache/curator/curator-client/4.2.0/curator-client-4.2.0.pom: /home/gitpod/.ivy2/cache/org.apache.curator/curator-client/ivy-4.2.0.xml.original (No such file or directory) (1ms)

		module not found: org.apache.curator#curator-client;4.2.0

	==== local-m2-cache: tried

	  file:/home/gitpod/.m2/repository/org/apache/curator/curator-client/4.2.0/curator-client-4.2.0.pom

	  -- artifact org.apache.curator#curator-client;4.2.0!curator-client.jar:

	  file:/home/gitpod/.m2/repository/org/apache/curator/curator-client/4.2.0/curator-client-4.2.0.jar

	==== local-ivy-cache: tried

	  /home/gitpod/.ivy2/local/org.apache.curator/curator-client/4.2.0/ivys/ivy.xml

	  -- artifact org.apache.curator#curator-client;4.2.0!curator-client.jar:

	  /home/gitpod/.ivy2/local/org.apache.curator/curator-client/4.2.0/jars/curator-client.jar

	==== central: tried

	  https://repo1.maven.org/maven2/org/apache/curator/curator-client/4.2.0/curator-client-4.2.0.pom

	==== spark-packages: tried

	  https://repos.spark-packages.org/org/apache/curator/curator-client/4.2.0/curator-client-4.2.0.pom

	  -- artifact org.apache.curator#curator-client;4.2.0!curator-client.jar:

	  https://repos.spark-packages.org/org/apache/curator/curator-client/4.2.0/curator-client-4.2.0.jar

	problem while downloading module descriptor: https://repo1.maven.org/maven2/org/apache/kerby/kerby-pkix/1.0.1/kerby-pkix-1.0.1.pom: impossible to move part file to definitive one: /home/gitpod/.ivy2/cache/org.apache.kerby/kerby-pkix/ivy-1.0.1.xml.original.part -> /home/gitpod/.ivy2/cache/org.apache.kerby/kerby-pkix/ivy-1.0.1.xml.original (58ms)

		module not found: org.apache.kerby#kerby-pkix;1.0.1

	==== local-m2-cache: tried

	  file:/home/gitpod/.m2/repository/org/apache/kerby/kerby-pkix/1.0.1/kerby-pkix-1.0.1.pom

	  -- artifact org.apache.kerby#kerby-pkix;1.0.1!kerby-pkix.jar:

	  file:/home/gitpod/.m2/repository/org/apache/kerby/kerby-pkix/1.0.1/kerby-pkix-1.0.1.jar

	==== local-ivy-cache: tried

	  /home/gitpod/.ivy2/local/org.apache.kerby/kerby-pkix/1.0.1/ivys/ivy.xml

	  -- artifact org.apache.kerby#kerby-pkix;1.0.1!kerby-pkix.jar:

	  /home/gitpod/.ivy2/local/org.apache.kerby/kerby-pkix/1.0.1/jars/kerby-pkix.jar

	==== central: tried

	  https://repo1.maven.org/maven2/org/apache/kerby/kerby-pkix/1.0.1/kerby-pkix-1.0.1.pom

	==== spark-packages: tried

	  https://repos.spark-packages.org/org/apache/kerby/kerby-pkix/1.0.1/kerby-pkix-1.0.1.pom

	  -- artifact org.apache.kerby#kerby-pkix;1.0.1!kerby-pkix.jar:

	  https://repos.spark-packages.org/org/apache/kerby/kerby-pkix/1.0.1/kerby-pkix-1.0.1.jar

	problem while downloading module descriptor: https://repo1.maven.org/maven2/dnsjava/dnsjava/2.1.7/dnsjava-2.1.7.pom: impossible to move part file to definitive one: /home/gitpod/.ivy2/cache/dnsjava/dnsjava/ivy-2.1.7.xml.original.part -> /home/gitpod/.ivy2/cache/dnsjava/dnsjava/ivy-2.1.7.xml.original (7ms)

		module not found: dnsjava#dnsjava;2.1.7

	==== local-m2-cache: tried

	  file:/home/gitpod/.m2/repository/dnsjava/dnsjava/2.1.7/dnsjava-2.1.7.pom

	  -- artifact dnsjava#dnsjava;2.1.7!dnsjava.jar:

	  file:/home/gitpod/.m2/repository/dnsjava/dnsjava/2.1.7/dnsjava-2.1.7.jar

	==== local-ivy-cache: tried

	  /home/gitpod/.ivy2/local/dnsjava/dnsjava/2.1.7/ivys/ivy.xml

	  -- artifact dnsjava#dnsjava;2.1.7!dnsjava.jar:

	  /home/gitpod/.ivy2/local/dnsjava/dnsjava/2.1.7/jars/dnsjava.jar

	==== central: tried

	  https://repo1.maven.org/maven2/dnsjava/dnsjava/2.1.7/dnsjava-2.1.7.pom

	==== spark-packages: tried

	  https://repos.spark-packages.org/dnsjava/dnsjava/2.1.7/dnsjava-2.1.7.pom

	  -- artifact dnsjava#dnsjava;2.1.7!dnsjava.jar:

	  https://repos.spark-packages.org/dnsjava/dnsjava/2.1.7/dnsjava-2.1.7.jar

		[FAILED     ] com.amazonaws#aws-java-sdk-bundle;1.12.262!aws-java-sdk-bundle.jar: Downloaded file size (0) doesn't match expected Content Length (280645251) for https://repo1.maven.org/maven2/com/amazonaws/aws-java-sdk-bundle/1.12.262/aws-java-sdk-bundle-1.12.262.jar. Please retry. (111715ms)

		[FAILED     ] org.apache.httpcomponents#httpclient;4.5.13!httpclient.jar: Downloaded file size (0) doesn't match expected Content Length (780321) for https://repo1.maven.org/maven2/org/apache/httpcomponents/httpclient/4.5.13/httpclient-4.5.13.jar. Please retry. (598ms)

		[FAILED     ] org.apache.httpcomponents#httpclient;4.5.13!httpclient.jar: Downloaded file size (0) doesn't match expected Content Length (780321) for https://repo1.maven.org/maven2/org/apache/httpcomponents/httpclient/4.5.13/httpclient-4.5.13.jar. Please retry. (598ms)

	==== central: tried

	  https://repo1.maven.org/maven2/org/apache/httpcomponents/httpclient/4.5.13/httpclient-4.5.13.jar

		[FAILED     ] commons-collections#commons-collections;3.2.2!commons-collections.jar: Downloaded file size (0) doesn't match expected Content Length (588337) for https://repo1.maven.org/maven2/commons-collections/commons-collections/3.2.2/commons-collections-3.2.2.jar. Please retry. (376ms)

		[FAILED     ] commons-collections#commons-collections;3.2.2!commons-collections.jar: Downloaded file size (0) doesn't match expected Content Length (588337) for https://repo1.maven.org/maven2/commons-collections/commons-collections/3.2.2/commons-collections-3.2.2.jar. Please retry. (376ms)

	==== central: tried

	  https://repo1.maven.org/maven2/commons-collections/commons-collections/3.2.2/commons-collections-3.2.2.jar

		[FAILED     ] org.eclipse.jetty#jetty-util;9.4.43.v20210629!jetty-util.jar: Downloaded file size (0) doesn't match expected Content Length (575509) for https://repo1.maven.org/maven2/org/eclipse/jetty/jetty-util/9.4.43.v20210629/jetty-util-9.4.43.v20210629.jar. Please retry. (381ms)

		[FAILED     ] org.eclipse.jetty#jetty-util;9.4.43.v20210629!jetty-util.jar: Downloaded file size (0) doesn't match expected Content Length (575509) for https://repo1.maven.org/maven2/org/eclipse/jetty/jetty-util/9.4.43.v20210629/jetty-util-9.4.43.v20210629.jar. Please retry. (381ms)

	==== central: tried

	  https://repo1.maven.org/maven2/org/eclipse/jetty/jetty-util/9.4.43.v20210629/jetty-util-9.4.43.v20210629.jar

		[FAILED     ] org.eclipse.jetty#jetty-webapp;9.4.43.v20210629!jetty-webapp.jar: Downloaded file size (0) doesn't match expected Content Length (140293) for https://repo1.maven.org/maven2/org/eclipse/jetty/jetty-webapp/9.4.43.v20210629/jetty-webapp-9.4.43.v20210629.jar. Please retry. (336ms)

		[FAILED     ] org.eclipse.jetty#jetty-webapp;9.4.43.v20210629!jetty-webapp.jar: Downloaded file size (0) doesn't match expected Content Length (140293) for https://repo1.maven.org/maven2/org/eclipse/jetty/jetty-webapp/9.4.43.v20210629/jetty-webapp-9.4.43.v20210629.jar. Please retry. (336ms)

	==== central: tried

	  https://repo1.maven.org/maven2/org/eclipse/jetty/jetty-webapp/9.4.43.v20210629/jetty-webapp-9.4.43.v20210629.jar

		[FAILED     ] com.sun.jersey#jersey-core;1.19!jersey-core.jar: Downloaded file size (0) doesn't match expected Content Length (436689) for https://repo1.maven.org/maven2/com/sun/jersey/jersey-core/1.19/jersey-core-1.19.jar. Please retry. (316ms)

		[FAILED     ] com.sun.jersey#jersey-core;1.19!jersey-core.jar: Downloaded file size (0) doesn't match expected Content Length (436689) for https://repo1.maven.org/maven2/com/sun/jersey/jersey-core/1.19/jersey-core-1.19.jar. Please retry. (316ms)

	==== central: tried

	  https://repo1.maven.org/maven2/com/sun/jersey/jersey-core/1.19/jersey-core-1.19.jar

		[FAILED     ] commons-beanutils#commons-beanutils;1.9.4!commons-beanutils.jar: Downloaded file size (0) doesn't match expected Content Length (246918) for https://repo1.maven.org/maven2/commons-beanutils/commons-beanutils/1.9.4/commons-beanutils-1.9.4.jar. Please retry. (199ms)

		[FAILED     ] commons-beanutils#commons-beanutils;1.9.4!commons-beanutils.jar: Downloaded file size (0) doesn't match expected Content Length (246918) for https://repo1.maven.org/maven2/commons-beanutils/commons-beanutils/1.9.4/commons-beanutils-1.9.4.jar. Please retry. (199ms)

	==== central: tried

	  https://repo1.maven.org/maven2/commons-beanutils/commons-beanutils/1.9.4/commons-beanutils-1.9.4.jar

		[FAILED     ] org.apache.commons#commons-configuration2;2.1.1!commons-configuration2.jar: Downloaded file size (0) doesn't match expected Content Length (616888) for https://repo1.maven.org/maven2/org/apache/commons/commons-configuration2/2.1.1/commons-configuration2-2.1.1.jar. Please retry. (205ms)

		[FAILED     ] org.apache.commons#commons-configuration2;2.1.1!commons-configuration2.jar: Downloaded file size (0) doesn't match expected Content Length (616888) for https://repo1.maven.org/maven2/org/apache/commons/commons-configuration2/2.1.1/commons-configuration2-2.1.1.jar. Please retry. (205ms)

	==== central: tried

	  https://repo1.maven.org/maven2/org/apache/commons/commons-configuration2/2.1.1/commons-configuration2-2.1.1.jar

		[FAILED     ] com.jcraft#jsch;0.1.55!jsch.jar: Downloaded file size (69632) doesn't match expected Content Length (282591) for https://repo1.maven.org/maven2/com/jcraft/jsch/0.1.55/jsch-0.1.55.jar. Please retry. (104ms)

		[FAILED     ] com.jcraft#jsch;0.1.55!jsch.jar: Downloaded file size (69632) doesn't match expected Content Length (282591) for https://repo1.maven.org/maven2/com/jcraft/jsch/0.1.55/jsch-0.1.55.jar. Please retry. (104ms)

	==== central: tried

	  https://repo1.maven.org/maven2/com/jcraft/jsch/0.1.55/jsch-0.1.55.jar

		[FAILED     ] org.apache.curator#curator-recipes;4.2.0!curator-recipes.jar(bundle): Downloaded file size (0) doesn't match expected Content Length (295683) for https://repo1.maven.org/maven2/org/apache/curator/curator-recipes/4.2.0/curator-recipes-4.2.0.jar. Please retry. (198ms)

		[FAILED     ] org.apache.curator#curator-recipes;4.2.0!curator-recipes.jar(bundle): Downloaded file size (0) doesn't match expected Content Length (295683) for https://repo1.maven.org/maven2/org/apache/curator/curator-recipes/4.2.0/curator-recipes-4.2.0.jar. Please retry. (198ms)

	==== central: tried

	  https://repo1.maven.org/maven2/org/apache/curator/curator-recipes/4.2.0/curator-recipes-4.2.0.jar

		[FAILED     ] org.apache.zookeeper#zookeeper;3.5.6!zookeeper.jar: Downloaded file size (0) doesn't match expected Content Length (984810) for https://repo1.maven.org/maven2/org/apache/zookeeper/zookeeper/3.5.6/zookeeper-3.5.6.jar. Please retry. (512ms)

		[FAILED     ] org.apache.zookeeper#zookeeper;3.5.6!zookeeper.jar: Downloaded file size (0) doesn't match expected Content Length (984810) for https://repo1.maven.org/maven2/org/apache/zookeeper/zookeeper/3.5.6/zookeeper-3.5.6.jar. Please retry. (512ms)

	==== central: tried

	  https://repo1.maven.org/maven2/org/apache/zookeeper/zookeeper/3.5.6/zookeeper-3.5.6.jar

		[FAILED     ] org.apache.commons#commons-compress;1.21!commons-compress.jar: Downloaded file size (0) doesn't match expected Content Length (1018316) for https://repo1.maven.org/maven2/org/apache/commons/commons-compress/1.21/commons-compress-1.21.jar. Please retry. (524ms)

		[FAILED     ] org.apache.commons#commons-compress;1.21!commons-compress.jar: Downloaded file size (0) doesn't match expected Content Length (1018316) for https://repo1.maven.org/maven2/org/apache/commons/commons-compress/1.21/commons-compress-1.21.jar. Please retry. (524ms)

	==== central: tried

	  https://repo1.maven.org/maven2/org/apache/commons/commons-compress/1.21/commons-compress-1.21.jar

		[FAILED     ] com.fasterxml.jackson.core#jackson-databind;2.12.7!jackson-databind.jar(bundle): Downloaded file size (0) doesn't match expected Content Length (1517276) for https://repo1.maven.org/maven2/com/fasterxml/jackson/core/jackson-databind/2.12.7/jackson-databind-2.12.7.jar. Please retry. (552ms)

		[FAILED     ] com.fasterxml.jackson.core#jackson-databind;2.12.7!jackson-databind.jar(bundle): Downloaded file size (0) doesn't match expected Content Length (1517276) for https://repo1.maven.org/maven2/com/fasterxml/jackson/core/jackson-databind/2.12.7/jackson-databind-2.12.7.jar. Please retry. (552ms)

	==== central: tried

	  https://repo1.maven.org/maven2/com/fasterxml/jackson/core/jackson-databind/2.12.7/jackson-databind-2.12.7.jar

		[FAILED     ] com.fasterxml.woodstox#woodstox-core;5.3.0!woodstox-core.jar(bundle): Downloaded file size (0) doesn't match expected Content Length (522360) for https://repo1.maven.org/maven2/com/fasterxml/woodstox/woodstox-core/5.3.0/woodstox-core-5.3.0.jar. Please retry. (233ms)

		[FAILED     ] com.fasterxml.woodstox#woodstox-core;5.3.0!woodstox-core.jar(bundle): Downloaded file size (0) doesn't match expected Content Length (522360) for https://repo1.maven.org/maven2/com/fasterxml/woodstox/woodstox-core/5.3.0/woodstox-core-5.3.0.jar. Please retry. (233ms)

	==== central: tried

	  https://repo1.maven.org/maven2/com/fasterxml/woodstox/woodstox-core/5.3.0/woodstox-core-5.3.0.jar

		[FAILED     ] org.xerial.snappy#snappy-java;1.1.8.2!snappy-java.jar(bundle): Downloaded file size (0) doesn't match expected Content Length (1969177) for https://repo1.maven.org/maven2/org/xerial/snappy/snappy-java/1.1.8.2/snappy-java-1.1.8.2.jar. Please retry. (882ms)

		[FAILED     ] org.xerial.snappy#snappy-java;1.1.8.2!snappy-java.jar(bundle): Downloaded file size (0) doesn't match expected Content Length (1969177) for https://repo1.maven.org/maven2/org/xerial/snappy/snappy-java/1.1.8.2/snappy-java-1.1.8.2.jar. Please retry. (882ms)

	==== central: tried

	  https://repo1.maven.org/maven2/org/xerial/snappy/snappy-java/1.1.8.2/snappy-java-1.1.8.2.jar

		[FAILED     ] com.google.j2objc#j2objc-annotations;1.1!j2objc-annotations.jar: Downloaded file size (0) doesn't match expected Content Length (8782) for https://repo1.maven.org/maven2/com/google/j2objc/j2objc-annotations/1.1/j2objc-annotations-1.1.jar. Please retry. (15ms)

		[FAILED     ] com.google.j2objc#j2objc-annotations;1.1!j2objc-annotations.jar: Downloaded file size (0) doesn't match expected Content Length (8782) for https://repo1.maven.org/maven2/com/google/j2objc/j2objc-annotations/1.1/j2objc-annotations-1.1.jar. Please retry. (15ms)

	==== central: tried

	  https://repo1.maven.org/maven2/com/google/j2objc/j2objc-annotations/1.1/j2objc-annotations-1.1.jar

		[FAILED     ] org.eclipse.jetty#jetty-xml;9.4.43.v20210629!jetty-xml.jar: impossible to move part file to definitive one: /home/gitpod/.ivy2/cache/org.eclipse.jetty/jetty-xml/jars/jetty-xml-9.4.43.v20210629.jar.part -> /home/gitpod/.ivy2/cache/org.eclipse.jetty/jetty-xml/jars/jetty-xml-9.4.43.v20210629.jar (94ms)

		[FAILED     ] org.eclipse.jetty#jetty-xml;9.4.43.v20210629!jetty-xml.jar: impossible to move part file to definitive one: /home/gitpod/.ivy2/cache/org.eclipse.jetty/jetty-xml/jars/jetty-xml-9.4.43.v20210629.jar.part -> /home/gitpod/.ivy2/cache/org.eclipse.jetty/jetty-xml/jars/jetty-xml-9.4.43.v20210629.jar (94ms)

	==== central: tried

	  https://repo1.maven.org/maven2/org/eclipse/jetty/jetty-xml/9.4.43.v20210629/jetty-xml-9.4.43.v20210629.jar

		::::::::::::::::::::::::::::::::::::::::::::::

		::          UNRESOLVED DEPENDENCIES         ::

		::::::::::::::::::::::::::::::::::::::::::::::

		:: org.codehaus.mojo#animal-sniffer-annotations;1.17: not found

		:: commons-codec#commons-codec;1.15: not found

		:: org.eclipse.jetty#jetty-server;9.4.43.v20210629: not found

		:: com.sun.jersey#jersey-json;1.19: not found

		:: org.slf4j#slf4j-api;1.7.36: not found

		:: org.apache.avro#avro;1.7.7: not found

		:: org.apache.hadoop#hadoop-auth;3.3.4: not found

		:: org.apache.curator#curator-client;4.2.0: not found

		:: org.apache.kerby#kerby-pkix;1.0.1: not found

		:: dnsjava#dnsjava;2.1.7: not found

		::::::::::::::::::::::::::::::::::::::::::::::


		::::::::::::::::::::::::::::::::::::::::::::::

		::              FAILED DOWNLOADS            ::

		:: ^ see resolution messages for details  ^ ::

		::::::::::::::::::::::::::::::::::::::::::::::

		:: com.google.j2objc#j2objc-annotations;1.1!j2objc-annotations.jar

		:: org.apache.httpcomponents#httpclient;4.5.13!httpclient.jar

		:: commons-collections#commons-collections;3.2.2!commons-collections.jar

		:: org.eclipse.jetty#jetty-util;9.4.43.v20210629!jetty-util.jar

		:: org.eclipse.jetty#jetty-webapp;9.4.43.v20210629!jetty-webapp.jar

		:: org.eclipse.jetty#jetty-xml;9.4.43.v20210629!jetty-xml.jar

		:: com.sun.jersey#jersey-core;1.19!jersey-core.jar

		:: commons-beanutils#commons-beanutils;1.9.4!commons-beanutils.jar

		:: org.apache.commons#commons-configuration2;2.1.1!commons-configuration2.jar

		:: com.jcraft#jsch;0.1.55!jsch.jar

		:: org.apache.curator#curator-recipes;4.2.0!curator-recipes.jar(bundle)

		:: org.apache.zookeeper#zookeeper;3.5.6!zookeeper.jar

		:: org.apache.commons#commons-compress;1.21!commons-compress.jar

		:: com.fasterxml.jackson.core#jackson-databind;2.12.7!jackson-databind.jar(bundle)

		:: com.fasterxml.woodstox#woodstox-core;5.3.0!woodstox-core.jar(bundle)

		:: org.xerial.snappy#snappy-java;1.1.8.2!snappy-java.jar(bundle)

		::::::::::::::::::::::::::::::::::::::::::::::


:::: ERRORS
	unknown resolver null

	unknown resolver null


:: USE VERBOSE OR DEBUG MESSAGE LEVEL FOR MORE DETAILS
Exception in thread "main" java.lang.RuntimeException: [unresolved dependency: org.codehaus.mojo#animal-sniffer-annotations;1.17: not found, unresolved dependency: commons-codec#commons-codec;1.15: not found, unresolved dependency: org.eclipse.jetty#jetty-server;9.4.43.v20210629: not found, unresolved dependency: com.sun.jersey#jersey-json;1.19: not found, unresolved dependency: org.slf4j#slf4j-api;1.7.36: not found, unresolved dependency: org.apache.avro#avro;1.7.7: not found, unresolved dependency: org.apache.hadoop#hadoop-auth;3.3.4: not found, unresolved dependency: org.apache.curator#curator-client;4.2.0: not found, unresolved dependency: org.apache.kerby#kerby-pkix;1.0.1: not found, unresolved dependency: dnsjava#dnsjava;2.1.7: not found, download failed: com.google.j2objc#j2objc-annotations;1.1!j2objc-annotations.jar, download failed: org.apache.httpcomponents#httpclient;4.5.13!httpclient.jar, download failed: commons-collections#commons-collections;3.2.2!commons-collections.jar, download failed: org.eclipse.jetty#jetty-util;9.4.43.v20210629!jetty-util.jar, download failed: org.eclipse.jetty#jetty-webapp;9.4.43.v20210629!jetty-webapp.jar, download failed: org.eclipse.jetty#jetty-xml;9.4.43.v20210629!jetty-xml.jar, download failed: com.sun.jersey#jersey-core;1.19!jersey-core.jar, download failed: commons-beanutils#commons-beanutils;1.9.4!commons-beanutils.jar, download failed: org.apache.commons#commons-configuration2;2.1.1!commons-configuration2.jar, download failed: com.jcraft#jsch;0.1.55!jsch.jar, download failed: org.apache.curator#curator-recipes;4.2.0!curator-recipes.jar(bundle), download failed: org.apache.zookeeper#zookeeper;3.5.6!zookeeper.jar, download failed: org.apache.commons#commons-compress;1.21!commons-compress.jar, download failed: com.fasterxml.jackson.core#jackson-databind;2.12.7!jackson-databind.jar(bundle), download failed: com.fasterxml.woodstox#woodstox-core;5.3.0!woodstox-core.jar(bundle), download failed: org.xerial.snappy#snappy-java;1.1.8.2!snappy-java.jar(bundle)]
	at org.apache.spark.deploy.SparkSubmitUtils$.resolveMavenCoordinates(SparkSubmit.scala:1608)
	at org.apache.spark.util.DependencyUtils$.resolveMavenDependencies(DependencyUtils.scala:185)
	at org.apache.spark.deploy.SparkSubmit.prepareSubmitEnvironment(SparkSubmit.scala:334)
	at org.apache.spark.deploy.SparkSubmit.org$apache$spark$deploy$SparkSubmit$$runMain(SparkSubmit.scala:964)
	at org.apache.spark.deploy.SparkSubmit.doRunMain$1(SparkSubmit.scala:194)
	at org.apache.spark.deploy.SparkSubmit.submit(SparkSubmit.scala:217)
	at org.apache.spark.deploy.SparkSubmit.doSubmit(SparkSubmit.scala:91)
	at org.apache.spark.deploy.SparkSubmit$$anon$2.doSubmit(SparkSubmit.scala:1120)
	at org.apache.spark.deploy.SparkSubmit$.main(SparkSubmit.scala:1129)
	at org.apache.spark.deploy.SparkSubmit.main(SparkSubmit.scala)
[32m2024-05-31 15:31:46 +0000[0m - dagster - [34mDEBUG[0m - __ASSET_JOB - 29657144-f47b-4730-a719-19652768d51f - 17006 - spark_operator.create_stock_tables[stock_AACT_path] - STEP_UP_FOR_RETRY - Execution of step "spark_operator.create_stock_tables[stock_AACT_path]" failed and has requested a retry in 0.034182998328856934 seconds.

dagster._core.execution.plan.utils.RetryRequestedFromPolicy

Stack Trace:
  File "/workspace/.pyenv_mirror/user/current/lib/python3.12/site-packages/dagster/_core/execution/plan/execute_plan.py", line 282, in dagster_event_sequence_for_step
    for step_event in check.generator(step_events):
  File "/workspace/.pyenv_mirror/user/current/lib/python3.12/site-packages/dagster/_core/execution/plan/execute_step.py", line 525, in core_dagster_event_sequence_for_step
    for user_event in _step_output_error_checked_user_event_sequence(
  File "/workspace/.pyenv_mirror/user/current/lib/python3.12/site-packages/dagster/_core/execution/plan/execute_step.py", line 203, in _step_output_error_checked_user_event_sequence
    for user_event in user_event_sequence:
  File "/workspace/.pyenv_mirror/user/current/lib/python3.12/site-packages/dagster/_core/execution/plan/execute_step.py", line 100, in _process_asset_results_to_events
    for user_event in user_event_sequence:
  File "/workspace/.pyenv_mirror/user/current/lib/python3.12/site-packages/dagster/_core/execution/plan/compute.py", line 208, in execute_core_compute
    for step_output in _yield_compute_results(step_context, inputs, compute_fn, compute_context):
  File "/workspace/.pyenv_mirror/user/current/lib/python3.12/site-packages/dagster/_core/execution/plan/compute.py", line 177, in _yield_compute_results
    for event in iterate_with_context(
  File "/workspace/.pyenv_mirror/user/current/lib/python3.12/site-packages/dagster/_utils/__init__.py", line 466, in iterate_with_context
    with context_fn():
  File "/home/gitpod/.pyenv/versions/3.12.3/lib/python3.12/contextlib.py", line 158, in __exit__
    self.gen.throw(value)
  File "/workspace/.pyenv_mirror/user/current/lib/python3.12/site-packages/dagster/_core/execution/plan/utils.py", line 72, in op_execution_error_boundary
    raise RetryRequestedFromPolicy(

The above exception was caused by the following exception:
pyspark.errors.exceptions.base.PySparkRuntimeError: [JAVA_GATEWAY_EXITED] Java gateway process exited before sending its port number.

Stack Trace:
  File "/workspace/.pyenv_mirror/user/current/lib/python3.12/site-packages/dagster/_core/execution/plan/utils.py", line 54, in op_execution_error_boundary
    yield
  File "/workspace/.pyenv_mirror/user/current/lib/python3.12/site-packages/dagster/_utils/__init__.py", line 468, in iterate_with_context
    next_output = next(iterator)
                  ^^^^^^^^^^^^^^
  File "/workspace/.pyenv_mirror/user/current/lib/python3.12/site-packages/dagster/_core/execution/plan/compute_generator.py", line 141, in _coerce_op_compute_fn_to_iterator
    result = invoke_compute_fn(
             ^^^^^^^^^^^^^^^^^^
  File "/workspace/.pyenv_mirror/user/current/lib/python3.12/site-packages/dagster/_core/execution/plan/compute_generator.py", line 129, in invoke_compute_fn
    return fn(context, **args_to_pass) if context_arg_provided else fn(**args_to_pass)
           ^^^^^^^^^^^^^^^^^^^^^^^^^^^
  File "/workspace/practical-data-engineering/finnhub-batch-stock-pipeline/finnhub_batch_stock_pipeline/assets/spark_transformations.py", line 113, in create_stock_tables
    spark = pyspark.spark_session
            ^^^^^^^^^^^^^^^^^^^^^
  File "/workspace/.pyenv_mirror/user/current/lib/python3.12/site-packages/dagster_pyspark/resources.py", line 134, in spark_session
    self._init_session()
  File "/workspace/.pyenv_mirror/user/current/lib/python3.12/site-packages/dagster_pyspark/resources.py", line 130, in _init_session
    self._spark_session = spark_session_from_config(self.spark_config)
                          ^^^^^^^^^^^^^^^^^^^^^^^^^^^^^^^^^^^^^^^^^^^^
  File "/workspace/.pyenv_mirror/user/current/lib/python3.12/site-packages/dagster_pyspark/resources.py", line 20, in spark_session_from_config
    return builder.getOrCreate()
           ^^^^^^^^^^^^^^^^^^^^^
  File "/workspace/.pyenv_mirror/user/current/lib/python3.12/site-packages/pyspark/sql/session.py", line 497, in getOrCreate
    sc = SparkContext.getOrCreate(sparkConf)
         ^^^^^^^^^^^^^^^^^^^^^^^^^^^^^^^^^^^
  File "/workspace/.pyenv_mirror/user/current/lib/python3.12/site-packages/pyspark/context.py", line 515, in getOrCreate
    SparkContext(conf=conf or SparkConf())
  File "/workspace/.pyenv_mirror/user/current/lib/python3.12/site-packages/pyspark/context.py", line 201, in __init__
    SparkContext._ensure_initialized(self, gateway=gateway, conf=conf)
  File "/workspace/.pyenv_mirror/user/current/lib/python3.12/site-packages/pyspark/context.py", line 436, in _ensure_initialized
    SparkContext._gateway = gateway or launch_gateway(conf)
                                       ^^^^^^^^^^^^^^^^^^^^
  File "/workspace/.pyenv_mirror/user/current/lib/python3.12/site-packages/pyspark/java_gateway.py", line 107, in launch_gateway
    raise PySparkRuntimeError(

