[32m2024-05-31 15:28:41 +0000[0m - dagster - [34mDEBUG[0m - __ASSET_JOB - 29657144-f47b-4730-a719-19652768d51f - 16981 - LOGS_CAPTURED - Started capturing logs in process (pid: 16981).
[32m2024-05-31 15:28:41 +0000[0m - dagster - [34mDEBUG[0m - __ASSET_JOB - 29657144-f47b-4730-a719-19652768d51f - 16981 - spark_operator.create_stock_tables[stock_AABB_path] - STEP_START - Started execution of step "spark_operator.create_stock_tables[stock_AABB_path]".
[32m2024-05-31 15:28:41 +0000[0m - dagster - [34mDEBUG[0m - __ASSET_JOB - 29657144-f47b-4730-a719-19652768d51f - spark_operator.create_stock_tables[stock_AABB_path] - Loading file from: /workspace/practical-data-engineering/finnhub-batch-stock-pipeline/home/storage/29657144-f47b-4730-a719-19652768d51f/spark_operator.stock_tables/result/stock_AABB_path using PickledObjectFilesystemIOManager...
[32m2024-05-31 15:28:41 +0000[0m - dagster - [34mDEBUG[0m - __ASSET_JOB - 29657144-f47b-4730-a719-19652768d51f - 16981 - spark_operator.create_stock_tables[stock_AABB_path] - LOADED_INPUT - Loaded input "input_fn" using input manager "io_manager", from output "result" of step "spark_operator.stock_tables"
[32m2024-05-31 15:28:41 +0000[0m - dagster - [34mDEBUG[0m - __ASSET_JOB - 29657144-f47b-4730-a719-19652768d51f - 16981 - spark_operator.create_stock_tables[stock_AABB_path] - STEP_INPUT - Got input "input_fn" of type "Any". (Type check passed).
24/05/31 15:28:54 WARN Utils: Your hostname, willowyboat-practicalda-8yoi5et7ep7 resolves to a loopback address: 127.0.0.1; using 10.0.5.2 instead (on interface eth0)
24/05/31 15:28:54 WARN Utils: Set SPARK_LOCAL_IP if you need to bind to another address
Ivy Default Cache set to: /home/gitpod/.ivy2/cache
The jars for the packages stored in: /home/gitpod/.ivy2/jars
io.delta#delta-spark_2.12 added as a dependency
org.apache.hadoop#hadoop-aws added as a dependency
org.apache.hadoop#hadoop-common added as a dependency
com.amazonaws#aws-java-sdk-bundle added as a dependency
:: resolving dependencies :: org.apache.spark#spark-submit-parent-d388b514-e276-48fc-bb61-fe8c8c25b3aa;1.0
	confs: [default]
	found org.apache.hadoop#hadoop-common;3.3.4 in central
	found org.apache.hadoop.thirdparty#hadoop-shaded-protobuf_3_7;1.1.1 in central
	found org.apache.hadoop#hadoop-annotations;3.3.4 in central
	found org.apache.hadoop.thirdparty#hadoop-shaded-guava;1.1.1 in central
	found com.google.guava#guava;27.0-jre in central
	found com.google.guava#failureaccess;1.0 in central
	found com.google.guava#listenablefuture;9999.0-empty-to-avoid-conflict-with-guava in central
	found com.google.code.findbugs#jsr305;3.0.2 in central
	found org.checkerframework#checker-qual;2.5.2 in central
	found com.google.j2objc#j2objc-annotations;1.1 in central
	found commons-cli#commons-cli;1.2 in central
	found org.apache.commons#commons-math3;3.1.1 in central
	found org.apache.httpcomponents#httpclient;4.5.13 in central
	found org.apache.httpcomponents#httpcore;4.4.13 in central
	found commons-logging#commons-logging;1.1.3 in central
	found commons-codec#commons-codec;1.15 in central
	found commons-io#commons-io;2.8.0 in central
	found commons-net#commons-net;3.6 in central
	found commons-collections#commons-collections;3.2.2 in central
	found javax.servlet#javax.servlet-api;3.1.0 in central
	found org.eclipse.jetty#jetty-server;9.4.43.v20210629 in central
	found org.eclipse.jetty#jetty-http;9.4.43.v20210629 in spark-list
	found org.eclipse.jetty#jetty-util;9.4.43.v20210629 in central
	found org.eclipse.jetty#jetty-io;9.4.43.v20210629 in central
	found org.eclipse.jetty#jetty-servlet;9.4.43.v20210629 in central
	found org.eclipse.jetty#jetty-security;9.4.43.v20210629 in central
	found org.eclipse.jetty#jetty-util-ajax;9.4.43.v20210629 in central
	found org.eclipse.jetty#jetty-webapp;9.4.43.v20210629 in central
	found org.eclipse.jetty#jetty-xml;9.4.43.v20210629 in central
	found com.sun.jersey#jersey-core;1.19 in central
	found javax.ws.rs#jsr311-api;1.1.1 in central
	found com.sun.jersey#jersey-servlet;1.19 in central
	found com.sun.jersey#jersey-server;1.19 in central
	found com.sun.jersey#jersey-json;1.19 in central
	found org.codehaus.jettison#jettison;1.1 in spark-list
	found com.sun.xml.bind#jaxb-impl;2.2.3-1 in central
	found javax.xml.bind#jaxb-api;2.2.11 in central
	found org.codehaus.jackson#jackson-core-asl;1.9.13 in central
	found org.codehaus.jackson#jackson-mapper-asl;1.9.13 in central
	found org.codehaus.jackson#jackson-jaxrs;1.9.13 in central
	found org.codehaus.jackson#jackson-xc;1.9.13 in central
	found ch.qos.reload4j#reload4j;1.2.22 in central
	found org.apache.commons#commons-configuration2;2.1.1 in central
	found org.apache.commons#commons-text;1.4 in central
	found org.slf4j#slf4j-reload4j;1.7.36 in spark-list
	found com.google.re2j#re2j;1.1 in central
	found com.google.protobuf#protobuf-java;2.5.0 in central
	found com.google.code.gson#gson;2.8.9 in central
	found org.apache.hadoop#hadoop-auth;3.3.4 in central
	found com.nimbusds#nimbus-jose-jwt;9.8.1 in central
	found com.github.stephenc.jcip#jcip-annotations;1.0-1 in central
	found net.minidev#json-smart;2.4.7 in central
	found net.minidev#accessors-smart;2.4.7 in central
	found org.ow2.asm#asm;5.0.4 in central
	found org.apache.zookeeper#zookeeper;3.5.6 in central
	found org.apache.zookeeper#zookeeper-jute;3.5.6 in central
	found org.apache.yetus#audience-annotations;0.5.0 in central
	found org.apache.curator#curator-framework;4.2.0 in central
	found org.apache.curator#curator-client;4.2.0 in central
	found org.apache.kerby#kerb-simplekdc;1.0.1 in central
	found org.apache.kerby#kerb-client;1.0.1 in central
	found org.apache.kerby#kerby-config;1.0.1 in central
	found org.apache.kerby#kerb-core;1.0.1 in central
	found org.apache.kerby#kerby-pkix;1.0.1 in central
	found org.apache.kerby#kerby-asn1;1.0.1 in central
	found org.apache.kerby#kerby-util;1.0.1 in central
	found org.apache.kerby#kerb-common;1.0.1 in central
	found org.apache.kerby#kerb-crypto;1.0.1 in central
	found org.apache.kerby#kerb-util;1.0.1 in central
	found org.apache.kerby#token-provider;1.0.1 in central
	found org.apache.kerby#kerb-admin;1.0.1 in central
	found org.apache.kerby#kerb-server;1.0.1 in central
	found org.apache.kerby#kerb-identity;1.0.1 in central
	found org.apache.kerby#kerby-xdr;1.0.1 in central
	found com.jcraft#jsch;0.1.55 in central
	found org.apache.curator#curator-recipes;4.2.0 in central
	found org.apache.commons#commons-compress;1.21 in central
	found com.fasterxml.jackson.core#jackson-databind;2.12.7 in central
	found com.fasterxml.jackson.core#jackson-annotations;2.12.7 in central
	found com.fasterxml.jackson.core#jackson-core;2.12.7 in spark-list
	found com.fasterxml.woodstox#woodstox-core;5.3.0 in central
	found dnsjava#dnsjava;2.1.7 in central
	found org.xerial.snappy#snappy-java;1.1.8.2 in central
	found javax.servlet.jsp#jsp-api;2.1 in central
	found com.amazonaws#aws-java-sdk-bundle;1.12.262 in central
downloading https://repo1.maven.org/maven2/com/amazonaws/aws-java-sdk-bundle/1.12.262/aws-java-sdk-bundle-1.12.262.jar ...
downloading https://repo1.maven.org/maven2/commons-io/commons-io/2.8.0/commons-io-2.8.0.jar ...
	[SUCCESSFUL ] commons-io#commons-io;2.8.0!commons-io.jar (360ms)
downloading https://repo1.maven.org/maven2/commons-net/commons-net/3.6/commons-net-3.6.jar ...
	[SUCCESSFUL ] commons-net#commons-net;3.6!commons-net.jar (371ms)
downloading https://repo1.maven.org/maven2/org/eclipse/jetty/jetty-server/9.4.43.v20210629/jetty-server-9.4.43.v20210629.jar ...
	[SUCCESSFUL ] org.eclipse.jetty#jetty-server;9.4.43.v20210629!jetty-server.jar (366ms)
downloading https://repo1.maven.org/maven2/org/eclipse/jetty/jetty-servlet/9.4.43.v20210629/jetty-servlet-9.4.43.v20210629.jar ...
	[SUCCESSFUL ] org.eclipse.jetty#jetty-servlet;9.4.43.v20210629!jetty-servlet.jar (280ms)
downloading https://repo1.maven.org/maven2/org/eclipse/jetty/jetty-webapp/9.4.43.v20210629/jetty-webapp-9.4.43.v20210629.jar ...
	[SUCCESSFUL ] org.eclipse.jetty#jetty-webapp;9.4.43.v20210629!jetty-webapp.jar (224ms)
downloading https://repo1.maven.org/maven2/com/sun/jersey/jersey-servlet/1.19/jersey-servlet-1.19.jar ...
downloading https://repo1.maven.org/maven2/com/sun/jersey/jersey-json/1.19/jersey-json-1.19.jar ...
	[SUCCESSFUL ] com.sun.jersey#jersey-json;1.19!jersey-json.jar (99ms)
downloading https://repo1.maven.org/maven2/com/sun/jersey/jersey-server/1.19/jersey-server-1.19.jar ...
downloading https://repo1.maven.org/maven2/org/apache/commons/commons-configuration2/2.1.1/commons-configuration2-2.1.1.jar ...
downloading https://repo1.maven.org/maven2/org/apache/commons/commons-text/1.4/commons-text-1.4.jar ...
	[SUCCESSFUL ] org.apache.commons#commons-text;1.4!commons-text.jar (192ms)
downloading https://repo1.maven.org/maven2/com/google/re2j/re2j/1.1/re2j-1.1.jar ...
	[SUCCESSFUL ] com.google.re2j#re2j;1.1!re2j.jar (192ms)
downloading https://repo1.maven.org/maven2/com/google/protobuf/protobuf-java/2.5.0/protobuf-java-2.5.0.jar ...
downloading https://repo1.maven.org/maven2/org/apache/hadoop/hadoop-auth/3.3.4/hadoop-auth-3.3.4.jar ...
	[SUCCESSFUL ] org.apache.hadoop#hadoop-auth;3.3.4!hadoop-auth.jar (95ms)
downloading https://repo1.maven.org/maven2/org/apache/curator/curator-client/4.2.0/curator-client-4.2.0.jar ...
	[SUCCESSFUL ] org.apache.curator#curator-client;4.2.0!curator-client.jar(bundle) (401ms)
downloading https://repo1.maven.org/maven2/com/google/code/findbugs/jsr305/3.0.2/jsr305-3.0.2.jar ...
downloading https://repo1.maven.org/maven2/org/apache/zookeeper/zookeeper/3.5.6/zookeeper-3.5.6.jar ...
downloading https://repo1.maven.org/maven2/org/apache/commons/commons-compress/1.21/commons-compress-1.21.jar ...
downloading https://repo1.maven.org/maven2/com/fasterxml/jackson/core/jackson-databind/2.12.7/jackson-databind-2.12.7.jar ...
downloading https://repo1.maven.org/maven2/com/fasterxml/woodstox/woodstox-core/5.3.0/woodstox-core-5.3.0.jar ...
downloading https://repo1.maven.org/maven2/org/xerial/snappy/snappy-java/1.1.8.2/snappy-java-1.1.8.2.jar ...
downloading https://repo1.maven.org/maven2/com/google/guava/failureaccess/1.0/failureaccess-1.0.jar ...
downloading https://repo1.maven.org/maven2/com/google/guava/listenablefuture/9999.0-empty-to-avoid-conflict-with-guava/listenablefuture-9999.0-empty-to-avoid-conflict-with-guava.jar ...
downloading https://repo1.maven.org/maven2/org/checkerframework/checker-qual/2.5.2/checker-qual-2.5.2.jar ...
downloading https://repo1.maven.org/maven2/com/google/j2objc/j2objc-annotations/1.1/j2objc-annotations-1.1.jar ...
	[SUCCESSFUL ] com.google.j2objc#j2objc-annotations;1.1!j2objc-annotations.jar (175ms)
downloading https://repo1.maven.org/maven2/org/eclipse/jetty/jetty-xml/9.4.43.v20210629/jetty-xml-9.4.43.v20210629.jar ...
downloading https://repo1.maven.org/maven2/javax/ws/rs/jsr311-api/1.1.1/jsr311-api-1.1.1.jar ...
	[SUCCESSFUL ] javax.ws.rs#jsr311-api;1.1.1!jsr311-api.jar (91ms)
downloading https://repo1.maven.org/maven2/com/sun/xml/bind/jaxb-impl/2.2.3-1/jaxb-impl-2.2.3-1.jar ...
downloading https://repo1.maven.org/maven2/org/codehaus/jackson/jackson-core-asl/1.9.13/jackson-core-asl-1.9.13.jar ...
	[SUCCESSFUL ] org.codehaus.jackson#jackson-core-asl;1.9.13!jackson-core-asl.jar (88ms)
downloading https://repo1.maven.org/maven2/org/codehaus/jackson/jackson-mapper-asl/1.9.13/jackson-mapper-asl-1.9.13.jar ...
downloading https://repo1.maven.org/maven2/org/codehaus/jackson/jackson-jaxrs/1.9.13/jackson-jaxrs-1.9.13.jar ...
downloading https://repo1.maven.org/maven2/org/codehaus/jackson/jackson-xc/1.9.13/jackson-xc-1.9.13.jar ...
	[SUCCESSFUL ] org.codehaus.jackson#jackson-xc;1.9.13!jackson-xc.jar (15ms)
downloading https://repo1.maven.org/maven2/javax/xml/bind/jaxb-api/2.2.11/jaxb-api-2.2.11.jar ...
	[SUCCESSFUL ] javax.xml.bind#jaxb-api;2.2.11!jaxb-api.jar (19ms)
downloading https://repo1.maven.org/maven2/org/apache/kerby/kerb-client/1.0.1/kerb-client-1.0.1.jar ...
downloading https://repo1.maven.org/maven2/org/apache/kerby/kerb-admin/1.0.1/kerb-admin-1.0.1.jar ...
	[SUCCESSFUL ] org.apache.kerby#kerb-admin;1.0.1!kerb-admin.jar (99ms)
downloading https://repo1.maven.org/maven2/org/apache/kerby/kerby-config/1.0.1/kerby-config-1.0.1.jar ...
	[SUCCESSFUL ] org.apache.kerby#kerby-config;1.0.1!kerby-config.jar (94ms)
downloading https://repo1.maven.org/maven2/org/apache/kerby/kerb-common/1.0.1/kerb-common-1.0.1.jar ...
	[SUCCESSFUL ] org.apache.kerby#kerb-common;1.0.1!kerb-common.jar (14ms)
downloading https://repo1.maven.org/maven2/org/apache/kerby/kerb-util/1.0.1/kerb-util-1.0.1.jar ...
downloading https://repo1.maven.org/maven2/org/apache/kerby/token-provider/1.0.1/token-provider-1.0.1.jar ...
	[SUCCESSFUL ] org.apache.kerby#token-provider;1.0.1!token-provider.jar (99ms)
downloading https://repo1.maven.org/maven2/org/apache/kerby/kerb-server/1.0.1/kerb-server-1.0.1.jar ...
	[SUCCESSFUL ] org.apache.kerby#kerb-server;1.0.1!kerb-server.jar (194ms)
downloading https://repo1.maven.org/maven2/org/apache/kerby/kerb-identity/1.0.1/kerb-identity-1.0.1.jar ...
	[SUCCESSFUL ] org.apache.kerby#kerb-identity;1.0.1!kerb-identity.jar (90ms)
:: resolution report :: resolve 50672ms :: artifacts dl 119481ms
	:: modules in use:
	ch.qos.reload4j#reload4j;1.2.22 from central in [default]
	com.amazonaws#aws-java-sdk-bundle;1.12.262 from central in [default]
	com.fasterxml.jackson.core#jackson-annotations;2.12.7 from central in [default]
	com.fasterxml.jackson.core#jackson-core;2.12.7 from spark-list in [default]
	com.fasterxml.jackson.core#jackson-databind;2.12.7 from central in [default]
	com.fasterxml.woodstox#woodstox-core;5.3.0 from central in [default]
	com.github.stephenc.jcip#jcip-annotations;1.0-1 from central in [default]
	com.google.code.findbugs#jsr305;3.0.2 from central in [default]
	com.google.code.gson#gson;2.8.9 from central in [default]
	com.google.guava#failureaccess;1.0 from central in [default]
	com.google.guava#guava;27.0-jre from central in [default]
	com.google.guava#listenablefuture;9999.0-empty-to-avoid-conflict-with-guava from central in [default]
	com.google.j2objc#j2objc-annotations;1.1 from central in [default]
	com.google.protobuf#protobuf-java;2.5.0 from central in [default]
	com.google.re2j#re2j;1.1 from central in [default]
	com.jcraft#jsch;0.1.55 from central in [default]
	com.nimbusds#nimbus-jose-jwt;9.8.1 from central in [default]
	com.sun.jersey#jersey-core;1.19 from central in [default]
	com.sun.jersey#jersey-json;1.19 from central in [default]
	com.sun.jersey#jersey-server;1.19 from central in [default]
	com.sun.jersey#jersey-servlet;1.19 from central in [default]
	com.sun.xml.bind#jaxb-impl;2.2.3-1 from central in [default]
	commons-cli#commons-cli;1.2 from central in [default]
	commons-codec#commons-codec;1.15 from central in [default]
	commons-collections#commons-collections;3.2.2 from central in [default]
	commons-io#commons-io;2.8.0 from central in [default]
	commons-logging#commons-logging;1.1.3 from central in [default]
	commons-net#commons-net;3.6 from central in [default]
	dnsjava#dnsjava;2.1.7 from central in [default]
	javax.servlet#javax.servlet-api;3.1.0 from central in [default]
	javax.servlet.jsp#jsp-api;2.1 from central in [default]
	javax.ws.rs#jsr311-api;1.1.1 from central in [default]
	javax.xml.bind#jaxb-api;2.2.11 from central in [default]
	net.minidev#accessors-smart;2.4.7 from central in [default]
	net.minidev#json-smart;2.4.7 from central in [default]
	org.apache.commons#commons-compress;1.21 from central in [default]
	org.apache.commons#commons-configuration2;2.1.1 from central in [default]
	org.apache.commons#commons-math3;3.1.1 from central in [default]
	org.apache.commons#commons-text;1.4 from central in [default]
	org.apache.curator#curator-client;4.2.0 from central in [default]
	org.apache.curator#curator-framework;4.2.0 from central in [default]
	org.apache.curator#curator-recipes;4.2.0 from central in [default]
	org.apache.hadoop#hadoop-annotations;3.3.4 from central in [default]
	org.apache.hadoop#hadoop-auth;3.3.4 from central in [default]
	org.apache.hadoop#hadoop-common;3.3.4 from central in [default]
	org.apache.hadoop.thirdparty#hadoop-shaded-guava;1.1.1 from central in [default]
	org.apache.hadoop.thirdparty#hadoop-shaded-protobuf_3_7;1.1.1 from central in [default]
	org.apache.httpcomponents#httpclient;4.5.13 from central in [default]
	org.apache.httpcomponents#httpcore;4.4.13 from central in [default]
	org.apache.kerby#kerb-admin;1.0.1 from central in [default]
	org.apache.kerby#kerb-client;1.0.1 from central in [default]
	org.apache.kerby#kerb-common;1.0.1 from central in [default]
	org.apache.kerby#kerb-core;1.0.1 from central in [default]
	org.apache.kerby#kerb-crypto;1.0.1 from central in [default]
	org.apache.kerby#kerb-identity;1.0.1 from central in [default]
	org.apache.kerby#kerb-server;1.0.1 from central in [default]
	org.apache.kerby#kerb-simplekdc;1.0.1 from central in [default]
	org.apache.kerby#kerb-util;1.0.1 from central in [default]
	org.apache.kerby#kerby-asn1;1.0.1 from central in [default]
	org.apache.kerby#kerby-config;1.0.1 from central in [default]
	org.apache.kerby#kerby-pkix;1.0.1 from central in [default]
	org.apache.kerby#kerby-util;1.0.1 from central in [default]
	org.apache.kerby#kerby-xdr;1.0.1 from central in [default]
	org.apache.kerby#token-provider;1.0.1 from central in [default]
	org.apache.yetus#audience-annotations;0.5.0 from central in [default]
	org.apache.zookeeper#zookeeper;3.5.6 from central in [default]
	org.apache.zookeeper#zookeeper-jute;3.5.6 from central in [default]
	org.checkerframework#checker-qual;2.5.2 from central in [default]
	org.codehaus.jackson#jackson-core-asl;1.9.13 from central in [default]
	org.codehaus.jackson#jackson-jaxrs;1.9.13 from central in [default]
	org.codehaus.jackson#jackson-mapper-asl;1.9.13 from central in [default]
	org.codehaus.jackson#jackson-xc;1.9.13 from central in [default]
	org.codehaus.jettison#jettison;1.1 from spark-list in [default]
	org.eclipse.jetty#jetty-http;9.4.43.v20210629 from spark-list in [default]
	org.eclipse.jetty#jetty-io;9.4.43.v20210629 from central in [default]
	org.eclipse.jetty#jetty-security;9.4.43.v20210629 from central in [default]
	org.eclipse.jetty#jetty-server;9.4.43.v20210629 from central in [default]
	org.eclipse.jetty#jetty-servlet;9.4.43.v20210629 from central in [default]
	org.eclipse.jetty#jetty-util;9.4.43.v20210629 from central in [default]
	org.eclipse.jetty#jetty-util-ajax;9.4.43.v20210629 from central in [default]
	org.eclipse.jetty#jetty-webapp;9.4.43.v20210629 from central in [default]
	org.eclipse.jetty#jetty-xml;9.4.43.v20210629 from central in [default]
	org.ow2.asm#asm;5.0.4 from central in [default]
	org.slf4j#slf4j-reload4j;1.7.36 from spark-list in [default]
	org.xerial.snappy#snappy-java;1.1.8.2 from central in [default]
	---------------------------------------------------------------------
	|                  |            modules            ||   artifacts   |
	|       conf       | number| search|dwnlded|evicted|| number|dwnlded|
	---------------------------------------------------------------------
	|      default     |   94  |   40  |   34  |   0   ||   85  |   21  |
	---------------------------------------------------------------------

:: problems summary ::
:::: WARNINGS
	io problem while parsing ivy file: https://repo1.maven.org/maven2/io/delta/delta-spark_2.12/3.1.0/delta-spark_2.12-3.1.0.pom (java.io.FileNotFoundException: /home/gitpod/.ivy2/cache/io.delta/delta-spark_2.12/ivy-3.1.0.xml.original (No such file or directory))

		module not found: io.delta#delta-spark_2.12;3.1.0

	==== local-m2-cache: tried

	  file:/home/gitpod/.m2/repository/io/delta/delta-spark_2.12/3.1.0/delta-spark_2.12-3.1.0.pom

	  -- artifact io.delta#delta-spark_2.12;3.1.0!delta-spark_2.12.jar:

	  file:/home/gitpod/.m2/repository/io/delta/delta-spark_2.12/3.1.0/delta-spark_2.12-3.1.0.jar

	==== local-ivy-cache: tried

	  /home/gitpod/.ivy2/local/io.delta/delta-spark_2.12/3.1.0/ivys/ivy.xml

	  -- artifact io.delta#delta-spark_2.12;3.1.0!delta-spark_2.12.jar:

	  /home/gitpod/.ivy2/local/io.delta/delta-spark_2.12/3.1.0/jars/delta-spark_2.12.jar

	==== central: tried

	  https://repo1.maven.org/maven2/io/delta/delta-spark_2.12/3.1.0/delta-spark_2.12-3.1.0.pom

	==== spark-packages: tried

	  https://repos.spark-packages.org/io/delta/delta-spark_2.12/3.1.0/delta-spark_2.12-3.1.0.pom

	  -- artifact io.delta#delta-spark_2.12;3.1.0!delta-spark_2.12.jar:

	  https://repos.spark-packages.org/io/delta/delta-spark_2.12/3.1.0/delta-spark_2.12-3.1.0.jar

	problem while downloading module descriptor: https://repo1.maven.org/maven2/org/apache/hadoop/hadoop-aws/3.3.4/hadoop-aws-3.3.4.pom: Downloaded file size (0) doesn't match expected Content Length (25377) for https://repo1.maven.org/maven2/org/apache/hadoop/hadoop-aws/3.3.4/hadoop-aws-3.3.4.pom. Please retry. (83ms)

		module not found: org.apache.hadoop#hadoop-aws;3.3.4

	==== local-m2-cache: tried

	  file:/home/gitpod/.m2/repository/org/apache/hadoop/hadoop-aws/3.3.4/hadoop-aws-3.3.4.pom

	  -- artifact org.apache.hadoop#hadoop-aws;3.3.4!hadoop-aws.jar:

	  file:/home/gitpod/.m2/repository/org/apache/hadoop/hadoop-aws/3.3.4/hadoop-aws-3.3.4.jar

	==== local-ivy-cache: tried

	  /home/gitpod/.ivy2/local/org.apache.hadoop/hadoop-aws/3.3.4/ivys/ivy.xml

	  -- artifact org.apache.hadoop#hadoop-aws;3.3.4!hadoop-aws.jar:

	  /home/gitpod/.ivy2/local/org.apache.hadoop/hadoop-aws/3.3.4/jars/hadoop-aws.jar

	==== central: tried

	  https://repo1.maven.org/maven2/org/apache/hadoop/hadoop-aws/3.3.4/hadoop-aws-3.3.4.pom

	==== spark-packages: tried

	  https://repos.spark-packages.org/org/apache/hadoop/hadoop-aws/3.3.4/hadoop-aws-3.3.4.pom

	  -- artifact org.apache.hadoop#hadoop-aws;3.3.4!hadoop-aws.jar:

	  https://repos.spark-packages.org/org/apache/hadoop/hadoop-aws/3.3.4/hadoop-aws-3.3.4.jar

	impossible to put metadata file in cache: https://repo1.maven.org/maven2/org/apache/hadoop/hadoop-annotations/3.3.4/hadoop-annotations-3.3.4.pom (3.3.4) (java.io.FileNotFoundException: /home/gitpod/.ivy2/cache/org.apache.hadoop/hadoop-annotations/ivy-3.3.4.xml.original (No such file or directory))

	impossible to put metadata file in cache: https://repo1.maven.org/maven2/com/google/guava/guava/27.0-jre/guava-27.0-jre.pom (27.0-jre) (java.io.FileNotFoundException: /home/gitpod/.ivy2/cache/com.google.guava/guava/ivy-27.0-jre.xml.original (No such file or directory))

	problem while downloading module descriptor: https://repo1.maven.org/maven2/org/codehaus/mojo/mojo-parent/40/mojo-parent-40.pom: size of source file /home/gitpod/.ivy2/cache/org.codehaus.mojo/mojo-parent/ivy-40.xml.original(0) differs from size of dest file /home/gitpod/.ivy2/cache/org.codehaus.mojo/mojo-parent/ivy-40.xml.original.backup(33621) - please retry (3ms)

	io problem while parsing ivy file: https://repo1.maven.org/maven2/org/codehaus/mojo/animal-sniffer-parent/1.17/animal-sniffer-parent-1.17.pom (java.io.IOException: Impossible to load parent for file:/home/gitpod/.ivy2/cache/org.codehaus.mojo/animal-sniffer-parent/ivy-1.17.xml.original. Parent=org.codehaus.mojo#mojo-parent;40)

	io problem while parsing ivy file: https://repo1.maven.org/maven2/org/codehaus/mojo/animal-sniffer-annotations/1.17/animal-sniffer-annotations-1.17.pom (java.io.IOException: Impossible to load parent for file:/home/gitpod/.ivy2/cache/org.codehaus.mojo/animal-sniffer-annotations/ivy-1.17.xml.original. Parent=org.codehaus.mojo#animal-sniffer-parent;1.17)

		module not found: org.codehaus.mojo#animal-sniffer-annotations;1.17

	==== local-m2-cache: tried

	  file:/home/gitpod/.m2/repository/org/codehaus/mojo/mojo-parent/40/mojo-parent-40.pom

	  -- artifact org.codehaus.mojo#mojo-parent;40!mojo-parent.jar:

	  file:/home/gitpod/.m2/repository/org/codehaus/mojo/mojo-parent/40/mojo-parent-40.jar

	==== local-ivy-cache: tried

	  /home/gitpod/.ivy2/local/org.codehaus.mojo/mojo-parent/40/ivys/ivy.xml

	  -- artifact org.codehaus.mojo#mojo-parent;40!mojo-parent.jar:

	  /home/gitpod/.ivy2/local/org.codehaus.mojo/mojo-parent/40/jars/mojo-parent.jar

	==== central: tried

	  https://repo1.maven.org/maven2/org/codehaus/mojo/mojo-parent/40/mojo-parent-40.pom

	==== spark-packages: tried

	  https://repos.spark-packages.org/org/codehaus/mojo/animal-sniffer-annotations/1.17/animal-sniffer-annotations-1.17.pom

	  -- artifact org.codehaus.mojo#animal-sniffer-annotations;1.17!animal-sniffer-annotations.jar:

	  https://repos.spark-packages.org/org/codehaus/mojo/animal-sniffer-annotations/1.17/animal-sniffer-annotations-1.17.jar

	impossible to put metadata file in cache: https://repo1.maven.org/maven2/javax/xml/bind/jaxb-api/2.2.11/jaxb-api-2.2.11.pom (2.2.11) (java.io.FileNotFoundException: /home/gitpod/.ivy2/cache/javax.xml.bind/jaxb-api/ivy-2.2.11.xml.original (No such file or directory))

	impossible to put metadata file in cache: https://repo1.maven.org/maven2/org/codehaus/jackson/jackson-core-asl/1.9.13/jackson-core-asl-1.9.13.pom (1.9.13) (java.io.FileNotFoundException: /home/gitpod/.ivy2/cache/org.codehaus.jackson/jackson-core-asl/ivy-1.9.13.xml.original (No such file or directory))

	problem while downloading module descriptor: https://repo1.maven.org/maven2/org/apache/commons/commons-parent/47/commons-parent-47.pom: Downloaded file size (0) doesn't match expected Content Length (77562) for https://repo1.maven.org/maven2/org/apache/commons/commons-parent/47/commons-parent-47.pom. Please retry. (21ms)

	io problem while parsing ivy file: https://repo1.maven.org/maven2/commons-beanutils/commons-beanutils/1.9.4/commons-beanutils-1.9.4.pom (java.io.IOException: Impossible to load parent for file:/home/gitpod/.ivy2/cache/commons-beanutils/commons-beanutils/ivy-1.9.4.xml.original. Parent=org.apache.commons#commons-parent;47)

		module not found: commons-beanutils#commons-beanutils;1.9.4

	==== local-m2-cache: tried

	  file:/home/gitpod/.m2/repository/org/apache/commons/commons-parent/47/commons-parent-47.pom

	  -- artifact org.apache.commons#commons-parent;47!commons-parent.jar:

	  file:/home/gitpod/.m2/repository/org/apache/commons/commons-parent/47/commons-parent-47.jar

	==== local-ivy-cache: tried

	  /home/gitpod/.ivy2/local/org.apache.commons/commons-parent/47/ivys/ivy.xml

	  -- artifact org.apache.commons#commons-parent;47!commons-parent.jar:

	  /home/gitpod/.ivy2/local/org.apache.commons/commons-parent/47/jars/commons-parent.jar

	==== central: tried

	  https://repo1.maven.org/maven2/org/apache/commons/commons-parent/47/commons-parent-47.pom

	==== spark-packages: tried

	  https://repos.spark-packages.org/commons-beanutils/commons-beanutils/1.9.4/commons-beanutils-1.9.4.pom

	  -- artifact commons-beanutils#commons-beanutils;1.9.4!commons-beanutils.jar:

	  https://repos.spark-packages.org/commons-beanutils/commons-beanutils/1.9.4/commons-beanutils-1.9.4.jar

	problem while downloading module descriptor: https://repo1.maven.org/maven2/org/apache/commons/commons-lang3/3.12.0/commons-lang3-3.12.0.pom: Downloaded file size (0) doesn't match expected Content Length (30660) for https://repo1.maven.org/maven2/org/apache/commons/commons-lang3/3.12.0/commons-lang3-3.12.0.pom. Please retry. (171ms)

		module not found: org.apache.commons#commons-lang3;3.12.0

	==== local-m2-cache: tried

	  file:/home/gitpod/.m2/repository/org/apache/commons/commons-lang3/3.12.0/commons-lang3-3.12.0.pom

	  -- artifact org.apache.commons#commons-lang3;3.12.0!commons-lang3.jar:

	  file:/home/gitpod/.m2/repository/org/apache/commons/commons-lang3/3.12.0/commons-lang3-3.12.0.jar

	==== local-ivy-cache: tried

	  /home/gitpod/.ivy2/local/org.apache.commons/commons-lang3/3.12.0/ivys/ivy.xml

	  -- artifact org.apache.commons#commons-lang3;3.12.0!commons-lang3.jar:

	  /home/gitpod/.ivy2/local/org.apache.commons/commons-lang3/3.12.0/jars/commons-lang3.jar

	==== central: tried

	  https://repo1.maven.org/maven2/org/apache/commons/commons-lang3/3.12.0/commons-lang3-3.12.0.pom

	==== spark-packages: tried

	  https://repos.spark-packages.org/org/apache/commons/commons-lang3/3.12.0/commons-lang3-3.12.0.pom

	  -- artifact org.apache.commons#commons-lang3;3.12.0!commons-lang3.jar:

	  https://repos.spark-packages.org/org/apache/commons/commons-lang3/3.12.0/commons-lang3-3.12.0.jar

	problem while downloading module descriptor: https://repo1.maven.org/maven2/org/slf4j/slf4j-api/1.7.36/slf4j-api-1.7.36.pom: Downloaded file size (0) doesn't match expected Content Length (2743) for https://repo1.maven.org/maven2/org/slf4j/slf4j-api/1.7.36/slf4j-api-1.7.36.pom. Please retry. (27ms)

		module not found: org.slf4j#slf4j-api;1.7.36

	==== local-m2-cache: tried

	  file:/home/gitpod/.m2/repository/org/slf4j/slf4j-api/1.7.36/slf4j-api-1.7.36.pom

	  -- artifact org.slf4j#slf4j-api;1.7.36!slf4j-api.jar:

	  file:/home/gitpod/.m2/repository/org/slf4j/slf4j-api/1.7.36/slf4j-api-1.7.36.jar

	==== local-ivy-cache: tried

	  /home/gitpod/.ivy2/local/org.slf4j/slf4j-api/1.7.36/ivys/ivy.xml

	  -- artifact org.slf4j#slf4j-api;1.7.36!slf4j-api.jar:

	  /home/gitpod/.ivy2/local/org.slf4j/slf4j-api/1.7.36/jars/slf4j-api.jar

	==== central: tried

	  https://repo1.maven.org/maven2/org/slf4j/slf4j-api/1.7.36/slf4j-api-1.7.36.pom

	==== spark-packages: tried

	  https://repos.spark-packages.org/org/slf4j/slf4j-api/1.7.36/slf4j-api-1.7.36.pom

	  -- artifact org.slf4j#slf4j-api;1.7.36!slf4j-api.jar:

	  https://repos.spark-packages.org/org/slf4j/slf4j-api/1.7.36/slf4j-api-1.7.36.jar

	problem while downloading module descriptor: https://repo1.maven.org/maven2/org/apache/avro/avro-parent/1.7.7/avro-parent-1.7.7.pom: Downloaded file size (0) doesn't match expected Content Length (19022) for https://repo1.maven.org/maven2/org/apache/avro/avro-parent/1.7.7/avro-parent-1.7.7.pom. Please retry. (52ms)

	io problem while parsing ivy file: https://repo1.maven.org/maven2/org/apache/avro/avro/1.7.7/avro-1.7.7.pom (java.io.IOException: Impossible to load parent for file:/home/gitpod/.ivy2/cache/org.apache.avro/avro/ivy-1.7.7.xml.original. Parent=org.apache.avro#avro-parent;1.7.7)

		module not found: org.apache.avro#avro;1.7.7

	==== local-m2-cache: tried

	  file:/home/gitpod/.m2/repository/org/apache/avro/avro-parent/1.7.7/avro-parent-1.7.7.pom

	  -- artifact org.apache.avro#avro-parent;1.7.7!avro-parent.jar:

	  file:/home/gitpod/.m2/repository/org/apache/avro/avro-parent/1.7.7/avro-parent-1.7.7.jar

	==== local-ivy-cache: tried

	  /home/gitpod/.ivy2/local/org.apache.avro/avro-parent/1.7.7/ivys/ivy.xml

	  -- artifact org.apache.avro#avro-parent;1.7.7!avro-parent.jar:

	  /home/gitpod/.ivy2/local/org.apache.avro/avro-parent/1.7.7/jars/avro-parent.jar

	==== central: tried

	  https://repo1.maven.org/maven2/org/apache/avro/avro-parent/1.7.7/avro-parent-1.7.7.pom

	==== spark-packages: tried

	  https://repos.spark-packages.org/org/apache/avro/avro/1.7.7/avro-1.7.7.pom

	  -- artifact org.apache.avro#avro;1.7.7!avro.jar:

	  https://repos.spark-packages.org/org/apache/avro/avro/1.7.7/avro-1.7.7.jar

	impossible to put metadata file in cache: https://repo1.maven.org/maven2/org/ow2/ow2/1.3/ow2-1.3.pom (1.3) (java.io.FileNotFoundException: /home/gitpod/.ivy2/cache/org.ow2/ow2/ivy-1.3.xml.original (No such file or directory))

	problem while downloading module descriptor: https://repo1.maven.org/maven2/org/codehaus/woodstox/stax2-api/4.2.1/stax2-api-4.2.1.pom: /home/gitpod/.ivy2/cache/org.codehaus.woodstox/stax2-api/ivy-4.2.1.xml.original (No such file or directory) (3ms)

		module not found: org.codehaus.woodstox#stax2-api;4.2.1

	==== local-m2-cache: tried

	  file:/home/gitpod/.m2/repository/org/codehaus/woodstox/stax2-api/4.2.1/stax2-api-4.2.1.pom

	  -- artifact org.codehaus.woodstox#stax2-api;4.2.1!stax2-api.jar:

	  file:/home/gitpod/.m2/repository/org/codehaus/woodstox/stax2-api/4.2.1/stax2-api-4.2.1.jar

	==== local-ivy-cache: tried

	  /home/gitpod/.ivy2/local/org.codehaus.woodstox/stax2-api/4.2.1/ivys/ivy.xml

	  -- artifact org.codehaus.woodstox#stax2-api;4.2.1!stax2-api.jar:

	  /home/gitpod/.ivy2/local/org.codehaus.woodstox/stax2-api/4.2.1/jars/stax2-api.jar

	==== central: tried

	  https://repo1.maven.org/maven2/org/codehaus/woodstox/stax2-api/4.2.1/stax2-api-4.2.1.pom

	==== spark-packages: tried

	  https://repos.spark-packages.org/org/codehaus/woodstox/stax2-api/4.2.1/stax2-api-4.2.1.pom

	  -- artifact org.codehaus.woodstox#stax2-api;4.2.1!stax2-api.jar:

	  https://repos.spark-packages.org/org/codehaus/woodstox/stax2-api/4.2.1/stax2-api-4.2.1.jar

	io problem while parsing ivy file: https://repo1.maven.org/maven2/com/sun/activation/all/1.2.1/all-1.2.1.pom (java.io.FileNotFoundException: /home/gitpod/.ivy2/cache/com.sun.activation/all/ivy-1.2.1.xml.original (No such file or directory))

	io problem while parsing ivy file: https://repo1.maven.org/maven2/jakarta/activation/jakarta.activation-api/1.2.1/jakarta.activation-api-1.2.1.pom (java.io.IOException: Impossible to load parent for file:/home/gitpod/.ivy2/cache/jakarta.activation/jakarta.activation-api/ivy-1.2.1.xml.original. Parent=com.sun.activation#all;1.2.1)

		module not found: jakarta.activation#jakarta.activation-api;1.2.1

	==== local-m2-cache: tried

	  file:/home/gitpod/.m2/repository/com/sun/activation/all/1.2.1/all-1.2.1.pom

	  -- artifact com.sun.activation#all;1.2.1!all.jar:

	  file:/home/gitpod/.m2/repository/com/sun/activation/all/1.2.1/all-1.2.1.jar

	==== local-ivy-cache: tried

	  /home/gitpod/.ivy2/local/com.sun.activation/all/1.2.1/ivys/ivy.xml

	  -- artifact com.sun.activation#all;1.2.1!all.jar:

	  /home/gitpod/.ivy2/local/com.sun.activation/all/1.2.1/jars/all.jar

	==== central: tried

	  https://repo1.maven.org/maven2/com/sun/activation/all/1.2.1/all-1.2.1.pom

	==== spark-packages: tried

	  https://repos.spark-packages.org/jakarta/activation/jakarta.activation-api/1.2.1/jakarta.activation-api-1.2.1.pom

	  -- artifact jakarta.activation#jakarta.activation-api;1.2.1!jakarta.activation-api.jar:

	  https://repos.spark-packages.org/jakarta/activation/jakarta.activation-api/1.2.1/jakarta.activation-api-1.2.1.jar

		[FAILED     ] com.amazonaws#aws-java-sdk-bundle;1.12.262!aws-java-sdk-bundle.jar: Downloaded file size (0) doesn't match expected Content Length (280645251) for https://repo1.maven.org/maven2/com/amazonaws/aws-java-sdk-bundle/1.12.262/aws-java-sdk-bundle-1.12.262.jar. Please retry. (111574ms)

		[FAILED     ] com.amazonaws#aws-java-sdk-bundle;1.12.262!aws-java-sdk-bundle.jar: Downloaded file size (0) doesn't match expected Content Length (280645251) for https://repo1.maven.org/maven2/com/amazonaws/aws-java-sdk-bundle/1.12.262/aws-java-sdk-bundle-1.12.262.jar. Please retry. (111574ms)

	==== central: tried

	  https://repo1.maven.org/maven2/com/amazonaws/aws-java-sdk-bundle/1.12.262/aws-java-sdk-bundle-1.12.262.jar

		[FAILED     ] com.sun.jersey#jersey-servlet;1.19!jersey-servlet.jar: Downloaded file size (0) doesn't match expected Content Length (128719) for https://repo1.maven.org/maven2/com/sun/jersey/jersey-servlet/1.19/jersey-servlet-1.19.jar. Please retry. (98ms)

		[FAILED     ] com.sun.jersey#jersey-servlet;1.19!jersey-servlet.jar: Downloaded file size (0) doesn't match expected Content Length (128719) for https://repo1.maven.org/maven2/com/sun/jersey/jersey-servlet/1.19/jersey-servlet-1.19.jar. Please retry. (98ms)

	==== central: tried

	  https://repo1.maven.org/maven2/com/sun/jersey/jersey-servlet/1.19/jersey-servlet-1.19.jar

		[FAILED     ] com.sun.jersey#jersey-server;1.19!jersey-server.jar: Downloaded file size (0) doesn't match expected Content Length (702882) for https://repo1.maven.org/maven2/com/sun/jersey/jersey-server/1.19/jersey-server-1.19.jar. Please retry. (297ms)

		[FAILED     ] com.sun.jersey#jersey-server;1.19!jersey-server.jar: Downloaded file size (0) doesn't match expected Content Length (702882) for https://repo1.maven.org/maven2/com/sun/jersey/jersey-server/1.19/jersey-server-1.19.jar. Please retry. (297ms)

	==== central: tried

	  https://repo1.maven.org/maven2/com/sun/jersey/jersey-server/1.19/jersey-server-1.19.jar

		[FAILED     ] org.apache.commons#commons-configuration2;2.1.1!commons-configuration2.jar: Downloaded file size (0) doesn't match expected Content Length (616888) for https://repo1.maven.org/maven2/org/apache/commons/commons-configuration2/2.1.1/commons-configuration2-2.1.1.jar. Please retry. (102ms)

		[FAILED     ] org.apache.commons#commons-configuration2;2.1.1!commons-configuration2.jar: Downloaded file size (0) doesn't match expected Content Length (616888) for https://repo1.maven.org/maven2/org/apache/commons/commons-configuration2/2.1.1/commons-configuration2-2.1.1.jar. Please retry. (102ms)

	==== central: tried

	  https://repo1.maven.org/maven2/org/apache/commons/commons-configuration2/2.1.1/commons-configuration2-2.1.1.jar

		[FAILED     ] com.google.protobuf#protobuf-java;2.5.0!protobuf-java.jar(bundle): Downloaded file size (0) doesn't match expected Content Length (533455) for https://repo1.maven.org/maven2/com/google/protobuf/protobuf-java/2.5.0/protobuf-java-2.5.0.jar. Please retry. (104ms)

		[FAILED     ] com.google.protobuf#protobuf-java;2.5.0!protobuf-java.jar(bundle): Downloaded file size (0) doesn't match expected Content Length (533455) for https://repo1.maven.org/maven2/com/google/protobuf/protobuf-java/2.5.0/protobuf-java-2.5.0.jar. Please retry. (104ms)

	==== central: tried

	  https://repo1.maven.org/maven2/com/google/protobuf/protobuf-java/2.5.0/protobuf-java-2.5.0.jar

		[FAILED     ] com.google.code.findbugs#jsr305;3.0.2!jsr305.jar: Downloaded file size (0) doesn't match expected Content Length (19936) for https://repo1.maven.org/maven2/com/google/code/findbugs/jsr305/3.0.2/jsr305-3.0.2.jar. Please retry. (332ms)

		[FAILED     ] com.google.code.findbugs#jsr305;3.0.2!jsr305.jar: Downloaded file size (0) doesn't match expected Content Length (19936) for https://repo1.maven.org/maven2/com/google/code/findbugs/jsr305/3.0.2/jsr305-3.0.2.jar. Please retry. (332ms)

	==== central: tried

	  https://repo1.maven.org/maven2/com/google/code/findbugs/jsr305/3.0.2/jsr305-3.0.2.jar

		[FAILED     ] org.apache.zookeeper#zookeeper;3.5.6!zookeeper.jar: Downloaded file size (0) doesn't match expected Content Length (984810) for https://repo1.maven.org/maven2/org/apache/zookeeper/zookeeper/3.5.6/zookeeper-3.5.6.jar. Please retry. (400ms)

		[FAILED     ] org.apache.zookeeper#zookeeper;3.5.6!zookeeper.jar: Downloaded file size (0) doesn't match expected Content Length (984810) for https://repo1.maven.org/maven2/org/apache/zookeeper/zookeeper/3.5.6/zookeeper-3.5.6.jar. Please retry. (400ms)

	==== central: tried

	  https://repo1.maven.org/maven2/org/apache/zookeeper/zookeeper/3.5.6/zookeeper-3.5.6.jar

		[FAILED     ] org.apache.commons#commons-compress;1.21!commons-compress.jar: Downloaded file size (0) doesn't match expected Content Length (1018316) for https://repo1.maven.org/maven2/org/apache/commons/commons-compress/1.21/commons-compress-1.21.jar. Please retry. (475ms)

		[FAILED     ] org.apache.commons#commons-compress;1.21!commons-compress.jar: Downloaded file size (0) doesn't match expected Content Length (1018316) for https://repo1.maven.org/maven2/org/apache/commons/commons-compress/1.21/commons-compress-1.21.jar. Please retry. (475ms)

	==== central: tried

	  https://repo1.maven.org/maven2/org/apache/commons/commons-compress/1.21/commons-compress-1.21.jar

		[FAILED     ] com.fasterxml.jackson.core#jackson-databind;2.12.7!jackson-databind.jar(bundle): Downloaded file size (0) doesn't match expected Content Length (1517276) for https://repo1.maven.org/maven2/com/fasterxml/jackson/core/jackson-databind/2.12.7/jackson-databind-2.12.7.jar. Please retry. (527ms)

		[FAILED     ] com.fasterxml.jackson.core#jackson-databind;2.12.7!jackson-databind.jar(bundle): Downloaded file size (0) doesn't match expected Content Length (1517276) for https://repo1.maven.org/maven2/com/fasterxml/jackson/core/jackson-databind/2.12.7/jackson-databind-2.12.7.jar. Please retry. (527ms)

	==== central: tried

	  https://repo1.maven.org/maven2/com/fasterxml/jackson/core/jackson-databind/2.12.7/jackson-databind-2.12.7.jar

		[FAILED     ] com.fasterxml.woodstox#woodstox-core;5.3.0!woodstox-core.jar(bundle): Downloaded file size (0) doesn't match expected Content Length (522360) for https://repo1.maven.org/maven2/com/fasterxml/woodstox/woodstox-core/5.3.0/woodstox-core-5.3.0.jar. Please retry. (251ms)

		[FAILED     ] com.fasterxml.woodstox#woodstox-core;5.3.0!woodstox-core.jar(bundle): Downloaded file size (0) doesn't match expected Content Length (522360) for https://repo1.maven.org/maven2/com/fasterxml/woodstox/woodstox-core/5.3.0/woodstox-core-5.3.0.jar. Please retry. (251ms)

	==== central: tried

	  https://repo1.maven.org/maven2/com/fasterxml/woodstox/woodstox-core/5.3.0/woodstox-core-5.3.0.jar

		[FAILED     ] org.xerial.snappy#snappy-java;1.1.8.2!snappy-java.jar(bundle): Downloaded file size (0) doesn't match expected Content Length (1969177) for https://repo1.maven.org/maven2/org/xerial/snappy/snappy-java/1.1.8.2/snappy-java-1.1.8.2.jar. Please retry. (674ms)

		[FAILED     ] org.xerial.snappy#snappy-java;1.1.8.2!snappy-java.jar(bundle): Downloaded file size (0) doesn't match expected Content Length (1969177) for https://repo1.maven.org/maven2/org/xerial/snappy/snappy-java/1.1.8.2/snappy-java-1.1.8.2.jar. Please retry. (674ms)

	==== central: tried

	  https://repo1.maven.org/maven2/org/xerial/snappy/snappy-java/1.1.8.2/snappy-java-1.1.8.2.jar

		[FAILED     ] com.google.guava#failureaccess;1.0!failureaccess.jar: Downloaded file size (0) doesn't match expected Content Length (3727) for https://repo1.maven.org/maven2/com/google/guava/failureaccess/1.0/failureaccess-1.0.jar. Please retry. (247ms)

		[FAILED     ] com.google.guava#failureaccess;1.0!failureaccess.jar: Downloaded file size (0) doesn't match expected Content Length (3727) for https://repo1.maven.org/maven2/com/google/guava/failureaccess/1.0/failureaccess-1.0.jar. Please retry. (247ms)

	==== central: tried

	  https://repo1.maven.org/maven2/com/google/guava/failureaccess/1.0/failureaccess-1.0.jar

		[FAILED     ] com.google.guava#listenablefuture;9999.0-empty-to-avoid-conflict-with-guava!listenablefuture.jar: Downloaded file size (0) doesn't match expected Content Length (2199) for https://repo1.maven.org/maven2/com/google/guava/listenablefuture/9999.0-empty-to-avoid-conflict-with-guava/listenablefuture-9999.0-empty-to-avoid-conflict-with-guava.jar. Please retry. (78ms)

		[FAILED     ] com.google.guava#listenablefuture;9999.0-empty-to-avoid-conflict-with-guava!listenablefuture.jar: Downloaded file size (0) doesn't match expected Content Length (2199) for https://repo1.maven.org/maven2/com/google/guava/listenablefuture/9999.0-empty-to-avoid-conflict-with-guava/listenablefuture-9999.0-empty-to-avoid-conflict-with-guava.jar. Please retry. (78ms)

	==== central: tried

	  https://repo1.maven.org/maven2/com/google/guava/listenablefuture/9999.0-empty-to-avoid-conflict-with-guava/listenablefuture-9999.0-empty-to-avoid-conflict-with-guava.jar

		[FAILED     ] org.checkerframework#checker-qual;2.5.2!checker-qual.jar: Downloaded file size (0) doesn't match expected Content Length (193322) for https://repo1.maven.org/maven2/org/checkerframework/checker-qual/2.5.2/checker-qual-2.5.2.jar. Please retry. (25ms)

		[FAILED     ] org.checkerframework#checker-qual;2.5.2!checker-qual.jar: Downloaded file size (0) doesn't match expected Content Length (193322) for https://repo1.maven.org/maven2/org/checkerframework/checker-qual/2.5.2/checker-qual-2.5.2.jar. Please retry. (25ms)

	==== central: tried

	  https://repo1.maven.org/maven2/org/checkerframework/checker-qual/2.5.2/checker-qual-2.5.2.jar

		[FAILED     ] org.eclipse.jetty#jetty-xml;9.4.43.v20210629!jetty-xml.jar: impossible to move part file to definitive one: /home/gitpod/.ivy2/cache/org.eclipse.jetty/jetty-xml/jars/jetty-xml-9.4.43.v20210629.jar.part -> /home/gitpod/.ivy2/cache/org.eclipse.jetty/jetty-xml/jars/jetty-xml-9.4.43.v20210629.jar (12ms)

		[FAILED     ] org.eclipse.jetty#jetty-xml;9.4.43.v20210629!jetty-xml.jar: impossible to move part file to definitive one: /home/gitpod/.ivy2/cache/org.eclipse.jetty/jetty-xml/jars/jetty-xml-9.4.43.v20210629.jar.part -> /home/gitpod/.ivy2/cache/org.eclipse.jetty/jetty-xml/jars/jetty-xml-9.4.43.v20210629.jar (12ms)

	==== central: tried

	  https://repo1.maven.org/maven2/org/eclipse/jetty/jetty-xml/9.4.43.v20210629/jetty-xml-9.4.43.v20210629.jar

		[FAILED     ] com.sun.xml.bind#jaxb-impl;2.2.3-1!jaxb-impl.jar: Downloaded file size (0) doesn't match expected Content Length (890168) for https://repo1.maven.org/maven2/com/sun/xml/bind/jaxb-impl/2.2.3-1/jaxb-impl-2.2.3-1.jar. Please retry. (105ms)

		[FAILED     ] com.sun.xml.bind#jaxb-impl;2.2.3-1!jaxb-impl.jar: Downloaded file size (0) doesn't match expected Content Length (890168) for https://repo1.maven.org/maven2/com/sun/xml/bind/jaxb-impl/2.2.3-1/jaxb-impl-2.2.3-1.jar. Please retry. (105ms)

	==== central: tried

	  https://repo1.maven.org/maven2/com/sun/xml/bind/jaxb-impl/2.2.3-1/jaxb-impl-2.2.3-1.jar

		[FAILED     ] org.codehaus.jackson#jackson-mapper-asl;1.9.13!jackson-mapper-asl.jar: Downloaded file size (0) doesn't match expected Content Length (780664) for https://repo1.maven.org/maven2/org/codehaus/jackson/jackson-mapper-asl/1.9.13/jackson-mapper-asl-1.9.13.jar. Please retry. (271ms)

		[FAILED     ] org.codehaus.jackson#jackson-mapper-asl;1.9.13!jackson-mapper-asl.jar: Downloaded file size (0) doesn't match expected Content Length (780664) for https://repo1.maven.org/maven2/org/codehaus/jackson/jackson-mapper-asl/1.9.13/jackson-mapper-asl-1.9.13.jar. Please retry. (271ms)

	==== central: tried

	  https://repo1.maven.org/maven2/org/codehaus/jackson/jackson-mapper-asl/1.9.13/jackson-mapper-asl-1.9.13.jar

		[FAILED     ] org.codehaus.jackson#jackson-jaxrs;1.9.13!jackson-jaxrs.jar: Downloaded file size (0) doesn't match expected Content Length (18336) for https://repo1.maven.org/maven2/org/codehaus/jackson/jackson-jaxrs/1.9.13/jackson-jaxrs-1.9.13.jar. Please retry. (96ms)

		[FAILED     ] org.codehaus.jackson#jackson-jaxrs;1.9.13!jackson-jaxrs.jar: Downloaded file size (0) doesn't match expected Content Length (18336) for https://repo1.maven.org/maven2/org/codehaus/jackson/jackson-jaxrs/1.9.13/jackson-jaxrs-1.9.13.jar. Please retry. (96ms)

	==== central: tried

	  https://repo1.maven.org/maven2/org/codehaus/jackson/jackson-jaxrs/1.9.13/jackson-jaxrs-1.9.13.jar

		[FAILED     ] org.apache.kerby#kerb-client;1.0.1!kerb-client.jar: Downloaded file size (0) doesn't match expected Content Length (113017) for https://repo1.maven.org/maven2/org/apache/kerby/kerb-client/1.0.1/kerb-client-1.0.1.jar. Please retry. (92ms)

		[FAILED     ] org.apache.kerby#kerb-client;1.0.1!kerb-client.jar: Downloaded file size (0) doesn't match expected Content Length (113017) for https://repo1.maven.org/maven2/org/apache/kerby/kerb-client/1.0.1/kerb-client-1.0.1.jar. Please retry. (92ms)

	==== central: tried

	  https://repo1.maven.org/maven2/org/apache/kerby/kerb-client/1.0.1/kerb-client-1.0.1.jar

		[FAILED     ] org.apache.kerby#kerb-util;1.0.1!kerb-util.jar: Downloaded file size (0) doesn't match expected Content Length (36708) for https://repo1.maven.org/maven2/org/apache/kerby/kerb-util/1.0.1/kerb-util-1.0.1.jar. Please retry. (93ms)

		[FAILED     ] org.apache.kerby#kerb-util;1.0.1!kerb-util.jar: Downloaded file size (0) doesn't match expected Content Length (36708) for https://repo1.maven.org/maven2/org/apache/kerby/kerb-util/1.0.1/kerb-util-1.0.1.jar. Please retry. (93ms)

	==== central: tried

	  https://repo1.maven.org/maven2/org/apache/kerby/kerb-util/1.0.1/kerb-util-1.0.1.jar

		::::::::::::::::::::::::::::::::::::::::::::::

		::          UNRESOLVED DEPENDENCIES         ::

		::::::::::::::::::::::::::::::::::::::::::::::

		:: io.delta#delta-spark_2.12;3.1.0: not found

		:: org.apache.hadoop#hadoop-aws;3.3.4: not found

		:: org.codehaus.mojo#animal-sniffer-annotations;1.17: not found

		:: commons-beanutils#commons-beanutils;1.9.4: not found

		:: org.apache.commons#commons-lang3;3.12.0: not found

		:: org.slf4j#slf4j-api;1.7.36: not found

		:: org.apache.avro#avro;1.7.7: not found

		:: org.codehaus.woodstox#stax2-api;4.2.1: not found

		:: jakarta.activation#jakarta.activation-api;1.2.1: not found

		::::::::::::::::::::::::::::::::::::::::::::::


		::::::::::::::::::::::::::::::::::::::::::::::

		::              FAILED DOWNLOADS            ::

		:: ^ see resolution messages for details  ^ ::

		::::::::::::::::::::::::::::::::::::::::::::::

		:: com.google.guava#failureaccess;1.0!failureaccess.jar

		:: com.google.guava#listenablefuture;9999.0-empty-to-avoid-conflict-with-guava!listenablefuture.jar

		:: com.google.code.findbugs#jsr305;3.0.2!jsr305.jar

		:: org.checkerframework#checker-qual;2.5.2!checker-qual.jar

		:: org.eclipse.jetty#jetty-xml;9.4.43.v20210629!jetty-xml.jar

		:: com.sun.jersey#jersey-servlet;1.19!jersey-servlet.jar

		:: com.sun.jersey#jersey-server;1.19!jersey-server.jar

		:: com.sun.xml.bind#jaxb-impl;2.2.3-1!jaxb-impl.jar

		:: org.codehaus.jackson#jackson-mapper-asl;1.9.13!jackson-mapper-asl.jar

		:: org.codehaus.jackson#jackson-jaxrs;1.9.13!jackson-jaxrs.jar

		:: org.apache.commons#commons-configuration2;2.1.1!commons-configuration2.jar

		:: com.google.protobuf#protobuf-java;2.5.0!protobuf-java.jar(bundle)

		:: org.apache.zookeeper#zookeeper;3.5.6!zookeeper.jar

		:: org.apache.kerby#kerb-client;1.0.1!kerb-client.jar

		:: org.apache.kerby#kerb-util;1.0.1!kerb-util.jar

		:: org.apache.commons#commons-compress;1.21!commons-compress.jar

		:: com.fasterxml.jackson.core#jackson-databind;2.12.7!jackson-databind.jar(bundle)

		:: com.fasterxml.woodstox#woodstox-core;5.3.0!woodstox-core.jar(bundle)

		:: org.xerial.snappy#snappy-java;1.1.8.2!snappy-java.jar(bundle)

		:: com.amazonaws#aws-java-sdk-bundle;1.12.262!aws-java-sdk-bundle.jar

		::::::::::::::::::::::::::::::::::::::::::::::


:::: ERRORS
	unknown resolver null

	unknown resolver null

	unknown resolver null

	unknown resolver null

	unknown resolver null

	unknown resolver null

	unknown resolver null


:: USE VERBOSE OR DEBUG MESSAGE LEVEL FOR MORE DETAILS
Exception in thread "main" java.lang.RuntimeException: [unresolved dependency: io.delta#delta-spark_2.12;3.1.0: not found, unresolved dependency: org.apache.hadoop#hadoop-aws;3.3.4: not found, unresolved dependency: org.codehaus.mojo#animal-sniffer-annotations;1.17: not found, unresolved dependency: commons-beanutils#commons-beanutils;1.9.4: not found, unresolved dependency: org.apache.commons#commons-lang3;3.12.0: not found, unresolved dependency: org.slf4j#slf4j-api;1.7.36: not found, unresolved dependency: org.apache.avro#avro;1.7.7: not found, unresolved dependency: org.codehaus.woodstox#stax2-api;4.2.1: not found, unresolved dependency: jakarta.activation#jakarta.activation-api;1.2.1: not found, download failed: com.google.guava#failureaccess;1.0!failureaccess.jar, download failed: com.google.guava#listenablefuture;9999.0-empty-to-avoid-conflict-with-guava!listenablefuture.jar, download failed: com.google.code.findbugs#jsr305;3.0.2!jsr305.jar, download failed: org.checkerframework#checker-qual;2.5.2!checker-qual.jar, download failed: org.eclipse.jetty#jetty-xml;9.4.43.v20210629!jetty-xml.jar, download failed: com.sun.jersey#jersey-servlet;1.19!jersey-servlet.jar, download failed: com.sun.jersey#jersey-server;1.19!jersey-server.jar, download failed: com.sun.xml.bind#jaxb-impl;2.2.3-1!jaxb-impl.jar, download failed: org.codehaus.jackson#jackson-mapper-asl;1.9.13!jackson-mapper-asl.jar, download failed: org.codehaus.jackson#jackson-jaxrs;1.9.13!jackson-jaxrs.jar, download failed: org.apache.commons#commons-configuration2;2.1.1!commons-configuration2.jar, download failed: com.google.protobuf#protobuf-java;2.5.0!protobuf-java.jar(bundle), download failed: org.apache.zookeeper#zookeeper;3.5.6!zookeeper.jar, download failed: org.apache.kerby#kerb-client;1.0.1!kerb-client.jar, download failed: org.apache.kerby#kerb-util;1.0.1!kerb-util.jar, download failed: org.apache.commons#commons-compress;1.21!commons-compress.jar, download failed: com.fasterxml.jackson.core#jackson-databind;2.12.7!jackson-databind.jar(bundle), download failed: com.fasterxml.woodstox#woodstox-core;5.3.0!woodstox-core.jar(bundle), download failed: org.xerial.snappy#snappy-java;1.1.8.2!snappy-java.jar(bundle), download failed: com.amazonaws#aws-java-sdk-bundle;1.12.262!aws-java-sdk-bundle.jar]
	at org.apache.spark.deploy.SparkSubmitUtils$.resolveMavenCoordinates(SparkSubmit.scala:1608)
	at org.apache.spark.util.DependencyUtils$.resolveMavenDependencies(DependencyUtils.scala:185)
	at org.apache.spark.deploy.SparkSubmit.prepareSubmitEnvironment(SparkSubmit.scala:334)
	at org.apache.spark.deploy.SparkSubmit.org$apache$spark$deploy$SparkSubmit$$runMain(SparkSubmit.scala:964)
	at org.apache.spark.deploy.SparkSubmit.doRunMain$1(SparkSubmit.scala:194)
	at org.apache.spark.deploy.SparkSubmit.submit(SparkSubmit.scala:217)
	at org.apache.spark.deploy.SparkSubmit.doSubmit(SparkSubmit.scala:91)
	at org.apache.spark.deploy.SparkSubmit$$anon$2.doSubmit(SparkSubmit.scala:1120)
	at org.apache.spark.deploy.SparkSubmit$.main(SparkSubmit.scala:1129)
	at org.apache.spark.deploy.SparkSubmit.main(SparkSubmit.scala)
[32m2024-05-31 15:31:47 +0000[0m - dagster - [34mDEBUG[0m - __ASSET_JOB - 29657144-f47b-4730-a719-19652768d51f - 16981 - spark_operator.create_stock_tables[stock_AABB_path] - STEP_UP_FOR_RETRY - Execution of step "spark_operator.create_stock_tables[stock_AABB_path]" failed and has requested a retry in 0.21747205765879918 seconds.

dagster._core.execution.plan.utils.RetryRequestedFromPolicy

Stack Trace:
  File "/workspace/.pyenv_mirror/user/current/lib/python3.12/site-packages/dagster/_core/execution/plan/execute_plan.py", line 282, in dagster_event_sequence_for_step
    for step_event in check.generator(step_events):
  File "/workspace/.pyenv_mirror/user/current/lib/python3.12/site-packages/dagster/_core/execution/plan/execute_step.py", line 525, in core_dagster_event_sequence_for_step
    for user_event in _step_output_error_checked_user_event_sequence(
  File "/workspace/.pyenv_mirror/user/current/lib/python3.12/site-packages/dagster/_core/execution/plan/execute_step.py", line 203, in _step_output_error_checked_user_event_sequence
    for user_event in user_event_sequence:
  File "/workspace/.pyenv_mirror/user/current/lib/python3.12/site-packages/dagster/_core/execution/plan/execute_step.py", line 100, in _process_asset_results_to_events
    for user_event in user_event_sequence:
  File "/workspace/.pyenv_mirror/user/current/lib/python3.12/site-packages/dagster/_core/execution/plan/compute.py", line 208, in execute_core_compute
    for step_output in _yield_compute_results(step_context, inputs, compute_fn, compute_context):
  File "/workspace/.pyenv_mirror/user/current/lib/python3.12/site-packages/dagster/_core/execution/plan/compute.py", line 177, in _yield_compute_results
    for event in iterate_with_context(
  File "/workspace/.pyenv_mirror/user/current/lib/python3.12/site-packages/dagster/_utils/__init__.py", line 466, in iterate_with_context
    with context_fn():
  File "/home/gitpod/.pyenv/versions/3.12.3/lib/python3.12/contextlib.py", line 158, in __exit__
    self.gen.throw(value)
  File "/workspace/.pyenv_mirror/user/current/lib/python3.12/site-packages/dagster/_core/execution/plan/utils.py", line 72, in op_execution_error_boundary
    raise RetryRequestedFromPolicy(

The above exception was caused by the following exception:
pyspark.errors.exceptions.base.PySparkRuntimeError: [JAVA_GATEWAY_EXITED] Java gateway process exited before sending its port number.

Stack Trace:
  File "/workspace/.pyenv_mirror/user/current/lib/python3.12/site-packages/dagster/_core/execution/plan/utils.py", line 54, in op_execution_error_boundary
    yield
  File "/workspace/.pyenv_mirror/user/current/lib/python3.12/site-packages/dagster/_utils/__init__.py", line 468, in iterate_with_context
    next_output = next(iterator)
                  ^^^^^^^^^^^^^^
  File "/workspace/.pyenv_mirror/user/current/lib/python3.12/site-packages/dagster/_core/execution/plan/compute_generator.py", line 141, in _coerce_op_compute_fn_to_iterator
    result = invoke_compute_fn(
             ^^^^^^^^^^^^^^^^^^
  File "/workspace/.pyenv_mirror/user/current/lib/python3.12/site-packages/dagster/_core/execution/plan/compute_generator.py", line 129, in invoke_compute_fn
    return fn(context, **args_to_pass) if context_arg_provided else fn(**args_to_pass)
           ^^^^^^^^^^^^^^^^^^^^^^^^^^^
  File "/workspace/practical-data-engineering/finnhub-batch-stock-pipeline/finnhub_batch_stock_pipeline/assets/spark_transformations.py", line 113, in create_stock_tables
    spark = pyspark.spark_session
            ^^^^^^^^^^^^^^^^^^^^^
  File "/workspace/.pyenv_mirror/user/current/lib/python3.12/site-packages/dagster_pyspark/resources.py", line 134, in spark_session
    self._init_session()
  File "/workspace/.pyenv_mirror/user/current/lib/python3.12/site-packages/dagster_pyspark/resources.py", line 130, in _init_session
    self._spark_session = spark_session_from_config(self.spark_config)
                          ^^^^^^^^^^^^^^^^^^^^^^^^^^^^^^^^^^^^^^^^^^^^
  File "/workspace/.pyenv_mirror/user/current/lib/python3.12/site-packages/dagster_pyspark/resources.py", line 20, in spark_session_from_config
    return builder.getOrCreate()
           ^^^^^^^^^^^^^^^^^^^^^
  File "/workspace/.pyenv_mirror/user/current/lib/python3.12/site-packages/pyspark/sql/session.py", line 497, in getOrCreate
    sc = SparkContext.getOrCreate(sparkConf)
         ^^^^^^^^^^^^^^^^^^^^^^^^^^^^^^^^^^^
  File "/workspace/.pyenv_mirror/user/current/lib/python3.12/site-packages/pyspark/context.py", line 515, in getOrCreate
    SparkContext(conf=conf or SparkConf())
  File "/workspace/.pyenv_mirror/user/current/lib/python3.12/site-packages/pyspark/context.py", line 201, in __init__
    SparkContext._ensure_initialized(self, gateway=gateway, conf=conf)
  File "/workspace/.pyenv_mirror/user/current/lib/python3.12/site-packages/pyspark/context.py", line 436, in _ensure_initialized
    SparkContext._gateway = gateway or launch_gateway(conf)
                                       ^^^^^^^^^^^^^^^^^^^^
  File "/workspace/.pyenv_mirror/user/current/lib/python3.12/site-packages/pyspark/java_gateway.py", line 107, in launch_gateway
    raise PySparkRuntimeError(

