[32m2024-05-31 15:28:41 +0000[0m - dagster - [34mDEBUG[0m - __ASSET_JOB - 29657144-f47b-4730-a719-19652768d51f - 16979 - LOGS_CAPTURED - Started capturing logs in process (pid: 16979).
[32m2024-05-31 15:28:41 +0000[0m - dagster - [34mDEBUG[0m - __ASSET_JOB - 29657144-f47b-4730-a719-19652768d51f - 16979 - spark_operator.create_stock_tables[stock_A_path] - STEP_START - Started execution of step "spark_operator.create_stock_tables[stock_A_path]".
[32m2024-05-31 15:28:41 +0000[0m - dagster - [34mDEBUG[0m - __ASSET_JOB - 29657144-f47b-4730-a719-19652768d51f - spark_operator.create_stock_tables[stock_A_path] - Loading file from: /workspace/practical-data-engineering/finnhub-batch-stock-pipeline/home/storage/29657144-f47b-4730-a719-19652768d51f/spark_operator.stock_tables/result/stock_A_path using PickledObjectFilesystemIOManager...
[32m2024-05-31 15:28:41 +0000[0m - dagster - [34mDEBUG[0m - __ASSET_JOB - 29657144-f47b-4730-a719-19652768d51f - 16979 - spark_operator.create_stock_tables[stock_A_path] - LOADED_INPUT - Loaded input "input_fn" using input manager "io_manager", from output "result" of step "spark_operator.stock_tables"
[32m2024-05-31 15:28:41 +0000[0m - dagster - [34mDEBUG[0m - __ASSET_JOB - 29657144-f47b-4730-a719-19652768d51f - 16979 - spark_operator.create_stock_tables[stock_A_path] - STEP_INPUT - Got input "input_fn" of type "Any". (Type check passed).
24/05/31 15:28:54 WARN Utils: Your hostname, willowyboat-practicalda-8yoi5et7ep7 resolves to a loopback address: 127.0.0.1; using 10.0.5.2 instead (on interface eth0)
24/05/31 15:28:54 WARN Utils: Set SPARK_LOCAL_IP if you need to bind to another address
Ivy Default Cache set to: /home/gitpod/.ivy2/cache
The jars for the packages stored in: /home/gitpod/.ivy2/jars
io.delta#delta-spark_2.12 added as a dependency
org.apache.hadoop#hadoop-aws added as a dependency
org.apache.hadoop#hadoop-common added as a dependency
com.amazonaws#aws-java-sdk-bundle added as a dependency
:: resolving dependencies :: org.apache.spark#spark-submit-parent-a7acca39-62a3-4cfe-aa8d-da22074c9378;1.0
	confs: [default]
	found org.apache.hadoop#hadoop-aws;3.3.4 in central
	found com.amazonaws#aws-java-sdk-bundle;1.12.262 in central
	found org.wildfly.openssl#wildfly-openssl;1.0.7.Final in central
	found org.apache.hadoop#hadoop-common;3.3.4 in central
	found org.apache.hadoop.thirdparty#hadoop-shaded-protobuf_3_7;1.1.1 in central
	found org.apache.hadoop#hadoop-annotations;3.3.4 in central
	found org.apache.hadoop.thirdparty#hadoop-shaded-guava;1.1.1 in central
	found com.google.guava#guava;27.0-jre in central
	found com.google.guava#failureaccess;1.0 in central
	found com.google.guava#listenablefuture;9999.0-empty-to-avoid-conflict-with-guava in central
	found com.google.code.findbugs#jsr305;3.0.2 in central
	found org.checkerframework#checker-qual;2.5.2 in central
	found com.google.j2objc#j2objc-annotations;1.1 in central
	found org.codehaus.mojo#animal-sniffer-annotations;1.17 in central
	found commons-cli#commons-cli;1.2 in central
	found org.apache.commons#commons-math3;3.1.1 in central
	found org.apache.httpcomponents#httpclient;4.5.13 in central
	found org.apache.httpcomponents#httpcore;4.4.13 in central
	found commons-io#commons-io;2.8.0 in central
	found commons-net#commons-net;3.6 in central
	found org.eclipse.jetty#jetty-server;9.4.43.v20210629 in central
	found org.eclipse.jetty#jetty-http;9.4.43.v20210629 in central
	found org.eclipse.jetty#jetty-util;9.4.43.v20210629 in central
	found org.eclipse.jetty#jetty-io;9.4.43.v20210629 in central
	found org.eclipse.jetty#jetty-servlet;9.4.43.v20210629 in central
	found org.eclipse.jetty#jetty-security;9.4.43.v20210629 in central
	found org.eclipse.jetty#jetty-util-ajax;9.4.43.v20210629 in central
	found org.eclipse.jetty#jetty-webapp;9.4.43.v20210629 in central
	found org.eclipse.jetty#jetty-xml;9.4.43.v20210629 in central
	found com.sun.jersey#jersey-core;1.19 in central
	found javax.ws.rs#jsr311-api;1.1.1 in central
	found com.sun.jersey#jersey-servlet;1.19 in central
	found com.sun.jersey#jersey-server;1.19 in central
	found com.sun.jersey#jersey-json;1.19 in central
	found org.codehaus.jettison#jettison;1.1 in central
	found com.sun.xml.bind#jaxb-impl;2.2.3-1 in central
	found javax.xml.bind#jaxb-api;2.2.11 in central
	found org.codehaus.jackson#jackson-core-asl;1.9.13 in central
	found org.codehaus.jackson#jackson-mapper-asl;1.9.13 in central
	found org.codehaus.jackson#jackson-jaxrs;1.9.13 in central
	found org.codehaus.jackson#jackson-xc;1.9.13 in central
	found ch.qos.reload4j#reload4j;1.2.22 in central
	found org.apache.commons#commons-configuration2;2.1.1 in central
	found org.apache.commons#commons-lang3;3.12.0 in central
	found org.slf4j#slf4j-api;1.7.36 in central
	found org.slf4j#slf4j-reload4j;1.7.36 in spark-list
	found org.apache.avro#avro;1.7.7 in central
	found com.thoughtworks.paranamer#paranamer;2.3 in central
	found org.xerial.snappy#snappy-java;1.1.8.2 in central
	found org.apache.commons#commons-compress;1.21 in central
	found com.google.re2j#re2j;1.1 in central
	found com.google.protobuf#protobuf-java;2.5.0 in central
	found com.google.code.gson#gson;2.8.9 in central
	found com.jcraft#jsch;0.1.55 in central
	found org.apache.curator#curator-client;4.2.0 in central
	found org.apache.curator#curator-recipes;4.2.0 in central
	found org.apache.curator#curator-framework;4.2.0 in central
	found org.apache.zookeeper#zookeeper;3.5.6 in central
	found org.apache.zookeeper#zookeeper-jute;3.5.6 in central
	found org.apache.yetus#audience-annotations;0.5.0 in central
	found org.apache.kerby#kerb-core;1.0.1 in central
	found org.apache.kerby#kerby-pkix;1.0.1 in central
	found org.apache.kerby#kerby-util;1.0.1 in central
	found com.fasterxml.jackson.core#jackson-databind;2.12.7 in central
	found com.fasterxml.jackson.core#jackson-annotations;2.12.7 in central
	found com.fasterxml.jackson.core#jackson-core;2.12.7 in central
	found org.codehaus.woodstox#stax2-api;4.2.1 in central
	found dnsjava#dnsjava;2.1.7 in central
	found jakarta.activation#jakarta.activation-api;1.2.1 in central
	found javax.servlet.jsp#jsp-api;2.1 in central
downloading https://repo1.maven.org/maven2/org/apache/hadoop/hadoop-aws/3.3.4/hadoop-aws-3.3.4.jar ...
downloading https://repo1.maven.org/maven2/org/apache/hadoop/hadoop-common/3.3.4/hadoop-common-3.3.4.jar ...
downloading https://repo1.maven.org/maven2/com/amazonaws/aws-java-sdk-bundle/1.12.262/aws-java-sdk-bundle-1.12.262.jar ...
downloading https://repo1.maven.org/maven2/com/google/guava/guava/27.0-jre/guava-27.0-jre.jar ...
	[SUCCESSFUL ] com.google.guava#guava;27.0-jre!guava.jar(bundle) (1861ms)
downloading https://repo1.maven.org/maven2/org/apache/httpcomponents/httpclient/4.5.13/httpclient-4.5.13.jar ...
	[SUCCESSFUL ] org.apache.httpcomponents#httpclient;4.5.13!httpclient.jar (1072ms)
downloading https://repo1.maven.org/maven2/commons-io/commons-io/2.8.0/commons-io-2.8.0.jar ...
	[SUCCESSFUL ] commons-io#commons-io;2.8.0!commons-io.jar (679ms)
downloading https://repo1.maven.org/maven2/commons-net/commons-net/3.6/commons-net-3.6.jar ...
	[SUCCESSFUL ] commons-net#commons-net;3.6!commons-net.jar (472ms)
downloading https://repo1.maven.org/maven2/org/eclipse/jetty/jetty-server/9.4.43.v20210629/jetty-server-9.4.43.v20210629.jar ...
	[SUCCESSFUL ] org.eclipse.jetty#jetty-server;9.4.43.v20210629!jetty-server.jar (373ms)
downloading https://repo1.maven.org/maven2/org/eclipse/jetty/jetty-util/9.4.43.v20210629/jetty-util-9.4.43.v20210629.jar ...
	[SUCCESSFUL ] org.eclipse.jetty#jetty-util;9.4.43.v20210629!jetty-util.jar (381ms)
downloading https://repo1.maven.org/maven2/org/eclipse/jetty/jetty-webapp/9.4.43.v20210629/jetty-webapp-9.4.43.v20210629.jar ...
	[SUCCESSFUL ] org.eclipse.jetty#jetty-webapp;9.4.43.v20210629!jetty-webapp.jar (328ms)
downloading https://repo1.maven.org/maven2/com/sun/jersey/jersey-core/1.19/jersey-core-1.19.jar ...
	[SUCCESSFUL ] com.sun.jersey#jersey-core;1.19!jersey-core.jar (297ms)
downloading https://repo1.maven.org/maven2/com/sun/jersey/jersey-servlet/1.19/jersey-servlet-1.19.jar ...
downloading https://repo1.maven.org/maven2/com/sun/jersey/jersey-json/1.19/jersey-json-1.19.jar ...
downloading https://repo1.maven.org/maven2/com/sun/jersey/jersey-server/1.19/jersey-server-1.19.jar ...
downloading https://repo1.maven.org/maven2/org/apache/commons/commons-configuration2/2.1.1/commons-configuration2-2.1.1.jar ...
	[SUCCESSFUL ] org.apache.commons#commons-configuration2;2.1.1!commons-configuration2.jar (196ms)
downloading https://repo1.maven.org/maven2/org/apache/commons/commons-lang3/3.12.0/commons-lang3-3.12.0.jar ...
	[SUCCESSFUL ] org.apache.commons#commons-lang3;3.12.0!commons-lang3.jar (183ms)
downloading https://repo1.maven.org/maven2/org/slf4j/slf4j-api/1.7.36/slf4j-api-1.7.36.jar ...
	[SUCCESSFUL ] org.slf4j#slf4j-api;1.7.36!slf4j-api.jar (113ms)
downloading https://repo1.maven.org/maven2/org/apache/avro/avro/1.7.7/avro-1.7.7.jar ...
	[SUCCESSFUL ] org.apache.avro#avro;1.7.7!avro.jar(bundle) (181ms)
downloading https://repo1.maven.org/maven2/com/google/re2j/re2j/1.1/re2j-1.1.jar ...
downloading https://repo1.maven.org/maven2/com/jcraft/jsch/0.1.55/jsch-0.1.55.jar ...
downloading https://repo1.maven.org/maven2/org/apache/curator/curator-client/4.2.0/curator-client-4.2.0.jar ...
	[SUCCESSFUL ] org.apache.curator#curator-client;4.2.0!curator-client.jar(bundle) (486ms)
downloading https://repo1.maven.org/maven2/org/apache/zookeeper/zookeeper/3.5.6/zookeeper-3.5.6.jar ...
downloading https://repo1.maven.org/maven2/org/apache/commons/commons-compress/1.21/commons-compress-1.21.jar ...
downloading https://repo1.maven.org/maven2/com/fasterxml/jackson/core/jackson-databind/2.12.7/jackson-databind-2.12.7.jar ...
downloading https://repo1.maven.org/maven2/dnsjava/dnsjava/2.1.7/dnsjava-2.1.7.jar ...
downloading https://repo1.maven.org/maven2/org/xerial/snappy/snappy-java/1.1.8.2/snappy-java-1.1.8.2.jar ...
downloading https://repo1.maven.org/maven2/com/google/guava/failureaccess/1.0/failureaccess-1.0.jar ...
downloading https://repo1.maven.org/maven2/com/google/guava/listenablefuture/9999.0-empty-to-avoid-conflict-with-guava/listenablefuture-9999.0-empty-to-avoid-conflict-with-guava.jar ...
	[SUCCESSFUL ] com.google.guava#listenablefuture;9999.0-empty-to-avoid-conflict-with-guava!listenablefuture.jar (18ms)
downloading https://repo1.maven.org/maven2/org/checkerframework/checker-qual/2.5.2/checker-qual-2.5.2.jar ...
downloading https://repo1.maven.org/maven2/com/google/j2objc/j2objc-annotations/1.1/j2objc-annotations-1.1.jar ...
downloading https://repo1.maven.org/maven2/org/codehaus/mojo/animal-sniffer-annotations/1.17/animal-sniffer-annotations-1.17.jar ...
	[SUCCESSFUL ] org.codehaus.mojo#animal-sniffer-annotations;1.17!animal-sniffer-annotations.jar (90ms)
downloading https://repo1.maven.org/maven2/org/eclipse/jetty/jetty-io/9.4.43.v20210629/jetty-io-9.4.43.v20210629.jar ...
	[SUCCESSFUL ] org.eclipse.jetty#jetty-io;9.4.43.v20210629!jetty-io.jar (91ms)
downloading https://repo1.maven.org/maven2/javax/ws/rs/jsr311-api/1.1.1/jsr311-api-1.1.1.jar ...
	[SUCCESSFUL ] javax.ws.rs#jsr311-api;1.1.1!jsr311-api.jar (96ms)
downloading https://repo1.maven.org/maven2/com/sun/xml/bind/jaxb-impl/2.2.3-1/jaxb-impl-2.2.3-1.jar ...
downloading https://repo1.maven.org/maven2/org/codehaus/jackson/jackson-core-asl/1.9.13/jackson-core-asl-1.9.13.jar ...
downloading https://repo1.maven.org/maven2/org/codehaus/jackson/jackson-mapper-asl/1.9.13/jackson-mapper-asl-1.9.13.jar ...
downloading https://repo1.maven.org/maven2/org/codehaus/jackson/jackson-jaxrs/1.9.13/jackson-jaxrs-1.9.13.jar ...
	[SUCCESSFUL ] org.codehaus.jackson#jackson-jaxrs;1.9.13!jackson-jaxrs.jar (82ms)
downloading https://repo1.maven.org/maven2/org/codehaus/jackson/jackson-xc/1.9.13/jackson-xc-1.9.13.jar ...
downloading https://repo1.maven.org/maven2/com/thoughtworks/paranamer/paranamer/2.3/paranamer-2.3.jar ...
downloading https://repo1.maven.org/maven2/org/apache/kerby/kerby-util/1.0.1/kerby-util-1.0.1.jar ...
	[SUCCESSFUL ] org.apache.kerby#kerby-util;1.0.1!kerby-util.jar (105ms)
:: resolution report :: resolve 48636ms :: artifacts dl 120666ms
	:: modules in use:
	ch.qos.reload4j#reload4j;1.2.22 from central in [default]
	com.amazonaws#aws-java-sdk-bundle;1.12.262 from central in [default]
	com.fasterxml.jackson.core#jackson-annotations;2.12.7 from central in [default]
	com.fasterxml.jackson.core#jackson-core;2.12.7 from central in [default]
	com.fasterxml.jackson.core#jackson-databind;2.12.7 from central in [default]
	com.google.code.findbugs#jsr305;3.0.2 from central in [default]
	com.google.code.gson#gson;2.8.9 from central in [default]
	com.google.guava#failureaccess;1.0 from central in [default]
	com.google.guava#guava;27.0-jre from central in [default]
	com.google.guava#listenablefuture;9999.0-empty-to-avoid-conflict-with-guava from central in [default]
	com.google.j2objc#j2objc-annotations;1.1 from central in [default]
	com.google.protobuf#protobuf-java;2.5.0 from central in [default]
	com.google.re2j#re2j;1.1 from central in [default]
	com.jcraft#jsch;0.1.55 from central in [default]
	com.sun.jersey#jersey-core;1.19 from central in [default]
	com.sun.jersey#jersey-json;1.19 from central in [default]
	com.sun.jersey#jersey-server;1.19 from central in [default]
	com.sun.jersey#jersey-servlet;1.19 from central in [default]
	com.sun.xml.bind#jaxb-impl;2.2.3-1 from central in [default]
	com.thoughtworks.paranamer#paranamer;2.3 from central in [default]
	commons-cli#commons-cli;1.2 from central in [default]
	commons-io#commons-io;2.8.0 from central in [default]
	commons-net#commons-net;3.6 from central in [default]
	dnsjava#dnsjava;2.1.7 from central in [default]
	jakarta.activation#jakarta.activation-api;1.2.1 from central in [default]
	javax.servlet.jsp#jsp-api;2.1 from central in [default]
	javax.ws.rs#jsr311-api;1.1.1 from central in [default]
	javax.xml.bind#jaxb-api;2.2.11 from central in [default]
	org.apache.avro#avro;1.7.7 from central in [default]
	org.apache.commons#commons-compress;1.21 from central in [default]
	org.apache.commons#commons-configuration2;2.1.1 from central in [default]
	org.apache.commons#commons-lang3;3.12.0 from central in [default]
	org.apache.commons#commons-math3;3.1.1 from central in [default]
	org.apache.curator#curator-client;4.2.0 from central in [default]
	org.apache.curator#curator-framework;4.2.0 from central in [default]
	org.apache.curator#curator-recipes;4.2.0 from central in [default]
	org.apache.hadoop#hadoop-annotations;3.3.4 from central in [default]
	org.apache.hadoop#hadoop-aws;3.3.4 from central in [default]
	org.apache.hadoop#hadoop-common;3.3.4 from central in [default]
	org.apache.hadoop.thirdparty#hadoop-shaded-guava;1.1.1 from central in [default]
	org.apache.hadoop.thirdparty#hadoop-shaded-protobuf_3_7;1.1.1 from central in [default]
	org.apache.httpcomponents#httpclient;4.5.13 from central in [default]
	org.apache.httpcomponents#httpcore;4.4.13 from central in [default]
	org.apache.kerby#kerb-core;1.0.1 from central in [default]
	org.apache.kerby#kerby-pkix;1.0.1 from central in [default]
	org.apache.kerby#kerby-util;1.0.1 from central in [default]
	org.apache.yetus#audience-annotations;0.5.0 from central in [default]
	org.apache.zookeeper#zookeeper;3.5.6 from central in [default]
	org.apache.zookeeper#zookeeper-jute;3.5.6 from central in [default]
	org.checkerframework#checker-qual;2.5.2 from central in [default]
	org.codehaus.jackson#jackson-core-asl;1.9.13 from central in [default]
	org.codehaus.jackson#jackson-jaxrs;1.9.13 from central in [default]
	org.codehaus.jackson#jackson-mapper-asl;1.9.13 from central in [default]
	org.codehaus.jackson#jackson-xc;1.9.13 from central in [default]
	org.codehaus.jettison#jettison;1.1 from central in [default]
	org.codehaus.mojo#animal-sniffer-annotations;1.17 from central in [default]
	org.codehaus.woodstox#stax2-api;4.2.1 from central in [default]
	org.eclipse.jetty#jetty-http;9.4.43.v20210629 from central in [default]
	org.eclipse.jetty#jetty-io;9.4.43.v20210629 from central in [default]
	org.eclipse.jetty#jetty-security;9.4.43.v20210629 from central in [default]
	org.eclipse.jetty#jetty-server;9.4.43.v20210629 from central in [default]
	org.eclipse.jetty#jetty-servlet;9.4.43.v20210629 from central in [default]
	org.eclipse.jetty#jetty-util;9.4.43.v20210629 from central in [default]
	org.eclipse.jetty#jetty-util-ajax;9.4.43.v20210629 from central in [default]
	org.eclipse.jetty#jetty-webapp;9.4.43.v20210629 from central in [default]
	org.eclipse.jetty#jetty-xml;9.4.43.v20210629 from central in [default]
	org.slf4j#slf4j-api;1.7.36 from central in [default]
	org.slf4j#slf4j-reload4j;1.7.36 from spark-list in [default]
	org.wildfly.openssl#wildfly-openssl;1.0.7.Final from central in [default]
	org.xerial.snappy#snappy-java;1.1.8.2 from central in [default]
	---------------------------------------------------------------------
	|                  |            modules            ||   artifacts   |
	|       conf       | number| search|dwnlded|evicted|| number|dwnlded|
	---------------------------------------------------------------------
	|      default     |   80  |   33  |   33  |   0   ||   70  |   19  |
	---------------------------------------------------------------------

:: problems summary ::
:::: WARNINGS
	io problem while parsing ivy file: https://repo1.maven.org/maven2/io/delta/delta-spark_2.12/3.1.0/delta-spark_2.12-3.1.0.pom (java.io.FileNotFoundException: /home/gitpod/.ivy2/cache/io.delta/delta-spark_2.12/ivy-3.1.0.xml.original (No such file or directory))

		module not found: io.delta#delta-spark_2.12;3.1.0

	==== local-m2-cache: tried

	  file:/home/gitpod/.m2/repository/io/delta/delta-spark_2.12/3.1.0/delta-spark_2.12-3.1.0.pom

	  -- artifact io.delta#delta-spark_2.12;3.1.0!delta-spark_2.12.jar:

	  file:/home/gitpod/.m2/repository/io/delta/delta-spark_2.12/3.1.0/delta-spark_2.12-3.1.0.jar

	==== local-ivy-cache: tried

	  /home/gitpod/.ivy2/local/io.delta/delta-spark_2.12/3.1.0/ivys/ivy.xml

	  -- artifact io.delta#delta-spark_2.12;3.1.0!delta-spark_2.12.jar:

	  /home/gitpod/.ivy2/local/io.delta/delta-spark_2.12/3.1.0/jars/delta-spark_2.12.jar

	==== central: tried

	  https://repo1.maven.org/maven2/io/delta/delta-spark_2.12/3.1.0/delta-spark_2.12-3.1.0.pom

	==== spark-packages: tried

	  https://repos.spark-packages.org/io/delta/delta-spark_2.12/3.1.0/delta-spark_2.12-3.1.0.pom

	  -- artifact io.delta#delta-spark_2.12;3.1.0!delta-spark_2.12.jar:

	  https://repos.spark-packages.org/io/delta/delta-spark_2.12/3.1.0/delta-spark_2.12-3.1.0.jar

	impossible to put metadata file in cache: https://repo1.maven.org/maven2/com/google/guava/guava/27.0-jre/guava-27.0-jre.pom (27.0-jre) (java.io.FileNotFoundException: /home/gitpod/.ivy2/cache/com.google.guava/guava/ivy-27.0-jre.xml.original (No such file or directory))

	io problem while parsing ivy file: https://repo1.maven.org/maven2/commons-logging/commons-logging/1.1.3/commons-logging-1.1.3.pom (java.io.FileNotFoundException: /home/gitpod/.ivy2/cache/commons-logging/commons-logging/ivy-1.1.3.xml.original (No such file or directory))

		module not found: commons-logging#commons-logging;1.1.3

	==== local-m2-cache: tried

	  file:/home/gitpod/.m2/repository/commons-logging/commons-logging/1.1.3/commons-logging-1.1.3.pom

	  -- artifact commons-logging#commons-logging;1.1.3!commons-logging.jar:

	  file:/home/gitpod/.m2/repository/commons-logging/commons-logging/1.1.3/commons-logging-1.1.3.jar

	==== local-ivy-cache: tried

	  /home/gitpod/.ivy2/local/commons-logging/commons-logging/1.1.3/ivys/ivy.xml

	  -- artifact commons-logging#commons-logging;1.1.3!commons-logging.jar:

	  /home/gitpod/.ivy2/local/commons-logging/commons-logging/1.1.3/jars/commons-logging.jar

	==== central: tried

	  https://repo1.maven.org/maven2/commons-logging/commons-logging/1.1.3/commons-logging-1.1.3.pom

	==== spark-packages: tried

	  https://repos.spark-packages.org/commons-logging/commons-logging/1.1.3/commons-logging-1.1.3.pom

	  -- artifact commons-logging#commons-logging;1.1.3!commons-logging.jar:

	  https://repos.spark-packages.org/commons-logging/commons-logging/1.1.3/commons-logging-1.1.3.jar

	io problem while parsing ivy file: https://repo1.maven.org/maven2/commons-codec/commons-codec/1.15/commons-codec-1.15.pom (java.io.FileNotFoundException: /home/gitpod/.ivy2/cache/commons-codec/commons-codec/ivy-1.15.xml.original (No such file or directory))

		module not found: commons-codec#commons-codec;1.15

	==== local-m2-cache: tried

	  file:/home/gitpod/.m2/repository/commons-codec/commons-codec/1.15/commons-codec-1.15.pom

	  -- artifact commons-codec#commons-codec;1.15!commons-codec.jar:

	  file:/home/gitpod/.m2/repository/commons-codec/commons-codec/1.15/commons-codec-1.15.jar

	==== local-ivy-cache: tried

	  /home/gitpod/.ivy2/local/commons-codec/commons-codec/1.15/ivys/ivy.xml

	  -- artifact commons-codec#commons-codec;1.15!commons-codec.jar:

	  /home/gitpod/.ivy2/local/commons-codec/commons-codec/1.15/jars/commons-codec.jar

	==== central: tried

	  https://repo1.maven.org/maven2/commons-codec/commons-codec/1.15/commons-codec-1.15.pom

	==== spark-packages: tried

	  https://repos.spark-packages.org/commons-codec/commons-codec/1.15/commons-codec-1.15.pom

	  -- artifact commons-codec#commons-codec;1.15!commons-codec.jar:

	  https://repos.spark-packages.org/commons-codec/commons-codec/1.15/commons-codec-1.15.jar

	problem while downloading module descriptor: https://repo1.maven.org/maven2/org/apache/commons/commons-parent/39/commons-parent-39.pom: size of source file /home/gitpod/.ivy2/cache/org.apache.commons/commons-parent/ivy-39.xml.original(0) differs from size of dest file /home/gitpod/.ivy2/cache/org.apache.commons/commons-parent/ivy-39.xml.original.backup(61975) - please retry (4ms)

	io problem while parsing ivy file: https://repo1.maven.org/maven2/commons-collections/commons-collections/3.2.2/commons-collections-3.2.2.pom (java.io.IOException: Impossible to load parent for file:/home/gitpod/.ivy2/cache/commons-collections/commons-collections/ivy-3.2.2.xml.original. Parent=org.apache.commons#commons-parent;39)

		module not found: commons-collections#commons-collections;3.2.2

	==== local-m2-cache: tried

	  file:/home/gitpod/.m2/repository/org/apache/commons/commons-parent/39/commons-parent-39.pom

	  -- artifact org.apache.commons#commons-parent;39!commons-parent.jar:

	  file:/home/gitpod/.m2/repository/org/apache/commons/commons-parent/39/commons-parent-39.jar

	==== local-ivy-cache: tried

	  /home/gitpod/.ivy2/local/org.apache.commons/commons-parent/39/ivys/ivy.xml

	  -- artifact org.apache.commons#commons-parent;39!commons-parent.jar:

	  /home/gitpod/.ivy2/local/org.apache.commons/commons-parent/39/jars/commons-parent.jar

	==== central: tried

	  https://repo1.maven.org/maven2/org/apache/commons/commons-parent/39/commons-parent-39.pom

	==== spark-packages: tried

	  https://repos.spark-packages.org/commons-collections/commons-collections/3.2.2/commons-collections-3.2.2.pom

	  -- artifact commons-collections#commons-collections;3.2.2!commons-collections.jar:

	  https://repos.spark-packages.org/commons-collections/commons-collections/3.2.2/commons-collections-3.2.2.jar

	io problem while parsing ivy file: https://repo1.maven.org/maven2/javax/servlet/javax.servlet-api/3.1.0/javax.servlet-api-3.1.0.pom (java.io.FileNotFoundException: /home/gitpod/.ivy2/cache/javax.servlet/javax.servlet-api/ivy-3.1.0.xml.original (No such file or directory))

		module not found: javax.servlet#javax.servlet-api;3.1.0

	==== local-m2-cache: tried

	  file:/home/gitpod/.m2/repository/javax/servlet/javax.servlet-api/3.1.0/javax.servlet-api-3.1.0.pom

	  -- artifact javax.servlet#javax.servlet-api;3.1.0!javax.servlet-api.jar:

	  file:/home/gitpod/.m2/repository/javax/servlet/javax.servlet-api/3.1.0/javax.servlet-api-3.1.0.jar

	==== local-ivy-cache: tried

	  /home/gitpod/.ivy2/local/javax.servlet/javax.servlet-api/3.1.0/ivys/ivy.xml

	  -- artifact javax.servlet#javax.servlet-api;3.1.0!javax.servlet-api.jar:

	  /home/gitpod/.ivy2/local/javax.servlet/javax.servlet-api/3.1.0/jars/javax.servlet-api.jar

	==== central: tried

	  https://repo1.maven.org/maven2/javax/servlet/javax.servlet-api/3.1.0/javax.servlet-api-3.1.0.pom

	==== spark-packages: tried

	  https://repos.spark-packages.org/javax/servlet/javax.servlet-api/3.1.0/javax.servlet-api-3.1.0.pom

	  -- artifact javax.servlet#javax.servlet-api;3.1.0!javax.servlet-api.jar:

	  https://repos.spark-packages.org/javax/servlet/javax.servlet-api/3.1.0/javax.servlet-api-3.1.0.jar

	impossible to put metadata file in cache: https://repo1.maven.org/maven2/com/sun/jersey/jersey-json/1.19/jersey-json-1.19.pom (1.19) (java.io.FileNotFoundException: /home/gitpod/.ivy2/cache/com.sun.jersey/jersey-json/ivy-1.19.xml.original (No such file or directory))

	impossible to put metadata file in cache: https://repo1.maven.org/maven2/org/codehaus/jettison/jettison/1.1/jettison-1.1.pom (1.1) (java.io.FileNotFoundException: /home/gitpod/.ivy2/cache/org.codehaus.jettison/jettison/ivy-1.1.xml.original (No such file or directory))

	impossible to put metadata file in cache: https://repo1.maven.org/maven2/com/sun/xml/bind/jaxb-impl/2.2.3-1/jaxb-impl-2.2.3-1.pom (2.2.3-1) (java.io.FileNotFoundException: /home/gitpod/.ivy2/cache/com.sun.xml.bind/jaxb-impl/ivy-2.2.3-1.xml.original (No such file or directory))

	io problem while parsing ivy file: https://repo1.maven.org/maven2/commons-beanutils/commons-beanutils/1.9.4/commons-beanutils-1.9.4.pom (java.io.FileNotFoundException: /home/gitpod/.ivy2/cache/commons-beanutils/commons-beanutils/ivy-1.9.4.xml.original (No such file or directory))

		module not found: commons-beanutils#commons-beanutils;1.9.4

	==== local-m2-cache: tried

	  file:/home/gitpod/.m2/repository/commons-beanutils/commons-beanutils/1.9.4/commons-beanutils-1.9.4.pom

	  -- artifact commons-beanutils#commons-beanutils;1.9.4!commons-beanutils.jar:

	  file:/home/gitpod/.m2/repository/commons-beanutils/commons-beanutils/1.9.4/commons-beanutils-1.9.4.jar

	==== local-ivy-cache: tried

	  /home/gitpod/.ivy2/local/commons-beanutils/commons-beanutils/1.9.4/ivys/ivy.xml

	  -- artifact commons-beanutils#commons-beanutils;1.9.4!commons-beanutils.jar:

	  /home/gitpod/.ivy2/local/commons-beanutils/commons-beanutils/1.9.4/jars/commons-beanutils.jar

	==== central: tried

	  https://repo1.maven.org/maven2/commons-beanutils/commons-beanutils/1.9.4/commons-beanutils-1.9.4.pom

	==== spark-packages: tried

	  https://repos.spark-packages.org/commons-beanutils/commons-beanutils/1.9.4/commons-beanutils-1.9.4.pom

	  -- artifact commons-beanutils#commons-beanutils;1.9.4!commons-beanutils.jar:

	  https://repos.spark-packages.org/commons-beanutils/commons-beanutils/1.9.4/commons-beanutils-1.9.4.jar

	io problem while parsing ivy file: https://repo1.maven.org/maven2/org/apache/commons/commons-text/1.4/commons-text-1.4.pom (java.io.FileNotFoundException: /home/gitpod/.ivy2/cache/org.apache.commons/commons-text/ivy-1.4.xml.original (No such file or directory))

		module not found: org.apache.commons#commons-text;1.4

	==== local-m2-cache: tried

	  file:/home/gitpod/.m2/repository/org/apache/commons/commons-text/1.4/commons-text-1.4.pom

	  -- artifact org.apache.commons#commons-text;1.4!commons-text.jar:

	  file:/home/gitpod/.m2/repository/org/apache/commons/commons-text/1.4/commons-text-1.4.jar

	==== local-ivy-cache: tried

	  /home/gitpod/.ivy2/local/org.apache.commons/commons-text/1.4/ivys/ivy.xml

	  -- artifact org.apache.commons#commons-text;1.4!commons-text.jar:

	  /home/gitpod/.ivy2/local/org.apache.commons/commons-text/1.4/jars/commons-text.jar

	==== central: tried

	  https://repo1.maven.org/maven2/org/apache/commons/commons-text/1.4/commons-text-1.4.pom

	==== spark-packages: tried

	  https://repos.spark-packages.org/org/apache/commons/commons-text/1.4/commons-text-1.4.pom

	  -- artifact org.apache.commons#commons-text;1.4!commons-text.jar:

	  https://repos.spark-packages.org/org/apache/commons/commons-text/1.4/commons-text-1.4.jar

	problem while downloading module descriptor: https://repo1.maven.org/maven2/org/apache/hadoop/hadoop-auth/3.3.4/hadoop-auth-3.3.4.pom: Downloaded file size (0) doesn't match expected Content Length (8582) for https://repo1.maven.org/maven2/org/apache/hadoop/hadoop-auth/3.3.4/hadoop-auth-3.3.4.pom. Please retry. (7ms)

		module not found: org.apache.hadoop#hadoop-auth;3.3.4

	==== local-m2-cache: tried

	  file:/home/gitpod/.m2/repository/org/apache/hadoop/hadoop-auth/3.3.4/hadoop-auth-3.3.4.pom

	  -- artifact org.apache.hadoop#hadoop-auth;3.3.4!hadoop-auth.jar(test-jar):

	  file:/home/gitpod/.m2/repository/org/apache/hadoop/hadoop-auth/3.3.4/hadoop-auth-3.3.4-tests.jar

	==== local-ivy-cache: tried

	  /home/gitpod/.ivy2/local/org.apache.hadoop/hadoop-auth/3.3.4/ivys/ivy.xml

	  -- artifact org.apache.hadoop#hadoop-auth;3.3.4!hadoop-auth.jar(test-jar):

	  /home/gitpod/.ivy2/local/org.apache.hadoop/hadoop-auth/3.3.4/test-jars/hadoop-auth-tests.jar

	==== central: tried

	  https://repo1.maven.org/maven2/org/apache/hadoop/hadoop-auth/3.3.4/hadoop-auth-3.3.4.pom

	==== spark-packages: tried

	  https://repos.spark-packages.org/org/apache/hadoop/hadoop-auth/3.3.4/hadoop-auth-3.3.4.pom

	  -- artifact org.apache.hadoop#hadoop-auth;3.3.4!hadoop-auth.jar(test-jar):

	  https://repos.spark-packages.org/org/apache/hadoop/hadoop-auth/3.3.4/hadoop-auth-3.3.4-tests.jar

	problem while downloading module descriptor: https://repo1.maven.org/maven2/org/apache/kerby/kerby-common/1.0.1/kerby-common-1.0.1.pom: Downloaded file size (0) doesn't match expected Content Length (1264) for https://repo1.maven.org/maven2/org/apache/kerby/kerby-common/1.0.1/kerby-common-1.0.1.pom. Please retry. (67ms)

	io problem while parsing ivy file: https://repo1.maven.org/maven2/org/apache/kerby/kerby-asn1/1.0.1/kerby-asn1-1.0.1.pom (java.io.IOException: Impossible to load parent for file:/home/gitpod/.ivy2/cache/org.apache.kerby/kerby-asn1/ivy-1.0.1.xml.original. Parent=org.apache.kerby#kerby-common;1.0.1)

		module not found: org.apache.kerby#kerby-asn1;1.0.1

	==== local-m2-cache: tried

	  file:/home/gitpod/.m2/repository/org/apache/kerby/kerby-common/1.0.1/kerby-common-1.0.1.pom

	  -- artifact org.apache.kerby#kerby-common;1.0.1!kerby-common.jar:

	  file:/home/gitpod/.m2/repository/org/apache/kerby/kerby-common/1.0.1/kerby-common-1.0.1.jar

	==== local-ivy-cache: tried

	  /home/gitpod/.ivy2/local/org.apache.kerby/kerby-common/1.0.1/ivys/ivy.xml

	  -- artifact org.apache.kerby#kerby-common;1.0.1!kerby-common.jar:

	  /home/gitpod/.ivy2/local/org.apache.kerby/kerby-common/1.0.1/jars/kerby-common.jar

	==== central: tried

	  https://repo1.maven.org/maven2/org/apache/kerby/kerby-common/1.0.1/kerby-common-1.0.1.pom

	==== spark-packages: tried

	  https://repos.spark-packages.org/org/apache/kerby/kerby-asn1/1.0.1/kerby-asn1-1.0.1.pom

	  -- artifact org.apache.kerby#kerby-asn1;1.0.1!kerby-asn1.jar:

	  https://repos.spark-packages.org/org/apache/kerby/kerby-asn1/1.0.1/kerby-asn1-1.0.1.jar

	problem while downloading module descriptor: https://repo1.maven.org/maven2/com/fasterxml/woodstox/woodstox-core/5.3.0/woodstox-core-5.3.0.pom: /home/gitpod/.ivy2/cache/com.fasterxml.woodstox/woodstox-core/ivy-5.3.0.xml.original (No such file or directory) (2ms)

		module not found: com.fasterxml.woodstox#woodstox-core;5.3.0

	==== local-m2-cache: tried

	  file:/home/gitpod/.m2/repository/com/fasterxml/woodstox/woodstox-core/5.3.0/woodstox-core-5.3.0.pom

	  -- artifact com.fasterxml.woodstox#woodstox-core;5.3.0!woodstox-core.jar:

	  file:/home/gitpod/.m2/repository/com/fasterxml/woodstox/woodstox-core/5.3.0/woodstox-core-5.3.0.jar

	==== local-ivy-cache: tried

	  /home/gitpod/.ivy2/local/com.fasterxml.woodstox/woodstox-core/5.3.0/ivys/ivy.xml

	  -- artifact com.fasterxml.woodstox#woodstox-core;5.3.0!woodstox-core.jar:

	  /home/gitpod/.ivy2/local/com.fasterxml.woodstox/woodstox-core/5.3.0/jars/woodstox-core.jar

	==== central: tried

	  https://repo1.maven.org/maven2/com/fasterxml/woodstox/woodstox-core/5.3.0/woodstox-core-5.3.0.pom

	==== spark-packages: tried

	  https://repos.spark-packages.org/com/fasterxml/woodstox/woodstox-core/5.3.0/woodstox-core-5.3.0.pom

	  -- artifact com.fasterxml.woodstox#woodstox-core;5.3.0!woodstox-core.jar:

	  https://repos.spark-packages.org/com/fasterxml/woodstox/woodstox-core/5.3.0/woodstox-core-5.3.0.jar

		[FAILED     ] org.apache.hadoop#hadoop-aws;3.3.4!hadoop-aws.jar: Downloaded file size (0) doesn't match expected Content Length (962685) for https://repo1.maven.org/maven2/org/apache/hadoop/hadoop-aws/3.3.4/hadoop-aws-3.3.4.jar. Please retry. (178ms)

		[FAILED     ] org.apache.hadoop#hadoop-aws;3.3.4!hadoop-aws.jar: Downloaded file size (0) doesn't match expected Content Length (962685) for https://repo1.maven.org/maven2/org/apache/hadoop/hadoop-aws/3.3.4/hadoop-aws-3.3.4.jar. Please retry. (178ms)

	==== central: tried

	  https://repo1.maven.org/maven2/org/apache/hadoop/hadoop-aws/3.3.4/hadoop-aws-3.3.4.jar

		[FAILED     ] org.apache.hadoop#hadoop-common;3.3.4!hadoop-common.jar: Downloaded file size (0) doesn't match expected Content Length (4470571) for https://repo1.maven.org/maven2/org/apache/hadoop/hadoop-common/3.3.4/hadoop-common-3.3.4.jar. Please retry. (307ms)

		[FAILED     ] org.apache.hadoop#hadoop-common;3.3.4!hadoop-common.jar: Downloaded file size (0) doesn't match expected Content Length (4470571) for https://repo1.maven.org/maven2/org/apache/hadoop/hadoop-common/3.3.4/hadoop-common-3.3.4.jar. Please retry. (307ms)

	==== central: tried

	  https://repo1.maven.org/maven2/org/apache/hadoop/hadoop-common/3.3.4/hadoop-common-3.3.4.jar

		[FAILED     ] com.amazonaws#aws-java-sdk-bundle;1.12.262!aws-java-sdk-bundle.jar: Downloaded file size (0) doesn't match expected Content Length (280645251) for https://repo1.maven.org/maven2/com/amazonaws/aws-java-sdk-bundle/1.12.262/aws-java-sdk-bundle-1.12.262.jar. Please retry. (108772ms)

		[FAILED     ] com.amazonaws#aws-java-sdk-bundle;1.12.262!aws-java-sdk-bundle.jar: Downloaded file size (0) doesn't match expected Content Length (280645251) for https://repo1.maven.org/maven2/com/amazonaws/aws-java-sdk-bundle/1.12.262/aws-java-sdk-bundle-1.12.262.jar. Please retry. (108772ms)

	==== central: tried

	  https://repo1.maven.org/maven2/com/amazonaws/aws-java-sdk-bundle/1.12.262/aws-java-sdk-bundle-1.12.262.jar

		[FAILED     ] com.sun.jersey#jersey-servlet;1.19!jersey-servlet.jar: Downloaded file size (0) doesn't match expected Content Length (128719) for https://repo1.maven.org/maven2/com/sun/jersey/jersey-servlet/1.19/jersey-servlet-1.19.jar. Please retry. (163ms)

		[FAILED     ] com.sun.jersey#jersey-servlet;1.19!jersey-servlet.jar: Downloaded file size (0) doesn't match expected Content Length (128719) for https://repo1.maven.org/maven2/com/sun/jersey/jersey-servlet/1.19/jersey-servlet-1.19.jar. Please retry. (163ms)

	==== central: tried

	  https://repo1.maven.org/maven2/com/sun/jersey/jersey-servlet/1.19/jersey-servlet-1.19.jar

		[FAILED     ] com.sun.jersey#jersey-json;1.19!jersey-json.jar: Downloaded file size (0) doesn't match expected Content Length (165345) for https://repo1.maven.org/maven2/com/sun/jersey/jersey-json/1.19/jersey-json-1.19.jar. Please retry. (85ms)

		[FAILED     ] com.sun.jersey#jersey-json;1.19!jersey-json.jar: Downloaded file size (0) doesn't match expected Content Length (165345) for https://repo1.maven.org/maven2/com/sun/jersey/jersey-json/1.19/jersey-json-1.19.jar. Please retry. (85ms)

	==== central: tried

	  https://repo1.maven.org/maven2/com/sun/jersey/jersey-json/1.19/jersey-json-1.19.jar

		[FAILED     ] com.sun.jersey#jersey-server;1.19!jersey-server.jar: Downloaded file size (0) doesn't match expected Content Length (702882) for https://repo1.maven.org/maven2/com/sun/jersey/jersey-server/1.19/jersey-server-1.19.jar. Please retry. (211ms)

		[FAILED     ] com.sun.jersey#jersey-server;1.19!jersey-server.jar: Downloaded file size (0) doesn't match expected Content Length (702882) for https://repo1.maven.org/maven2/com/sun/jersey/jersey-server/1.19/jersey-server-1.19.jar. Please retry. (211ms)

	==== central: tried

	  https://repo1.maven.org/maven2/com/sun/jersey/jersey-server/1.19/jersey-server-1.19.jar

		[FAILED     ] com.google.re2j#re2j;1.1!re2j.jar: Downloaded file size (0) doesn't match expected Content Length (128414) for https://repo1.maven.org/maven2/com/google/re2j/re2j/1.1/re2j-1.1.jar. Please retry. (108ms)

		[FAILED     ] com.google.re2j#re2j;1.1!re2j.jar: Downloaded file size (0) doesn't match expected Content Length (128414) for https://repo1.maven.org/maven2/com/google/re2j/re2j/1.1/re2j-1.1.jar. Please retry. (108ms)

	==== central: tried

	  https://repo1.maven.org/maven2/com/google/re2j/re2j/1.1/re2j-1.1.jar

		[FAILED     ] com.jcraft#jsch;0.1.55!jsch.jar: Downloaded file size (0) doesn't match expected Content Length (282591) for https://repo1.maven.org/maven2/com/jcraft/jsch/0.1.55/jsch-0.1.55.jar. Please retry. (197ms)

		[FAILED     ] com.jcraft#jsch;0.1.55!jsch.jar: Downloaded file size (0) doesn't match expected Content Length (282591) for https://repo1.maven.org/maven2/com/jcraft/jsch/0.1.55/jsch-0.1.55.jar. Please retry. (197ms)

	==== central: tried

	  https://repo1.maven.org/maven2/com/jcraft/jsch/0.1.55/jsch-0.1.55.jar

		[FAILED     ] org.apache.zookeeper#zookeeper;3.5.6!zookeeper.jar: Downloaded file size (0) doesn't match expected Content Length (984810) for https://repo1.maven.org/maven2/org/apache/zookeeper/zookeeper/3.5.6/zookeeper-3.5.6.jar. Please retry. (566ms)

		[FAILED     ] org.apache.zookeeper#zookeeper;3.5.6!zookeeper.jar: Downloaded file size (0) doesn't match expected Content Length (984810) for https://repo1.maven.org/maven2/org/apache/zookeeper/zookeeper/3.5.6/zookeeper-3.5.6.jar. Please retry. (566ms)

	==== central: tried

	  https://repo1.maven.org/maven2/org/apache/zookeeper/zookeeper/3.5.6/zookeeper-3.5.6.jar

		[FAILED     ] org.apache.commons#commons-compress;1.21!commons-compress.jar: Downloaded file size (0) doesn't match expected Content Length (1018316) for https://repo1.maven.org/maven2/org/apache/commons/commons-compress/1.21/commons-compress-1.21.jar. Please retry. (426ms)

		[FAILED     ] org.apache.commons#commons-compress;1.21!commons-compress.jar: Downloaded file size (0) doesn't match expected Content Length (1018316) for https://repo1.maven.org/maven2/org/apache/commons/commons-compress/1.21/commons-compress-1.21.jar. Please retry. (426ms)

	==== central: tried

	  https://repo1.maven.org/maven2/org/apache/commons/commons-compress/1.21/commons-compress-1.21.jar

		[FAILED     ] com.fasterxml.jackson.core#jackson-databind;2.12.7!jackson-databind.jar(bundle): Downloaded file size (0) doesn't match expected Content Length (1517276) for https://repo1.maven.org/maven2/com/fasterxml/jackson/core/jackson-databind/2.12.7/jackson-databind-2.12.7.jar. Please retry. (539ms)

		[FAILED     ] com.fasterxml.jackson.core#jackson-databind;2.12.7!jackson-databind.jar(bundle): Downloaded file size (0) doesn't match expected Content Length (1517276) for https://repo1.maven.org/maven2/com/fasterxml/jackson/core/jackson-databind/2.12.7/jackson-databind-2.12.7.jar. Please retry. (539ms)

	==== central: tried

	  https://repo1.maven.org/maven2/com/fasterxml/jackson/core/jackson-databind/2.12.7/jackson-databind-2.12.7.jar

		[FAILED     ] dnsjava#dnsjava;2.1.7!dnsjava.jar: Downloaded file size (0) doesn't match expected Content Length (307637) for https://repo1.maven.org/maven2/dnsjava/dnsjava/2.1.7/dnsjava-2.1.7.jar. Please retry. (215ms)

		[FAILED     ] dnsjava#dnsjava;2.1.7!dnsjava.jar: Downloaded file size (0) doesn't match expected Content Length (307637) for https://repo1.maven.org/maven2/dnsjava/dnsjava/2.1.7/dnsjava-2.1.7.jar. Please retry. (215ms)

	==== central: tried

	  https://repo1.maven.org/maven2/dnsjava/dnsjava/2.1.7/dnsjava-2.1.7.jar

		[FAILED     ] org.xerial.snappy#snappy-java;1.1.8.2!snappy-java.jar(bundle): Downloaded file size (0) doesn't match expected Content Length (1969177) for https://repo1.maven.org/maven2/org/xerial/snappy/snappy-java/1.1.8.2/snappy-java-1.1.8.2.jar. Please retry. (518ms)

		[FAILED     ] org.xerial.snappy#snappy-java;1.1.8.2!snappy-java.jar(bundle): Downloaded file size (0) doesn't match expected Content Length (1969177) for https://repo1.maven.org/maven2/org/xerial/snappy/snappy-java/1.1.8.2/snappy-java-1.1.8.2.jar. Please retry. (518ms)

	==== central: tried

	  https://repo1.maven.org/maven2/org/xerial/snappy/snappy-java/1.1.8.2/snappy-java-1.1.8.2.jar

		[FAILED     ] com.google.guava#failureaccess;1.0!failureaccess.jar: impossible to move part file to definitive one: /home/gitpod/.ivy2/cache/com.google.guava/failureaccess/jars/failureaccess-1.0.jar.part -> /home/gitpod/.ivy2/cache/com.google.guava/failureaccess/jars/failureaccess-1.0.jar (444ms)

		[FAILED     ] com.google.guava#failureaccess;1.0!failureaccess.jar: impossible to move part file to definitive one: /home/gitpod/.ivy2/cache/com.google.guava/failureaccess/jars/failureaccess-1.0.jar.part -> /home/gitpod/.ivy2/cache/com.google.guava/failureaccess/jars/failureaccess-1.0.jar (444ms)

	==== central: tried

	  https://repo1.maven.org/maven2/com/google/guava/failureaccess/1.0/failureaccess-1.0.jar

		[FAILED     ] org.checkerframework#checker-qual;2.5.2!checker-qual.jar: Downloaded file size (0) doesn't match expected Content Length (193322) for https://repo1.maven.org/maven2/org/checkerframework/checker-qual/2.5.2/checker-qual-2.5.2.jar. Please retry. (63ms)

		[FAILED     ] org.checkerframework#checker-qual;2.5.2!checker-qual.jar: Downloaded file size (0) doesn't match expected Content Length (193322) for https://repo1.maven.org/maven2/org/checkerframework/checker-qual/2.5.2/checker-qual-2.5.2.jar. Please retry. (63ms)

	==== central: tried

	  https://repo1.maven.org/maven2/org/checkerframework/checker-qual/2.5.2/checker-qual-2.5.2.jar

		[FAILED     ] com.google.j2objc#j2objc-annotations;1.1!j2objc-annotations.jar: impossible to move part file to definitive one: /home/gitpod/.ivy2/cache/com.google.j2objc/j2objc-annotations/jars/j2objc-annotations-1.1.jar.part -> /home/gitpod/.ivy2/cache/com.google.j2objc/j2objc-annotations/jars/j2objc-annotations-1.1.jar (14ms)

		[FAILED     ] com.google.j2objc#j2objc-annotations;1.1!j2objc-annotations.jar: impossible to move part file to definitive one: /home/gitpod/.ivy2/cache/com.google.j2objc/j2objc-annotations/jars/j2objc-annotations-1.1.jar.part -> /home/gitpod/.ivy2/cache/com.google.j2objc/j2objc-annotations/jars/j2objc-annotations-1.1.jar (14ms)

	==== central: tried

	  https://repo1.maven.org/maven2/com/google/j2objc/j2objc-annotations/1.1/j2objc-annotations-1.1.jar

		[FAILED     ] com.sun.xml.bind#jaxb-impl;2.2.3-1!jaxb-impl.jar: Downloaded file size (0) doesn't match expected Content Length (890168) for https://repo1.maven.org/maven2/com/sun/xml/bind/jaxb-impl/2.2.3-1/jaxb-impl-2.2.3-1.jar. Please retry. (111ms)

		[FAILED     ] com.sun.xml.bind#jaxb-impl;2.2.3-1!jaxb-impl.jar: Downloaded file size (0) doesn't match expected Content Length (890168) for https://repo1.maven.org/maven2/com/sun/xml/bind/jaxb-impl/2.2.3-1/jaxb-impl-2.2.3-1.jar. Please retry. (111ms)

	==== central: tried

	  https://repo1.maven.org/maven2/com/sun/xml/bind/jaxb-impl/2.2.3-1/jaxb-impl-2.2.3-1.jar

		[FAILED     ] org.codehaus.jackson#jackson-core-asl;1.9.13!jackson-core-asl.jar: Downloaded file size (0) doesn't match expected Content Length (232248) for https://repo1.maven.org/maven2/org/codehaus/jackson/jackson-core-asl/1.9.13/jackson-core-asl-1.9.13.jar. Please retry. (130ms)

		[FAILED     ] org.codehaus.jackson#jackson-core-asl;1.9.13!jackson-core-asl.jar: Downloaded file size (0) doesn't match expected Content Length (232248) for https://repo1.maven.org/maven2/org/codehaus/jackson/jackson-core-asl/1.9.13/jackson-core-asl-1.9.13.jar. Please retry. (130ms)

	==== central: tried

	  https://repo1.maven.org/maven2/org/codehaus/jackson/jackson-core-asl/1.9.13/jackson-core-asl-1.9.13.jar

		[FAILED     ] org.codehaus.jackson#jackson-mapper-asl;1.9.13!jackson-mapper-asl.jar: Downloaded file size (0) doesn't match expected Content Length (780664) for https://repo1.maven.org/maven2/org/codehaus/jackson/jackson-mapper-asl/1.9.13/jackson-mapper-asl-1.9.13.jar. Please retry. (244ms)

		[FAILED     ] org.codehaus.jackson#jackson-mapper-asl;1.9.13!jackson-mapper-asl.jar: Downloaded file size (0) doesn't match expected Content Length (780664) for https://repo1.maven.org/maven2/org/codehaus/jackson/jackson-mapper-asl/1.9.13/jackson-mapper-asl-1.9.13.jar. Please retry. (244ms)

	==== central: tried

	  https://repo1.maven.org/maven2/org/codehaus/jackson/jackson-mapper-asl/1.9.13/jackson-mapper-asl-1.9.13.jar

		[FAILED     ] org.codehaus.jackson#jackson-xc;1.9.13!jackson-xc.jar: Downloaded file size (0) doesn't match expected Content Length (27084) for https://repo1.maven.org/maven2/org/codehaus/jackson/jackson-xc/1.9.13/jackson-xc-1.9.13.jar. Please retry. (26ms)

		[FAILED     ] org.codehaus.jackson#jackson-xc;1.9.13!jackson-xc.jar: Downloaded file size (0) doesn't match expected Content Length (27084) for https://repo1.maven.org/maven2/org/codehaus/jackson/jackson-xc/1.9.13/jackson-xc-1.9.13.jar. Please retry. (26ms)

	==== central: tried

	  https://repo1.maven.org/maven2/org/codehaus/jackson/jackson-xc/1.9.13/jackson-xc-1.9.13.jar

		[FAILED     ] com.thoughtworks.paranamer#paranamer;2.3!paranamer.jar: Downloaded file size (0) doesn't match expected Content Length (29555) for https://repo1.maven.org/maven2/com/thoughtworks/paranamer/paranamer/2.3/paranamer-2.3.jar. Please retry. (99ms)

		[FAILED     ] com.thoughtworks.paranamer#paranamer;2.3!paranamer.jar: Downloaded file size (0) doesn't match expected Content Length (29555) for https://repo1.maven.org/maven2/com/thoughtworks/paranamer/paranamer/2.3/paranamer-2.3.jar. Please retry. (99ms)

	==== central: tried

	  https://repo1.maven.org/maven2/com/thoughtworks/paranamer/paranamer/2.3/paranamer-2.3.jar

		::::::::::::::::::::::::::::::::::::::::::::::

		::          UNRESOLVED DEPENDENCIES         ::

		::::::::::::::::::::::::::::::::::::::::::::::

		:: io.delta#delta-spark_2.12;3.1.0: not found

		:: commons-logging#commons-logging;1.1.3: not found

		:: commons-codec#commons-codec;1.15: not found

		:: commons-collections#commons-collections;3.2.2: not found

		:: javax.servlet#javax.servlet-api;3.1.0: not found

		:: commons-beanutils#commons-beanutils;1.9.4: not found

		:: org.apache.commons#commons-text;1.4: not found

		:: org.apache.hadoop#hadoop-auth;3.3.4: not found

		:: org.apache.kerby#kerby-asn1;1.0.1: not found

		:: com.fasterxml.woodstox#woodstox-core;5.3.0: not found

		::::::::::::::::::::::::::::::::::::::::::::::


		::::::::::::::::::::::::::::::::::::::::::::::

		::              FAILED DOWNLOADS            ::

		:: ^ see resolution messages for details  ^ ::

		::::::::::::::::::::::::::::::::::::::::::::::

		:: org.apache.hadoop#hadoop-aws;3.3.4!hadoop-aws.jar

		:: com.amazonaws#aws-java-sdk-bundle;1.12.262!aws-java-sdk-bundle.jar

		:: org.apache.hadoop#hadoop-common;3.3.4!hadoop-common.jar

		:: com.google.guava#failureaccess;1.0!failureaccess.jar

		:: org.checkerframework#checker-qual;2.5.2!checker-qual.jar

		:: com.google.j2objc#j2objc-annotations;1.1!j2objc-annotations.jar

		:: com.sun.jersey#jersey-servlet;1.19!jersey-servlet.jar

		:: com.sun.jersey#jersey-server;1.19!jersey-server.jar

		:: com.sun.jersey#jersey-json;1.19!jersey-json.jar

		:: com.sun.xml.bind#jaxb-impl;2.2.3-1!jaxb-impl.jar

		:: org.codehaus.jackson#jackson-core-asl;1.9.13!jackson-core-asl.jar

		:: org.codehaus.jackson#jackson-mapper-asl;1.9.13!jackson-mapper-asl.jar

		:: org.codehaus.jackson#jackson-xc;1.9.13!jackson-xc.jar

		:: com.thoughtworks.paranamer#paranamer;2.3!paranamer.jar

		:: org.xerial.snappy#snappy-java;1.1.8.2!snappy-java.jar(bundle)

		:: org.apache.commons#commons-compress;1.21!commons-compress.jar

		:: com.google.re2j#re2j;1.1!re2j.jar

		:: com.jcraft#jsch;0.1.55!jsch.jar

		:: org.apache.zookeeper#zookeeper;3.5.6!zookeeper.jar

		:: com.fasterxml.jackson.core#jackson-databind;2.12.7!jackson-databind.jar(bundle)

		:: dnsjava#dnsjava;2.1.7!dnsjava.jar

		::::::::::::::::::::::::::::::::::::::::::::::


:::: ERRORS
	unknown resolver null

	unknown resolver null

	unknown resolver null

	unknown resolver null


:: USE VERBOSE OR DEBUG MESSAGE LEVEL FOR MORE DETAILS
Exception in thread "main" java.lang.RuntimeException: [unresolved dependency: io.delta#delta-spark_2.12;3.1.0: not found, unresolved dependency: commons-logging#commons-logging;1.1.3: not found, unresolved dependency: commons-codec#commons-codec;1.15: not found, unresolved dependency: commons-collections#commons-collections;3.2.2: not found, unresolved dependency: javax.servlet#javax.servlet-api;3.1.0: not found, unresolved dependency: commons-beanutils#commons-beanutils;1.9.4: not found, unresolved dependency: org.apache.commons#commons-text;1.4: not found, unresolved dependency: org.apache.hadoop#hadoop-auth;3.3.4: not found, unresolved dependency: org.apache.kerby#kerby-asn1;1.0.1: not found, unresolved dependency: com.fasterxml.woodstox#woodstox-core;5.3.0: not found, download failed: org.apache.hadoop#hadoop-aws;3.3.4!hadoop-aws.jar, download failed: com.amazonaws#aws-java-sdk-bundle;1.12.262!aws-java-sdk-bundle.jar, download failed: org.apache.hadoop#hadoop-common;3.3.4!hadoop-common.jar, download failed: com.google.guava#failureaccess;1.0!failureaccess.jar, download failed: org.checkerframework#checker-qual;2.5.2!checker-qual.jar, download failed: com.google.j2objc#j2objc-annotations;1.1!j2objc-annotations.jar, download failed: com.sun.jersey#jersey-servlet;1.19!jersey-servlet.jar, download failed: com.sun.jersey#jersey-server;1.19!jersey-server.jar, download failed: com.sun.jersey#jersey-json;1.19!jersey-json.jar, download failed: com.sun.xml.bind#jaxb-impl;2.2.3-1!jaxb-impl.jar, download failed: org.codehaus.jackson#jackson-core-asl;1.9.13!jackson-core-asl.jar, download failed: org.codehaus.jackson#jackson-mapper-asl;1.9.13!jackson-mapper-asl.jar, download failed: org.codehaus.jackson#jackson-xc;1.9.13!jackson-xc.jar, download failed: com.thoughtworks.paranamer#paranamer;2.3!paranamer.jar, download failed: org.xerial.snappy#snappy-java;1.1.8.2!snappy-java.jar(bundle), download failed: org.apache.commons#commons-compress;1.21!commons-compress.jar, download failed: com.google.re2j#re2j;1.1!re2j.jar, download failed: com.jcraft#jsch;0.1.55!jsch.jar, download failed: org.apache.zookeeper#zookeeper;3.5.6!zookeeper.jar, download failed: com.fasterxml.jackson.core#jackson-databind;2.12.7!jackson-databind.jar(bundle), download failed: dnsjava#dnsjava;2.1.7!dnsjava.jar]
	at org.apache.spark.deploy.SparkSubmitUtils$.resolveMavenCoordinates(SparkSubmit.scala:1608)
	at org.apache.spark.util.DependencyUtils$.resolveMavenDependencies(DependencyUtils.scala:185)
	at org.apache.spark.deploy.SparkSubmit.prepareSubmitEnvironment(SparkSubmit.scala:334)
	at org.apache.spark.deploy.SparkSubmit.org$apache$spark$deploy$SparkSubmit$$runMain(SparkSubmit.scala:964)
	at org.apache.spark.deploy.SparkSubmit.doRunMain$1(SparkSubmit.scala:194)
	at org.apache.spark.deploy.SparkSubmit.submit(SparkSubmit.scala:217)
	at org.apache.spark.deploy.SparkSubmit.doSubmit(SparkSubmit.scala:91)
	at org.apache.spark.deploy.SparkSubmit$$anon$2.doSubmit(SparkSubmit.scala:1120)
	at org.apache.spark.deploy.SparkSubmit$.main(SparkSubmit.scala:1129)
	at org.apache.spark.deploy.SparkSubmit.main(SparkSubmit.scala)
[32m2024-05-31 15:31:46 +0000[0m - dagster - [34mDEBUG[0m - __ASSET_JOB - 29657144-f47b-4730-a719-19652768d51f - 16979 - spark_operator.create_stock_tables[stock_A_path] - STEP_UP_FOR_RETRY - Execution of step "spark_operator.create_stock_tables[stock_A_path]" failed and has requested a retry in 0.325539365817585 seconds.

dagster._core.execution.plan.utils.RetryRequestedFromPolicy

Stack Trace:
  File "/workspace/.pyenv_mirror/user/current/lib/python3.12/site-packages/dagster/_core/execution/plan/execute_plan.py", line 282, in dagster_event_sequence_for_step
    for step_event in check.generator(step_events):
  File "/workspace/.pyenv_mirror/user/current/lib/python3.12/site-packages/dagster/_core/execution/plan/execute_step.py", line 525, in core_dagster_event_sequence_for_step
    for user_event in _step_output_error_checked_user_event_sequence(
  File "/workspace/.pyenv_mirror/user/current/lib/python3.12/site-packages/dagster/_core/execution/plan/execute_step.py", line 203, in _step_output_error_checked_user_event_sequence
    for user_event in user_event_sequence:
  File "/workspace/.pyenv_mirror/user/current/lib/python3.12/site-packages/dagster/_core/execution/plan/execute_step.py", line 100, in _process_asset_results_to_events
    for user_event in user_event_sequence:
  File "/workspace/.pyenv_mirror/user/current/lib/python3.12/site-packages/dagster/_core/execution/plan/compute.py", line 208, in execute_core_compute
    for step_output in _yield_compute_results(step_context, inputs, compute_fn, compute_context):
  File "/workspace/.pyenv_mirror/user/current/lib/python3.12/site-packages/dagster/_core/execution/plan/compute.py", line 177, in _yield_compute_results
    for event in iterate_with_context(
  File "/workspace/.pyenv_mirror/user/current/lib/python3.12/site-packages/dagster/_utils/__init__.py", line 466, in iterate_with_context
    with context_fn():
  File "/home/gitpod/.pyenv/versions/3.12.3/lib/python3.12/contextlib.py", line 158, in __exit__
    self.gen.throw(value)
  File "/workspace/.pyenv_mirror/user/current/lib/python3.12/site-packages/dagster/_core/execution/plan/utils.py", line 72, in op_execution_error_boundary
    raise RetryRequestedFromPolicy(

The above exception was caused by the following exception:
pyspark.errors.exceptions.base.PySparkRuntimeError: [JAVA_GATEWAY_EXITED] Java gateway process exited before sending its port number.

Stack Trace:
  File "/workspace/.pyenv_mirror/user/current/lib/python3.12/site-packages/dagster/_core/execution/plan/utils.py", line 54, in op_execution_error_boundary
    yield
  File "/workspace/.pyenv_mirror/user/current/lib/python3.12/site-packages/dagster/_utils/__init__.py", line 468, in iterate_with_context
    next_output = next(iterator)
                  ^^^^^^^^^^^^^^
  File "/workspace/.pyenv_mirror/user/current/lib/python3.12/site-packages/dagster/_core/execution/plan/compute_generator.py", line 141, in _coerce_op_compute_fn_to_iterator
    result = invoke_compute_fn(
             ^^^^^^^^^^^^^^^^^^
  File "/workspace/.pyenv_mirror/user/current/lib/python3.12/site-packages/dagster/_core/execution/plan/compute_generator.py", line 129, in invoke_compute_fn
    return fn(context, **args_to_pass) if context_arg_provided else fn(**args_to_pass)
           ^^^^^^^^^^^^^^^^^^^^^^^^^^^
  File "/workspace/practical-data-engineering/finnhub-batch-stock-pipeline/finnhub_batch_stock_pipeline/assets/spark_transformations.py", line 113, in create_stock_tables
    spark = pyspark.spark_session
            ^^^^^^^^^^^^^^^^^^^^^
  File "/workspace/.pyenv_mirror/user/current/lib/python3.12/site-packages/dagster_pyspark/resources.py", line 134, in spark_session
    self._init_session()
  File "/workspace/.pyenv_mirror/user/current/lib/python3.12/site-packages/dagster_pyspark/resources.py", line 130, in _init_session
    self._spark_session = spark_session_from_config(self.spark_config)
                          ^^^^^^^^^^^^^^^^^^^^^^^^^^^^^^^^^^^^^^^^^^^^
  File "/workspace/.pyenv_mirror/user/current/lib/python3.12/site-packages/dagster_pyspark/resources.py", line 20, in spark_session_from_config
    return builder.getOrCreate()
           ^^^^^^^^^^^^^^^^^^^^^
  File "/workspace/.pyenv_mirror/user/current/lib/python3.12/site-packages/pyspark/sql/session.py", line 497, in getOrCreate
    sc = SparkContext.getOrCreate(sparkConf)
         ^^^^^^^^^^^^^^^^^^^^^^^^^^^^^^^^^^^
  File "/workspace/.pyenv_mirror/user/current/lib/python3.12/site-packages/pyspark/context.py", line 515, in getOrCreate
    SparkContext(conf=conf or SparkConf())
  File "/workspace/.pyenv_mirror/user/current/lib/python3.12/site-packages/pyspark/context.py", line 201, in __init__
    SparkContext._ensure_initialized(self, gateway=gateway, conf=conf)
  File "/workspace/.pyenv_mirror/user/current/lib/python3.12/site-packages/pyspark/context.py", line 436, in _ensure_initialized
    SparkContext._gateway = gateway or launch_gateway(conf)
                                       ^^^^^^^^^^^^^^^^^^^^
  File "/workspace/.pyenv_mirror/user/current/lib/python3.12/site-packages/pyspark/java_gateway.py", line 107, in launch_gateway
    raise PySparkRuntimeError(

