[32m2024-05-31 15:28:41 +0000[0m - dagster - [34mDEBUG[0m - __ASSET_JOB - 29657144-f47b-4730-a719-19652768d51f - 16982 - LOGS_CAPTURED - Started capturing logs in process (pid: 16982).
[32m2024-05-31 15:28:41 +0000[0m - dagster - [34mDEBUG[0m - __ASSET_JOB - 29657144-f47b-4730-a719-19652768d51f - 16982 - spark_operator.create_stock_tables[stock_AABVF_path] - STEP_START - Started execution of step "spark_operator.create_stock_tables[stock_AABVF_path]".
[32m2024-05-31 15:28:41 +0000[0m - dagster - [34mDEBUG[0m - __ASSET_JOB - 29657144-f47b-4730-a719-19652768d51f - spark_operator.create_stock_tables[stock_AABVF_path] - Loading file from: /workspace/practical-data-engineering/finnhub-batch-stock-pipeline/home/storage/29657144-f47b-4730-a719-19652768d51f/spark_operator.stock_tables/result/stock_AABVF_path using PickledObjectFilesystemIOManager...
[32m2024-05-31 15:28:41 +0000[0m - dagster - [34mDEBUG[0m - __ASSET_JOB - 29657144-f47b-4730-a719-19652768d51f - 16982 - spark_operator.create_stock_tables[stock_AABVF_path] - LOADED_INPUT - Loaded input "input_fn" using input manager "io_manager", from output "result" of step "spark_operator.stock_tables"
[32m2024-05-31 15:28:41 +0000[0m - dagster - [34mDEBUG[0m - __ASSET_JOB - 29657144-f47b-4730-a719-19652768d51f - 16982 - spark_operator.create_stock_tables[stock_AABVF_path] - STEP_INPUT - Got input "input_fn" of type "Any". (Type check passed).
24/05/31 15:28:54 WARN Utils: Your hostname, willowyboat-practicalda-8yoi5et7ep7 resolves to a loopback address: 127.0.0.1; using 10.0.5.2 instead (on interface eth0)
24/05/31 15:28:54 WARN Utils: Set SPARK_LOCAL_IP if you need to bind to another address
Ivy Default Cache set to: /home/gitpod/.ivy2/cache
The jars for the packages stored in: /home/gitpod/.ivy2/jars
io.delta#delta-spark_2.12 added as a dependency
org.apache.hadoop#hadoop-aws added as a dependency
org.apache.hadoop#hadoop-common added as a dependency
com.amazonaws#aws-java-sdk-bundle added as a dependency
:: resolving dependencies :: org.apache.spark#spark-submit-parent-1f0b0701-7019-4647-be57-f1ba1700db8b;1.0
	confs: [default]
	found io.delta#delta-spark_2.12;3.1.0 in central
	found io.delta#delta-storage;3.1.0 in central
	found org.antlr#antlr4-runtime;4.9.3 in central
	found org.apache.hadoop#hadoop-aws;3.3.4 in central
	found com.amazonaws#aws-java-sdk-bundle;1.12.262 in central
	found org.apache.hadoop#hadoop-common;3.3.4 in central
	found org.apache.hadoop.thirdparty#hadoop-shaded-protobuf_3_7;1.1.1 in central
	found org.apache.hadoop#hadoop-annotations;3.3.4 in spark-list
	found org.apache.hadoop.thirdparty#hadoop-shaded-guava;1.1.1 in spark-list
	found com.google.guava#guava;27.0-jre in central
	found com.google.guava#failureaccess;1.0 in central
	found com.google.guava#listenablefuture;9999.0-empty-to-avoid-conflict-with-guava in spark-list
	found com.google.code.findbugs#jsr305;3.0.2 in central
	found org.checkerframework#checker-qual;2.5.2 in central
	found com.google.j2objc#j2objc-annotations;1.1 in central
	found commons-cli#commons-cli;1.2 in central
	found org.apache.commons#commons-math3;3.1.1 in central
	found org.apache.httpcomponents#httpclient;4.5.13 in central
	found org.apache.httpcomponents#httpcore;4.4.13 in central
	found commons-logging#commons-logging;1.1.3 in central
	found commons-codec#commons-codec;1.15 in central
	found commons-io#commons-io;2.8.0 in central
	found commons-net#commons-net;3.6 in central
	found commons-collections#commons-collections;3.2.2 in central
	found javax.servlet#javax.servlet-api;3.1.0 in central
	found org.eclipse.jetty#jetty-server;9.4.43.v20210629 in central
	found org.eclipse.jetty#jetty-http;9.4.43.v20210629 in central
	found org.eclipse.jetty#jetty-util;9.4.43.v20210629 in central
	found org.eclipse.jetty#jetty-io;9.4.43.v20210629 in central
	found org.eclipse.jetty#jetty-servlet;9.4.43.v20210629 in central
	found org.eclipse.jetty#jetty-security;9.4.43.v20210629 in central
	found org.eclipse.jetty#jetty-util-ajax;9.4.43.v20210629 in central
	found org.eclipse.jetty#jetty-webapp;9.4.43.v20210629 in central
	found org.eclipse.jetty#jetty-xml;9.4.43.v20210629 in central
	found com.sun.jersey#jersey-servlet;1.19 in central
	found com.sun.jersey#jersey-server;1.19 in central
	found com.sun.jersey#jersey-json;1.19 in central
	found org.codehaus.jettison#jettison;1.1 in central
	found com.sun.xml.bind#jaxb-impl;2.2.3-1 in central
	found javax.xml.bind#jaxb-api;2.2.11 in central
	found org.codehaus.jackson#jackson-core-asl;1.9.13 in central
	found org.codehaus.jackson#jackson-mapper-asl;1.9.13 in central
	found org.codehaus.jackson#jackson-xc;1.9.13 in central
	found ch.qos.reload4j#reload4j;1.2.22 in central
	found commons-beanutils#commons-beanutils;1.9.4 in central
	found org.apache.commons#commons-configuration2;2.1.1 in central
	found org.apache.commons#commons-text;1.4 in central
	found org.slf4j#slf4j-api;1.7.36 in central
	found org.slf4j#slf4j-reload4j;1.7.36 in spark-list
	found com.google.re2j#re2j;1.1 in central
	found com.google.protobuf#protobuf-java;2.5.0 in central
	found org.apache.hadoop#hadoop-auth;3.3.4 in central
	found com.nimbusds#nimbus-jose-jwt;9.8.1 in central
	found com.github.stephenc.jcip#jcip-annotations;1.0-1 in central
	found net.minidev#json-smart;2.4.7 in central
	found net.minidev#accessors-smart;2.4.7 in central
	found org.ow2.asm#asm;5.0.4 in central
	found org.apache.zookeeper#zookeeper;3.5.6 in central
	found org.apache.zookeeper#zookeeper-jute;3.5.6 in central
	found org.apache.yetus#audience-annotations;0.5.0 in central
	found org.apache.curator#curator-framework;4.2.0 in central
	found org.apache.curator#curator-client;4.2.0 in central
	found org.apache.kerby#kerb-simplekdc;1.0.1 in central
	found org.apache.kerby#kerb-client;1.0.1 in central
	found org.apache.kerby#kerby-config;1.0.1 in central
	found org.apache.kerby#kerb-core;1.0.1 in central
	found org.apache.kerby#kerby-pkix;1.0.1 in central
	found org.apache.kerby#kerby-asn1;1.0.1 in central
	found org.apache.kerby#kerby-util;1.0.1 in central
	found org.apache.kerby#kerb-common;1.0.1 in central
	found org.apache.kerby#kerb-crypto;1.0.1 in central
	found org.apache.kerby#kerb-util;1.0.1 in central
	found org.apache.kerby#token-provider;1.0.1 in central
	found org.apache.kerby#kerb-admin;1.0.1 in central
	found org.apache.kerby#kerb-server;1.0.1 in central
	found org.apache.kerby#kerb-identity;1.0.1 in central
	found org.apache.kerby#kerby-xdr;1.0.1 in central
	found com.jcraft#jsch;0.1.55 in central
	found org.apache.curator#curator-recipes;4.2.0 in central
	found org.apache.commons#commons-compress;1.21 in central
	found com.fasterxml.jackson.core#jackson-databind;2.12.7 in central
	found com.fasterxml.jackson.core#jackson-annotations;2.12.7 in central
	found com.fasterxml.jackson.core#jackson-core;2.12.7 in spark-list
	found org.codehaus.woodstox#stax2-api;4.2.1 in central
	found dnsjava#dnsjava;2.1.7 in central
	found org.xerial.snappy#snappy-java;1.1.8.2 in central
	found jakarta.activation#jakarta.activation-api;1.2.1 in central
	found javax.servlet.jsp#jsp-api;2.1 in central
downloading https://repo1.maven.org/maven2/com/amazonaws/aws-java-sdk-bundle/1.12.262/aws-java-sdk-bundle-1.12.262.jar ...
	[SUCCESSFUL ] com.amazonaws#aws-java-sdk-bundle;1.12.262!aws-java-sdk-bundle.jar (92189ms)
downloading https://repo1.maven.org/maven2/io/delta/delta-storage/3.1.0/delta-storage-3.1.0.jar ...
	[SUCCESSFUL ] io.delta#delta-storage;3.1.0!delta-storage.jar (2546ms)
downloading https://repo1.maven.org/maven2/org/antlr/antlr4-runtime/4.9.3/antlr4-runtime-4.9.3.jar ...
	[SUCCESSFUL ] org.antlr#antlr4-runtime;4.9.3!antlr4-runtime.jar (2645ms)
downloading https://repo1.maven.org/maven2/org/apache/hadoop/thirdparty/hadoop-shaded-protobuf_3_7/1.1.1/hadoop-shaded-protobuf_3_7-1.1.1.jar ...
	[SUCCESSFUL ] org.apache.hadoop.thirdparty#hadoop-shaded-protobuf_3_7;1.1.1!hadoop-shaded-protobuf_3_7.jar (2833ms)
downloading https://repo1.maven.org/maven2/org/apache/hadoop/hadoop-annotations/3.3.4/hadoop-annotations-3.3.4.jar ...
	[SUCCESSFUL ] org.apache.hadoop#hadoop-annotations;3.3.4!hadoop-annotations.jar (2209ms)
downloading https://repo1.maven.org/maven2/org/apache/hadoop/thirdparty/hadoop-shaded-guava/1.1.1/hadoop-shaded-guava-1.1.1.jar ...
	[SUCCESSFUL ] org.apache.hadoop.thirdparty#hadoop-shaded-guava;1.1.1!hadoop-shaded-guava.jar (3223ms)
downloading https://repo1.maven.org/maven2/com/google/guava/guava/27.0-jre/guava-27.0-jre.jar ...
	[SUCCESSFUL ] com.google.guava#guava;27.0-jre!guava.jar(bundle) (2630ms)
downloading https://repo1.maven.org/maven2/commons-cli/commons-cli/1.2/commons-cli-1.2.jar ...
	[SUCCESSFUL ] commons-cli#commons-cli;1.2!commons-cli.jar (1608ms)
downloading https://repo1.maven.org/maven2/org/apache/httpcomponents/httpclient/4.5.13/httpclient-4.5.13.jar ...
downloading https://repo1.maven.org/maven2/commons-codec/commons-codec/1.15/commons-codec-1.15.jar ...
	[SUCCESSFUL ] commons-codec#commons-codec;1.15!commons-codec.jar (1020ms)
downloading https://repo1.maven.org/maven2/commons-io/commons-io/2.8.0/commons-io-2.8.0.jar ...
	[SUCCESSFUL ] commons-io#commons-io;2.8.0!commons-io.jar (550ms)
downloading https://repo1.maven.org/maven2/commons-net/commons-net/3.6/commons-net-3.6.jar ...
	[SUCCESSFUL ] commons-net#commons-net;3.6!commons-net.jar (434ms)
downloading https://repo1.maven.org/maven2/javax/servlet/javax.servlet-api/3.1.0/javax.servlet-api-3.1.0.jar ...
	[SUCCESSFUL ] javax.servlet#javax.servlet-api;3.1.0!javax.servlet-api.jar (364ms)
downloading https://repo1.maven.org/maven2/org/eclipse/jetty/jetty-util/9.4.43.v20210629/jetty-util-9.4.43.v20210629.jar ...
	[SUCCESSFUL ] org.eclipse.jetty#jetty-util;9.4.43.v20210629!jetty-util.jar (400ms)
downloading https://repo1.maven.org/maven2/org/eclipse/jetty/jetty-servlet/9.4.43.v20210629/jetty-servlet-9.4.43.v20210629.jar ...
	[SUCCESSFUL ] org.eclipse.jetty#jetty-servlet;9.4.43.v20210629!jetty-servlet.jar (293ms)
downloading https://repo1.maven.org/maven2/org/eclipse/jetty/jetty-webapp/9.4.43.v20210629/jetty-webapp-9.4.43.v20210629.jar ...
	[SUCCESSFUL ] org.eclipse.jetty#jetty-webapp;9.4.43.v20210629!jetty-webapp.jar (284ms)
downloading https://repo1.maven.org/maven2/com/sun/jersey/jersey-servlet/1.19/jersey-servlet-1.19.jar ...
downloading https://repo1.maven.org/maven2/com/sun/jersey/jersey-json/1.19/jersey-json-1.19.jar ...
downloading https://repo1.maven.org/maven2/com/sun/jersey/jersey-server/1.19/jersey-server-1.19.jar ...
	[SUCCESSFUL ] com.sun.jersey#jersey-server;1.19!jersey-server.jar (190ms)
downloading https://repo1.maven.org/maven2/commons-logging/commons-logging/1.1.3/commons-logging-1.1.3.jar ...
downloading https://repo1.maven.org/maven2/ch/qos/reload4j/reload4j/1.2.22/reload4j-1.2.22.jar ...
downloading https://repo1.maven.org/maven2/org/apache/commons/commons-configuration2/2.1.1/commons-configuration2-2.1.1.jar ...
	[SUCCESSFUL ] org.apache.commons#commons-configuration2;2.1.1!commons-configuration2.jar (199ms)
downloading https://repo1.maven.org/maven2/com/google/re2j/re2j/1.1/re2j-1.1.jar ...
downloading https://repo1.maven.org/maven2/org/apache/hadoop/hadoop-auth/3.3.4/hadoop-auth-3.3.4.jar ...
downloading https://repo1.maven.org/maven2/com/jcraft/jsch/0.1.55/jsch-0.1.55.jar ...
	[SUCCESSFUL ] com.jcraft#jsch;0.1.55!jsch.jar (94ms)
downloading https://repo1.maven.org/maven2/org/apache/curator/curator-client/4.2.0/curator-client-4.2.0.jar ...
downloading https://repo1.maven.org/maven2/com/google/code/findbugs/jsr305/3.0.2/jsr305-3.0.2.jar ...
downloading https://repo1.maven.org/maven2/org/apache/zookeeper/zookeeper/3.5.6/zookeeper-3.5.6.jar ...
downloading https://repo1.maven.org/maven2/org/apache/commons/commons-compress/1.21/commons-compress-1.21.jar ...
downloading https://repo1.maven.org/maven2/com/fasterxml/jackson/core/jackson-databind/2.12.7/jackson-databind-2.12.7.jar ...
downloading https://repo1.maven.org/maven2/dnsjava/dnsjava/2.1.7/dnsjava-2.1.7.jar ...
	[SUCCESSFUL ] dnsjava#dnsjava;2.1.7!dnsjava.jar (227ms)
downloading https://repo1.maven.org/maven2/org/xerial/snappy/snappy-java/1.1.8.2/snappy-java-1.1.8.2.jar ...
	[SUCCESSFUL ] org.xerial.snappy#snappy-java;1.1.8.2!snappy-java.jar(bundle) (515ms)
downloading https://repo1.maven.org/maven2/com/google/guava/failureaccess/1.0/failureaccess-1.0.jar ...
downloading https://repo1.maven.org/maven2/com/google/guava/listenablefuture/9999.0-empty-to-avoid-conflict-with-guava/listenablefuture-9999.0-empty-to-avoid-conflict-with-guava.jar ...
	[SUCCESSFUL ] com.google.guava#listenablefuture;9999.0-empty-to-avoid-conflict-with-guava!listenablefuture.jar (18ms)
downloading https://repo1.maven.org/maven2/org/checkerframework/checker-qual/2.5.2/checker-qual-2.5.2.jar ...
	[SUCCESSFUL ] org.checkerframework#checker-qual;2.5.2!checker-qual.jar (74ms)
downloading https://repo1.maven.org/maven2/com/google/j2objc/j2objc-annotations/1.1/j2objc-annotations-1.1.jar ...
	[SUCCESSFUL ] com.google.j2objc#j2objc-annotations;1.1!j2objc-annotations.jar (90ms)
downloading https://repo1.maven.org/maven2/org/eclipse/jetty/jetty-xml/9.4.43.v20210629/jetty-xml-9.4.43.v20210629.jar ...
	[SUCCESSFUL ] org.eclipse.jetty#jetty-xml;9.4.43.v20210629!jetty-xml.jar (96ms)
downloading https://repo1.maven.org/maven2/org/codehaus/jettison/jettison/1.1/jettison-1.1.jar ...
downloading https://repo1.maven.org/maven2/com/sun/xml/bind/jaxb-impl/2.2.3-1/jaxb-impl-2.2.3-1.jar ...
	[SUCCESSFUL ] com.sun.xml.bind#jaxb-impl;2.2.3-1!jaxb-impl.jar (112ms)
downloading https://repo1.maven.org/maven2/org/codehaus/jackson/jackson-core-asl/1.9.13/jackson-core-asl-1.9.13.jar ...
downloading https://repo1.maven.org/maven2/org/codehaus/jackson/jackson-mapper-asl/1.9.13/jackson-mapper-asl-1.9.13.jar ...
downloading https://repo1.maven.org/maven2/org/codehaus/jackson/jackson-xc/1.9.13/jackson-xc-1.9.13.jar ...
	[SUCCESSFUL ] org.codehaus.jackson#jackson-xc;1.9.13!jackson-xc.jar (109ms)
downloading https://repo1.maven.org/maven2/javax/xml/bind/jaxb-api/2.2.11/jaxb-api-2.2.11.jar ...
	[SUCCESSFUL ] javax.xml.bind#jaxb-api;2.2.11!jaxb-api.jar (25ms)
downloading https://repo1.maven.org/maven2/org/apache/kerby/kerb-client/1.0.1/kerb-client-1.0.1.jar ...
downloading https://repo1.maven.org/maven2/org/apache/kerby/kerb-admin/1.0.1/kerb-admin-1.0.1.jar ...
	[SUCCESSFUL ] org.apache.kerby#kerb-admin;1.0.1!kerb-admin.jar (105ms)
downloading https://repo1.maven.org/maven2/org/apache/kerby/kerby-config/1.0.1/kerby-config-1.0.1.jar ...
	[SUCCESSFUL ] org.apache.kerby#kerby-config;1.0.1!kerby-config.jar (94ms)
downloading https://repo1.maven.org/maven2/org/apache/kerby/kerb-common/1.0.1/kerb-common-1.0.1.jar ...
	[SUCCESSFUL ] org.apache.kerby#kerb-common;1.0.1!kerb-common.jar (95ms)
downloading https://repo1.maven.org/maven2/org/apache/kerby/token-provider/1.0.1/token-provider-1.0.1.jar ...
	[SUCCESSFUL ] org.apache.kerby#token-provider;1.0.1!token-provider.jar (95ms)
downloading https://repo1.maven.org/maven2/org/apache/kerby/kerb-server/1.0.1/kerb-server-1.0.1.jar ...
downloading https://repo1.maven.org/maven2/org/apache/kerby/kerby-xdr/1.0.1/kerby-xdr-1.0.1.jar ...
:: resolution report :: resolve 48693ms :: artifacts dl 121578ms
	:: modules in use:
	ch.qos.reload4j#reload4j;1.2.22 from central in [default]
	com.amazonaws#aws-java-sdk-bundle;1.12.262 from central in [default]
	com.fasterxml.jackson.core#jackson-annotations;2.12.7 from central in [default]
	com.fasterxml.jackson.core#jackson-core;2.12.7 from spark-list in [default]
	com.fasterxml.jackson.core#jackson-databind;2.12.7 from central in [default]
	com.github.stephenc.jcip#jcip-annotations;1.0-1 from central in [default]
	com.google.code.findbugs#jsr305;3.0.2 from central in [default]
	com.google.guava#failureaccess;1.0 from central in [default]
	com.google.guava#guava;27.0-jre from central in [default]
	com.google.guava#listenablefuture;9999.0-empty-to-avoid-conflict-with-guava from spark-list in [default]
	com.google.j2objc#j2objc-annotations;1.1 from central in [default]
	com.google.protobuf#protobuf-java;2.5.0 from central in [default]
	com.google.re2j#re2j;1.1 from central in [default]
	com.jcraft#jsch;0.1.55 from central in [default]
	com.nimbusds#nimbus-jose-jwt;9.8.1 from central in [default]
	com.sun.jersey#jersey-json;1.19 from central in [default]
	com.sun.jersey#jersey-server;1.19 from central in [default]
	com.sun.jersey#jersey-servlet;1.19 from central in [default]
	com.sun.xml.bind#jaxb-impl;2.2.3-1 from central in [default]
	commons-beanutils#commons-beanutils;1.9.4 from central in [default]
	commons-cli#commons-cli;1.2 from central in [default]
	commons-codec#commons-codec;1.15 from central in [default]
	commons-collections#commons-collections;3.2.2 from central in [default]
	commons-io#commons-io;2.8.0 from central in [default]
	commons-logging#commons-logging;1.1.3 from central in [default]
	commons-net#commons-net;3.6 from central in [default]
	dnsjava#dnsjava;2.1.7 from central in [default]
	io.delta#delta-spark_2.12;3.1.0 from central in [default]
	io.delta#delta-storage;3.1.0 from central in [default]
	jakarta.activation#jakarta.activation-api;1.2.1 from central in [default]
	javax.servlet#javax.servlet-api;3.1.0 from central in [default]
	javax.servlet.jsp#jsp-api;2.1 from central in [default]
	javax.xml.bind#jaxb-api;2.2.11 from central in [default]
	net.minidev#accessors-smart;2.4.7 from central in [default]
	net.minidev#json-smart;2.4.7 from central in [default]
	org.antlr#antlr4-runtime;4.9.3 from central in [default]
	org.apache.commons#commons-compress;1.21 from central in [default]
	org.apache.commons#commons-configuration2;2.1.1 from central in [default]
	org.apache.commons#commons-math3;3.1.1 from central in [default]
	org.apache.commons#commons-text;1.4 from central in [default]
	org.apache.curator#curator-client;4.2.0 from central in [default]
	org.apache.curator#curator-framework;4.2.0 from central in [default]
	org.apache.curator#curator-recipes;4.2.0 from central in [default]
	org.apache.hadoop#hadoop-annotations;3.3.4 from spark-list in [default]
	org.apache.hadoop#hadoop-auth;3.3.4 from central in [default]
	org.apache.hadoop#hadoop-aws;3.3.4 from central in [default]
	org.apache.hadoop#hadoop-common;3.3.4 from central in [default]
	org.apache.hadoop.thirdparty#hadoop-shaded-guava;1.1.1 from spark-list in [default]
	org.apache.hadoop.thirdparty#hadoop-shaded-protobuf_3_7;1.1.1 from central in [default]
	org.apache.httpcomponents#httpclient;4.5.13 from central in [default]
	org.apache.httpcomponents#httpcore;4.4.13 from central in [default]
	org.apache.kerby#kerb-admin;1.0.1 from central in [default]
	org.apache.kerby#kerb-client;1.0.1 from central in [default]
	org.apache.kerby#kerb-common;1.0.1 from central in [default]
	org.apache.kerby#kerb-core;1.0.1 from central in [default]
	org.apache.kerby#kerb-crypto;1.0.1 from central in [default]
	org.apache.kerby#kerb-identity;1.0.1 from central in [default]
	org.apache.kerby#kerb-server;1.0.1 from central in [default]
	org.apache.kerby#kerb-simplekdc;1.0.1 from central in [default]
	org.apache.kerby#kerb-util;1.0.1 from central in [default]
	org.apache.kerby#kerby-asn1;1.0.1 from central in [default]
	org.apache.kerby#kerby-config;1.0.1 from central in [default]
	org.apache.kerby#kerby-pkix;1.0.1 from central in [default]
	org.apache.kerby#kerby-util;1.0.1 from central in [default]
	org.apache.kerby#kerby-xdr;1.0.1 from central in [default]
	org.apache.kerby#token-provider;1.0.1 from central in [default]
	org.apache.yetus#audience-annotations;0.5.0 from central in [default]
	org.apache.zookeeper#zookeeper;3.5.6 from central in [default]
	org.apache.zookeeper#zookeeper-jute;3.5.6 from central in [default]
	org.checkerframework#checker-qual;2.5.2 from central in [default]
	org.codehaus.jackson#jackson-core-asl;1.9.13 from central in [default]
	org.codehaus.jackson#jackson-mapper-asl;1.9.13 from central in [default]
	org.codehaus.jackson#jackson-xc;1.9.13 from central in [default]
	org.codehaus.jettison#jettison;1.1 from central in [default]
	org.codehaus.woodstox#stax2-api;4.2.1 from central in [default]
	org.eclipse.jetty#jetty-http;9.4.43.v20210629 from central in [default]
	org.eclipse.jetty#jetty-io;9.4.43.v20210629 from central in [default]
	org.eclipse.jetty#jetty-security;9.4.43.v20210629 from central in [default]
	org.eclipse.jetty#jetty-server;9.4.43.v20210629 from central in [default]
	org.eclipse.jetty#jetty-servlet;9.4.43.v20210629 from central in [default]
	org.eclipse.jetty#jetty-util;9.4.43.v20210629 from central in [default]
	org.eclipse.jetty#jetty-util-ajax;9.4.43.v20210629 from central in [default]
	org.eclipse.jetty#jetty-webapp;9.4.43.v20210629 from central in [default]
	org.eclipse.jetty#jetty-xml;9.4.43.v20210629 from central in [default]
	org.ow2.asm#asm;5.0.4 from central in [default]
	org.slf4j#slf4j-api;1.7.36 from central in [default]
	org.slf4j#slf4j-reload4j;1.7.36 from spark-list in [default]
	org.xerial.snappy#snappy-java;1.1.8.2 from central in [default]
	---------------------------------------------------------------------
	|                  |            modules            ||   artifacts   |
	|       conf       | number| search|dwnlded|evicted|| number|dwnlded|
	---------------------------------------------------------------------
	|      default     |   96  |   35  |   34  |   0   ||   88  |   31  |
	---------------------------------------------------------------------

:: problems summary ::
:::: WARNINGS
	problem while downloading module descriptor: https://repo1.maven.org/maven2/org/wildfly/openssl/wildfly-openssl/1.0.7.Final/wildfly-openssl-1.0.7.Final.pom: Downloaded file size (0) doesn't match expected Content Length (6146) for https://repo1.maven.org/maven2/org/wildfly/openssl/wildfly-openssl/1.0.7.Final/wildfly-openssl-1.0.7.Final.pom. Please retry. (62ms)

		module not found: org.wildfly.openssl#wildfly-openssl;1.0.7.Final

	==== local-m2-cache: tried

	  file:/home/gitpod/.m2/repository/org/wildfly/openssl/wildfly-openssl/1.0.7.Final/wildfly-openssl-1.0.7.Final.pom

	  -- artifact org.wildfly.openssl#wildfly-openssl;1.0.7.Final!wildfly-openssl.jar:

	  file:/home/gitpod/.m2/repository/org/wildfly/openssl/wildfly-openssl/1.0.7.Final/wildfly-openssl-1.0.7.Final.jar

	==== local-ivy-cache: tried

	  /home/gitpod/.ivy2/local/org.wildfly.openssl/wildfly-openssl/1.0.7.Final/ivys/ivy.xml

	  -- artifact org.wildfly.openssl#wildfly-openssl;1.0.7.Final!wildfly-openssl.jar:

	  /home/gitpod/.ivy2/local/org.wildfly.openssl/wildfly-openssl/1.0.7.Final/jars/wildfly-openssl.jar

	==== central: tried

	  https://repo1.maven.org/maven2/org/wildfly/openssl/wildfly-openssl/1.0.7.Final/wildfly-openssl-1.0.7.Final.pom

	==== spark-packages: tried

	  https://repos.spark-packages.org/org/wildfly/openssl/wildfly-openssl/1.0.7.Final/wildfly-openssl-1.0.7.Final.pom

	  -- artifact org.wildfly.openssl#wildfly-openssl;1.0.7.Final!wildfly-openssl.jar:

	  https://repos.spark-packages.org/org/wildfly/openssl/wildfly-openssl/1.0.7.Final/wildfly-openssl-1.0.7.Final.jar

	impossible to put metadata file in cache: https://repo1.maven.org/maven2/com/google/guava/guava/27.0-jre/guava-27.0-jre.pom (27.0-jre) (java.io.FileNotFoundException: /home/gitpod/.ivy2/cache/com.google.guava/guava/ivy-27.0-jre.xml.original (No such file or directory))

	io problem while parsing ivy file: https://repo1.maven.org/maven2/org/codehaus/mojo/mojo-parent/40/mojo-parent-40.pom (java.io.FileNotFoundException: /home/gitpod/.ivy2/cache/org.codehaus.mojo/mojo-parent/ivy-40.xml.original (No such file or directory))

	io problem while parsing ivy file: https://repo1.maven.org/maven2/org/codehaus/mojo/animal-sniffer-parent/1.17/animal-sniffer-parent-1.17.pom (java.io.IOException: Impossible to load parent for file:/home/gitpod/.ivy2/cache/org.codehaus.mojo/animal-sniffer-parent/ivy-1.17.xml.original. Parent=org.codehaus.mojo#mojo-parent;40)

	io problem while parsing ivy file: https://repo1.maven.org/maven2/org/codehaus/mojo/animal-sniffer-annotations/1.17/animal-sniffer-annotations-1.17.pom (java.io.IOException: Impossible to load parent for file:/home/gitpod/.ivy2/cache/org.codehaus.mojo/animal-sniffer-annotations/ivy-1.17.xml.original. Parent=org.codehaus.mojo#animal-sniffer-parent;1.17)

		module not found: org.codehaus.mojo#animal-sniffer-annotations;1.17

	==== local-m2-cache: tried

	  file:/home/gitpod/.m2/repository/org/codehaus/mojo/mojo-parent/40/mojo-parent-40.pom

	  -- artifact org.codehaus.mojo#mojo-parent;40!mojo-parent.jar:

	  file:/home/gitpod/.m2/repository/org/codehaus/mojo/mojo-parent/40/mojo-parent-40.jar

	==== local-ivy-cache: tried

	  /home/gitpod/.ivy2/local/org.codehaus.mojo/mojo-parent/40/ivys/ivy.xml

	  -- artifact org.codehaus.mojo#mojo-parent;40!mojo-parent.jar:

	  /home/gitpod/.ivy2/local/org.codehaus.mojo/mojo-parent/40/jars/mojo-parent.jar

	==== central: tried

	  https://repo1.maven.org/maven2/org/codehaus/mojo/mojo-parent/40/mojo-parent-40.pom

	==== spark-packages: tried

	  https://repos.spark-packages.org/org/codehaus/mojo/animal-sniffer-annotations/1.17/animal-sniffer-annotations-1.17.pom

	  -- artifact org.codehaus.mojo#animal-sniffer-annotations;1.17!animal-sniffer-annotations.jar:

	  https://repos.spark-packages.org/org/codehaus/mojo/animal-sniffer-annotations/1.17/animal-sniffer-annotations-1.17.jar

	impossible to put metadata file in cache: https://repo1.maven.org/maven2/org/apache/commons/commons-parent/28/commons-parent-28.pom (28) (java.io.FileNotFoundException: /home/gitpod/.ivy2/cache/org.apache.commons/commons-parent/ivy-28.xml.original (No such file or directory))

	impossible to put metadata file in cache: https://repo1.maven.org/maven2/org/apache/commons/commons-parent/42/commons-parent-42.pom (42) (java.io.FileNotFoundException: /home/gitpod/.ivy2/cache/org.apache.commons/commons-parent/ivy-42.xml.original (No such file or directory))

	problem while downloading module descriptor: https://repo1.maven.org/maven2/com/sun/jersey/jersey-core/1.19/jersey-core-1.19.pom: size of source file /home/gitpod/.ivy2/cache/com.sun.jersey/jersey-core/ivy-1.19.xml.original(0) differs from size of dest file /home/gitpod/.ivy2/cache/com.sun.jersey/jersey-core/ivy-1.19.xml.original.backup(9686) - please retry (31ms)

		module not found: com.sun.jersey#jersey-core;1.19

	==== local-m2-cache: tried

	  file:/home/gitpod/.m2/repository/com/sun/jersey/jersey-core/1.19/jersey-core-1.19.pom

	  -- artifact com.sun.jersey#jersey-core;1.19!jersey-core.jar:

	  file:/home/gitpod/.m2/repository/com/sun/jersey/jersey-core/1.19/jersey-core-1.19.jar

	==== local-ivy-cache: tried

	  /home/gitpod/.ivy2/local/com.sun.jersey/jersey-core/1.19/ivys/ivy.xml

	  -- artifact com.sun.jersey#jersey-core;1.19!jersey-core.jar:

	  /home/gitpod/.ivy2/local/com.sun.jersey/jersey-core/1.19/jars/jersey-core.jar

	==== central: tried

	  https://repo1.maven.org/maven2/com/sun/jersey/jersey-core/1.19/jersey-core-1.19.pom

	==== spark-packages: tried

	  https://repos.spark-packages.org/com/sun/jersey/jersey-core/1.19/jersey-core-1.19.pom

	  -- artifact com.sun.jersey#jersey-core;1.19!jersey-core.jar:

	  https://repos.spark-packages.org/com/sun/jersey/jersey-core/1.19/jersey-core-1.19.jar

	problem while downloading module descriptor: https://repo1.maven.org/maven2/org/codehaus/jackson/jackson-jaxrs/1.9.13/jackson-jaxrs-1.9.13.pom: size of source file /home/gitpod/.ivy2/cache/org.codehaus.jackson/jackson-jaxrs/ivy-1.9.13.xml.original(0) differs from size of dest file /home/gitpod/.ivy2/cache/org.codehaus.jackson/jackson-jaxrs/ivy-1.9.13.xml.original.backup(1902) - please retry (88ms)

		module not found: org.codehaus.jackson#jackson-jaxrs;1.9.13

	==== local-m2-cache: tried

	  file:/home/gitpod/.m2/repository/org/codehaus/jackson/jackson-jaxrs/1.9.13/jackson-jaxrs-1.9.13.pom

	  -- artifact org.codehaus.jackson#jackson-jaxrs;1.9.13!jackson-jaxrs.jar:

	  file:/home/gitpod/.m2/repository/org/codehaus/jackson/jackson-jaxrs/1.9.13/jackson-jaxrs-1.9.13.jar

	==== local-ivy-cache: tried

	  /home/gitpod/.ivy2/local/org.codehaus.jackson/jackson-jaxrs/1.9.13/ivys/ivy.xml

	  -- artifact org.codehaus.jackson#jackson-jaxrs;1.9.13!jackson-jaxrs.jar:

	  /home/gitpod/.ivy2/local/org.codehaus.jackson/jackson-jaxrs/1.9.13/jars/jackson-jaxrs.jar

	==== central: tried

	  https://repo1.maven.org/maven2/org/codehaus/jackson/jackson-jaxrs/1.9.13/jackson-jaxrs-1.9.13.pom

	==== spark-packages: tried

	  https://repos.spark-packages.org/org/codehaus/jackson/jackson-jaxrs/1.9.13/jackson-jaxrs-1.9.13.pom

	  -- artifact org.codehaus.jackson#jackson-jaxrs;1.9.13!jackson-jaxrs.jar:

	  https://repos.spark-packages.org/org/codehaus/jackson/jackson-jaxrs/1.9.13/jackson-jaxrs-1.9.13.jar

	problem while downloading module descriptor: https://repo1.maven.org/maven2/org/apache/commons/commons-lang3/3.12.0/commons-lang3-3.12.0.pom: size of source file /home/gitpod/.ivy2/cache/org.apache.commons/commons-lang3/ivy-3.12.0.xml.original(30660) differs from size of dest file /home/gitpod/.ivy2/cache/org.apache.commons/commons-lang3/ivy-3.12.0.xml.original.backup(0) - please retry (4ms)

		module not found: org.apache.commons#commons-lang3;3.12.0

	==== local-m2-cache: tried

	  file:/home/gitpod/.m2/repository/org/apache/commons/commons-lang3/3.12.0/commons-lang3-3.12.0.pom

	  -- artifact org.apache.commons#commons-lang3;3.12.0!commons-lang3.jar:

	  file:/home/gitpod/.m2/repository/org/apache/commons/commons-lang3/3.12.0/commons-lang3-3.12.0.jar

	==== local-ivy-cache: tried

	  /home/gitpod/.ivy2/local/org.apache.commons/commons-lang3/3.12.0/ivys/ivy.xml

	  -- artifact org.apache.commons#commons-lang3;3.12.0!commons-lang3.jar:

	  /home/gitpod/.ivy2/local/org.apache.commons/commons-lang3/3.12.0/jars/commons-lang3.jar

	==== central: tried

	  https://repo1.maven.org/maven2/org/apache/commons/commons-lang3/3.12.0/commons-lang3-3.12.0.pom

	==== spark-packages: tried

	  https://repos.spark-packages.org/org/apache/commons/commons-lang3/3.12.0/commons-lang3-3.12.0.pom

	  -- artifact org.apache.commons#commons-lang3;3.12.0!commons-lang3.jar:

	  https://repos.spark-packages.org/org/apache/commons/commons-lang3/3.12.0/commons-lang3-3.12.0.jar

	io problem while parsing ivy file: https://repo1.maven.org/maven2/org/apache/avro/avro/1.7.7/avro-1.7.7.pom (java.io.FileNotFoundException: /home/gitpod/.ivy2/cache/org.apache.avro/avro/ivy-1.7.7.xml.original (No such file or directory))

		module not found: org.apache.avro#avro;1.7.7

	==== local-m2-cache: tried

	  file:/home/gitpod/.m2/repository/org/apache/avro/avro/1.7.7/avro-1.7.7.pom

	  -- artifact org.apache.avro#avro;1.7.7!avro.jar:

	  file:/home/gitpod/.m2/repository/org/apache/avro/avro/1.7.7/avro-1.7.7.jar

	==== local-ivy-cache: tried

	  /home/gitpod/.ivy2/local/org.apache.avro/avro/1.7.7/ivys/ivy.xml

	  -- artifact org.apache.avro#avro;1.7.7!avro.jar:

	  /home/gitpod/.ivy2/local/org.apache.avro/avro/1.7.7/jars/avro.jar

	==== central: tried

	  https://repo1.maven.org/maven2/org/apache/avro/avro/1.7.7/avro-1.7.7.pom

	==== spark-packages: tried

	  https://repos.spark-packages.org/org/apache/avro/avro/1.7.7/avro-1.7.7.pom

	  -- artifact org.apache.avro#avro;1.7.7!avro.jar:

	  https://repos.spark-packages.org/org/apache/avro/avro/1.7.7/avro-1.7.7.jar

	impossible to put metadata file in cache: https://repo1.maven.org/maven2/com/google/google/1/google-1.pom (1) (java.io.FileNotFoundException: /home/gitpod/.ivy2/cache/com.google/google/ivy-1.xml.original (No such file or directory))

	problem while downloading module descriptor: https://repo1.maven.org/maven2/com/google/code/gson/gson-parent/2.8.9/gson-parent-2.8.9.pom: /home/gitpod/.ivy2/cache/com.google.code.gson/gson-parent/ivy-2.8.9.xml.original (No such file or directory) (1ms)

	io problem while parsing ivy file: https://repo1.maven.org/maven2/com/google/code/gson/gson/2.8.9/gson-2.8.9.pom (java.io.IOException: Impossible to load parent for file:/home/gitpod/.ivy2/cache/com.google.code.gson/gson/ivy-2.8.9.xml.original. Parent=com.google.code.gson#gson-parent;2.8.9)

		module not found: com.google.code.gson#gson;2.8.9

	==== local-m2-cache: tried

	  file:/home/gitpod/.m2/repository/com/google/code/gson/gson-parent/2.8.9/gson-parent-2.8.9.pom

	  -- artifact com.google.code.gson#gson-parent;2.8.9!gson-parent.jar:

	  file:/home/gitpod/.m2/repository/com/google/code/gson/gson-parent/2.8.9/gson-parent-2.8.9.jar

	==== local-ivy-cache: tried

	  /home/gitpod/.ivy2/local/com.google.code.gson/gson-parent/2.8.9/ivys/ivy.xml

	  -- artifact com.google.code.gson#gson-parent;2.8.9!gson-parent.jar:

	  /home/gitpod/.ivy2/local/com.google.code.gson/gson-parent/2.8.9/jars/gson-parent.jar

	==== central: tried

	  https://repo1.maven.org/maven2/com/google/code/gson/gson-parent/2.8.9/gson-parent-2.8.9.pom

	==== spark-packages: tried

	  https://repos.spark-packages.org/com/google/code/gson/gson/2.8.9/gson-2.8.9.pom

	  -- artifact com.google.code.gson#gson;2.8.9!gson.jar:

	  https://repos.spark-packages.org/com/google/code/gson/gson/2.8.9/gson-2.8.9.jar

	impossible to put metadata file in cache: https://repo1.maven.org/maven2/com/fasterxml/oss-parent/38/oss-parent-38.pom (38) (java.io.FileNotFoundException: /home/gitpod/.ivy2/cache/com.fasterxml/oss-parent/ivy-38.xml.original (No such file or directory))

	problem while downloading module descriptor: https://repo1.maven.org/maven2/com/fasterxml/woodstox/woodstox-core/5.3.0/woodstox-core-5.3.0.pom: Downloaded file size (0) doesn't match expected Content Length (9651) for https://repo1.maven.org/maven2/com/fasterxml/woodstox/woodstox-core/5.3.0/woodstox-core-5.3.0.pom. Please retry. (57ms)

		module not found: com.fasterxml.woodstox#woodstox-core;5.3.0

	==== local-m2-cache: tried

	  file:/home/gitpod/.m2/repository/com/fasterxml/woodstox/woodstox-core/5.3.0/woodstox-core-5.3.0.pom

	  -- artifact com.fasterxml.woodstox#woodstox-core;5.3.0!woodstox-core.jar:

	  file:/home/gitpod/.m2/repository/com/fasterxml/woodstox/woodstox-core/5.3.0/woodstox-core-5.3.0.jar

	==== local-ivy-cache: tried

	  /home/gitpod/.ivy2/local/com.fasterxml.woodstox/woodstox-core/5.3.0/ivys/ivy.xml

	  -- artifact com.fasterxml.woodstox#woodstox-core;5.3.0!woodstox-core.jar:

	  /home/gitpod/.ivy2/local/com.fasterxml.woodstox/woodstox-core/5.3.0/jars/woodstox-core.jar

	==== central: tried

	  https://repo1.maven.org/maven2/com/fasterxml/woodstox/woodstox-core/5.3.0/woodstox-core-5.3.0.pom

	==== spark-packages: tried

	  https://repos.spark-packages.org/com/fasterxml/woodstox/woodstox-core/5.3.0/woodstox-core-5.3.0.pom

	  -- artifact com.fasterxml.woodstox#woodstox-core;5.3.0!woodstox-core.jar:

	  https://repos.spark-packages.org/com/fasterxml/woodstox/woodstox-core/5.3.0/woodstox-core-5.3.0.jar

		[FAILED     ] org.apache.httpcomponents#httpclient;4.5.13!httpclient.jar: Downloaded file size (0) doesn't match expected Content Length (780321) for https://repo1.maven.org/maven2/org/apache/httpcomponents/httpclient/4.5.13/httpclient-4.5.13.jar. Please retry. (1317ms)

		[FAILED     ] org.apache.httpcomponents#httpclient;4.5.13!httpclient.jar: Downloaded file size (0) doesn't match expected Content Length (780321) for https://repo1.maven.org/maven2/org/apache/httpcomponents/httpclient/4.5.13/httpclient-4.5.13.jar. Please retry. (1317ms)

	==== central: tried

	  https://repo1.maven.org/maven2/org/apache/httpcomponents/httpclient/4.5.13/httpclient-4.5.13.jar

		[FAILED     ] com.sun.jersey#jersey-servlet;1.19!jersey-servlet.jar: Downloaded file size (78492) doesn't match expected Content Length (128719) for https://repo1.maven.org/maven2/com/sun/jersey/jersey-servlet/1.19/jersey-servlet-1.19.jar. Please retry. (128ms)

		[FAILED     ] com.sun.jersey#jersey-servlet;1.19!jersey-servlet.jar: Downloaded file size (78492) doesn't match expected Content Length (128719) for https://repo1.maven.org/maven2/com/sun/jersey/jersey-servlet/1.19/jersey-servlet-1.19.jar. Please retry. (128ms)

	==== central: tried

	  https://repo1.maven.org/maven2/com/sun/jersey/jersey-servlet/1.19/jersey-servlet-1.19.jar

		[FAILED     ] com.sun.jersey#jersey-json;1.19!jersey-json.jar: Downloaded file size (0) doesn't match expected Content Length (165345) for https://repo1.maven.org/maven2/com/sun/jersey/jersey-json/1.19/jersey-json-1.19.jar. Please retry. (91ms)

		[FAILED     ] com.sun.jersey#jersey-json;1.19!jersey-json.jar: Downloaded file size (0) doesn't match expected Content Length (165345) for https://repo1.maven.org/maven2/com/sun/jersey/jersey-json/1.19/jersey-json-1.19.jar. Please retry. (91ms)

	==== central: tried

	  https://repo1.maven.org/maven2/com/sun/jersey/jersey-json/1.19/jersey-json-1.19.jar

		[FAILED     ] commons-logging#commons-logging;1.1.3!commons-logging.jar: Downloaded file size (0) doesn't match expected Content Length (62050) for https://repo1.maven.org/maven2/commons-logging/commons-logging/1.1.3/commons-logging-1.1.3.jar. Please retry. (105ms)

		[FAILED     ] commons-logging#commons-logging;1.1.3!commons-logging.jar: Downloaded file size (0) doesn't match expected Content Length (62050) for https://repo1.maven.org/maven2/commons-logging/commons-logging/1.1.3/commons-logging-1.1.3.jar. Please retry. (105ms)

	==== central: tried

	  https://repo1.maven.org/maven2/commons-logging/commons-logging/1.1.3/commons-logging-1.1.3.jar

		[FAILED     ] ch.qos.reload4j#reload4j;1.2.22!reload4j.jar: Downloaded file size (0) doesn't match expected Content Length (332398) for https://repo1.maven.org/maven2/ch/qos/reload4j/reload4j/1.2.22/reload4j-1.2.22.jar. Please retry. (285ms)

		[FAILED     ] ch.qos.reload4j#reload4j;1.2.22!reload4j.jar: Downloaded file size (0) doesn't match expected Content Length (332398) for https://repo1.maven.org/maven2/ch/qos/reload4j/reload4j/1.2.22/reload4j-1.2.22.jar. Please retry. (285ms)

	==== central: tried

	  https://repo1.maven.org/maven2/ch/qos/reload4j/reload4j/1.2.22/reload4j-1.2.22.jar

		[FAILED     ] com.google.re2j#re2j;1.1!re2j.jar: Downloaded file size (0) doesn't match expected Content Length (128414) for https://repo1.maven.org/maven2/com/google/re2j/re2j/1.1/re2j-1.1.jar. Please retry. (102ms)

		[FAILED     ] com.google.re2j#re2j;1.1!re2j.jar: Downloaded file size (0) doesn't match expected Content Length (128414) for https://repo1.maven.org/maven2/com/google/re2j/re2j/1.1/re2j-1.1.jar. Please retry. (102ms)

	==== central: tried

	  https://repo1.maven.org/maven2/com/google/re2j/re2j/1.1/re2j-1.1.jar

		[FAILED     ] org.apache.hadoop#hadoop-auth;3.3.4!hadoop-auth.jar: impossible to move part file to definitive one: /home/gitpod/.ivy2/cache/org.apache.hadoop/hadoop-auth/jars/hadoop-auth-3.3.4.jar.part -> /home/gitpod/.ivy2/cache/org.apache.hadoop/hadoop-auth/jars/hadoop-auth-3.3.4.jar (96ms)

		[FAILED     ] org.apache.hadoop#hadoop-auth;3.3.4!hadoop-auth.jar: impossible to move part file to definitive one: /home/gitpod/.ivy2/cache/org.apache.hadoop/hadoop-auth/jars/hadoop-auth-3.3.4.jar.part -> /home/gitpod/.ivy2/cache/org.apache.hadoop/hadoop-auth/jars/hadoop-auth-3.3.4.jar (96ms)

	==== central: tried

	  https://repo1.maven.org/maven2/org/apache/hadoop/hadoop-auth/3.3.4/hadoop-auth-3.3.4.jar

		[FAILED     ] org.apache.curator#curator-client;4.2.0!curator-client.jar(bundle): Downloaded file size (0) doesn't match expected Content Length (2982566) for https://repo1.maven.org/maven2/org/apache/curator/curator-client/4.2.0/curator-client-4.2.0.jar. Please retry. (401ms)

		[FAILED     ] org.apache.curator#curator-client;4.2.0!curator-client.jar(bundle): Downloaded file size (0) doesn't match expected Content Length (2982566) for https://repo1.maven.org/maven2/org/apache/curator/curator-client/4.2.0/curator-client-4.2.0.jar. Please retry. (401ms)

	==== central: tried

	  https://repo1.maven.org/maven2/org/apache/curator/curator-client/4.2.0/curator-client-4.2.0.jar

		[FAILED     ] com.google.code.findbugs#jsr305;3.0.2!jsr305.jar: Downloaded file size (0) doesn't match expected Content Length (19936) for https://repo1.maven.org/maven2/com/google/code/findbugs/jsr305/3.0.2/jsr305-3.0.2.jar. Please retry. (334ms)

		[FAILED     ] com.google.code.findbugs#jsr305;3.0.2!jsr305.jar: Downloaded file size (0) doesn't match expected Content Length (19936) for https://repo1.maven.org/maven2/com/google/code/findbugs/jsr305/3.0.2/jsr305-3.0.2.jar. Please retry. (334ms)

	==== central: tried

	  https://repo1.maven.org/maven2/com/google/code/findbugs/jsr305/3.0.2/jsr305-3.0.2.jar

		[FAILED     ] org.apache.zookeeper#zookeeper;3.5.6!zookeeper.jar: Downloaded file size (98304) doesn't match expected Content Length (984810) for https://repo1.maven.org/maven2/org/apache/zookeeper/zookeeper/3.5.6/zookeeper-3.5.6.jar. Please retry. (342ms)

		[FAILED     ] org.apache.zookeeper#zookeeper;3.5.6!zookeeper.jar: Downloaded file size (98304) doesn't match expected Content Length (984810) for https://repo1.maven.org/maven2/org/apache/zookeeper/zookeeper/3.5.6/zookeeper-3.5.6.jar. Please retry. (342ms)

	==== central: tried

	  https://repo1.maven.org/maven2/org/apache/zookeeper/zookeeper/3.5.6/zookeeper-3.5.6.jar

		[FAILED     ] org.apache.commons#commons-compress;1.21!commons-compress.jar: Downloaded file size (0) doesn't match expected Content Length (1018316) for https://repo1.maven.org/maven2/org/apache/commons/commons-compress/1.21/commons-compress-1.21.jar. Please retry. (501ms)

		[FAILED     ] org.apache.commons#commons-compress;1.21!commons-compress.jar: Downloaded file size (0) doesn't match expected Content Length (1018316) for https://repo1.maven.org/maven2/org/apache/commons/commons-compress/1.21/commons-compress-1.21.jar. Please retry. (501ms)

	==== central: tried

	  https://repo1.maven.org/maven2/org/apache/commons/commons-compress/1.21/commons-compress-1.21.jar

		[FAILED     ] com.fasterxml.jackson.core#jackson-databind;2.12.7!jackson-databind.jar(bundle): Downloaded file size (0) doesn't match expected Content Length (1517276) for https://repo1.maven.org/maven2/com/fasterxml/jackson/core/jackson-databind/2.12.7/jackson-databind-2.12.7.jar. Please retry. (527ms)

		[FAILED     ] com.fasterxml.jackson.core#jackson-databind;2.12.7!jackson-databind.jar(bundle): Downloaded file size (0) doesn't match expected Content Length (1517276) for https://repo1.maven.org/maven2/com/fasterxml/jackson/core/jackson-databind/2.12.7/jackson-databind-2.12.7.jar. Please retry. (527ms)

	==== central: tried

	  https://repo1.maven.org/maven2/com/fasterxml/jackson/core/jackson-databind/2.12.7/jackson-databind-2.12.7.jar

		[FAILED     ] com.google.guava#failureaccess;1.0!failureaccess.jar: impossible to move part file to definitive one: /home/gitpod/.ivy2/cache/com.google.guava/failureaccess/jars/failureaccess-1.0.jar.part -> /home/gitpod/.ivy2/cache/com.google.guava/failureaccess/jars/failureaccess-1.0.jar (457ms)

		[FAILED     ] com.google.guava#failureaccess;1.0!failureaccess.jar: impossible to move part file to definitive one: /home/gitpod/.ivy2/cache/com.google.guava/failureaccess/jars/failureaccess-1.0.jar.part -> /home/gitpod/.ivy2/cache/com.google.guava/failureaccess/jars/failureaccess-1.0.jar (457ms)

	==== central: tried

	  https://repo1.maven.org/maven2/com/google/guava/failureaccess/1.0/failureaccess-1.0.jar

		[FAILED     ] org.codehaus.jettison#jettison;1.1!jettison.jar(bundle): impossible to move part file to definitive one: /home/gitpod/.ivy2/cache/org.codehaus.jettison/jettison/bundles/jettison-1.1.jar.part -> /home/gitpod/.ivy2/cache/org.codehaus.jettison/jettison/bundles/jettison-1.1.jar (94ms)

		[FAILED     ] org.codehaus.jettison#jettison;1.1!jettison.jar(bundle): impossible to move part file to definitive one: /home/gitpod/.ivy2/cache/org.codehaus.jettison/jettison/bundles/jettison-1.1.jar.part -> /home/gitpod/.ivy2/cache/org.codehaus.jettison/jettison/bundles/jettison-1.1.jar (94ms)

	==== central: tried

	  https://repo1.maven.org/maven2/org/codehaus/jettison/jettison/1.1/jettison-1.1.jar

		[FAILED     ] org.codehaus.jackson#jackson-core-asl;1.9.13!jackson-core-asl.jar: Downloaded file size (0) doesn't match expected Content Length (232248) for https://repo1.maven.org/maven2/org/codehaus/jackson/jackson-core-asl/1.9.13/jackson-core-asl-1.9.13.jar. Please retry. (124ms)

		[FAILED     ] org.codehaus.jackson#jackson-core-asl;1.9.13!jackson-core-asl.jar: Downloaded file size (0) doesn't match expected Content Length (232248) for https://repo1.maven.org/maven2/org/codehaus/jackson/jackson-core-asl/1.9.13/jackson-core-asl-1.9.13.jar. Please retry. (124ms)

	==== central: tried

	  https://repo1.maven.org/maven2/org/codehaus/jackson/jackson-core-asl/1.9.13/jackson-core-asl-1.9.13.jar

		[FAILED     ] org.codehaus.jackson#jackson-mapper-asl;1.9.13!jackson-mapper-asl.jar: Downloaded file size (0) doesn't match expected Content Length (780664) for https://repo1.maven.org/maven2/org/codehaus/jackson/jackson-mapper-asl/1.9.13/jackson-mapper-asl-1.9.13.jar. Please retry. (224ms)

		[FAILED     ] org.codehaus.jackson#jackson-mapper-asl;1.9.13!jackson-mapper-asl.jar: Downloaded file size (0) doesn't match expected Content Length (780664) for https://repo1.maven.org/maven2/org/codehaus/jackson/jackson-mapper-asl/1.9.13/jackson-mapper-asl-1.9.13.jar. Please retry. (224ms)

	==== central: tried

	  https://repo1.maven.org/maven2/org/codehaus/jackson/jackson-mapper-asl/1.9.13/jackson-mapper-asl-1.9.13.jar

		[FAILED     ] org.apache.kerby#kerb-client;1.0.1!kerb-client.jar: Downloaded file size (0) doesn't match expected Content Length (113017) for https://repo1.maven.org/maven2/org/apache/kerby/kerb-client/1.0.1/kerb-client-1.0.1.jar. Please retry. (99ms)

		[FAILED     ] org.apache.kerby#kerb-client;1.0.1!kerb-client.jar: Downloaded file size (0) doesn't match expected Content Length (113017) for https://repo1.maven.org/maven2/org/apache/kerby/kerb-client/1.0.1/kerb-client-1.0.1.jar. Please retry. (99ms)

	==== central: tried

	  https://repo1.maven.org/maven2/org/apache/kerby/kerb-client/1.0.1/kerb-client-1.0.1.jar

		[FAILED     ] org.apache.kerby#kerb-server;1.0.1!kerb-server.jar: impossible to move part file to definitive one: /home/gitpod/.ivy2/cache/org.apache.kerby/kerb-server/jars/kerb-server-1.0.1.jar.part -> /home/gitpod/.ivy2/cache/org.apache.kerby/kerb-server/jars/kerb-server-1.0.1.jar (193ms)

		[FAILED     ] org.apache.kerby#kerb-server;1.0.1!kerb-server.jar: impossible to move part file to definitive one: /home/gitpod/.ivy2/cache/org.apache.kerby/kerb-server/jars/kerb-server-1.0.1.jar.part -> /home/gitpod/.ivy2/cache/org.apache.kerby/kerb-server/jars/kerb-server-1.0.1.jar (193ms)

	==== central: tried

	  https://repo1.maven.org/maven2/org/apache/kerby/kerb-server/1.0.1/kerb-server-1.0.1.jar

		[FAILED     ] org.apache.kerby#kerby-xdr;1.0.1!kerby-xdr.jar: impossible to move part file to definitive one: /home/gitpod/.ivy2/cache/org.apache.kerby/kerby-xdr/jars/kerby-xdr-1.0.1.jar.part -> /home/gitpod/.ivy2/cache/org.apache.kerby/kerby-xdr/jars/kerby-xdr-1.0.1.jar (610ms)

		[FAILED     ] org.apache.kerby#kerby-xdr;1.0.1!kerby-xdr.jar: impossible to move part file to definitive one: /home/gitpod/.ivy2/cache/org.apache.kerby/kerby-xdr/jars/kerby-xdr-1.0.1.jar.part -> /home/gitpod/.ivy2/cache/org.apache.kerby/kerby-xdr/jars/kerby-xdr-1.0.1.jar (610ms)

	==== central: tried

	  https://repo1.maven.org/maven2/org/apache/kerby/kerby-xdr/1.0.1/kerby-xdr-1.0.1.jar

		::::::::::::::::::::::::::::::::::::::::::::::

		::          UNRESOLVED DEPENDENCIES         ::

		::::::::::::::::::::::::::::::::::::::::::::::

		:: org.wildfly.openssl#wildfly-openssl;1.0.7.Final: not found

		:: org.codehaus.mojo#animal-sniffer-annotations;1.17: not found

		:: com.sun.jersey#jersey-core;1.19: not found

		:: org.codehaus.jackson#jackson-jaxrs;1.9.13: not found

		:: org.apache.commons#commons-lang3;3.12.0: not found

		:: org.apache.avro#avro;1.7.7: not found

		:: com.google.code.gson#gson;2.8.9: not found

		:: com.fasterxml.woodstox#woodstox-core;5.3.0: not found

		::::::::::::::::::::::::::::::::::::::::::::::


		::::::::::::::::::::::::::::::::::::::::::::::

		::              FAILED DOWNLOADS            ::

		:: ^ see resolution messages for details  ^ ::

		::::::::::::::::::::::::::::::::::::::::::::::

		:: com.google.guava#failureaccess;1.0!failureaccess.jar

		:: com.google.code.findbugs#jsr305;3.0.2!jsr305.jar

		:: org.apache.httpcomponents#httpclient;4.5.13!httpclient.jar

		:: commons-logging#commons-logging;1.1.3!commons-logging.jar

		:: com.sun.jersey#jersey-servlet;1.19!jersey-servlet.jar

		:: com.sun.jersey#jersey-json;1.19!jersey-json.jar

		:: org.codehaus.jettison#jettison;1.1!jettison.jar(bundle)

		:: org.codehaus.jackson#jackson-core-asl;1.9.13!jackson-core-asl.jar

		:: org.codehaus.jackson#jackson-mapper-asl;1.9.13!jackson-mapper-asl.jar

		:: ch.qos.reload4j#reload4j;1.2.22!reload4j.jar

		:: com.google.re2j#re2j;1.1!re2j.jar

		:: org.apache.hadoop#hadoop-auth;3.3.4!hadoop-auth.jar

		:: org.apache.zookeeper#zookeeper;3.5.6!zookeeper.jar

		:: org.apache.curator#curator-client;4.2.0!curator-client.jar(bundle)

		:: org.apache.kerby#kerb-client;1.0.1!kerb-client.jar

		:: org.apache.kerby#kerb-server;1.0.1!kerb-server.jar

		:: org.apache.kerby#kerby-xdr;1.0.1!kerby-xdr.jar

		:: org.apache.commons#commons-compress;1.21!commons-compress.jar

		:: com.fasterxml.jackson.core#jackson-databind;2.12.7!jackson-databind.jar(bundle)

		::::::::::::::::::::::::::::::::::::::::::::::


:::: ERRORS
	unknown resolver null

	unknown resolver null

	unknown resolver null

	unknown resolver null

	unknown resolver null

	unknown resolver null

	unknown resolver null


:: USE VERBOSE OR DEBUG MESSAGE LEVEL FOR MORE DETAILS
Exception in thread "main" java.lang.RuntimeException: [unresolved dependency: org.wildfly.openssl#wildfly-openssl;1.0.7.Final: not found, unresolved dependency: org.codehaus.mojo#animal-sniffer-annotations;1.17: not found, unresolved dependency: com.sun.jersey#jersey-core;1.19: not found, unresolved dependency: org.codehaus.jackson#jackson-jaxrs;1.9.13: not found, unresolved dependency: org.apache.commons#commons-lang3;3.12.0: not found, unresolved dependency: org.apache.avro#avro;1.7.7: not found, unresolved dependency: com.google.code.gson#gson;2.8.9: not found, unresolved dependency: com.fasterxml.woodstox#woodstox-core;5.3.0: not found, download failed: com.google.guava#failureaccess;1.0!failureaccess.jar, download failed: com.google.code.findbugs#jsr305;3.0.2!jsr305.jar, download failed: org.apache.httpcomponents#httpclient;4.5.13!httpclient.jar, download failed: commons-logging#commons-logging;1.1.3!commons-logging.jar, download failed: com.sun.jersey#jersey-servlet;1.19!jersey-servlet.jar, download failed: com.sun.jersey#jersey-json;1.19!jersey-json.jar, download failed: org.codehaus.jettison#jettison;1.1!jettison.jar(bundle), download failed: org.codehaus.jackson#jackson-core-asl;1.9.13!jackson-core-asl.jar, download failed: org.codehaus.jackson#jackson-mapper-asl;1.9.13!jackson-mapper-asl.jar, download failed: ch.qos.reload4j#reload4j;1.2.22!reload4j.jar, download failed: com.google.re2j#re2j;1.1!re2j.jar, download failed: org.apache.hadoop#hadoop-auth;3.3.4!hadoop-auth.jar, download failed: org.apache.zookeeper#zookeeper;3.5.6!zookeeper.jar, download failed: org.apache.curator#curator-client;4.2.0!curator-client.jar(bundle), download failed: org.apache.kerby#kerb-client;1.0.1!kerb-client.jar, download failed: org.apache.kerby#kerb-server;1.0.1!kerb-server.jar, download failed: org.apache.kerby#kerby-xdr;1.0.1!kerby-xdr.jar, download failed: org.apache.commons#commons-compress;1.21!commons-compress.jar, download failed: com.fasterxml.jackson.core#jackson-databind;2.12.7!jackson-databind.jar(bundle)]
	at org.apache.spark.deploy.SparkSubmitUtils$.resolveMavenCoordinates(SparkSubmit.scala:1608)
	at org.apache.spark.util.DependencyUtils$.resolveMavenDependencies(DependencyUtils.scala:185)
	at org.apache.spark.deploy.SparkSubmit.prepareSubmitEnvironment(SparkSubmit.scala:334)
	at org.apache.spark.deploy.SparkSubmit.org$apache$spark$deploy$SparkSubmit$$runMain(SparkSubmit.scala:964)
	at org.apache.spark.deploy.SparkSubmit.doRunMain$1(SparkSubmit.scala:194)
	at org.apache.spark.deploy.SparkSubmit.submit(SparkSubmit.scala:217)
	at org.apache.spark.deploy.SparkSubmit.doSubmit(SparkSubmit.scala:91)
	at org.apache.spark.deploy.SparkSubmit$$anon$2.doSubmit(SparkSubmit.scala:1120)
	at org.apache.spark.deploy.SparkSubmit$.main(SparkSubmit.scala:1129)
	at org.apache.spark.deploy.SparkSubmit.main(SparkSubmit.scala)
[32m2024-05-31 15:31:48 +0000[0m - dagster - [34mDEBUG[0m - __ASSET_JOB - 29657144-f47b-4730-a719-19652768d51f - 16982 - spark_operator.create_stock_tables[stock_AABVF_path] - STEP_UP_FOR_RETRY - Execution of step "spark_operator.create_stock_tables[stock_AABVF_path]" failed and has requested a retry in 0.32110401163057345 seconds.

dagster._core.execution.plan.utils.RetryRequestedFromPolicy

Stack Trace:
  File "/workspace/.pyenv_mirror/user/current/lib/python3.12/site-packages/dagster/_core/execution/plan/execute_plan.py", line 282, in dagster_event_sequence_for_step
    for step_event in check.generator(step_events):
  File "/workspace/.pyenv_mirror/user/current/lib/python3.12/site-packages/dagster/_core/execution/plan/execute_step.py", line 525, in core_dagster_event_sequence_for_step
    for user_event in _step_output_error_checked_user_event_sequence(
  File "/workspace/.pyenv_mirror/user/current/lib/python3.12/site-packages/dagster/_core/execution/plan/execute_step.py", line 203, in _step_output_error_checked_user_event_sequence
    for user_event in user_event_sequence:
  File "/workspace/.pyenv_mirror/user/current/lib/python3.12/site-packages/dagster/_core/execution/plan/execute_step.py", line 100, in _process_asset_results_to_events
    for user_event in user_event_sequence:
  File "/workspace/.pyenv_mirror/user/current/lib/python3.12/site-packages/dagster/_core/execution/plan/compute.py", line 208, in execute_core_compute
    for step_output in _yield_compute_results(step_context, inputs, compute_fn, compute_context):
  File "/workspace/.pyenv_mirror/user/current/lib/python3.12/site-packages/dagster/_core/execution/plan/compute.py", line 177, in _yield_compute_results
    for event in iterate_with_context(
  File "/workspace/.pyenv_mirror/user/current/lib/python3.12/site-packages/dagster/_utils/__init__.py", line 466, in iterate_with_context
    with context_fn():
  File "/home/gitpod/.pyenv/versions/3.12.3/lib/python3.12/contextlib.py", line 158, in __exit__
    self.gen.throw(value)
  File "/workspace/.pyenv_mirror/user/current/lib/python3.12/site-packages/dagster/_core/execution/plan/utils.py", line 72, in op_execution_error_boundary
    raise RetryRequestedFromPolicy(

The above exception was caused by the following exception:
pyspark.errors.exceptions.base.PySparkRuntimeError: [JAVA_GATEWAY_EXITED] Java gateway process exited before sending its port number.

Stack Trace:
  File "/workspace/.pyenv_mirror/user/current/lib/python3.12/site-packages/dagster/_core/execution/plan/utils.py", line 54, in op_execution_error_boundary
    yield
  File "/workspace/.pyenv_mirror/user/current/lib/python3.12/site-packages/dagster/_utils/__init__.py", line 468, in iterate_with_context
    next_output = next(iterator)
                  ^^^^^^^^^^^^^^
  File "/workspace/.pyenv_mirror/user/current/lib/python3.12/site-packages/dagster/_core/execution/plan/compute_generator.py", line 141, in _coerce_op_compute_fn_to_iterator
    result = invoke_compute_fn(
             ^^^^^^^^^^^^^^^^^^
  File "/workspace/.pyenv_mirror/user/current/lib/python3.12/site-packages/dagster/_core/execution/plan/compute_generator.py", line 129, in invoke_compute_fn
    return fn(context, **args_to_pass) if context_arg_provided else fn(**args_to_pass)
           ^^^^^^^^^^^^^^^^^^^^^^^^^^^
  File "/workspace/practical-data-engineering/finnhub-batch-stock-pipeline/finnhub_batch_stock_pipeline/assets/spark_transformations.py", line 113, in create_stock_tables
    spark = pyspark.spark_session
            ^^^^^^^^^^^^^^^^^^^^^
  File "/workspace/.pyenv_mirror/user/current/lib/python3.12/site-packages/dagster_pyspark/resources.py", line 134, in spark_session
    self._init_session()
  File "/workspace/.pyenv_mirror/user/current/lib/python3.12/site-packages/dagster_pyspark/resources.py", line 130, in _init_session
    self._spark_session = spark_session_from_config(self.spark_config)
                          ^^^^^^^^^^^^^^^^^^^^^^^^^^^^^^^^^^^^^^^^^^^^
  File "/workspace/.pyenv_mirror/user/current/lib/python3.12/site-packages/dagster_pyspark/resources.py", line 20, in spark_session_from_config
    return builder.getOrCreate()
           ^^^^^^^^^^^^^^^^^^^^^
  File "/workspace/.pyenv_mirror/user/current/lib/python3.12/site-packages/pyspark/sql/session.py", line 497, in getOrCreate
    sc = SparkContext.getOrCreate(sparkConf)
         ^^^^^^^^^^^^^^^^^^^^^^^^^^^^^^^^^^^
  File "/workspace/.pyenv_mirror/user/current/lib/python3.12/site-packages/pyspark/context.py", line 515, in getOrCreate
    SparkContext(conf=conf or SparkConf())
  File "/workspace/.pyenv_mirror/user/current/lib/python3.12/site-packages/pyspark/context.py", line 201, in __init__
    SparkContext._ensure_initialized(self, gateway=gateway, conf=conf)
  File "/workspace/.pyenv_mirror/user/current/lib/python3.12/site-packages/pyspark/context.py", line 436, in _ensure_initialized
    SparkContext._gateway = gateway or launch_gateway(conf)
                                       ^^^^^^^^^^^^^^^^^^^^
  File "/workspace/.pyenv_mirror/user/current/lib/python3.12/site-packages/pyspark/java_gateway.py", line 107, in launch_gateway
    raise PySparkRuntimeError(

