[32m2024-05-31 15:47:43 +0000[0m - dagster - [34mDEBUG[0m - __ASSET_JOB - 29657144-f47b-4730-a719-19652768d51f - 219586 - LOGS_CAPTURED - Started capturing logs in process (pid: 219586).
[32m2024-05-31 15:47:43 +0000[0m - dagster - [34mDEBUG[0m - __ASSET_JOB - 29657144-f47b-4730-a719-19652768d51f - 219586 - spark_operator.create_stock_tables[stock_AAUAF_path] - STEP_START - Started execution of step "spark_operator.create_stock_tables[stock_AAUAF_path]".
[32m2024-05-31 15:47:43 +0000[0m - dagster - [34mDEBUG[0m - __ASSET_JOB - 29657144-f47b-4730-a719-19652768d51f - spark_operator.create_stock_tables[stock_AAUAF_path] - Loading file from: /workspace/practical-data-engineering/finnhub-batch-stock-pipeline/home/storage/29657144-f47b-4730-a719-19652768d51f/spark_operator.stock_tables/result/stock_AAUAF_path using PickledObjectFilesystemIOManager...
[32m2024-05-31 15:47:43 +0000[0m - dagster - [34mDEBUG[0m - __ASSET_JOB - 29657144-f47b-4730-a719-19652768d51f - 219586 - spark_operator.create_stock_tables[stock_AAUAF_path] - LOADED_INPUT - Loaded input "input_fn" using input manager "io_manager", from output "result" of step "spark_operator.stock_tables"
[32m2024-05-31 15:47:43 +0000[0m - dagster - [34mDEBUG[0m - __ASSET_JOB - 29657144-f47b-4730-a719-19652768d51f - 219586 - spark_operator.create_stock_tables[stock_AAUAF_path] - STEP_INPUT - Got input "input_fn" of type "Any". (Type check passed).
24/05/31 15:47:56 WARN Utils: Your hostname, willowyboat-practicalda-8yoi5et7ep7 resolves to a loopback address: 127.0.0.1; using 10.0.5.2 instead (on interface eth0)
24/05/31 15:47:56 WARN Utils: Set SPARK_LOCAL_IP if you need to bind to another address
Ivy Default Cache set to: /home/gitpod/.ivy2/cache
The jars for the packages stored in: /home/gitpod/.ivy2/jars
io.delta#delta-spark_2.12 added as a dependency
org.apache.hadoop#hadoop-aws added as a dependency
org.apache.hadoop#hadoop-common added as a dependency
com.amazonaws#aws-java-sdk-bundle added as a dependency
:: resolving dependencies :: org.apache.spark#spark-submit-parent-d79401d9-1552-4d07-98dc-da0a067a721a;1.0
	confs: [default]
	found io.delta#delta-spark_2.12;3.1.0 in spark-list
	found io.delta#delta-storage;3.1.0 in central
	found org.antlr#antlr4-runtime;4.9.3 in central
	found org.apache.hadoop#hadoop-aws;3.3.4 in central
	found com.amazonaws#aws-java-sdk-bundle;1.12.262 in central
	found org.wildfly.openssl#wildfly-openssl;1.0.7.Final in central
	found org.apache.hadoop#hadoop-common;3.3.4 in central
	found org.apache.hadoop.thirdparty#hadoop-shaded-protobuf_3_7;1.1.1 in central
	found org.apache.hadoop#hadoop-annotations;3.3.4 in central
	found org.apache.hadoop.thirdparty#hadoop-shaded-guava;1.1.1 in spark-list
	found com.google.guava#guava;27.0-jre in central
	found com.google.guava#failureaccess;1.0 in central
	found com.google.guava#listenablefuture;9999.0-empty-to-avoid-conflict-with-guava in central
	found com.google.code.findbugs#jsr305;3.0.2 in central
	found org.checkerframework#checker-qual;2.5.2 in spark-list
	found com.google.j2objc#j2objc-annotations;1.1 in spark-list
	found org.codehaus.mojo#animal-sniffer-annotations;1.17 in central
	found commons-cli#commons-cli;1.2 in central
	found org.apache.commons#commons-math3;3.1.1 in central
	found org.apache.httpcomponents#httpclient;4.5.13 in central
	found org.apache.httpcomponents#httpcore;4.4.13 in central
	found commons-logging#commons-logging;1.1.3 in central
	found commons-codec#commons-codec;1.15 in central
	found commons-io#commons-io;2.8.0 in central
	found commons-net#commons-net;3.6 in central
	found commons-collections#commons-collections;3.2.2 in central
	found javax.servlet#javax.servlet-api;3.1.0 in central
	found org.eclipse.jetty#jetty-server;9.4.43.v20210629 in central
	found org.eclipse.jetty#jetty-http;9.4.43.v20210629 in central
	found org.eclipse.jetty#jetty-util;9.4.43.v20210629 in central
	found org.eclipse.jetty#jetty-io;9.4.43.v20210629 in spark-list
	found org.eclipse.jetty#jetty-servlet;9.4.43.v20210629 in central
	found org.eclipse.jetty#jetty-security;9.4.43.v20210629 in spark-list
	found org.eclipse.jetty#jetty-util-ajax;9.4.43.v20210629 in central
	found org.eclipse.jetty#jetty-webapp;9.4.43.v20210629 in central
	found org.eclipse.jetty#jetty-xml;9.4.43.v20210629 in central
	found com.sun.jersey#jersey-core;1.19 in central
	found javax.ws.rs#jsr311-api;1.1.1 in central
	found com.sun.jersey#jersey-servlet;1.19 in central
	found com.sun.jersey#jersey-server;1.19 in central
	found com.sun.jersey#jersey-json;1.19 in central
	found org.codehaus.jettison#jettison;1.1 in spark-list
	found com.sun.xml.bind#jaxb-impl;2.2.3-1 in central
	found javax.xml.bind#jaxb-api;2.2.11 in central
	found org.codehaus.jackson#jackson-core-asl;1.9.13 in spark-list
	found org.codehaus.jackson#jackson-mapper-asl;1.9.13 in spark-list
	found org.codehaus.jackson#jackson-jaxrs;1.9.13 in central
	found org.codehaus.jackson#jackson-xc;1.9.13 in central
	found ch.qos.reload4j#reload4j;1.2.22 in central
	found commons-beanutils#commons-beanutils;1.9.4 in central
	found org.apache.commons#commons-configuration2;2.1.1 in central
	found org.apache.commons#commons-lang3;3.12.0 in central
	found org.apache.commons#commons-text;1.4 in central
	found org.slf4j#slf4j-api;1.7.36 in central
	found org.slf4j#slf4j-reload4j;1.7.36 in spark-list
	found org.apache.avro#avro;1.7.7 in central
	found com.thoughtworks.paranamer#paranamer;2.3 in central
	found org.xerial.snappy#snappy-java;1.1.8.2 in central
	found org.apache.commons#commons-compress;1.21 in central
	found com.google.re2j#re2j;1.1 in central
	found com.google.protobuf#protobuf-java;2.5.0 in central
	found com.google.code.gson#gson;2.8.9 in central
	found org.apache.hadoop#hadoop-auth;3.3.4 in central
	found com.nimbusds#nimbus-jose-jwt;9.8.1 in central
	found com.github.stephenc.jcip#jcip-annotations;1.0-1 in central
	found net.minidev#json-smart;2.4.7 in central
	found net.minidev#accessors-smart;2.4.7 in central
	found org.ow2.asm#asm;5.0.4 in central
	found org.apache.zookeeper#zookeeper;3.5.6 in central
	found org.apache.zookeeper#zookeeper-jute;3.5.6 in central
	found org.apache.yetus#audience-annotations;0.5.0 in central
	found org.apache.curator#curator-framework;4.2.0 in central
	found org.apache.curator#curator-client;4.2.0 in central
	found org.apache.kerby#kerb-simplekdc;1.0.1 in central
	found org.apache.kerby#kerb-client;1.0.1 in central
	found org.apache.kerby#kerby-config;1.0.1 in central
	found org.apache.kerby#kerb-core;1.0.1 in central
	found org.apache.kerby#kerby-pkix;1.0.1 in spark-list
	found org.apache.kerby#kerby-asn1;1.0.1 in central
	found org.apache.kerby#kerby-util;1.0.1 in central
	found org.apache.kerby#kerb-common;1.0.1 in central
	found org.apache.kerby#kerb-crypto;1.0.1 in central
	found org.apache.kerby#kerb-util;1.0.1 in central
	found org.apache.kerby#token-provider;1.0.1 in central
	found org.apache.kerby#kerb-admin;1.0.1 in central
	found org.apache.kerby#kerb-server;1.0.1 in central
	found org.apache.kerby#kerb-identity;1.0.1 in central
	found org.apache.kerby#kerby-xdr;1.0.1 in central
	found com.jcraft#jsch;0.1.55 in central
	found org.apache.curator#curator-recipes;4.2.0 in central
	found com.fasterxml.jackson.core#jackson-databind;2.12.7 in central
	found com.fasterxml.jackson.core#jackson-annotations;2.12.7 in central
	found com.fasterxml.jackson.core#jackson-core;2.12.7 in spark-list
	found org.codehaus.woodstox#stax2-api;4.2.1 in central
	found com.fasterxml.woodstox#woodstox-core;5.3.0 in central
	found dnsjava#dnsjava;2.1.7 in spark-list
	found jakarta.activation#jakarta.activation-api;1.2.1 in central
	found javax.servlet.jsp#jsp-api;2.1 in central
:: resolution report :: resolve 20078ms :: artifacts dl 1024ms
	:: modules in use:
	ch.qos.reload4j#reload4j;1.2.22 from central in [default]
	com.amazonaws#aws-java-sdk-bundle;1.12.262 from central in [default]
	com.fasterxml.jackson.core#jackson-annotations;2.12.7 from central in [default]
	com.fasterxml.jackson.core#jackson-core;2.12.7 from spark-list in [default]
	com.fasterxml.jackson.core#jackson-databind;2.12.7 from central in [default]
	com.fasterxml.woodstox#woodstox-core;5.3.0 from central in [default]
	com.github.stephenc.jcip#jcip-annotations;1.0-1 from central in [default]
	com.google.code.findbugs#jsr305;3.0.2 from central in [default]
	com.google.code.gson#gson;2.8.9 from central in [default]
	com.google.guava#failureaccess;1.0 from central in [default]
	com.google.guava#guava;27.0-jre from central in [default]
	com.google.guava#listenablefuture;9999.0-empty-to-avoid-conflict-with-guava from central in [default]
	com.google.j2objc#j2objc-annotations;1.1 from spark-list in [default]
	com.google.protobuf#protobuf-java;2.5.0 from central in [default]
	com.google.re2j#re2j;1.1 from central in [default]
	com.jcraft#jsch;0.1.55 from central in [default]
	com.nimbusds#nimbus-jose-jwt;9.8.1 from central in [default]
	com.sun.jersey#jersey-core;1.19 from central in [default]
	com.sun.jersey#jersey-json;1.19 from central in [default]
	com.sun.jersey#jersey-server;1.19 from central in [default]
	com.sun.jersey#jersey-servlet;1.19 from central in [default]
	com.sun.xml.bind#jaxb-impl;2.2.3-1 from central in [default]
	com.thoughtworks.paranamer#paranamer;2.3 from central in [default]
	commons-beanutils#commons-beanutils;1.9.4 from central in [default]
	commons-cli#commons-cli;1.2 from central in [default]
	commons-codec#commons-codec;1.15 from central in [default]
	commons-collections#commons-collections;3.2.2 from central in [default]
	commons-io#commons-io;2.8.0 from central in [default]
	commons-logging#commons-logging;1.1.3 from central in [default]
	commons-net#commons-net;3.6 from central in [default]
	dnsjava#dnsjava;2.1.7 from spark-list in [default]
	io.delta#delta-spark_2.12;3.1.0 from spark-list in [default]
	io.delta#delta-storage;3.1.0 from central in [default]
	jakarta.activation#jakarta.activation-api;1.2.1 from central in [default]
	javax.servlet#javax.servlet-api;3.1.0 from central in [default]
	javax.servlet.jsp#jsp-api;2.1 from central in [default]
	javax.ws.rs#jsr311-api;1.1.1 from central in [default]
	javax.xml.bind#jaxb-api;2.2.11 from central in [default]
	net.minidev#accessors-smart;2.4.7 from central in [default]
	net.minidev#json-smart;2.4.7 from central in [default]
	org.antlr#antlr4-runtime;4.9.3 from central in [default]
	org.apache.avro#avro;1.7.7 from central in [default]
	org.apache.commons#commons-compress;1.21 from central in [default]
	org.apache.commons#commons-configuration2;2.1.1 from central in [default]
	org.apache.commons#commons-lang3;3.12.0 from central in [default]
	org.apache.commons#commons-math3;3.1.1 from central in [default]
	org.apache.commons#commons-text;1.4 from central in [default]
	org.apache.curator#curator-client;4.2.0 from central in [default]
	org.apache.curator#curator-framework;4.2.0 from central in [default]
	org.apache.curator#curator-recipes;4.2.0 from central in [default]
	org.apache.hadoop#hadoop-annotations;3.3.4 from central in [default]
	org.apache.hadoop#hadoop-auth;3.3.4 from central in [default]
	org.apache.hadoop#hadoop-aws;3.3.4 from central in [default]
	org.apache.hadoop#hadoop-common;3.3.4 from central in [default]
	org.apache.hadoop.thirdparty#hadoop-shaded-guava;1.1.1 from spark-list in [default]
	org.apache.hadoop.thirdparty#hadoop-shaded-protobuf_3_7;1.1.1 from central in [default]
	org.apache.httpcomponents#httpclient;4.5.13 from central in [default]
	org.apache.httpcomponents#httpcore;4.4.13 from central in [default]
	org.apache.kerby#kerb-admin;1.0.1 from central in [default]
	org.apache.kerby#kerb-client;1.0.1 from central in [default]
	org.apache.kerby#kerb-common;1.0.1 from central in [default]
	org.apache.kerby#kerb-core;1.0.1 from central in [default]
	org.apache.kerby#kerb-crypto;1.0.1 from central in [default]
	org.apache.kerby#kerb-identity;1.0.1 from central in [default]
	org.apache.kerby#kerb-server;1.0.1 from central in [default]
	org.apache.kerby#kerb-simplekdc;1.0.1 from central in [default]
	org.apache.kerby#kerb-util;1.0.1 from central in [default]
	org.apache.kerby#kerby-asn1;1.0.1 from central in [default]
	org.apache.kerby#kerby-config;1.0.1 from central in [default]
	org.apache.kerby#kerby-pkix;1.0.1 from spark-list in [default]
	org.apache.kerby#kerby-util;1.0.1 from central in [default]
	org.apache.kerby#kerby-xdr;1.0.1 from central in [default]
	org.apache.kerby#token-provider;1.0.1 from central in [default]
	org.apache.yetus#audience-annotations;0.5.0 from central in [default]
	org.apache.zookeeper#zookeeper;3.5.6 from central in [default]
	org.apache.zookeeper#zookeeper-jute;3.5.6 from central in [default]
	org.checkerframework#checker-qual;2.5.2 from spark-list in [default]
	org.codehaus.jackson#jackson-core-asl;1.9.13 from spark-list in [default]
	org.codehaus.jackson#jackson-jaxrs;1.9.13 from central in [default]
	org.codehaus.jackson#jackson-mapper-asl;1.9.13 from spark-list in [default]
	org.codehaus.jackson#jackson-xc;1.9.13 from central in [default]
	org.codehaus.jettison#jettison;1.1 from spark-list in [default]
	org.codehaus.mojo#animal-sniffer-annotations;1.17 from central in [default]
	org.codehaus.woodstox#stax2-api;4.2.1 from central in [default]
	org.eclipse.jetty#jetty-http;9.4.43.v20210629 from central in [default]
	org.eclipse.jetty#jetty-io;9.4.43.v20210629 from spark-list in [default]
	org.eclipse.jetty#jetty-security;9.4.43.v20210629 from spark-list in [default]
	org.eclipse.jetty#jetty-server;9.4.43.v20210629 from central in [default]
	org.eclipse.jetty#jetty-servlet;9.4.43.v20210629 from central in [default]
	org.eclipse.jetty#jetty-util;9.4.43.v20210629 from central in [default]
	org.eclipse.jetty#jetty-util-ajax;9.4.43.v20210629 from central in [default]
	org.eclipse.jetty#jetty-webapp;9.4.43.v20210629 from central in [default]
	org.eclipse.jetty#jetty-xml;9.4.43.v20210629 from central in [default]
	org.ow2.asm#asm;5.0.4 from central in [default]
	org.slf4j#slf4j-api;1.7.36 from central in [default]
	org.slf4j#slf4j-reload4j;1.7.36 from spark-list in [default]
	org.wildfly.openssl#wildfly-openssl;1.0.7.Final from central in [default]
	org.xerial.snappy#snappy-java;1.1.8.2 from central in [default]
	---------------------------------------------------------------------
	|                  |            modules            ||   artifacts   |
	|       conf       | number| search|dwnlded|evicted|| number|dwnlded|
	---------------------------------------------------------------------
	|      default     |   98  |   0   |   0   |   0   ||   98  |   0   |
	---------------------------------------------------------------------
:: retrieving :: org.apache.spark#spark-submit-parent-d79401d9-1552-4d07-98dc-da0a067a721a
	confs: [default]
	37 artifacts copied, 61 already retrieved (31187kB/1551ms)
24/05/31 15:48:24 WARN NativeCodeLoader: Unable to load native-hadoop library for your platform... using builtin-java classes where applicable
Setting default log level to "WARN".
To adjust logging level use sc.setLogLevel(newLevel). For SparkR, use setLogLevel(newLevel).
24/05/31 15:48:35 WARN Utils: Service 'SparkUI' could not bind on port 4040. Attempting port 4041.
24/05/31 15:48:35 WARN Utils: Service 'SparkUI' could not bind on port 4041. Attempting port 4042.
24/05/31 15:48:35 WARN Utils: Service 'SparkUI' could not bind on port 4042. Attempting port 4043.
24/05/31 15:49:01 ERROR Inbox: Ignoring error
java.lang.NullPointerException
	at org.apache.spark.storage.BlockManagerMasterEndpoint.org$apache$spark$storage$BlockManagerMasterEndpoint$$register(BlockManagerMasterEndpoint.scala:677)
	at org.apache.spark.storage.BlockManagerMasterEndpoint$$anonfun$receiveAndReply$1.applyOrElse(BlockManagerMasterEndpoint.scala:133)
	at org.apache.spark.rpc.netty.Inbox.$anonfun$process$1(Inbox.scala:103)
	at org.apache.spark.rpc.netty.Inbox.safelyCall(Inbox.scala:213)
	at org.apache.spark.rpc.netty.Inbox.process(Inbox.scala:100)
	at org.apache.spark.rpc.netty.MessageLoop.org$apache$spark$rpc$netty$MessageLoop$$receiveLoop(MessageLoop.scala:75)
	at org.apache.spark.rpc.netty.MessageLoop$$anon$1.run(MessageLoop.scala:41)
	at java.base/java.util.concurrent.ThreadPoolExecutor.runWorker(ThreadPoolExecutor.java:1128)
	at java.base/java.util.concurrent.ThreadPoolExecutor$Worker.run(ThreadPoolExecutor.java:628)
	at java.base/java.lang.Thread.run(Thread.java:829)
24/05/31 15:49:01 WARN Executor: Issue communicating with driver in heartbeater
org.apache.spark.SparkException: Exception thrown in awaitResult: 
	at org.apache.spark.util.SparkThreadUtils$.awaitResult(SparkThreadUtils.scala:56)
	at org.apache.spark.util.ThreadUtils$.awaitResult(ThreadUtils.scala:310)
	at org.apache.spark.rpc.RpcTimeout.awaitResult(RpcTimeout.scala:75)
	at org.apache.spark.rpc.RpcEndpointRef.askSync(RpcEndpointRef.scala:101)
	at org.apache.spark.rpc.RpcEndpointRef.askSync(RpcEndpointRef.scala:85)
	at org.apache.spark.storage.BlockManagerMaster.registerBlockManager(BlockManagerMaster.scala:80)
	at org.apache.spark.storage.BlockManager.reregister(BlockManager.scala:642)
	at org.apache.spark.executor.Executor.reportHeartBeat(Executor.scala:1223)
	at org.apache.spark.executor.Executor.$anonfun$heartbeater$1(Executor.scala:295)
	at scala.runtime.java8.JFunction0$mcV$sp.apply(JFunction0$mcV$sp.java:23)
	at org.apache.spark.util.Utils$.logUncaughtExceptions(Utils.scala:1928)
	at org.apache.spark.Heartbeater$$anon$1.run(Heartbeater.scala:46)
	at java.base/java.util.concurrent.Executors$RunnableAdapter.call(Executors.java:515)
	at java.base/java.util.concurrent.FutureTask.runAndReset(FutureTask.java:305)
	at java.base/java.util.concurrent.ScheduledThreadPoolExecutor$ScheduledFutureTask.run(ScheduledThreadPoolExecutor.java:305)
	at java.base/java.util.concurrent.ThreadPoolExecutor.runWorker(ThreadPoolExecutor.java:1128)
	at java.base/java.util.concurrent.ThreadPoolExecutor$Worker.run(ThreadPoolExecutor.java:628)
	at java.base/java.lang.Thread.run(Thread.java:829)
Caused by: java.lang.NullPointerException
	at org.apache.spark.storage.BlockManagerMasterEndpoint.org$apache$spark$storage$BlockManagerMasterEndpoint$$register(BlockManagerMasterEndpoint.scala:677)
	at org.apache.spark.storage.BlockManagerMasterEndpoint$$anonfun$receiveAndReply$1.applyOrElse(BlockManagerMasterEndpoint.scala:133)
	at org.apache.spark.rpc.netty.Inbox.$anonfun$process$1(Inbox.scala:103)
	at org.apache.spark.rpc.netty.Inbox.safelyCall(Inbox.scala:213)
	at org.apache.spark.rpc.netty.Inbox.process(Inbox.scala:100)
	at org.apache.spark.rpc.netty.MessageLoop.org$apache$spark$rpc$netty$MessageLoop$$receiveLoop(MessageLoop.scala:75)
	at org.apache.spark.rpc.netty.MessageLoop$$anon$1.run(MessageLoop.scala:41)
	... 3 more
[32m2024-05-31 15:49:25 +0000[0m - dagster - [34mDEBUG[0m - __ASSET_JOB - 29657144-f47b-4730-a719-19652768d51f - 219586 - spark_operator.create_stock_tables[stock_AAUAF_path] - STEP_UP_FOR_RETRY - Execution of step "spark_operator.create_stock_tables[stock_AAUAF_path]" failed and has requested a retry in 0.10437415160572582 seconds.

dagster._core.execution.plan.utils.RetryRequestedFromPolicy

Stack Trace:
  File "/workspace/.pyenv_mirror/user/current/lib/python3.12/site-packages/dagster/_core/execution/plan/execute_plan.py", line 282, in dagster_event_sequence_for_step
    for step_event in check.generator(step_events):
  File "/workspace/.pyenv_mirror/user/current/lib/python3.12/site-packages/dagster/_core/execution/plan/execute_step.py", line 525, in core_dagster_event_sequence_for_step
    for user_event in _step_output_error_checked_user_event_sequence(
  File "/workspace/.pyenv_mirror/user/current/lib/python3.12/site-packages/dagster/_core/execution/plan/execute_step.py", line 203, in _step_output_error_checked_user_event_sequence
    for user_event in user_event_sequence:
  File "/workspace/.pyenv_mirror/user/current/lib/python3.12/site-packages/dagster/_core/execution/plan/execute_step.py", line 100, in _process_asset_results_to_events
    for user_event in user_event_sequence:
  File "/workspace/.pyenv_mirror/user/current/lib/python3.12/site-packages/dagster/_core/execution/plan/compute.py", line 208, in execute_core_compute
    for step_output in _yield_compute_results(step_context, inputs, compute_fn, compute_context):
  File "/workspace/.pyenv_mirror/user/current/lib/python3.12/site-packages/dagster/_core/execution/plan/compute.py", line 177, in _yield_compute_results
    for event in iterate_with_context(
  File "/workspace/.pyenv_mirror/user/current/lib/python3.12/site-packages/dagster/_utils/__init__.py", line 466, in iterate_with_context
    with context_fn():
  File "/home/gitpod/.pyenv/versions/3.12.3/lib/python3.12/contextlib.py", line 158, in __exit__
    self.gen.throw(value)
  File "/workspace/.pyenv_mirror/user/current/lib/python3.12/site-packages/dagster/_core/execution/plan/utils.py", line 72, in op_execution_error_boundary
    raise RetryRequestedFromPolicy(

The above exception was caused by the following exception:
py4j.protocol.Py4JJavaError: An error occurred while calling o48.read.
: java.lang.NoClassDefFoundError: io/delta/sql/parser/DeltaSqlBaseParser$ColTypeContext
	at io.delta.sql.parser.DeltaSqlParser.<init>(DeltaSqlParser.scala:75)
	at io.delta.sql.DeltaSparkSessionExtension.$anonfun$apply$1(DeltaSparkSessionExtension.scala:84)
	at org.apache.spark.sql.SparkSessionExtensions.$anonfun$buildParser$1(SparkSessionExtensions.scala:329)
	at scala.collection.IndexedSeqOptimized.foldLeft(IndexedSeqOptimized.scala:60)
	at scala.collection.IndexedSeqOptimized.foldLeft$(IndexedSeqOptimized.scala:68)
	at scala.collection.mutable.ArrayBuffer.foldLeft(ArrayBuffer.scala:49)
	at org.apache.spark.sql.SparkSessionExtensions.buildParser(SparkSessionExtensions.scala:328)
	at org.apache.spark.sql.internal.BaseSessionStateBuilder.sqlParser$lzycompute(BaseSessionStateBuilder.scala:138)
	at org.apache.spark.sql.internal.BaseSessionStateBuilder.sqlParser(BaseSessionStateBuilder.scala:137)
	at org.apache.spark.sql.internal.BaseSessionStateBuilder.build(BaseSessionStateBuilder.scala:374)
	at org.apache.spark.sql.SparkSession$.org$apache$spark$sql$SparkSession$$instantiateSessionState(SparkSession.scala:1319)
	at org.apache.spark.sql.SparkSession.$anonfun$sessionState$2(SparkSession.scala:162)
	at scala.Option.getOrElse(Option.scala:189)
	at org.apache.spark.sql.SparkSession.sessionState$lzycompute(SparkSession.scala:160)
	at org.apache.spark.sql.SparkSession.sessionState(SparkSession.scala:157)
	at org.apache.spark.sql.DataFrameReader.<init>(DataFrameReader.scala:699)
	at org.apache.spark.sql.SparkSession.read(SparkSession.scala:783)
	at java.base/jdk.internal.reflect.NativeMethodAccessorImpl.invoke0(Native Method)
	at java.base/jdk.internal.reflect.NativeMethodAccessorImpl.invoke(NativeMethodAccessorImpl.java:62)
	at java.base/jdk.internal.reflect.DelegatingMethodAccessorImpl.invoke(DelegatingMethodAccessorImpl.java:43)
	at java.base/java.lang.reflect.Method.invoke(Method.java:566)
	at py4j.reflection.MethodInvoker.invoke(MethodInvoker.java:244)
	at py4j.reflection.ReflectionEngine.invoke(ReflectionEngine.java:374)
	at py4j.Gateway.invoke(Gateway.java:282)
	at py4j.commands.AbstractCommand.invokeMethod(AbstractCommand.java:132)
	at py4j.commands.CallCommand.execute(CallCommand.java:79)
	at py4j.ClientServerConnection.waitForCommands(ClientServerConnection.java:182)
	at py4j.ClientServerConnection.run(ClientServerConnection.java:106)
	at java.base/java.lang.Thread.run(Thread.java:829)
Caused by: java.lang.ClassNotFoundException: io.delta.sql.parser.DeltaSqlBaseParser$ColTypeContext
	at java.base/java.net.URLClassLoader$1.run(URLClassLoader.java:460)
	at java.base/java.net.URLClassLoader$1.run(URLClassLoader.java:452)
	at java.base/java.security.AccessController.doPrivileged(Native Method)
	at java.base/java.net.URLClassLoader.findClass(URLClassLoader.java:451)
	at java.base/java.lang.ClassLoader.loadClass(ClassLoader.java:594)
	at java.base/java.lang.ClassLoader.loadClass(ClassLoader.java:527)
	... 29 more
Caused by: java.io.EOFException
	at java.base/java.io.RandomAccessFile.readFully(RandomAccessFile.java:472)
	at java.base/java.util.zip.ZipFile$Source.readFullyAt(ZipFile.java:1508)
	at java.base/java.util.zip.ZipFile$ZipFileInputStream.initDataOffset(ZipFile.java:1027)
	at java.base/java.util.zip.ZipFile$ZipFileInputStream.read(ZipFile.java:1042)
	at java.base/java.util.zip.ZipFile$ZipFileInflaterInputStream.fill(ZipFile.java:492)
	at java.base/java.util.zip.InflaterInputStream.read(InflaterInputStream.java:159)
	at java.base/jdk.internal.loader.Resource.getBytes(Resource.java:124)
	at java.base/jdk.internal.loader.URLClassPath$JarLoader$2.getBytes(URLClassPath.java:897)
	at java.base/java.net.URLClassLoader.defineClass(URLClassLoader.java:550)
	at java.base/java.net.URLClassLoader$1.run(URLClassLoader.java:458)
	... 34 more


Stack Trace:
  File "/workspace/.pyenv_mirror/user/current/lib/python3.12/site-packages/dagster/_core/execution/plan/utils.py", line 54, in op_execution_error_boundary
    yield
  File "/workspace/.pyenv_mirror/user/current/lib/python3.12/site-packages/dagster/_utils/__init__.py", line 468, in iterate_with_context
    next_output = next(iterator)
                  ^^^^^^^^^^^^^^
  File "/workspace/.pyenv_mirror/user/current/lib/python3.12/site-packages/dagster/_core/execution/plan/compute_generator.py", line 141, in _coerce_op_compute_fn_to_iterator
    result = invoke_compute_fn(
             ^^^^^^^^^^^^^^^^^^
  File "/workspace/.pyenv_mirror/user/current/lib/python3.12/site-packages/dagster/_core/execution/plan/compute_generator.py", line 129, in invoke_compute_fn
    return fn(context, **args_to_pass) if context_arg_provided else fn(**args_to_pass)
           ^^^^^^^^^^^^^^^^^^^^^^^^^^^
  File "/workspace/practical-data-engineering/finnhub-batch-stock-pipeline/finnhub_batch_stock_pipeline/assets/spark_transformations.py", line 127, in create_stock_tables
    df = spark.read.options(**read_options).json(sc.parallelize([json.dumps(value)]))
         ^^^^^^^^^^
  File "/workspace/.pyenv_mirror/user/current/lib/python3.12/site-packages/pyspark/sql/session.py", line 1706, in read
    return DataFrameReader(self)
           ^^^^^^^^^^^^^^^^^^^^^
  File "/workspace/.pyenv_mirror/user/current/lib/python3.12/site-packages/pyspark/sql/readwriter.py", line 70, in __init__
    self._jreader = spark._jsparkSession.read()
                    ^^^^^^^^^^^^^^^^^^^^^^^^^^^
  File "/workspace/.pyenv_mirror/user/current/lib/python3.12/site-packages/py4j/java_gateway.py", line 1322, in __call__
    return_value = get_return_value(
                   ^^^^^^^^^^^^^^^^^
  File "/workspace/.pyenv_mirror/user/current/lib/python3.12/site-packages/pyspark/errors/exceptions/captured.py", line 179, in deco
    return f(*a, **kw)
           ^^^^^^^^^^^
  File "/workspace/.pyenv_mirror/user/current/lib/python3.12/site-packages/py4j/protocol.py", line 326, in get_return_value
    raise Py4JJavaError(

