[32m2024-05-31 15:28:43 +0000[0m - dagster - [34mDEBUG[0m - __ASSET_JOB - 29657144-f47b-4730-a719-19652768d51f - 17074 - LOGS_CAPTURED - Started capturing logs in process (pid: 17074).
[32m2024-05-31 15:28:43 +0000[0m - dagster - [34mDEBUG[0m - __ASSET_JOB - 29657144-f47b-4730-a719-19652768d51f - 17074 - spark_operator.create_stock_tables[stock_AAEEF_path] - STEP_START - Started execution of step "spark_operator.create_stock_tables[stock_AAEEF_path]".
[32m2024-05-31 15:28:44 +0000[0m - dagster - [34mDEBUG[0m - __ASSET_JOB - 29657144-f47b-4730-a719-19652768d51f - spark_operator.create_stock_tables[stock_AAEEF_path] - Loading file from: /workspace/practical-data-engineering/finnhub-batch-stock-pipeline/home/storage/29657144-f47b-4730-a719-19652768d51f/spark_operator.stock_tables/result/stock_AAEEF_path using PickledObjectFilesystemIOManager...
[32m2024-05-31 15:28:44 +0000[0m - dagster - [34mDEBUG[0m - __ASSET_JOB - 29657144-f47b-4730-a719-19652768d51f - 17074 - spark_operator.create_stock_tables[stock_AAEEF_path] - LOADED_INPUT - Loaded input "input_fn" using input manager "io_manager", from output "result" of step "spark_operator.stock_tables"
[32m2024-05-31 15:28:44 +0000[0m - dagster - [34mDEBUG[0m - __ASSET_JOB - 29657144-f47b-4730-a719-19652768d51f - 17074 - spark_operator.create_stock_tables[stock_AAEEF_path] - STEP_INPUT - Got input "input_fn" of type "Any". (Type check passed).
24/05/31 15:28:57 WARN Utils: Your hostname, willowyboat-practicalda-8yoi5et7ep7 resolves to a loopback address: 127.0.0.1; using 10.0.5.2 instead (on interface eth0)
24/05/31 15:28:57 WARN Utils: Set SPARK_LOCAL_IP if you need to bind to another address
Ivy Default Cache set to: /home/gitpod/.ivy2/cache
The jars for the packages stored in: /home/gitpod/.ivy2/jars
io.delta#delta-spark_2.12 added as a dependency
org.apache.hadoop#hadoop-aws added as a dependency
org.apache.hadoop#hadoop-common added as a dependency
com.amazonaws#aws-java-sdk-bundle added as a dependency
:: resolving dependencies :: org.apache.spark#spark-submit-parent-1cc1d47a-5844-4d1e-a751-bf0d6ba30a72;1.0
	confs: [default]
	found io.delta#delta-spark_2.12;3.1.0 in central
	found io.delta#delta-storage;3.1.0 in central
	found org.antlr#antlr4-runtime;4.9.3 in central
	found org.apache.hadoop#hadoop-aws;3.3.4 in central
	found com.amazonaws#aws-java-sdk-bundle;1.12.262 in central
	found org.wildfly.openssl#wildfly-openssl;1.0.7.Final in central
	found org.apache.hadoop#hadoop-common;3.3.4 in central
	found org.apache.hadoop.thirdparty#hadoop-shaded-protobuf_3_7;1.1.1 in central
	found org.apache.hadoop#hadoop-annotations;3.3.4 in central
	found org.apache.hadoop.thirdparty#hadoop-shaded-guava;1.1.1 in spark-list
	found commons-cli#commons-cli;1.2 in central
	found org.apache.commons#commons-math3;3.1.1 in central
	found org.apache.httpcomponents#httpclient;4.5.13 in central
	found org.apache.httpcomponents#httpcore;4.4.13 in central
	found commons-codec#commons-codec;1.15 in central
	found commons-io#commons-io;2.8.0 in central
	found commons-net#commons-net;3.6 in central
	found commons-collections#commons-collections;3.2.2 in central
	found javax.servlet#javax.servlet-api;3.1.0 in central
	found org.eclipse.jetty#jetty-server;9.4.43.v20210629 in central
	found org.eclipse.jetty#jetty-http;9.4.43.v20210629 in central
	found org.eclipse.jetty#jetty-util;9.4.43.v20210629 in spark-list
	found org.eclipse.jetty#jetty-io;9.4.43.v20210629 in central
	found org.eclipse.jetty#jetty-servlet;9.4.43.v20210629 in central
	found org.eclipse.jetty#jetty-security;9.4.43.v20210629 in central
	found org.eclipse.jetty#jetty-util-ajax;9.4.43.v20210629 in central
	found org.eclipse.jetty#jetty-webapp;9.4.43.v20210629 in central
	found org.eclipse.jetty#jetty-xml;9.4.43.v20210629 in central
	found com.sun.jersey#jersey-core;1.19 in central
	found javax.ws.rs#jsr311-api;1.1.1 in central
	found com.sun.jersey#jersey-servlet;1.19 in central
	found com.sun.jersey#jersey-server;1.19 in central
	found com.sun.jersey#jersey-json;1.19 in central
	found org.codehaus.jettison#jettison;1.1 in spark-list
	found com.sun.xml.bind#jaxb-impl;2.2.3-1 in central
	found javax.xml.bind#jaxb-api;2.2.11 in central
	found org.codehaus.jackson#jackson-core-asl;1.9.13 in central
	found org.codehaus.jackson#jackson-mapper-asl;1.9.13 in central
	found org.codehaus.jackson#jackson-jaxrs;1.9.13 in central
	found org.codehaus.jackson#jackson-xc;1.9.13 in central
	found ch.qos.reload4j#reload4j;1.2.22 in central
	found commons-beanutils#commons-beanutils;1.9.4 in central
	found org.apache.commons#commons-configuration2;2.1.1 in central
	found org.apache.commons#commons-lang3;3.12.0 in central
	found org.apache.commons#commons-text;1.4 in central
	found org.slf4j#slf4j-api;1.7.36 in central
	found org.slf4j#slf4j-reload4j;1.7.36 in spark-list
	found com.google.re2j#re2j;1.1 in central
	found com.google.code.gson#gson;2.8.9 in central
	found org.apache.hadoop#hadoop-auth;3.3.4 in central
	found com.nimbusds#nimbus-jose-jwt;9.8.1 in central
	found com.github.stephenc.jcip#jcip-annotations;1.0-1 in central
	found net.minidev#json-smart;2.4.7 in central
	found net.minidev#accessors-smart;2.4.7 in central
	found org.ow2.asm#asm;5.0.4 in central
	found org.apache.zookeeper#zookeeper;3.5.6 in central
	found org.apache.yetus#audience-annotations;0.5.0 in central
	found org.apache.curator#curator-framework;4.2.0 in central
	found org.apache.curator#curator-client;4.2.0 in central
	found org.apache.kerby#kerb-simplekdc;1.0.1 in central
	found org.apache.kerby#kerb-client;1.0.1 in central
	found org.apache.kerby#kerby-config;1.0.1 in central
	found org.apache.kerby#kerb-core;1.0.1 in central
	found org.apache.kerby#kerby-pkix;1.0.1 in central
	found org.apache.kerby#kerby-asn1;1.0.1 in central
	found org.apache.kerby#kerby-util;1.0.1 in central
	found org.apache.kerby#kerb-common;1.0.1 in central
	found org.apache.kerby#kerb-crypto;1.0.1 in central
	found org.apache.kerby#kerb-util;1.0.1 in central
	found org.apache.kerby#token-provider;1.0.1 in central
	found org.apache.kerby#kerb-admin;1.0.1 in central
	found org.apache.kerby#kerb-server;1.0.1 in central
	found org.apache.kerby#kerby-xdr;1.0.1 in central
	found com.jcraft#jsch;0.1.55 in central
	found org.apache.curator#curator-recipes;4.2.0 in central
	found com.google.code.findbugs#jsr305;3.0.2 in central
	found org.apache.commons#commons-compress;1.21 in central
	found com.fasterxml.jackson.core#jackson-databind;2.12.7 in central
	found com.fasterxml.jackson.core#jackson-annotations;2.12.7 in central
	found com.fasterxml.jackson.core#jackson-core;2.12.7 in spark-list
	found org.codehaus.woodstox#stax2-api;4.2.1 in central
	found com.fasterxml.woodstox#woodstox-core;5.3.0 in central
	found org.xerial.snappy#snappy-java;1.1.8.2 in central
	found jakarta.activation#jakarta.activation-api;1.2.1 in central
	found javax.servlet.jsp#jsp-api;2.1 in central
downloading https://repo1.maven.org/maven2/com/amazonaws/aws-java-sdk-bundle/1.12.262/aws-java-sdk-bundle-1.12.262.jar ...
downloading https://repo1.maven.org/maven2/com/sun/jersey/jersey-servlet/1.19/jersey-servlet-1.19.jar ...
downloading https://repo1.maven.org/maven2/com/sun/jersey/jersey-json/1.19/jersey-json-1.19.jar ...
downloading https://repo1.maven.org/maven2/com/sun/jersey/jersey-server/1.19/jersey-server-1.19.jar ...
downloading https://repo1.maven.org/maven2/commons-beanutils/commons-beanutils/1.9.4/commons-beanutils-1.9.4.jar ...
downloading https://repo1.maven.org/maven2/org/apache/commons/commons-configuration2/2.1.1/commons-configuration2-2.1.1.jar ...
downloading https://repo1.maven.org/maven2/org/slf4j/slf4j-api/1.7.36/slf4j-api-1.7.36.jar ...
	[SUCCESSFUL ] org.slf4j#slf4j-api;1.7.36!slf4j-api.jar (103ms)
downloading https://repo1.maven.org/maven2/com/google/code/gson/gson/2.8.9/gson-2.8.9.jar ...
	[SUCCESSFUL ] com.google.code.gson#gson;2.8.9!gson.jar (101ms)
downloading https://repo1.maven.org/maven2/org/apache/hadoop/hadoop-auth/3.3.4/hadoop-auth-3.3.4.jar ...
downloading https://repo1.maven.org/maven2/com/jcraft/jsch/0.1.55/jsch-0.1.55.jar ...
	[SUCCESSFUL ] com.jcraft#jsch;0.1.55!jsch.jar (197ms)
downloading https://repo1.maven.org/maven2/org/apache/curator/curator-recipes/4.2.0/curator-recipes-4.2.0.jar ...
downloading https://repo1.maven.org/maven2/com/google/code/findbugs/jsr305/3.0.2/jsr305-3.0.2.jar ...
	[SUCCESSFUL ] com.google.code.findbugs#jsr305;3.0.2!jsr305.jar (381ms)
downloading https://repo1.maven.org/maven2/org/apache/zookeeper/zookeeper/3.5.6/zookeeper-3.5.6.jar ...
downloading https://repo1.maven.org/maven2/org/apache/commons/commons-compress/1.21/commons-compress-1.21.jar ...
downloading https://repo1.maven.org/maven2/com/fasterxml/jackson/core/jackson-databind/2.12.7/jackson-databind-2.12.7.jar ...
downloading https://repo1.maven.org/maven2/com/fasterxml/woodstox/woodstox-core/5.3.0/woodstox-core-5.3.0.jar ...
downloading https://repo1.maven.org/maven2/org/xerial/snappy/snappy-java/1.1.8.2/snappy-java-1.1.8.2.jar ...
downloading https://repo1.maven.org/maven2/org/apache/httpcomponents/httpcore/4.4.13/httpcore-4.4.13.jar ...
downloading https://repo1.maven.org/maven2/org/eclipse/jetty/jetty-http/9.4.43.v20210629/jetty-http-9.4.43.v20210629.jar ...
	[SUCCESSFUL ] org.eclipse.jetty#jetty-http;9.4.43.v20210629!jetty-http.jar (72ms)
downloading https://repo1.maven.org/maven2/org/eclipse/jetty/jetty-io/9.4.43.v20210629/jetty-io-9.4.43.v20210629.jar ...
	[SUCCESSFUL ] org.eclipse.jetty#jetty-io;9.4.43.v20210629!jetty-io.jar (95ms)
downloading https://repo1.maven.org/maven2/org/eclipse/jetty/jetty-xml/9.4.43.v20210629/jetty-xml-9.4.43.v20210629.jar ...
	[SUCCESSFUL ] org.eclipse.jetty#jetty-xml;9.4.43.v20210629!jetty-xml.jar (100ms)
downloading https://repo1.maven.org/maven2/javax/ws/rs/jsr311-api/1.1.1/jsr311-api-1.1.1.jar ...
	[SUCCESSFUL ] javax.ws.rs#jsr311-api;1.1.1!jsr311-api.jar (91ms)
downloading https://repo1.maven.org/maven2/com/sun/xml/bind/jaxb-impl/2.2.3-1/jaxb-impl-2.2.3-1.jar ...
downloading https://repo1.maven.org/maven2/org/codehaus/jackson/jackson-core-asl/1.9.13/jackson-core-asl-1.9.13.jar ...
downloading https://repo1.maven.org/maven2/org/codehaus/jackson/jackson-mapper-asl/1.9.13/jackson-mapper-asl-1.9.13.jar ...
downloading https://repo1.maven.org/maven2/org/codehaus/jackson/jackson-jaxrs/1.9.13/jackson-jaxrs-1.9.13.jar ...
downloading https://repo1.maven.org/maven2/org/codehaus/jackson/jackson-xc/1.9.13/jackson-xc-1.9.13.jar ...
downloading https://repo1.maven.org/maven2/org/apache/kerby/kerb-client/1.0.1/kerb-client-1.0.1.jar ...
downloading https://repo1.maven.org/maven2/org/apache/kerby/kerb-admin/1.0.1/kerb-admin-1.0.1.jar ...
	[SUCCESSFUL ] org.apache.kerby#kerb-admin;1.0.1!kerb-admin.jar (97ms)
downloading https://repo1.maven.org/maven2/org/apache/kerby/kerby-config/1.0.1/kerby-config-1.0.1.jar ...
	[SUCCESSFUL ] org.apache.kerby#kerby-config;1.0.1!kerby-config.jar (14ms)
downloading https://repo1.maven.org/maven2/org/apache/kerby/kerb-common/1.0.1/kerb-common-1.0.1.jar ...
	[SUCCESSFUL ] org.apache.kerby#kerb-common;1.0.1!kerb-common.jar (91ms)
downloading https://repo1.maven.org/maven2/org/apache/kerby/kerb-util/1.0.1/kerb-util-1.0.1.jar ...
	[SUCCESSFUL ] org.apache.kerby#kerb-util;1.0.1!kerb-util.jar (107ms)
downloading https://repo1.maven.org/maven2/org/apache/kerby/kerb-crypto/1.0.1/kerb-crypto-1.0.1.jar ...
	[SUCCESSFUL ] org.apache.kerby#kerb-crypto;1.0.1!kerb-crypto.jar (89ms)
downloading https://repo1.maven.org/maven2/org/apache/kerby/kerb-server/1.0.1/kerb-server-1.0.1.jar ...
downloading https://repo1.maven.org/maven2/org/apache/kerby/kerby-xdr/1.0.1/kerby-xdr-1.0.1.jar ...
:: resolution report :: resolve 46411ms :: artifacts dl 119780ms
	:: modules in use:
	ch.qos.reload4j#reload4j;1.2.22 from central in [default]
	com.amazonaws#aws-java-sdk-bundle;1.12.262 from central in [default]
	com.fasterxml.jackson.core#jackson-annotations;2.12.7 from central in [default]
	com.fasterxml.jackson.core#jackson-core;2.12.7 from spark-list in [default]
	com.fasterxml.jackson.core#jackson-databind;2.12.7 from central in [default]
	com.fasterxml.woodstox#woodstox-core;5.3.0 from central in [default]
	com.github.stephenc.jcip#jcip-annotations;1.0-1 from central in [default]
	com.google.code.findbugs#jsr305;3.0.2 from central in [default]
	com.google.code.gson#gson;2.8.9 from central in [default]
	com.google.re2j#re2j;1.1 from central in [default]
	com.jcraft#jsch;0.1.55 from central in [default]
	com.nimbusds#nimbus-jose-jwt;9.8.1 from central in [default]
	com.sun.jersey#jersey-core;1.19 from central in [default]
	com.sun.jersey#jersey-json;1.19 from central in [default]
	com.sun.jersey#jersey-server;1.19 from central in [default]
	com.sun.jersey#jersey-servlet;1.19 from central in [default]
	com.sun.xml.bind#jaxb-impl;2.2.3-1 from central in [default]
	commons-beanutils#commons-beanutils;1.9.4 from central in [default]
	commons-cli#commons-cli;1.2 from central in [default]
	commons-codec#commons-codec;1.15 from central in [default]
	commons-collections#commons-collections;3.2.2 from central in [default]
	commons-io#commons-io;2.8.0 from central in [default]
	commons-net#commons-net;3.6 from central in [default]
	io.delta#delta-spark_2.12;3.1.0 from central in [default]
	io.delta#delta-storage;3.1.0 from central in [default]
	jakarta.activation#jakarta.activation-api;1.2.1 from central in [default]
	javax.servlet#javax.servlet-api;3.1.0 from central in [default]
	javax.servlet.jsp#jsp-api;2.1 from central in [default]
	javax.ws.rs#jsr311-api;1.1.1 from central in [default]
	javax.xml.bind#jaxb-api;2.2.11 from central in [default]
	net.minidev#accessors-smart;2.4.7 from central in [default]
	net.minidev#json-smart;2.4.7 from central in [default]
	org.antlr#antlr4-runtime;4.9.3 from central in [default]
	org.apache.commons#commons-compress;1.21 from central in [default]
	org.apache.commons#commons-configuration2;2.1.1 from central in [default]
	org.apache.commons#commons-lang3;3.12.0 from central in [default]
	org.apache.commons#commons-math3;3.1.1 from central in [default]
	org.apache.commons#commons-text;1.4 from central in [default]
	org.apache.curator#curator-client;4.2.0 from central in [default]
	org.apache.curator#curator-framework;4.2.0 from central in [default]
	org.apache.curator#curator-recipes;4.2.0 from central in [default]
	org.apache.hadoop#hadoop-annotations;3.3.4 from central in [default]
	org.apache.hadoop#hadoop-auth;3.3.4 from central in [default]
	org.apache.hadoop#hadoop-aws;3.3.4 from central in [default]
	org.apache.hadoop#hadoop-common;3.3.4 from central in [default]
	org.apache.hadoop.thirdparty#hadoop-shaded-guava;1.1.1 from spark-list in [default]
	org.apache.hadoop.thirdparty#hadoop-shaded-protobuf_3_7;1.1.1 from central in [default]
	org.apache.httpcomponents#httpclient;4.5.13 from central in [default]
	org.apache.httpcomponents#httpcore;4.4.13 from central in [default]
	org.apache.kerby#kerb-admin;1.0.1 from central in [default]
	org.apache.kerby#kerb-client;1.0.1 from central in [default]
	org.apache.kerby#kerb-common;1.0.1 from central in [default]
	org.apache.kerby#kerb-core;1.0.1 from central in [default]
	org.apache.kerby#kerb-crypto;1.0.1 from central in [default]
	org.apache.kerby#kerb-server;1.0.1 from central in [default]
	org.apache.kerby#kerb-simplekdc;1.0.1 from central in [default]
	org.apache.kerby#kerb-util;1.0.1 from central in [default]
	org.apache.kerby#kerby-asn1;1.0.1 from central in [default]
	org.apache.kerby#kerby-config;1.0.1 from central in [default]
	org.apache.kerby#kerby-pkix;1.0.1 from central in [default]
	org.apache.kerby#kerby-util;1.0.1 from central in [default]
	org.apache.kerby#kerby-xdr;1.0.1 from central in [default]
	org.apache.kerby#token-provider;1.0.1 from central in [default]
	org.apache.yetus#audience-annotations;0.5.0 from central in [default]
	org.apache.zookeeper#zookeeper;3.5.6 from central in [default]
	org.codehaus.jackson#jackson-core-asl;1.9.13 from central in [default]
	org.codehaus.jackson#jackson-jaxrs;1.9.13 from central in [default]
	org.codehaus.jackson#jackson-mapper-asl;1.9.13 from central in [default]
	org.codehaus.jackson#jackson-xc;1.9.13 from central in [default]
	org.codehaus.jettison#jettison;1.1 from spark-list in [default]
	org.codehaus.woodstox#stax2-api;4.2.1 from central in [default]
	org.eclipse.jetty#jetty-http;9.4.43.v20210629 from central in [default]
	org.eclipse.jetty#jetty-io;9.4.43.v20210629 from central in [default]
	org.eclipse.jetty#jetty-security;9.4.43.v20210629 from central in [default]
	org.eclipse.jetty#jetty-server;9.4.43.v20210629 from central in [default]
	org.eclipse.jetty#jetty-servlet;9.4.43.v20210629 from central in [default]
	org.eclipse.jetty#jetty-util;9.4.43.v20210629 from spark-list in [default]
	org.eclipse.jetty#jetty-util-ajax;9.4.43.v20210629 from central in [default]
	org.eclipse.jetty#jetty-webapp;9.4.43.v20210629 from central in [default]
	org.eclipse.jetty#jetty-xml;9.4.43.v20210629 from central in [default]
	org.ow2.asm#asm;5.0.4 from central in [default]
	org.slf4j#slf4j-api;1.7.36 from central in [default]
	org.slf4j#slf4j-reload4j;1.7.36 from spark-list in [default]
	org.wildfly.openssl#wildfly-openssl;1.0.7.Final from central in [default]
	org.xerial.snappy#snappy-java;1.1.8.2 from central in [default]
	---------------------------------------------------------------------
	|                  |            modules            ||   artifacts   |
	|       conf       | number| search|dwnlded|evicted|| number|dwnlded|
	---------------------------------------------------------------------
	|      default     |   92  |   28  |   26  |   0   ||   85  |   13  |
	---------------------------------------------------------------------

:: problems summary ::
:::: WARNINGS
	problem while downloading module descriptor: https://repo1.maven.org/maven2/com/google/guava/guava-parent/27.0-jre/guava-parent-27.0-jre.pom: Downloaded file size (0) doesn't match expected Content Length (10395) for https://repo1.maven.org/maven2/com/google/guava/guava-parent/27.0-jre/guava-parent-27.0-jre.pom. Please retry. (182ms)

	io problem while parsing ivy file: https://repo1.maven.org/maven2/com/google/guava/guava/27.0-jre/guava-27.0-jre.pom (java.io.IOException: Impossible to load parent for file:/home/gitpod/.ivy2/cache/com.google.guava/guava/ivy-27.0-jre.xml.original. Parent=com.google.guava#guava-parent;27.0-jre)

		module not found: com.google.guava#guava;27.0-jre

	==== local-m2-cache: tried

	  file:/home/gitpod/.m2/repository/com/google/guava/guava-parent/27.0-jre/guava-parent-27.0-jre.pom

	  -- artifact com.google.guava#guava-parent;27.0-jre!guava-parent.jar:

	  file:/home/gitpod/.m2/repository/com/google/guava/guava-parent/27.0-jre/guava-parent-27.0-jre.jar

	==== local-ivy-cache: tried

	  /home/gitpod/.ivy2/local/com.google.guava/guava-parent/27.0-jre/ivys/ivy.xml

	  -- artifact com.google.guava#guava-parent;27.0-jre!guava-parent.jar:

	  /home/gitpod/.ivy2/local/com.google.guava/guava-parent/27.0-jre/jars/guava-parent.jar

	==== central: tried

	  https://repo1.maven.org/maven2/com/google/guava/guava-parent/27.0-jre/guava-parent-27.0-jre.pom

	==== spark-packages: tried

	  https://repos.spark-packages.org/com/google/guava/guava/27.0-jre/guava-27.0-jre.pom

	  -- artifact com.google.guava#guava;27.0-jre!guava.jar:

	  https://repos.spark-packages.org/com/google/guava/guava/27.0-jre/guava-27.0-jre.jar

	problem while downloading module descriptor: https://repo1.maven.org/maven2/commons-logging/commons-logging/1.1.3/commons-logging-1.1.3.pom: /home/gitpod/.ivy2/cache/commons-logging/commons-logging/ivy-1.1.3.xml.original (No such file or directory) (58ms)

		module not found: commons-logging#commons-logging;1.1.3

	==== local-m2-cache: tried

	  file:/home/gitpod/.m2/repository/commons-logging/commons-logging/1.1.3/commons-logging-1.1.3.pom

	  -- artifact commons-logging#commons-logging;1.1.3!commons-logging.jar:

	  file:/home/gitpod/.m2/repository/commons-logging/commons-logging/1.1.3/commons-logging-1.1.3.jar

	==== local-ivy-cache: tried

	  /home/gitpod/.ivy2/local/commons-logging/commons-logging/1.1.3/ivys/ivy.xml

	  -- artifact commons-logging#commons-logging;1.1.3!commons-logging.jar:

	  /home/gitpod/.ivy2/local/commons-logging/commons-logging/1.1.3/jars/commons-logging.jar

	==== central: tried

	  https://repo1.maven.org/maven2/commons-logging/commons-logging/1.1.3/commons-logging-1.1.3.pom

	==== spark-packages: tried

	  https://repos.spark-packages.org/commons-logging/commons-logging/1.1.3/commons-logging-1.1.3.pom

	  -- artifact commons-logging#commons-logging;1.1.3!commons-logging.jar:

	  https://repos.spark-packages.org/commons-logging/commons-logging/1.1.3/commons-logging-1.1.3.jar

	impossible to put metadata file in cache: https://repo1.maven.org/maven2/com/sun/xml/bind/jaxb-impl/2.2.3-1/jaxb-impl-2.2.3-1.pom (2.2.3-1) (java.io.FileNotFoundException: /home/gitpod/.ivy2/cache/com.sun.xml.bind/jaxb-impl/ivy-2.2.3-1.xml.original (No such file or directory))

	impossible to put metadata file in cache: https://repo1.maven.org/maven2/org/apache/commons/commons-lang3/3.12.0/commons-lang3-3.12.0.pom (3.12.0) (java.io.FileNotFoundException: /home/gitpod/.ivy2/cache/org.apache.commons/commons-lang3/ivy-3.12.0.xml.original (No such file or directory))

	problem while downloading module descriptor: https://repo1.maven.org/maven2/org/apache/avro/avro/1.7.7/avro-1.7.7.pom: size of source file /home/gitpod/.ivy2/cache/org.apache.avro/avro/ivy-1.7.7.xml.original(0) differs from size of dest file /home/gitpod/.ivy2/cache/org.apache.avro/avro/ivy-1.7.7.xml.original.backup(5631) - please retry (4ms)

		module not found: org.apache.avro#avro;1.7.7

	==== local-m2-cache: tried

	  file:/home/gitpod/.m2/repository/org/apache/avro/avro/1.7.7/avro-1.7.7.pom

	  -- artifact org.apache.avro#avro;1.7.7!avro.jar:

	  file:/home/gitpod/.m2/repository/org/apache/avro/avro/1.7.7/avro-1.7.7.jar

	==== local-ivy-cache: tried

	  /home/gitpod/.ivy2/local/org.apache.avro/avro/1.7.7/ivys/ivy.xml

	  -- artifact org.apache.avro#avro;1.7.7!avro.jar:

	  /home/gitpod/.ivy2/local/org.apache.avro/avro/1.7.7/jars/avro.jar

	==== central: tried

	  https://repo1.maven.org/maven2/org/apache/avro/avro/1.7.7/avro-1.7.7.pom

	==== spark-packages: tried

	  https://repos.spark-packages.org/org/apache/avro/avro/1.7.7/avro-1.7.7.pom

	  -- artifact org.apache.avro#avro;1.7.7!avro.jar:

	  https://repos.spark-packages.org/org/apache/avro/avro/1.7.7/avro-1.7.7.jar

	problem while downloading module descriptor: https://repo1.maven.org/maven2/com/google/google/1/google-1.pom: size of source file /home/gitpod/.ivy2/cache/com.google/google/ivy-1.xml.original(0) differs from size of dest file /home/gitpod/.ivy2/cache/com.google/google/ivy-1.xml.original.backup(1554) - please retry (62ms)

	io problem while parsing ivy file: https://repo1.maven.org/maven2/com/google/protobuf/protobuf-java/2.5.0/protobuf-java-2.5.0.pom (java.io.IOException: Impossible to load parent for file:/home/gitpod/.ivy2/cache/com.google.protobuf/protobuf-java/ivy-2.5.0.xml.original. Parent=com.google#google;1)

		module not found: com.google.protobuf#protobuf-java;2.5.0

	==== local-m2-cache: tried

	  file:/home/gitpod/.m2/repository/com/google/google/1/google-1.pom

	  -- artifact com.google#google;1!google.jar:

	  file:/home/gitpod/.m2/repository/com/google/google/1/google-1.jar

	==== local-ivy-cache: tried

	  /home/gitpod/.ivy2/local/com.google/google/1/ivys/ivy.xml

	  -- artifact com.google#google;1!google.jar:

	  /home/gitpod/.ivy2/local/com.google/google/1/jars/google.jar

	==== central: tried

	  https://repo1.maven.org/maven2/com/google/google/1/google-1.pom

	==== spark-packages: tried

	  https://repos.spark-packages.org/com/google/protobuf/protobuf-java/2.5.0/protobuf-java-2.5.0.pom

	  -- artifact com.google.protobuf#protobuf-java;2.5.0!protobuf-java.jar:

	  https://repos.spark-packages.org/com/google/protobuf/protobuf-java/2.5.0/protobuf-java-2.5.0.jar

	problem while downloading module descriptor: https://repo1.maven.org/maven2/org/apache/zookeeper/zookeeper-jute/3.5.6/zookeeper-jute-3.5.6.pom: size of source file /home/gitpod/.ivy2/cache/org.apache.zookeeper/zookeeper-jute/ivy-3.5.6.xml.original(0) differs from size of dest file /home/gitpod/.ivy2/cache/org.apache.zookeeper/zookeeper-jute/ivy-3.5.6.xml.original.backup(5652) - please retry (10ms)

		module not found: org.apache.zookeeper#zookeeper-jute;3.5.6

	==== local-m2-cache: tried

	  file:/home/gitpod/.m2/repository/org/apache/zookeeper/zookeeper-jute/3.5.6/zookeeper-jute-3.5.6.pom

	  -- artifact org.apache.zookeeper#zookeeper-jute;3.5.6!zookeeper-jute.jar:

	  file:/home/gitpod/.m2/repository/org/apache/zookeeper/zookeeper-jute/3.5.6/zookeeper-jute-3.5.6.jar

	==== local-ivy-cache: tried

	  /home/gitpod/.ivy2/local/org.apache.zookeeper/zookeeper-jute/3.5.6/ivys/ivy.xml

	  -- artifact org.apache.zookeeper#zookeeper-jute;3.5.6!zookeeper-jute.jar:

	  /home/gitpod/.ivy2/local/org.apache.zookeeper/zookeeper-jute/3.5.6/jars/zookeeper-jute.jar

	==== central: tried

	  https://repo1.maven.org/maven2/org/apache/zookeeper/zookeeper-jute/3.5.6/zookeeper-jute-3.5.6.pom

	==== spark-packages: tried

	  https://repos.spark-packages.org/org/apache/zookeeper/zookeeper-jute/3.5.6/zookeeper-jute-3.5.6.pom

	  -- artifact org.apache.zookeeper#zookeeper-jute;3.5.6!zookeeper-jute.jar:

	  https://repos.spark-packages.org/org/apache/zookeeper/zookeeper-jute/3.5.6/zookeeper-jute-3.5.6.jar

	problem while downloading module descriptor: https://repo1.maven.org/maven2/org/apache/kerby/kerb-identity/1.0.1/kerb-identity-1.0.1.pom: size of source file /home/gitpod/.ivy2/cache/org.apache.kerby/kerb-identity/ivy-1.0.1.xml.original(1492) differs from size of dest file /home/gitpod/.ivy2/cache/org.apache.kerby/kerb-identity/ivy-1.0.1.xml.original.backup(0) - please retry (14ms)

		module not found: org.apache.kerby#kerb-identity;1.0.1

	==== local-m2-cache: tried

	  file:/home/gitpod/.m2/repository/org/apache/kerby/kerb-identity/1.0.1/kerb-identity-1.0.1.pom

	  -- artifact org.apache.kerby#kerb-identity;1.0.1!kerb-identity.jar:

	  file:/home/gitpod/.m2/repository/org/apache/kerby/kerb-identity/1.0.1/kerb-identity-1.0.1.jar

	==== local-ivy-cache: tried

	  /home/gitpod/.ivy2/local/org.apache.kerby/kerb-identity/1.0.1/ivys/ivy.xml

	  -- artifact org.apache.kerby#kerb-identity;1.0.1!kerb-identity.jar:

	  /home/gitpod/.ivy2/local/org.apache.kerby/kerb-identity/1.0.1/jars/kerb-identity.jar

	==== central: tried

	  https://repo1.maven.org/maven2/org/apache/kerby/kerb-identity/1.0.1/kerb-identity-1.0.1.pom

	==== spark-packages: tried

	  https://repos.spark-packages.org/org/apache/kerby/kerb-identity/1.0.1/kerb-identity-1.0.1.pom

	  -- artifact org.apache.kerby#kerb-identity;1.0.1!kerb-identity.jar:

	  https://repos.spark-packages.org/org/apache/kerby/kerb-identity/1.0.1/kerb-identity-1.0.1.jar

	problem while downloading module descriptor: https://repo1.maven.org/maven2/dnsjava/dnsjava/2.1.7/dnsjava-2.1.7.pom: impossible to move part file to definitive one: /home/gitpod/.ivy2/cache/dnsjava/dnsjava/ivy-2.1.7.xml.original.part -> /home/gitpod/.ivy2/cache/dnsjava/dnsjava/ivy-2.1.7.xml.original (8ms)

		module not found: dnsjava#dnsjava;2.1.7

	==== local-m2-cache: tried

	  file:/home/gitpod/.m2/repository/dnsjava/dnsjava/2.1.7/dnsjava-2.1.7.pom

	  -- artifact dnsjava#dnsjava;2.1.7!dnsjava.jar:

	  file:/home/gitpod/.m2/repository/dnsjava/dnsjava/2.1.7/dnsjava-2.1.7.jar

	==== local-ivy-cache: tried

	  /home/gitpod/.ivy2/local/dnsjava/dnsjava/2.1.7/ivys/ivy.xml

	  -- artifact dnsjava#dnsjava;2.1.7!dnsjava.jar:

	  /home/gitpod/.ivy2/local/dnsjava/dnsjava/2.1.7/jars/dnsjava.jar

	==== central: tried

	  https://repo1.maven.org/maven2/dnsjava/dnsjava/2.1.7/dnsjava-2.1.7.pom

	==== spark-packages: tried

	  https://repos.spark-packages.org/dnsjava/dnsjava/2.1.7/dnsjava-2.1.7.pom

	  -- artifact dnsjava#dnsjava;2.1.7!dnsjava.jar:

	  https://repos.spark-packages.org/dnsjava/dnsjava/2.1.7/dnsjava-2.1.7.jar

		[FAILED     ] com.amazonaws#aws-java-sdk-bundle;1.12.262!aws-java-sdk-bundle.jar: Downloaded file size (0) doesn't match expected Content Length (280645251) for https://repo1.maven.org/maven2/com/amazonaws/aws-java-sdk-bundle/1.12.262/aws-java-sdk-bundle-1.12.262.jar. Please retry. (113445ms)

		[FAILED     ] com.amazonaws#aws-java-sdk-bundle;1.12.262!aws-java-sdk-bundle.jar: Downloaded file size (0) doesn't match expected Content Length (280645251) for https://repo1.maven.org/maven2/com/amazonaws/aws-java-sdk-bundle/1.12.262/aws-java-sdk-bundle-1.12.262.jar. Please retry. (113445ms)

	==== central: tried

	  https://repo1.maven.org/maven2/com/amazonaws/aws-java-sdk-bundle/1.12.262/aws-java-sdk-bundle-1.12.262.jar

		[FAILED     ] com.sun.jersey#jersey-servlet;1.19!jersey-servlet.jar: Downloaded file size (0) doesn't match expected Content Length (128719) for https://repo1.maven.org/maven2/com/sun/jersey/jersey-servlet/1.19/jersey-servlet-1.19.jar. Please retry. (112ms)

		[FAILED     ] com.sun.jersey#jersey-servlet;1.19!jersey-servlet.jar: Downloaded file size (0) doesn't match expected Content Length (128719) for https://repo1.maven.org/maven2/com/sun/jersey/jersey-servlet/1.19/jersey-servlet-1.19.jar. Please retry. (112ms)

	==== central: tried

	  https://repo1.maven.org/maven2/com/sun/jersey/jersey-servlet/1.19/jersey-servlet-1.19.jar

		[FAILED     ] com.sun.jersey#jersey-json;1.19!jersey-json.jar: impossible to move part file to definitive one: /home/gitpod/.ivy2/cache/com.sun.jersey/jersey-json/jars/jersey-json-1.19.jar.part -> /home/gitpod/.ivy2/cache/com.sun.jersey/jersey-json/jars/jersey-json-1.19.jar (103ms)

		[FAILED     ] com.sun.jersey#jersey-json;1.19!jersey-json.jar: impossible to move part file to definitive one: /home/gitpod/.ivy2/cache/com.sun.jersey/jersey-json/jars/jersey-json-1.19.jar.part -> /home/gitpod/.ivy2/cache/com.sun.jersey/jersey-json/jars/jersey-json-1.19.jar (103ms)

	==== central: tried

	  https://repo1.maven.org/maven2/com/sun/jersey/jersey-json/1.19/jersey-json-1.19.jar

		[FAILED     ] com.sun.jersey#jersey-server;1.19!jersey-server.jar: Downloaded file size (0) doesn't match expected Content Length (702882) for https://repo1.maven.org/maven2/com/sun/jersey/jersey-server/1.19/jersey-server-1.19.jar. Please retry. (297ms)

		[FAILED     ] com.sun.jersey#jersey-server;1.19!jersey-server.jar: Downloaded file size (0) doesn't match expected Content Length (702882) for https://repo1.maven.org/maven2/com/sun/jersey/jersey-server/1.19/jersey-server-1.19.jar. Please retry. (297ms)

	==== central: tried

	  https://repo1.maven.org/maven2/com/sun/jersey/jersey-server/1.19/jersey-server-1.19.jar

		[FAILED     ] commons-beanutils#commons-beanutils;1.9.4!commons-beanutils.jar: Downloaded file size (0) doesn't match expected Content Length (246918) for https://repo1.maven.org/maven2/commons-beanutils/commons-beanutils/1.9.4/commons-beanutils-1.9.4.jar. Please retry. (112ms)

		[FAILED     ] commons-beanutils#commons-beanutils;1.9.4!commons-beanutils.jar: Downloaded file size (0) doesn't match expected Content Length (246918) for https://repo1.maven.org/maven2/commons-beanutils/commons-beanutils/1.9.4/commons-beanutils-1.9.4.jar. Please retry. (112ms)

	==== central: tried

	  https://repo1.maven.org/maven2/commons-beanutils/commons-beanutils/1.9.4/commons-beanutils-1.9.4.jar

		[FAILED     ] org.apache.commons#commons-configuration2;2.1.1!commons-configuration2.jar: Downloaded file size (0) doesn't match expected Content Length (616888) for https://repo1.maven.org/maven2/org/apache/commons/commons-configuration2/2.1.1/commons-configuration2-2.1.1.jar. Please retry. (188ms)

		[FAILED     ] org.apache.commons#commons-configuration2;2.1.1!commons-configuration2.jar: Downloaded file size (0) doesn't match expected Content Length (616888) for https://repo1.maven.org/maven2/org/apache/commons/commons-configuration2/2.1.1/commons-configuration2-2.1.1.jar. Please retry. (188ms)

	==== central: tried

	  https://repo1.maven.org/maven2/org/apache/commons/commons-configuration2/2.1.1/commons-configuration2-2.1.1.jar

		[FAILED     ] org.apache.hadoop#hadoop-auth;3.3.4!hadoop-auth.jar: Downloaded file size (0) doesn't match expected Content Length (104441) for https://repo1.maven.org/maven2/org/apache/hadoop/hadoop-auth/3.3.4/hadoop-auth-3.3.4.jar. Please retry. (95ms)

		[FAILED     ] org.apache.hadoop#hadoop-auth;3.3.4!hadoop-auth.jar: Downloaded file size (0) doesn't match expected Content Length (104441) for https://repo1.maven.org/maven2/org/apache/hadoop/hadoop-auth/3.3.4/hadoop-auth-3.3.4.jar. Please retry. (95ms)

	==== central: tried

	  https://repo1.maven.org/maven2/org/apache/hadoop/hadoop-auth/3.3.4/hadoop-auth-3.3.4.jar

		[FAILED     ] org.apache.curator#curator-recipes;4.2.0!curator-recipes.jar(bundle): Downloaded file size (0) doesn't match expected Content Length (295683) for https://repo1.maven.org/maven2/org/apache/curator/curator-recipes/4.2.0/curator-recipes-4.2.0.jar. Please retry. (110ms)

		[FAILED     ] org.apache.curator#curator-recipes;4.2.0!curator-recipes.jar(bundle): Downloaded file size (0) doesn't match expected Content Length (295683) for https://repo1.maven.org/maven2/org/apache/curator/curator-recipes/4.2.0/curator-recipes-4.2.0.jar. Please retry. (110ms)

	==== central: tried

	  https://repo1.maven.org/maven2/org/apache/curator/curator-recipes/4.2.0/curator-recipes-4.2.0.jar

		[FAILED     ] org.apache.zookeeper#zookeeper;3.5.6!zookeeper.jar: Downloaded file size (49152) doesn't match expected Content Length (984810) for https://repo1.maven.org/maven2/org/apache/zookeeper/zookeeper/3.5.6/zookeeper-3.5.6.jar. Please retry. (425ms)

		[FAILED     ] org.apache.zookeeper#zookeeper;3.5.6!zookeeper.jar: Downloaded file size (49152) doesn't match expected Content Length (984810) for https://repo1.maven.org/maven2/org/apache/zookeeper/zookeeper/3.5.6/zookeeper-3.5.6.jar. Please retry. (425ms)

	==== central: tried

	  https://repo1.maven.org/maven2/org/apache/zookeeper/zookeeper/3.5.6/zookeeper-3.5.6.jar

		[FAILED     ] org.apache.commons#commons-compress;1.21!commons-compress.jar: Downloaded file size (0) doesn't match expected Content Length (1018316) for https://repo1.maven.org/maven2/org/apache/commons/commons-compress/1.21/commons-compress-1.21.jar. Please retry. (518ms)

		[FAILED     ] org.apache.commons#commons-compress;1.21!commons-compress.jar: Downloaded file size (0) doesn't match expected Content Length (1018316) for https://repo1.maven.org/maven2/org/apache/commons/commons-compress/1.21/commons-compress-1.21.jar. Please retry. (518ms)

	==== central: tried

	  https://repo1.maven.org/maven2/org/apache/commons/commons-compress/1.21/commons-compress-1.21.jar

		[FAILED     ] com.fasterxml.jackson.core#jackson-databind;2.12.7!jackson-databind.jar(bundle): Downloaded file size (0) doesn't match expected Content Length (1517276) for https://repo1.maven.org/maven2/com/fasterxml/jackson/core/jackson-databind/2.12.7/jackson-databind-2.12.7.jar. Please retry. (581ms)

		[FAILED     ] com.fasterxml.jackson.core#jackson-databind;2.12.7!jackson-databind.jar(bundle): Downloaded file size (0) doesn't match expected Content Length (1517276) for https://repo1.maven.org/maven2/com/fasterxml/jackson/core/jackson-databind/2.12.7/jackson-databind-2.12.7.jar. Please retry. (581ms)

	==== central: tried

	  https://repo1.maven.org/maven2/com/fasterxml/jackson/core/jackson-databind/2.12.7/jackson-databind-2.12.7.jar

		[FAILED     ] com.fasterxml.woodstox#woodstox-core;5.3.0!woodstox-core.jar(bundle): Downloaded file size (0) doesn't match expected Content Length (522360) for https://repo1.maven.org/maven2/com/fasterxml/woodstox/woodstox-core/5.3.0/woodstox-core-5.3.0.jar. Please retry. (268ms)

		[FAILED     ] com.fasterxml.woodstox#woodstox-core;5.3.0!woodstox-core.jar(bundle): Downloaded file size (0) doesn't match expected Content Length (522360) for https://repo1.maven.org/maven2/com/fasterxml/woodstox/woodstox-core/5.3.0/woodstox-core-5.3.0.jar. Please retry. (268ms)

	==== central: tried

	  https://repo1.maven.org/maven2/com/fasterxml/woodstox/woodstox-core/5.3.0/woodstox-core-5.3.0.jar

		[FAILED     ] org.xerial.snappy#snappy-java;1.1.8.2!snappy-java.jar(bundle): Downloaded file size (49152) doesn't match expected Content Length (1969177) for https://repo1.maven.org/maven2/org/xerial/snappy/snappy-java/1.1.8.2/snappy-java-1.1.8.2.jar. Please retry. (691ms)

		[FAILED     ] org.xerial.snappy#snappy-java;1.1.8.2!snappy-java.jar(bundle): Downloaded file size (49152) doesn't match expected Content Length (1969177) for https://repo1.maven.org/maven2/org/xerial/snappy/snappy-java/1.1.8.2/snappy-java-1.1.8.2.jar. Please retry. (691ms)

	==== central: tried

	  https://repo1.maven.org/maven2/org/xerial/snappy/snappy-java/1.1.8.2/snappy-java-1.1.8.2.jar

		[FAILED     ] org.apache.httpcomponents#httpcore;4.4.13!httpcore.jar: Downloaded file size (0) doesn't match expected Content Length (328593) for https://repo1.maven.org/maven2/org/apache/httpcomponents/httpcore/4.4.13/httpcore-4.4.13.jar. Please retry. (243ms)

		[FAILED     ] org.apache.httpcomponents#httpcore;4.4.13!httpcore.jar: Downloaded file size (0) doesn't match expected Content Length (328593) for https://repo1.maven.org/maven2/org/apache/httpcomponents/httpcore/4.4.13/httpcore-4.4.13.jar. Please retry. (243ms)

	==== central: tried

	  https://repo1.maven.org/maven2/org/apache/httpcomponents/httpcore/4.4.13/httpcore-4.4.13.jar

		[FAILED     ] com.sun.xml.bind#jaxb-impl;2.2.3-1!jaxb-impl.jar: Downloaded file size (0) doesn't match expected Content Length (890168) for https://repo1.maven.org/maven2/com/sun/xml/bind/jaxb-impl/2.2.3-1/jaxb-impl-2.2.3-1.jar. Please retry. (116ms)

		[FAILED     ] com.sun.xml.bind#jaxb-impl;2.2.3-1!jaxb-impl.jar: Downloaded file size (0) doesn't match expected Content Length (890168) for https://repo1.maven.org/maven2/com/sun/xml/bind/jaxb-impl/2.2.3-1/jaxb-impl-2.2.3-1.jar. Please retry. (116ms)

	==== central: tried

	  https://repo1.maven.org/maven2/com/sun/xml/bind/jaxb-impl/2.2.3-1/jaxb-impl-2.2.3-1.jar

		[FAILED     ] org.codehaus.jackson#jackson-core-asl;1.9.13!jackson-core-asl.jar: Downloaded file size (0) doesn't match expected Content Length (232248) for https://repo1.maven.org/maven2/org/codehaus/jackson/jackson-core-asl/1.9.13/jackson-core-asl-1.9.13.jar. Please retry. (112ms)

		[FAILED     ] org.codehaus.jackson#jackson-core-asl;1.9.13!jackson-core-asl.jar: Downloaded file size (0) doesn't match expected Content Length (232248) for https://repo1.maven.org/maven2/org/codehaus/jackson/jackson-core-asl/1.9.13/jackson-core-asl-1.9.13.jar. Please retry. (112ms)

	==== central: tried

	  https://repo1.maven.org/maven2/org/codehaus/jackson/jackson-core-asl/1.9.13/jackson-core-asl-1.9.13.jar

		[FAILED     ] org.codehaus.jackson#jackson-mapper-asl;1.9.13!jackson-mapper-asl.jar: Downloaded file size (0) doesn't match expected Content Length (780664) for https://repo1.maven.org/maven2/org/codehaus/jackson/jackson-mapper-asl/1.9.13/jackson-mapper-asl-1.9.13.jar. Please retry. (242ms)

		[FAILED     ] org.codehaus.jackson#jackson-mapper-asl;1.9.13!jackson-mapper-asl.jar: Downloaded file size (0) doesn't match expected Content Length (780664) for https://repo1.maven.org/maven2/org/codehaus/jackson/jackson-mapper-asl/1.9.13/jackson-mapper-asl-1.9.13.jar. Please retry. (242ms)

	==== central: tried

	  https://repo1.maven.org/maven2/org/codehaus/jackson/jackson-mapper-asl/1.9.13/jackson-mapper-asl-1.9.13.jar

		[FAILED     ] org.codehaus.jackson#jackson-jaxrs;1.9.13!jackson-jaxrs.jar: Downloaded file size (0) doesn't match expected Content Length (18336) for https://repo1.maven.org/maven2/org/codehaus/jackson/jackson-jaxrs/1.9.13/jackson-jaxrs-1.9.13.jar. Please retry. (98ms)

		[FAILED     ] org.codehaus.jackson#jackson-jaxrs;1.9.13!jackson-jaxrs.jar: Downloaded file size (0) doesn't match expected Content Length (18336) for https://repo1.maven.org/maven2/org/codehaus/jackson/jackson-jaxrs/1.9.13/jackson-jaxrs-1.9.13.jar. Please retry. (98ms)

	==== central: tried

	  https://repo1.maven.org/maven2/org/codehaus/jackson/jackson-jaxrs/1.9.13/jackson-jaxrs-1.9.13.jar

		[FAILED     ] org.codehaus.jackson#jackson-xc;1.9.13!jackson-xc.jar: Downloaded file size (0) doesn't match expected Content Length (27084) for https://repo1.maven.org/maven2/org/codehaus/jackson/jackson-xc/1.9.13/jackson-xc-1.9.13.jar. Please retry. (28ms)

		[FAILED     ] org.codehaus.jackson#jackson-xc;1.9.13!jackson-xc.jar: Downloaded file size (0) doesn't match expected Content Length (27084) for https://repo1.maven.org/maven2/org/codehaus/jackson/jackson-xc/1.9.13/jackson-xc-1.9.13.jar. Please retry. (28ms)

	==== central: tried

	  https://repo1.maven.org/maven2/org/codehaus/jackson/jackson-xc/1.9.13/jackson-xc-1.9.13.jar

		[FAILED     ] org.apache.kerby#kerb-client;1.0.1!kerb-client.jar: impossible to move part file to definitive one: /home/gitpod/.ivy2/cache/org.apache.kerby/kerb-client/jars/kerb-client-1.0.1.jar.part -> /home/gitpod/.ivy2/cache/org.apache.kerby/kerb-client/jars/kerb-client-1.0.1.jar (95ms)

		[FAILED     ] org.apache.kerby#kerb-client;1.0.1!kerb-client.jar: impossible to move part file to definitive one: /home/gitpod/.ivy2/cache/org.apache.kerby/kerb-client/jars/kerb-client-1.0.1.jar.part -> /home/gitpod/.ivy2/cache/org.apache.kerby/kerb-client/jars/kerb-client-1.0.1.jar (95ms)

	==== central: tried

	  https://repo1.maven.org/maven2/org/apache/kerby/kerb-client/1.0.1/kerb-client-1.0.1.jar

		[FAILED     ] org.apache.kerby#kerb-server;1.0.1!kerb-server.jar: Downloaded file size (0) doesn't match expected Content Length (82756) for https://repo1.maven.org/maven2/org/apache/kerby/kerb-server/1.0.1/kerb-server-1.0.1.jar. Please retry. (196ms)

		[FAILED     ] org.apache.kerby#kerb-server;1.0.1!kerb-server.jar: Downloaded file size (0) doesn't match expected Content Length (82756) for https://repo1.maven.org/maven2/org/apache/kerby/kerb-server/1.0.1/kerb-server-1.0.1.jar. Please retry. (196ms)

	==== central: tried

	  https://repo1.maven.org/maven2/org/apache/kerby/kerb-server/1.0.1/kerb-server-1.0.1.jar

		[FAILED     ] org.apache.kerby#kerby-xdr;1.0.1!kerby-xdr.jar: Downloaded file size (0) doesn't match expected Content Length (29134) for https://repo1.maven.org/maven2/org/apache/kerby/kerby-xdr/1.0.1/kerby-xdr-1.0.1.jar. Please retry. (96ms)

		[FAILED     ] org.apache.kerby#kerby-xdr;1.0.1!kerby-xdr.jar: Downloaded file size (0) doesn't match expected Content Length (29134) for https://repo1.maven.org/maven2/org/apache/kerby/kerby-xdr/1.0.1/kerby-xdr-1.0.1.jar. Please retry. (96ms)

	==== central: tried

	  https://repo1.maven.org/maven2/org/apache/kerby/kerby-xdr/1.0.1/kerby-xdr-1.0.1.jar

		::::::::::::::::::::::::::::::::::::::::::::::

		::          UNRESOLVED DEPENDENCIES         ::

		::::::::::::::::::::::::::::::::::::::::::::::

		:: com.google.guava#guava;27.0-jre: not found

		:: commons-logging#commons-logging;1.1.3: not found

		:: org.apache.avro#avro;1.7.7: not found

		:: com.google.protobuf#protobuf-java;2.5.0: not found

		:: org.apache.zookeeper#zookeeper-jute;3.5.6: not found

		:: org.apache.kerby#kerb-identity;1.0.1: not found

		:: dnsjava#dnsjava;2.1.7: not found

		::::::::::::::::::::::::::::::::::::::::::::::


		::::::::::::::::::::::::::::::::::::::::::::::

		::              FAILED DOWNLOADS            ::

		:: ^ see resolution messages for details  ^ ::

		::::::::::::::::::::::::::::::::::::::::::::::

		:: com.amazonaws#aws-java-sdk-bundle;1.12.262!aws-java-sdk-bundle.jar

		:: org.apache.httpcomponents#httpcore;4.4.13!httpcore.jar

		:: com.sun.jersey#jersey-servlet;1.19!jersey-servlet.jar

		:: com.sun.jersey#jersey-server;1.19!jersey-server.jar

		:: com.sun.jersey#jersey-json;1.19!jersey-json.jar

		:: com.sun.xml.bind#jaxb-impl;2.2.3-1!jaxb-impl.jar

		:: org.codehaus.jackson#jackson-core-asl;1.9.13!jackson-core-asl.jar

		:: org.codehaus.jackson#jackson-mapper-asl;1.9.13!jackson-mapper-asl.jar

		:: org.codehaus.jackson#jackson-jaxrs;1.9.13!jackson-jaxrs.jar

		:: org.codehaus.jackson#jackson-xc;1.9.13!jackson-xc.jar

		:: commons-beanutils#commons-beanutils;1.9.4!commons-beanutils.jar

		:: org.apache.commons#commons-configuration2;2.1.1!commons-configuration2.jar

		:: org.apache.hadoop#hadoop-auth;3.3.4!hadoop-auth.jar

		:: org.apache.zookeeper#zookeeper;3.5.6!zookeeper.jar

		:: org.apache.kerby#kerb-client;1.0.1!kerb-client.jar

		:: org.apache.kerby#kerb-server;1.0.1!kerb-server.jar

		:: org.apache.kerby#kerby-xdr;1.0.1!kerby-xdr.jar

		:: org.apache.curator#curator-recipes;4.2.0!curator-recipes.jar(bundle)

		:: org.apache.commons#commons-compress;1.21!commons-compress.jar

		:: com.fasterxml.jackson.core#jackson-databind;2.12.7!jackson-databind.jar(bundle)

		:: com.fasterxml.woodstox#woodstox-core;5.3.0!woodstox-core.jar(bundle)

		:: org.xerial.snappy#snappy-java;1.1.8.2!snappy-java.jar(bundle)

		::::::::::::::::::::::::::::::::::::::::::::::


:::: ERRORS
	unknown resolver null

	unknown resolver null

	unknown resolver null

	unknown resolver null

	unknown resolver null

	unknown resolver null

	unknown resolver null


:: USE VERBOSE OR DEBUG MESSAGE LEVEL FOR MORE DETAILS
Exception in thread "main" java.lang.RuntimeException: [unresolved dependency: com.google.guava#guava;27.0-jre: not found, unresolved dependency: commons-logging#commons-logging;1.1.3: not found, unresolved dependency: org.apache.avro#avro;1.7.7: not found, unresolved dependency: com.google.protobuf#protobuf-java;2.5.0: not found, unresolved dependency: org.apache.zookeeper#zookeeper-jute;3.5.6: not found, unresolved dependency: org.apache.kerby#kerb-identity;1.0.1: not found, unresolved dependency: dnsjava#dnsjava;2.1.7: not found, download failed: com.amazonaws#aws-java-sdk-bundle;1.12.262!aws-java-sdk-bundle.jar, download failed: org.apache.httpcomponents#httpcore;4.4.13!httpcore.jar, download failed: com.sun.jersey#jersey-servlet;1.19!jersey-servlet.jar, download failed: com.sun.jersey#jersey-server;1.19!jersey-server.jar, download failed: com.sun.jersey#jersey-json;1.19!jersey-json.jar, download failed: com.sun.xml.bind#jaxb-impl;2.2.3-1!jaxb-impl.jar, download failed: org.codehaus.jackson#jackson-core-asl;1.9.13!jackson-core-asl.jar, download failed: org.codehaus.jackson#jackson-mapper-asl;1.9.13!jackson-mapper-asl.jar, download failed: org.codehaus.jackson#jackson-jaxrs;1.9.13!jackson-jaxrs.jar, download failed: org.codehaus.jackson#jackson-xc;1.9.13!jackson-xc.jar, download failed: commons-beanutils#commons-beanutils;1.9.4!commons-beanutils.jar, download failed: org.apache.commons#commons-configuration2;2.1.1!commons-configuration2.jar, download failed: org.apache.hadoop#hadoop-auth;3.3.4!hadoop-auth.jar, download failed: org.apache.zookeeper#zookeeper;3.5.6!zookeeper.jar, download failed: org.apache.kerby#kerb-client;1.0.1!kerb-client.jar, download failed: org.apache.kerby#kerb-server;1.0.1!kerb-server.jar, download failed: org.apache.kerby#kerby-xdr;1.0.1!kerby-xdr.jar, download failed: org.apache.curator#curator-recipes;4.2.0!curator-recipes.jar(bundle), download failed: org.apache.commons#commons-compress;1.21!commons-compress.jar, download failed: com.fasterxml.jackson.core#jackson-databind;2.12.7!jackson-databind.jar(bundle), download failed: com.fasterxml.woodstox#woodstox-core;5.3.0!woodstox-core.jar(bundle), download failed: org.xerial.snappy#snappy-java;1.1.8.2!snappy-java.jar(bundle)]
	at org.apache.spark.deploy.SparkSubmitUtils$.resolveMavenCoordinates(SparkSubmit.scala:1608)
	at org.apache.spark.util.DependencyUtils$.resolveMavenDependencies(DependencyUtils.scala:185)
	at org.apache.spark.deploy.SparkSubmit.prepareSubmitEnvironment(SparkSubmit.scala:334)
	at org.apache.spark.deploy.SparkSubmit.org$apache$spark$deploy$SparkSubmit$$runMain(SparkSubmit.scala:964)
	at org.apache.spark.deploy.SparkSubmit.doRunMain$1(SparkSubmit.scala:194)
	at org.apache.spark.deploy.SparkSubmit.submit(SparkSubmit.scala:217)
	at org.apache.spark.deploy.SparkSubmit.doSubmit(SparkSubmit.scala:91)
	at org.apache.spark.deploy.SparkSubmit$$anon$2.doSubmit(SparkSubmit.scala:1120)
	at org.apache.spark.deploy.SparkSubmit$.main(SparkSubmit.scala:1129)
	at org.apache.spark.deploy.SparkSubmit.main(SparkSubmit.scala)
[32m2024-05-31 15:31:47 +0000[0m - dagster - [34mDEBUG[0m - __ASSET_JOB - 29657144-f47b-4730-a719-19652768d51f - 17074 - spark_operator.create_stock_tables[stock_AAEEF_path] - STEP_UP_FOR_RETRY - Execution of step "spark_operator.create_stock_tables[stock_AAEEF_path]" failed and has requested a retry in 0.05569737693248994 seconds.

dagster._core.execution.plan.utils.RetryRequestedFromPolicy

Stack Trace:
  File "/workspace/.pyenv_mirror/user/current/lib/python3.12/site-packages/dagster/_core/execution/plan/execute_plan.py", line 282, in dagster_event_sequence_for_step
    for step_event in check.generator(step_events):
  File "/workspace/.pyenv_mirror/user/current/lib/python3.12/site-packages/dagster/_core/execution/plan/execute_step.py", line 525, in core_dagster_event_sequence_for_step
    for user_event in _step_output_error_checked_user_event_sequence(
  File "/workspace/.pyenv_mirror/user/current/lib/python3.12/site-packages/dagster/_core/execution/plan/execute_step.py", line 203, in _step_output_error_checked_user_event_sequence
    for user_event in user_event_sequence:
  File "/workspace/.pyenv_mirror/user/current/lib/python3.12/site-packages/dagster/_core/execution/plan/execute_step.py", line 100, in _process_asset_results_to_events
    for user_event in user_event_sequence:
  File "/workspace/.pyenv_mirror/user/current/lib/python3.12/site-packages/dagster/_core/execution/plan/compute.py", line 208, in execute_core_compute
    for step_output in _yield_compute_results(step_context, inputs, compute_fn, compute_context):
  File "/workspace/.pyenv_mirror/user/current/lib/python3.12/site-packages/dagster/_core/execution/plan/compute.py", line 177, in _yield_compute_results
    for event in iterate_with_context(
  File "/workspace/.pyenv_mirror/user/current/lib/python3.12/site-packages/dagster/_utils/__init__.py", line 466, in iterate_with_context
    with context_fn():
  File "/home/gitpod/.pyenv/versions/3.12.3/lib/python3.12/contextlib.py", line 158, in __exit__
    self.gen.throw(value)
  File "/workspace/.pyenv_mirror/user/current/lib/python3.12/site-packages/dagster/_core/execution/plan/utils.py", line 72, in op_execution_error_boundary
    raise RetryRequestedFromPolicy(

The above exception was caused by the following exception:
pyspark.errors.exceptions.base.PySparkRuntimeError: [JAVA_GATEWAY_EXITED] Java gateway process exited before sending its port number.

Stack Trace:
  File "/workspace/.pyenv_mirror/user/current/lib/python3.12/site-packages/dagster/_core/execution/plan/utils.py", line 54, in op_execution_error_boundary
    yield
  File "/workspace/.pyenv_mirror/user/current/lib/python3.12/site-packages/dagster/_utils/__init__.py", line 468, in iterate_with_context
    next_output = next(iterator)
                  ^^^^^^^^^^^^^^
  File "/workspace/.pyenv_mirror/user/current/lib/python3.12/site-packages/dagster/_core/execution/plan/compute_generator.py", line 141, in _coerce_op_compute_fn_to_iterator
    result = invoke_compute_fn(
             ^^^^^^^^^^^^^^^^^^
  File "/workspace/.pyenv_mirror/user/current/lib/python3.12/site-packages/dagster/_core/execution/plan/compute_generator.py", line 129, in invoke_compute_fn
    return fn(context, **args_to_pass) if context_arg_provided else fn(**args_to_pass)
           ^^^^^^^^^^^^^^^^^^^^^^^^^^^
  File "/workspace/practical-data-engineering/finnhub-batch-stock-pipeline/finnhub_batch_stock_pipeline/assets/spark_transformations.py", line 113, in create_stock_tables
    spark = pyspark.spark_session
            ^^^^^^^^^^^^^^^^^^^^^
  File "/workspace/.pyenv_mirror/user/current/lib/python3.12/site-packages/dagster_pyspark/resources.py", line 134, in spark_session
    self._init_session()
  File "/workspace/.pyenv_mirror/user/current/lib/python3.12/site-packages/dagster_pyspark/resources.py", line 130, in _init_session
    self._spark_session = spark_session_from_config(self.spark_config)
                          ^^^^^^^^^^^^^^^^^^^^^^^^^^^^^^^^^^^^^^^^^^^^
  File "/workspace/.pyenv_mirror/user/current/lib/python3.12/site-packages/dagster_pyspark/resources.py", line 20, in spark_session_from_config
    return builder.getOrCreate()
           ^^^^^^^^^^^^^^^^^^^^^
  File "/workspace/.pyenv_mirror/user/current/lib/python3.12/site-packages/pyspark/sql/session.py", line 497, in getOrCreate
    sc = SparkContext.getOrCreate(sparkConf)
         ^^^^^^^^^^^^^^^^^^^^^^^^^^^^^^^^^^^
  File "/workspace/.pyenv_mirror/user/current/lib/python3.12/site-packages/pyspark/context.py", line 515, in getOrCreate
    SparkContext(conf=conf or SparkConf())
  File "/workspace/.pyenv_mirror/user/current/lib/python3.12/site-packages/pyspark/context.py", line 201, in __init__
    SparkContext._ensure_initialized(self, gateway=gateway, conf=conf)
  File "/workspace/.pyenv_mirror/user/current/lib/python3.12/site-packages/pyspark/context.py", line 436, in _ensure_initialized
    SparkContext._gateway = gateway or launch_gateway(conf)
                                       ^^^^^^^^^^^^^^^^^^^^
  File "/workspace/.pyenv_mirror/user/current/lib/python3.12/site-packages/pyspark/java_gateway.py", line 107, in launch_gateway
    raise PySparkRuntimeError(

