[32m2024-05-24 23:14:46 +0000[0m - dagster - [34mDEBUG[0m - __ASSET_JOB - c82b3d51-c538-413c-8b24-009f0a3066fe - 47925 - LOGS_CAPTURED - Started capturing logs in process (pid: 47925).
[32m2024-05-24 23:14:46 +0000[0m - dagster - [34mDEBUG[0m - __ASSET_JOB - c82b3d51-c538-413c-8b24-009f0a3066fe - 47925 - finnhub_US_stocks.import_stocks_data - STEP_START - Started execution of step "finnhub_US_stocks.import_stocks_data".
[32m2024-05-24 23:14:46 +0000[0m - dagster - [34mDEBUG[0m - __ASSET_JOB - c82b3d51-c538-413c-8b24-009f0a3066fe - finnhub_US_stocks.import_stocks_data - Loading file from: /workspace/practical-data-engineering/finnhub-batch-stock-pipeline/home/storage/c82b3d51-c538-413c-8b24-009f0a3066fe/finnhub_US_stocks.import_stocks_def/result using PickledObjectFilesystemIOManager...
[32m2024-05-24 23:14:46 +0000[0m - dagster - [34mDEBUG[0m - __ASSET_JOB - c82b3d51-c538-413c-8b24-009f0a3066fe - 47925 - finnhub_US_stocks.import_stocks_data - LOADED_INPUT - Loaded input "input_list" using input manager "io_manager", from output "result" of step "finnhub_US_stocks.import_stocks_def"
[32m2024-05-24 23:14:46 +0000[0m - dagster - [34mDEBUG[0m - __ASSET_JOB - c82b3d51-c538-413c-8b24-009f0a3066fe - 47925 - finnhub_US_stocks.import_stocks_data - STEP_INPUT - Got input "input_list" of type "Any". (Type check passed).
[32m2024-05-24 23:14:48 +0000[0m - dagster - [34mDEBUG[0m - __ASSET_JOB - c82b3d51-c538-413c-8b24-009f0a3066fe - 47925 - finnhub_US_stocks.import_stocks_data - STEP_OUTPUT - Yielded output "result" of type "Any". (Type check passed).
[32m2024-05-24 23:14:48 +0000[0m - dagster - [34mDEBUG[0m - __ASSET_JOB - c82b3d51-c538-413c-8b24-009f0a3066fe - finnhub_US_stocks.import_stocks_data - Writing S3 object at: s3://dagster-api/raw/2024-05-24/finnhub_US_stocks_A.json
[32m2024-05-24 23:14:48 +0000[0m - dagster - [34mWARNING[0m - __ASSET_JOB - c82b3d51-c538-413c-8b24-009f0a3066fe - finnhub_US_stocks.import_stocks_data - Removing existing S3 object: raw/2024-05-24/finnhub_US_stocks_A.json
[32m2024-05-24 23:14:48 +0000[0m - dagster - [34mDEBUG[0m - __ASSET_JOB - c82b3d51-c538-413c-8b24-009f0a3066fe - finnhub_US_stocks.import_stocks_data - Writing S3 object at: s3://dagster-api/raw/2024-05-24/finnhub_US_stocks_AA.json
[32m2024-05-24 23:14:48 +0000[0m - dagster - [34mWARNING[0m - __ASSET_JOB - c82b3d51-c538-413c-8b24-009f0a3066fe - finnhub_US_stocks.import_stocks_data - Removing existing S3 object: raw/2024-05-24/finnhub_US_stocks_AA.json
[32m2024-05-24 23:14:48 +0000[0m - dagster - [34mDEBUG[0m - __ASSET_JOB - c82b3d51-c538-413c-8b24-009f0a3066fe - finnhub_US_stocks.import_stocks_data - Writing S3 object at: s3://dagster-api/raw/2024-05-24/finnhub_US_stocks_AABB.json
[32m2024-05-24 23:14:48 +0000[0m - dagster - [34mWARNING[0m - __ASSET_JOB - c82b3d51-c538-413c-8b24-009f0a3066fe - finnhub_US_stocks.import_stocks_data - Removing existing S3 object: raw/2024-05-24/finnhub_US_stocks_AABB.json
[32m2024-05-24 23:14:48 +0000[0m - dagster - [34mDEBUG[0m - __ASSET_JOB - c82b3d51-c538-413c-8b24-009f0a3066fe - finnhub_US_stocks.import_stocks_data - Writing S3 object at: s3://dagster-api/raw/2024-05-24/finnhub_US_stocks_AABVF.json
[32m2024-05-24 23:14:48 +0000[0m - dagster - [34mWARNING[0m - __ASSET_JOB - c82b3d51-c538-413c-8b24-009f0a3066fe - finnhub_US_stocks.import_stocks_data - Removing existing S3 object: raw/2024-05-24/finnhub_US_stocks_AABVF.json
[32m2024-05-24 23:14:48 +0000[0m - dagster - [34mDEBUG[0m - __ASSET_JOB - c82b3d51-c538-413c-8b24-009f0a3066fe - finnhub_US_stocks.import_stocks_data - Writing S3 object at: s3://dagster-api/raw/2024-05-24/finnhub_US_stocks_AACAF.json
[32m2024-05-24 23:14:48 +0000[0m - dagster - [34mWARNING[0m - __ASSET_JOB - c82b3d51-c538-413c-8b24-009f0a3066fe - finnhub_US_stocks.import_stocks_data - Removing existing S3 object: raw/2024-05-24/finnhub_US_stocks_AACAF.json
[32m2024-05-24 23:14:48 +0000[0m - dagster - [34mDEBUG[0m - __ASSET_JOB - c82b3d51-c538-413c-8b24-009f0a3066fe - finnhub_US_stocks.import_stocks_data - Writing S3 object at: s3://dagster-api/raw/2024-05-24/finnhub_US_stocks_AACI.json
[32m2024-05-24 23:14:49 +0000[0m - dagster - [34mWARNING[0m - __ASSET_JOB - c82b3d51-c538-413c-8b24-009f0a3066fe - finnhub_US_stocks.import_stocks_data - Removing existing S3 object: raw/2024-05-24/finnhub_US_stocks_AACI.json
[32m2024-05-24 23:14:49 +0000[0m - dagster - [34mDEBUG[0m - __ASSET_JOB - c82b3d51-c538-413c-8b24-009f0a3066fe - finnhub_US_stocks.import_stocks_data - Writing S3 object at: s3://dagster-api/raw/2024-05-24/finnhub_US_stocks_AACS.json
[32m2024-05-24 23:14:49 +0000[0m - dagster - [34mWARNING[0m - __ASSET_JOB - c82b3d51-c538-413c-8b24-009f0a3066fe - finnhub_US_stocks.import_stocks_data - Removing existing S3 object: raw/2024-05-24/finnhub_US_stocks_AACS.json
[32m2024-05-24 23:14:49 +0000[0m - dagster - [34mDEBUG[0m - __ASSET_JOB - c82b3d51-c538-413c-8b24-009f0a3066fe - finnhub_US_stocks.import_stocks_data - Writing S3 object at: s3://dagster-api/raw/2024-05-24/finnhub_US_stocks_AACT.json
[32m2024-05-24 23:14:49 +0000[0m - dagster - [34mWARNING[0m - __ASSET_JOB - c82b3d51-c538-413c-8b24-009f0a3066fe - finnhub_US_stocks.import_stocks_data - Removing existing S3 object: raw/2024-05-24/finnhub_US_stocks_AACT.json
[32m2024-05-24 23:14:49 +0000[0m - dagster - [34mDEBUG[0m - __ASSET_JOB - c82b3d51-c538-413c-8b24-009f0a3066fe - finnhub_US_stocks.import_stocks_data - Writing S3 object at: s3://dagster-api/raw/2024-05-24/finnhub_US_stocks_AACTF.json
[32m2024-05-24 23:14:49 +0000[0m - dagster - [34mWARNING[0m - __ASSET_JOB - c82b3d51-c538-413c-8b24-009f0a3066fe - finnhub_US_stocks.import_stocks_data - Removing existing S3 object: raw/2024-05-24/finnhub_US_stocks_AACTF.json
[32m2024-05-24 23:14:49 +0000[0m - dagster - [34mDEBUG[0m - __ASSET_JOB - c82b3d51-c538-413c-8b24-009f0a3066fe - finnhub_US_stocks.import_stocks_data - Writing S3 object at: s3://dagster-api/raw/2024-05-24/finnhub_US_stocks_AADI.json
[32m2024-05-24 23:14:49 +0000[0m - dagster - [34mWARNING[0m - __ASSET_JOB - c82b3d51-c538-413c-8b24-009f0a3066fe - finnhub_US_stocks.import_stocks_data - Removing existing S3 object: raw/2024-05-24/finnhub_US_stocks_AADI.json
[32m2024-05-24 23:14:49 +0000[0m - dagster - [34mDEBUG[0m - __ASSET_JOB - c82b3d51-c538-413c-8b24-009f0a3066fe - 47925 - finnhub_US_stocks.import_stocks_data - ASSET_MATERIALIZATION - Materialized value finnhub_US_stocks.
[32m2024-05-24 23:14:49 +0000[0m - dagster - [34mDEBUG[0m - __ASSET_JOB - c82b3d51-c538-413c-8b24-009f0a3066fe - 47925 - finnhub_US_stocks.import_stocks_data - HANDLED_OUTPUT - Handled output "result" using IO manager "s3_json_io_manager"
[32m2024-05-24 23:14:49 +0000[0m - dagster - [34mDEBUG[0m - __ASSET_JOB - c82b3d51-c538-413c-8b24-009f0a3066fe - 47925 - finnhub_US_stocks.import_stocks_data - STEP_SUCCESS - Finished execution of step "finnhub_US_stocks.import_stocks_data" in 2.6s.
