[32m2024-05-24 23:16:34 +0000[0m - dagster - [34mDEBUG[0m - __ASSET_JOB - c82b3d51-c538-413c-8b24-009f0a3066fe - 51280 - LOGS_CAPTURED - Started capturing logs in process (pid: 51280).
[32m2024-05-24 23:16:34 +0000[0m - dagster - [34mDEBUG[0m - __ASSET_JOB - c82b3d51-c538-413c-8b24-009f0a3066fe - 51280 - spark_operator.create_stock_tables[stock_AA] - STEP_START - Started execution of step "spark_operator.create_stock_tables[stock_AA]".
[32m2024-05-24 23:16:34 +0000[0m - dagster - [34mDEBUG[0m - __ASSET_JOB - c82b3d51-c538-413c-8b24-009f0a3066fe - spark_operator.create_stock_tables[stock_AA] - Loading file from: /workspace/practical-data-engineering/finnhub-batch-stock-pipeline/home/storage/c82b3d51-c538-413c-8b24-009f0a3066fe/spark_operator.stock_tables/result/stock_AA using PickledObjectFilesystemIOManager...
[32m2024-05-24 23:16:34 +0000[0m - dagster - [34mDEBUG[0m - __ASSET_JOB - c82b3d51-c538-413c-8b24-009f0a3066fe - 51280 - spark_operator.create_stock_tables[stock_AA] - LOADED_INPUT - Loaded input "input_fn" using input manager "io_manager", from output "result" of step "spark_operator.stock_tables"
[32m2024-05-24 23:16:34 +0000[0m - dagster - [34mDEBUG[0m - __ASSET_JOB - c82b3d51-c538-413c-8b24-009f0a3066fe - 51280 - spark_operator.create_stock_tables[stock_AA] - STEP_INPUT - Got input "input_fn" of type "Any". (Type check passed).
[32m2024-05-24 23:18:11 +0000[0m - dagster - [34mINFO[0m - __ASSET_JOB - c82b3d51-c538-413c-8b24-009f0a3066fe - spark_operator.create_stock_tables[stock_AA] - Row(10DayAverageTradingVolume=1.34753, 13WeekPriceReturnDaily=47.9279, 26WeekPriceReturnDaily=57.8846, 3MonthADReturnStd=46.708054, 3MonthAverageTradingVolume=1.38172, 52WeekHigh=44.56, 52WeekHighDate='2024-05-21', 52WeekLow=23.09, 52WeekLowDate='2023-10-23', 52WeekPriceReturnDaily=19.5051, 5DayPriceReturnDaily=-0.4124, assetTurnoverAnnual=0.7454, assetTurnoverTTM=0.7416, beta=1.7789694, bookValuePerShareAnnual=23.8188, bookValuePerShareQuarterly=22.2433, bookValueShareGrowth5Y=-4.77, capexCagr5Y=5.88, cashFlowPerShareAnnual=-2.4654, cashFlowPerShareQuarterly=-2.8848, cashFlowPerShareTTM=-1.96629, cashPerSharePerShareAnnual=5.2893, cashPerSharePerShareQuarterly=7.5629, currentDividendYieldTTM=0.9904, currentEv/freeCashFlowAnnual=64.46702, currentRatioAnnual=1.4538, currentRatioQuarterly=1.6051, dividendPerShareAnnual=0.4051, dividendPerShareTTM=0.4079, dividendYieldIndicatedAnnual=0.9744215, ebitdPerShareAnnual=1.8202, ebitdPerShareTTM=1.0715, ebitdaCagr5Y=-33.08, ebitdaInterimCagr5Y=None, enterpriseValue=8560.926, epsAnnual=-3.6573, epsBasicExclExtraItemsAnnual=-3.6573, epsBasicExclExtraItemsTTM=-3.7672999999999996, epsExclExtraItemsAnnual=-3.6573, epsExclExtraItemsTTM=-3.7672999999999996, epsGrowth3Y=None, epsGrowth5Y=None, epsGrowthQuarterlyYoy=None, epsGrowthTTMYoy=None, epsInclExtraItemsAnnual=-3.6573, epsInclExtraItemsTTM=-3.7672999999999996, epsNormalizedAnnual=-3.6573, epsTTM=-3.7672999999999996, focfCagr5Y=None, grossMargin5Y=16.4, grossMarginAnnual=6.99, grossMarginTTM=7.5, inventoryTurnoverAnnual=4.2805, inventoryTurnoverTTM=4.4173, longTermDebt/equityAnnual=0.4074, longTermDebt/equityQuarterly=0.6182, marketCapitalization=7370.926, monthToDatePriceReturnDaily=16.8184, netIncomeEmployeeAnnual=-0.0497, netIncomeEmployeeTTM=-0.0513, netInterestCoverageAnnual=-1.6036, netInterestCoverageTTM=-1.1159, netMarginGrowth5Y=None, netProfitMargin5Y=-3.25, netProfitMarginAnnual=-6.17, netProfitMarginTTM=-9.7, operatingMargin5Y=2.82, operatingMarginAnnual=-3.25, operatingMarginTTM=-9.2, pbAnnual=1.4274, pbQuarterly=1.5294, pcfShareAnnual=80.9992, pcfShareTTM=237.7718, peAnnual=None, peBasicExclExtraTTM=None, peExclExtraTTM=None, peInclExtraTTM=None, peNormalizedAnnual=None, peTTM=None, pfcfShareAnnual=21.5524, pfcfShareTTM=737.0926, pretaxMargin5Y=1.53, pretaxMarginAnnual=-5.54, pretaxMarginTTM=-12.5, priceRelativeToS&P50013Week=44.2905, priceRelativeToS&P50026Week=41.0643, priceRelativeToS&P5004Week=7.8244, priceRelativeToS&P50052Week=-8.4377, priceRelativeToS&P500Ytd=10.0791, psAnnual=0.6986, psTTM=0.7033, ptbvAnnual=1.44, ptbvQuarterly=1.5434, quickRatioAnnual=0.6218, quickRatioQuarterly=0.8112, receivablesTurnoverAnnual=14.7155, receivablesTurnoverTTM=12.9223, revenueEmployeeAnnual=0.8054, revenueEmployeeTTM=0.8, revenueGrowth3Y=4.35, revenueGrowth5Y=-4.67, revenueGrowthQuarterlyYoy=-2.66, revenueGrowthTTMYoy=-11.4, revenuePerShareAnnual=59.2753, revenuePerShareTTM=58.5475, revenueShareGrowth5Y=-3.52, roa5Y=-2.28, roaRfy=-4.6, roaTTM=-4.760000000000001, roe5Y=-8.21, roeRfy=-15.310000000000002, roeTTM=-15.28, roi5Y=-5.54, roiAnnual=-10.639999999999999, roiTTM=-10.51, tangibleBookValuePerShareAnnual=23.6115, tangibleBookValuePerShareQuarterly=22.0428, tbvCagr5Y=-5.4, totalDebt/totalEquityAnnual=0.4392, totalDebt/totalEquityQuarterly=0.638, yearToDatePriceReturnDaily=20.7353)
[32m2024-05-24 23:20:06 +0000[0m - dagster - [34mINFO[0m - __ASSET_JOB - c82b3d51-c538-413c-8b24-009f0a3066fe - spark_operator.create_stock_tables[stock_AA] - Row(date='2013-12-31', quarterly.assetTurnoverTTM=None, quarterly.bookValue=None, quarterly.cashRatio=None, quarterly.currentRatio=None, quarterly.ebitPerShare=None, quarterly.eps=None, quarterly.ev=None, quarterly.fcfMargin=None, quarterly.fcfPerShareTTM=None, quarterly.grossMargin=None, quarterly.inventoryTurnoverTTM=None, quarterly.longtermDebtTotalAsset=None, quarterly.longtermDebtTotalCapital=None, quarterly.longtermDebtTotalEquity=None, quarterly.netDebtToTotalCapital=None, quarterly.netDebtToTotalEquity=None, quarterly.netMargin=None, quarterly.operatingMargin=None, quarterly.pb=None, quarterly.peTTM=None, quarterly.pfcfTTM=None, quarterly.pretaxMargin=None, quarterly.psTTM=None, quarterly.ptbv=None, quarterly.quickRatio=None, quarterly.receivablesTurnoverTTM=None, quarterly.roaTTM=None, quarterly.roeTTM=None, quarterly.roicTTM=None, quarterly.rotcTTM=None, quarterly.salesPerShare=None, quarterly.sgaToSale=None, quarterly.tangibleBookValue=None, quarterly.totalDebtToEquity=None, quarterly.totalDebtToTotalAsset=None, quarterly.totalDebtToTotalCapital=None, quarterly.totalRatio=None, annual.bookValue=None, annual.cashRatio=None, annual.currentRatio=None, annual.ebitPerShare=-13.3064, annual.eps=-15.9425, annual.ev=None, annual.fcfMargin=None, annual.grossMargin=0.1219, annual.inventoryTurnover=None, annual.longtermDebtTotalAsset=None, annual.longtermDebtTotalCapital=None, annual.longtermDebtTotalEquity=None, annual.netDebtToTotalCapital=None, annual.netDebtToTotalEquity=None, annual.netMargin=-0.2314, annual.operatingMargin=-0.1931, annual.payoutRatio=None, annual.pb=None, annual.pe=None, annual.pfcf=None, annual.pretaxMargin=-0.2185, annual.ps=None, annual.ptbv=None, annual.quickRatio=None, annual.receivablesTurnover=None, annual.roa=None, annual.roe=None, annual.roic=None, annual.rotc=None, annual.salesPerShare=68.9052, annual.sgaToSale=0.8781, annual.tangibleBookValue=None, annual.totalDebtToEquity=None, annual.totalDebtToTotalAsset=None, annual.totalDebtToTotalCapital=None, annual.totalRatio=None)
[32m2024-05-24 23:22:19 +0000[0m - dagster - [34mDEBUG[0m - __ASSET_JOB - c82b3d51-c538-413c-8b24-009f0a3066fe - 51280 - spark_operator.create_stock_tables[stock_AA] - STEP_OUTPUT - Yielded output "metric_and_series" of type "Any". (Type check passed).
[32m2024-05-24 23:22:29 +0000[0m - dagster - [34mDEBUG[0m - __ASSET_JOB - c82b3d51-c538-413c-8b24-009f0a3066fe - spark_operator.create_stock_tables[stock_AA] - Writing S3 object at: s3a://dagster-api/staging/2024-05-24/spark_operator.create_stock_tables[stock_AA]/metric_and_series
[32m2024-05-24 23:22:29 +0000[0m - dagster - [34mWARNING[0m - __ASSET_JOB - c82b3d51-c538-413c-8b24-009f0a3066fe - spark_operator.create_stock_tables[stock_AA] - Removing existing S3 object: staging/2024-05-24/spark_operator.create_stock_tables[stock_AA]/metric_and_series
[32m2024-05-24 23:23:06 +0000[0m - dagster - [34mDEBUG[0m - __ASSET_JOB - c82b3d51-c538-413c-8b24-009f0a3066fe - 51280 - spark_operator.create_stock_tables[stock_AA] - STEP_UP_FOR_RETRY - Execution of step "spark_operator.create_stock_tables[stock_AA]" failed and has requested a retry in 0.36968809805599057 seconds.

dagster._core.execution.plan.utils.RetryRequestedFromPolicy

Stack Trace:
  File "/workspace/.pyenv_mirror/user/current/lib/python3.12/site-packages/dagster/_core/execution/plan/execute_plan.py", line 282, in dagster_event_sequence_for_step
    for step_event in check.generator(step_events):
  File "/workspace/.pyenv_mirror/user/current/lib/python3.12/site-packages/dagster/_core/execution/plan/execute_step.py", line 532, in core_dagster_event_sequence_for_step
    for evt in _type_check_and_store_output(step_context, user_event):
  File "/workspace/.pyenv_mirror/user/current/lib/python3.12/site-packages/dagster/_core/execution/plan/execute_step.py", line 587, in _type_check_and_store_output
    for evt in _store_output(step_context, step_output_handle, output):
  File "/workspace/.pyenv_mirror/user/current/lib/python3.12/site-packages/dagster/_core/execution/plan/execute_step.py", line 810, in _store_output
    for elt in iterate_with_context(
  File "/workspace/.pyenv_mirror/user/current/lib/python3.12/site-packages/dagster/_utils/__init__.py", line 466, in iterate_with_context
    with context_fn():
  File "/home/gitpod/.pyenv/versions/3.12.3/lib/python3.12/contextlib.py", line 158, in __exit__
    self.gen.throw(value)
  File "/workspace/.pyenv_mirror/user/current/lib/python3.12/site-packages/dagster/_core/execution/plan/utils.py", line 72, in op_execution_error_boundary
    raise RetryRequestedFromPolicy(

The above exception was caused by the following exception:
py4j.protocol.Py4JJavaError: An error occurred while calling o2755.save.
: java.lang.NoClassDefFoundError: org/apache/spark/sql/delta/schema/InnerInvariantViolationException$
	at org.apache.spark.sql.delta.files.TransactionalWrite.$anonfun$writeFiles$1(TransactionalWrite.scala:449)
	at org.apache.spark.sql.execution.SQLExecution$.$anonfun$withNewExecutionId$6(SQLExecution.scala:125)
	at org.apache.spark.sql.execution.SQLExecution$.withSQLConfPropagated(SQLExecution.scala:201)
	at org.apache.spark.sql.execution.SQLExecution$.$anonfun$withNewExecutionId$1(SQLExecution.scala:108)
	at org.apache.spark.sql.SparkSession.withActive(SparkSession.scala:900)
	at org.apache.spark.sql.execution.SQLExecution$.withNewExecutionId(SQLExecution.scala:66)
	at org.apache.spark.sql.delta.files.TransactionalWrite.writeFiles(TransactionalWrite.scala:391)
	at org.apache.spark.sql.delta.files.TransactionalWrite.writeFiles$(TransactionalWrite.scala:364)
	at org.apache.spark.sql.delta.OptimisticTransaction.writeFiles(OptimisticTransaction.scala:142)
	at org.apache.spark.sql.delta.files.TransactionalWrite.writeFiles(TransactionalWrite.scala:239)
	at org.apache.spark.sql.delta.files.TransactionalWrite.writeFiles$(TransactionalWrite.scala:235)
	at org.apache.spark.sql.delta.OptimisticTransaction.writeFiles(OptimisticTransaction.scala:142)
	at org.apache.spark.sql.delta.files.TransactionalWrite.writeFiles(TransactionalWrite.scala:228)
	at org.apache.spark.sql.delta.files.TransactionalWrite.writeFiles$(TransactionalWrite.scala:225)
	at org.apache.spark.sql.delta.OptimisticTransaction.writeFiles(OptimisticTransaction.scala:142)
	at org.apache.spark.sql.delta.commands.WriteIntoDelta.writeFiles(WriteIntoDelta.scala:341)
	at org.apache.spark.sql.delta.commands.WriteIntoDelta.write(WriteIntoDelta.scala:292)
	at org.apache.spark.sql.delta.commands.WriteIntoDelta.$anonfun$run$1(WriteIntoDelta.scala:105)
	at org.apache.spark.sql.delta.commands.WriteIntoDelta.$anonfun$run$1$adapted(WriteIntoDelta.scala:100)
	at org.apache.spark.sql.delta.DeltaLog.withNewTransaction(DeltaLog.scala:223)
	at org.apache.spark.sql.delta.commands.WriteIntoDelta.run(WriteIntoDelta.scala:100)
	at org.apache.spark.sql.delta.sources.DeltaDataSource.createRelation(DeltaDataSource.scala:201)
	at org.apache.spark.sql.execution.datasources.SaveIntoDataSourceCommand.run(SaveIntoDataSourceCommand.scala:48)
	at org.apache.spark.sql.execution.command.ExecutedCommandExec.sideEffectResult$lzycompute(commands.scala:75)
	at org.apache.spark.sql.execution.command.ExecutedCommandExec.sideEffectResult(commands.scala:73)
	at org.apache.spark.sql.execution.command.ExecutedCommandExec.executeCollect(commands.scala:84)
	at org.apache.spark.sql.execution.QueryExecution$$anonfun$eagerlyExecuteCommands$1.$anonfun$applyOrElse$1(QueryExecution.scala:107)
	at org.apache.spark.sql.execution.SQLExecution$.$anonfun$withNewExecutionId$6(SQLExecution.scala:125)
	at org.apache.spark.sql.execution.SQLExecution$.withSQLConfPropagated(SQLExecution.scala:201)
	at org.apache.spark.sql.execution.SQLExecution$.$anonfun$withNewExecutionId$1(SQLExecution.scala:108)
	at org.apache.spark.sql.SparkSession.withActive(SparkSession.scala:900)
	at org.apache.spark.sql.execution.SQLExecution$.withNewExecutionId(SQLExecution.scala:66)
	at org.apache.spark.sql.execution.QueryExecution$$anonfun$eagerlyExecuteCommands$1.applyOrElse(QueryExecution.scala:107)
	at org.apache.spark.sql.execution.QueryExecution$$anonfun$eagerlyExecuteCommands$1.applyOrElse(QueryExecution.scala:98)
	at org.apache.spark.sql.catalyst.trees.TreeNode.$anonfun$transformDownWithPruning$1(TreeNode.scala:461)
	at org.apache.spark.sql.catalyst.trees.CurrentOrigin$.withOrigin(origin.scala:76)
	at org.apache.spark.sql.catalyst.trees.TreeNode.transformDownWithPruning(TreeNode.scala:461)
	at org.apache.spark.sql.catalyst.plans.logical.LogicalPlan.org$apache$spark$sql$catalyst$plans$logical$AnalysisHelper$$super$transformDownWithPruning(LogicalPlan.scala:32)
	at org.apache.spark.sql.catalyst.plans.logical.AnalysisHelper.transformDownWithPruning(AnalysisHelper.scala:267)
	at org.apache.spark.sql.catalyst.plans.logical.AnalysisHelper.transformDownWithPruning$(AnalysisHelper.scala:263)
	at org.apache.spark.sql.catalyst.plans.logical.LogicalPlan.transformDownWithPruning(LogicalPlan.scala:32)
	at org.apache.spark.sql.catalyst.plans.logical.LogicalPlan.transformDownWithPruning(LogicalPlan.scala:32)
	at org.apache.spark.sql.catalyst.trees.TreeNode.transformDown(TreeNode.scala:437)
	at org.apache.spark.sql.execution.QueryExecution.eagerlyExecuteCommands(QueryExecution.scala:98)
	at org.apache.spark.sql.execution.QueryExecution.commandExecuted$lzycompute(QueryExecution.scala:85)
	at org.apache.spark.sql.execution.QueryExecution.commandExecuted(QueryExecution.scala:83)
	at org.apache.spark.sql.execution.QueryExecution.assertCommandExecuted(QueryExecution.scala:142)
	at org.apache.spark.sql.DataFrameWriter.runCommand(DataFrameWriter.scala:859)
	at org.apache.spark.sql.DataFrameWriter.saveToV1Source(DataFrameWriter.scala:388)
	at org.apache.spark.sql.DataFrameWriter.saveInternal(DataFrameWriter.scala:304)
	at org.apache.spark.sql.DataFrameWriter.save(DataFrameWriter.scala:240)
	at java.base/jdk.internal.reflect.NativeMethodAccessorImpl.invoke0(Native Method)
	at java.base/jdk.internal.reflect.NativeMethodAccessorImpl.invoke(NativeMethodAccessorImpl.java:62)
	at java.base/jdk.internal.reflect.DelegatingMethodAccessorImpl.invoke(DelegatingMethodAccessorImpl.java:43)
	at java.base/java.lang.reflect.Method.invoke(Method.java:566)
	at py4j.reflection.MethodInvoker.invoke(MethodInvoker.java:244)
	at py4j.reflection.ReflectionEngine.invoke(ReflectionEngine.java:374)
	at py4j.Gateway.invoke(Gateway.java:282)
	at py4j.commands.AbstractCommand.invokeMethod(AbstractCommand.java:132)
	at py4j.commands.CallCommand.execute(CallCommand.java:79)
	at py4j.ClientServerConnection.waitForCommands(ClientServerConnection.java:182)
	at py4j.ClientServerConnection.run(ClientServerConnection.java:106)
	at java.base/java.lang.Thread.run(Thread.java:829)
Caused by: java.lang.ClassNotFoundException: org.apache.spark.sql.delta.schema.InnerInvariantViolationException$
	at java.base/java.net.URLClassLoader$1.run(URLClassLoader.java:460)
	at java.base/java.net.URLClassLoader$1.run(URLClassLoader.java:452)
	at java.base/java.security.AccessController.doPrivileged(Native Method)
	at java.base/java.net.URLClassLoader.findClass(URLClassLoader.java:451)
	at java.base/java.lang.ClassLoader.loadClass(ClassLoader.java:594)
	at java.base/java.lang.ClassLoader.loadClass(ClassLoader.java:527)
	... 63 more
Caused by: java.io.EOFException
	at java.base/java.io.RandomAccessFile.readFully(RandomAccessFile.java:472)
	at java.base/java.util.zip.ZipFile$Source.readFullyAt(ZipFile.java:1508)
	at java.base/java.util.zip.ZipFile$ZipFileInputStream.initDataOffset(ZipFile.java:1027)
	at java.base/java.util.zip.ZipFile$ZipFileInputStream.read(ZipFile.java:1042)
	at java.base/java.util.zip.ZipFile$ZipFileInflaterInputStream.fill(ZipFile.java:492)
	at java.base/java.util.zip.InflaterInputStream.read(InflaterInputStream.java:159)
	at java.base/jdk.internal.loader.Resource.getBytes(Resource.java:124)
	at java.base/jdk.internal.loader.URLClassPath$JarLoader$2.getBytes(URLClassPath.java:897)
	at java.base/java.net.URLClassLoader.defineClass(URLClassLoader.java:550)
	at java.base/java.net.URLClassLoader$1.run(URLClassLoader.java:458)
	... 68 more


Stack Trace:
  File "/workspace/.pyenv_mirror/user/current/lib/python3.12/site-packages/dagster/_core/execution/plan/utils.py", line 54, in op_execution_error_boundary
    yield
  File "/workspace/.pyenv_mirror/user/current/lib/python3.12/site-packages/dagster/_utils/__init__.py", line 468, in iterate_with_context
    next_output = next(iterator)
                  ^^^^^^^^^^^^^^
  File "/workspace/.pyenv_mirror/user/current/lib/python3.12/site-packages/dagster/_core/execution/plan/execute_step.py", line 800, in _gen_fn
    gen_output = output_manager.handle_output(output_context, output.value)
                 ^^^^^^^^^^^^^^^^^^^^^^^^^^^^^^^^^^^^^^^^^^^^^^^^^^^^^^^^^^
  File "/workspace/practical-data-engineering/finnhub-batch-stock-pipeline/finnhub_batch_stock_pipeline/iomanagers/staging_s3_parquet_io_manager.py", line 150, in handle_output
    return self.inner_io_manager().handle_output(context, obj)
           ^^^^^^^^^^^^^^^^^^^^^^^^^^^^^^^^^^^^^^^^^^^^^^^^^^^
  File "/workspace/.pyenv_mirror/user/current/lib/python3.12/site-packages/dagster/_core/storage/upath_io_manager.py", line 446, in handle_output
    self.dump_to_path(context=context, obj=obj, path=path)
  File "/workspace/practical-data-engineering/finnhub-batch-stock-pipeline/finnhub_batch_stock_pipeline/iomanagers/staging_s3_parquet_io_manager.py", line 82, in dump_to_path
    obj.write.format("delta").mode('overwrite').save(pathe)
  File "/workspace/.pyenv_mirror/user/current/lib/python3.12/site-packages/pyspark/sql/readwriter.py", line 1463, in save
    self._jwrite.save(path)
  File "/workspace/.pyenv_mirror/user/current/lib/python3.12/site-packages/py4j/java_gateway.py", line 1322, in __call__
    return_value = get_return_value(
                   ^^^^^^^^^^^^^^^^^
  File "/workspace/.pyenv_mirror/user/current/lib/python3.12/site-packages/pyspark/errors/exceptions/captured.py", line 179, in deco
    return f(*a, **kw)
           ^^^^^^^^^^^
  File "/workspace/.pyenv_mirror/user/current/lib/python3.12/site-packages/py4j/protocol.py", line 326, in get_return_value
    raise Py4JJavaError(

