[32m2024-05-24 23:16:36 +0000[0m - dagster - [34mDEBUG[0m - __ASSET_JOB - c82b3d51-c538-413c-8b24-009f0a3066fe - 51339 - LOGS_CAPTURED - Started capturing logs in process (pid: 51339).
[32m2024-05-24 23:16:36 +0000[0m - dagster - [34mDEBUG[0m - __ASSET_JOB - c82b3d51-c538-413c-8b24-009f0a3066fe - 51339 - spark_operator.create_stock_tables[stock_AACT] - STEP_START - Started execution of step "spark_operator.create_stock_tables[stock_AACT]".
[32m2024-05-24 23:16:36 +0000[0m - dagster - [34mDEBUG[0m - __ASSET_JOB - c82b3d51-c538-413c-8b24-009f0a3066fe - spark_operator.create_stock_tables[stock_AACT] - Loading file from: /workspace/practical-data-engineering/finnhub-batch-stock-pipeline/home/storage/c82b3d51-c538-413c-8b24-009f0a3066fe/spark_operator.stock_tables/result/stock_AACT using PickledObjectFilesystemIOManager...
[32m2024-05-24 23:16:36 +0000[0m - dagster - [34mDEBUG[0m - __ASSET_JOB - c82b3d51-c538-413c-8b24-009f0a3066fe - 51339 - spark_operator.create_stock_tables[stock_AACT] - LOADED_INPUT - Loaded input "input_fn" using input manager "io_manager", from output "result" of step "spark_operator.stock_tables"
[32m2024-05-24 23:16:36 +0000[0m - dagster - [34mDEBUG[0m - __ASSET_JOB - c82b3d51-c538-413c-8b24-009f0a3066fe - 51339 - spark_operator.create_stock_tables[stock_AACT] - STEP_INPUT - Got input "input_fn" of type "Any". (Type check passed).
[32m2024-05-24 23:18:24 +0000[0m - dagster - [34mINFO[0m - __ASSET_JOB - c82b3d51-c538-413c-8b24-009f0a3066fe - spark_operator.create_stock_tables[stock_AACT] - Row(10DayAverageTradingVolume=0.16675, 13WeekPriceReturnDaily=0.8531, 26WeekPriceReturnDaily=3.001, 3MonthADReturnStd=2.460214, 3MonthAverageTradingVolume=0.1889, 52WeekHigh=10.755, 52WeekHighDate='2023-12-18', 52WeekLow=10.095, 52WeekLowDate='2023-06-14', 5DayPriceReturnDaily=0.1883, assetTurnoverAnnual=None, beta=0.016226592, bookValuePerShareAnnual=8.0428, bookValuePerShareQuarterly=8.0428, cashFlowPerShareAnnual=-0.0216, cashFlowPerShareQuarterly=-0.0216, cashPerSharePerShareAnnual=0.0305, cashPerSharePerShareQuarterly=0.0305, currentRatioAnnual=8.6521, currentRatioQuarterly=8.6521, dividendPerShareAnnual=None, ebitdPerShareAnnual=-0.024, ebitdPerShareTTM=-0.0201, enterpriseValue=668.0949, epsAnnual=0.3608, epsBasicExclExtraItemsAnnual=0.3608, epsBasicExclExtraItemsTTM=0.3141, epsExclExtraItemsAnnual=0.3608, epsExclExtraItemsTTM=0.3141, epsInclExtraItemsAnnual=0.3608, epsInclExtraItemsTTM=0.3141, epsNormalizedAnnual=0.3608, epsTTM=0.3141, longTermDebt/equityAnnual=0.0099, longTermDebt/equityQuarterly=0.0099, marketCapitalization=665, monthToDatePriceReturnDaily=0.1883, pbAnnual=1.0384, pbQuarterly=1.0384, pcfShareAnnual=None, peAnnual=39.3131, peBasicExclExtraTTM=39.303, peExclExtraTTM=39.303, peInclExtraTTM=39.303, peNormalizedAnnual=39.3131, peTTM=39.303, priceRelativeToS&P50013Week=-2.7843, priceRelativeToS&P50026Week=-13.8193, priceRelativeToS&P5004Week=-3.247, priceRelativeToS&P500Ytd=-9.3633, ptbvAnnual=72195.87, ptbvQuarterly=1.30491, quickRatioAnnual=6.8252, quickRatioQuarterly=6.8252, revenuePerShareAnnual=None, roaRfy=3.2199999999999998, roaTTM=4.35, roeRfy=3.37, roiAnnual=3.3300000000000005, tangibleBookValuePerShareAnnual=0.00016, tangibleBookValuePerShareQuarterly=7.93159, totalDebt/totalEquityAnnual=0.0099, totalDebt/totalEquityQuarterly=0.0099, yearToDatePriceReturnDaily=1.9157)
[32m2024-05-24 23:20:48 +0000[0m - dagster - [34mINFO[0m - __ASSET_JOB - c82b3d51-c538-413c-8b24-009f0a3066fe - spark_operator.create_stock_tables[stock_AACT] - Row(date='2021-06-30', quarterly.bookValue=None, quarterly.cashRatio=None, quarterly.currentRatio=1.0, quarterly.ev=None, quarterly.fcfPerShareTTM=None, quarterly.longtermDebtTotalAsset=None, quarterly.longtermDebtTotalCapital=None, quarterly.longtermDebtTotalEquity=None, quarterly.netDebtToTotalCapital=None, quarterly.netDebtToTotalEquity=None, quarterly.pb=None, quarterly.quickRatio=0.0, quarterly.roaTTM=None, quarterly.totalDebtToEquity=None, quarterly.totalDebtToTotalAsset=0.5, quarterly.totalDebtToTotalCapital=1.0, quarterly.totalRatio=1.0, annual.bookValue=None, annual.cashRatio=None, annual.currentRatio=None, annual.ev=None, annual.longtermDebtTotalAsset=None, annual.longtermDebtTotalCapital=None, annual.longtermDebtTotalEquity=None, annual.netDebtToTotalCapital=None, annual.netDebtToTotalEquity=None, annual.pb=None, annual.pe=None, annual.quickRatio=None, annual.roa=None, annual.roe=None, annual.roic=None, annual.rotc=None, annual.totalDebtToEquity=None, annual.totalDebtToTotalAsset=None, annual.totalDebtToTotalCapital=None, annual.totalRatio=None)
[32m2024-05-24 23:22:09 +0000[0m - dagster - [34mDEBUG[0m - __ASSET_JOB - c82b3d51-c538-413c-8b24-009f0a3066fe - 51339 - spark_operator.create_stock_tables[stock_AACT] - STEP_OUTPUT - Yielded output "metric_and_series" of type "Any". (Type check passed).
[32m2024-05-24 23:22:12 +0000[0m - dagster - [34mDEBUG[0m - __ASSET_JOB - c82b3d51-c538-413c-8b24-009f0a3066fe - spark_operator.create_stock_tables[stock_AACT] - Writing S3 object at: s3a://dagster-api/staging/2024-05-24/spark_operator.create_stock_tables[stock_AACT]/metric_and_series
[32m2024-05-24 23:22:12 +0000[0m - dagster - [34mWARNING[0m - __ASSET_JOB - c82b3d51-c538-413c-8b24-009f0a3066fe - spark_operator.create_stock_tables[stock_AACT] - Removing existing S3 object: staging/2024-05-24/spark_operator.create_stock_tables[stock_AACT]/metric_and_series
[32m2024-05-24 23:22:14 +0000[0m - dagster - [34mDEBUG[0m - __ASSET_JOB - c82b3d51-c538-413c-8b24-009f0a3066fe - 51339 - spark_operator.create_stock_tables[stock_AACT] - STEP_UP_FOR_RETRY - Execution of step "spark_operator.create_stock_tables[stock_AACT]" failed and has requested a retry in 0.11571364253675993 seconds.

dagster._core.execution.plan.utils.RetryRequestedFromPolicy

Stack Trace:
  File "/workspace/.pyenv_mirror/user/current/lib/python3.12/site-packages/dagster/_core/execution/plan/execute_plan.py", line 282, in dagster_event_sequence_for_step
    for step_event in check.generator(step_events):
  File "/workspace/.pyenv_mirror/user/current/lib/python3.12/site-packages/dagster/_core/execution/plan/execute_step.py", line 532, in core_dagster_event_sequence_for_step
    for evt in _type_check_and_store_output(step_context, user_event):
  File "/workspace/.pyenv_mirror/user/current/lib/python3.12/site-packages/dagster/_core/execution/plan/execute_step.py", line 587, in _type_check_and_store_output
    for evt in _store_output(step_context, step_output_handle, output):
  File "/workspace/.pyenv_mirror/user/current/lib/python3.12/site-packages/dagster/_core/execution/plan/execute_step.py", line 810, in _store_output
    for elt in iterate_with_context(
  File "/workspace/.pyenv_mirror/user/current/lib/python3.12/site-packages/dagster/_utils/__init__.py", line 466, in iterate_with_context
    with context_fn():
  File "/home/gitpod/.pyenv/versions/3.12.3/lib/python3.12/contextlib.py", line 158, in __exit__
    self.gen.throw(value)
  File "/workspace/.pyenv_mirror/user/current/lib/python3.12/site-packages/dagster/_core/execution/plan/utils.py", line 72, in op_execution_error_boundary
    raise RetryRequestedFromPolicy(

The above exception was caused by the following exception:
py4j.protocol.Py4JJavaError: An error occurred while calling o1552.save.
: java.lang.NoClassDefFoundError: com/amazonaws/auth/EnvironmentVariableCredentialsProvider
	at org.apache.hadoop.fs.s3a.S3AUtils.<clinit>(S3AUtils.java:609)
	at org.apache.hadoop.fs.s3a.S3AFileSystem.initialize(S3AFileSystem.java:426)
	at org.apache.hadoop.fs.FileSystem.createFileSystem(FileSystem.java:3469)
	at org.apache.hadoop.fs.FileSystem.access$300(FileSystem.java:174)
	at org.apache.hadoop.fs.FileSystem$Cache.getInternal(FileSystem.java:3574)
	at org.apache.hadoop.fs.FileSystem$Cache.get(FileSystem.java:3521)
	at org.apache.hadoop.fs.FileSystem.get(FileSystem.java:540)
	at org.apache.hadoop.fs.Path.getFileSystem(Path.java:365)
	at org.apache.spark.sql.delta.DeltaLog$.apply(DeltaLog.scala:767)
	at org.apache.spark.sql.delta.DeltaLog$.forTable(DeltaLog.scala:677)
	at org.apache.spark.sql.delta.sources.DeltaDataSource.createRelation(DeltaDataSource.scala:189)
	at org.apache.spark.sql.execution.datasources.SaveIntoDataSourceCommand.run(SaveIntoDataSourceCommand.scala:48)
	at org.apache.spark.sql.execution.command.ExecutedCommandExec.sideEffectResult$lzycompute(commands.scala:75)
	at org.apache.spark.sql.execution.command.ExecutedCommandExec.sideEffectResult(commands.scala:73)
	at org.apache.spark.sql.execution.command.ExecutedCommandExec.executeCollect(commands.scala:84)
	at org.apache.spark.sql.execution.QueryExecution$$anonfun$eagerlyExecuteCommands$1.$anonfun$applyOrElse$1(QueryExecution.scala:107)
	at org.apache.spark.sql.execution.SQLExecution$.$anonfun$withNewExecutionId$6(SQLExecution.scala:125)
	at org.apache.spark.sql.execution.SQLExecution$.withSQLConfPropagated(SQLExecution.scala:201)
	at org.apache.spark.sql.execution.SQLExecution$.$anonfun$withNewExecutionId$1(SQLExecution.scala:108)
	at org.apache.spark.sql.SparkSession.withActive(SparkSession.scala:900)
	at org.apache.spark.sql.execution.SQLExecution$.withNewExecutionId(SQLExecution.scala:66)
	at org.apache.spark.sql.execution.QueryExecution$$anonfun$eagerlyExecuteCommands$1.applyOrElse(QueryExecution.scala:107)
	at org.apache.spark.sql.execution.QueryExecution$$anonfun$eagerlyExecuteCommands$1.applyOrElse(QueryExecution.scala:98)
	at org.apache.spark.sql.catalyst.trees.TreeNode.$anonfun$transformDownWithPruning$1(TreeNode.scala:461)
	at org.apache.spark.sql.catalyst.trees.CurrentOrigin$.withOrigin(origin.scala:76)
	at org.apache.spark.sql.catalyst.trees.TreeNode.transformDownWithPruning(TreeNode.scala:461)
	at org.apache.spark.sql.catalyst.plans.logical.LogicalPlan.org$apache$spark$sql$catalyst$plans$logical$AnalysisHelper$$super$transformDownWithPruning(LogicalPlan.scala:32)
	at org.apache.spark.sql.catalyst.plans.logical.AnalysisHelper.transformDownWithPruning(AnalysisHelper.scala:267)
	at org.apache.spark.sql.catalyst.plans.logical.AnalysisHelper.transformDownWithPruning$(AnalysisHelper.scala:263)
	at org.apache.spark.sql.catalyst.plans.logical.LogicalPlan.transformDownWithPruning(LogicalPlan.scala:32)
	at org.apache.spark.sql.catalyst.plans.logical.LogicalPlan.transformDownWithPruning(LogicalPlan.scala:32)
	at org.apache.spark.sql.catalyst.trees.TreeNode.transformDown(TreeNode.scala:437)
	at org.apache.spark.sql.execution.QueryExecution.eagerlyExecuteCommands(QueryExecution.scala:98)
	at org.apache.spark.sql.execution.QueryExecution.commandExecuted$lzycompute(QueryExecution.scala:85)
	at org.apache.spark.sql.execution.QueryExecution.commandExecuted(QueryExecution.scala:83)
	at org.apache.spark.sql.execution.QueryExecution.assertCommandExecuted(QueryExecution.scala:142)
	at org.apache.spark.sql.DataFrameWriter.runCommand(DataFrameWriter.scala:859)
	at org.apache.spark.sql.DataFrameWriter.saveToV1Source(DataFrameWriter.scala:388)
	at org.apache.spark.sql.DataFrameWriter.saveInternal(DataFrameWriter.scala:304)
	at org.apache.spark.sql.DataFrameWriter.save(DataFrameWriter.scala:240)
	at java.base/jdk.internal.reflect.NativeMethodAccessorImpl.invoke0(Native Method)
	at java.base/jdk.internal.reflect.NativeMethodAccessorImpl.invoke(NativeMethodAccessorImpl.java:62)
	at java.base/jdk.internal.reflect.DelegatingMethodAccessorImpl.invoke(DelegatingMethodAccessorImpl.java:43)
	at java.base/java.lang.reflect.Method.invoke(Method.java:566)
	at py4j.reflection.MethodInvoker.invoke(MethodInvoker.java:244)
	at py4j.reflection.ReflectionEngine.invoke(ReflectionEngine.java:374)
	at py4j.Gateway.invoke(Gateway.java:282)
	at py4j.commands.AbstractCommand.invokeMethod(AbstractCommand.java:132)
	at py4j.commands.CallCommand.execute(CallCommand.java:79)
	at py4j.ClientServerConnection.waitForCommands(ClientServerConnection.java:182)
	at py4j.ClientServerConnection.run(ClientServerConnection.java:106)
	at java.base/java.lang.Thread.run(Thread.java:829)
Caused by: java.lang.ClassNotFoundException: com.amazonaws.auth.EnvironmentVariableCredentialsProvider
	at java.base/java.net.URLClassLoader$1.run(URLClassLoader.java:460)
	at java.base/java.net.URLClassLoader$1.run(URLClassLoader.java:452)
	at java.base/java.security.AccessController.doPrivileged(Native Method)
	at java.base/java.net.URLClassLoader.findClass(URLClassLoader.java:451)
	at java.base/java.lang.ClassLoader.loadClass(ClassLoader.java:594)
	at java.base/java.lang.ClassLoader.loadClass(ClassLoader.java:527)
	... 52 more
Caused by: java.io.EOFException
	at java.base/java.io.RandomAccessFile.readFully(RandomAccessFile.java:472)
	at java.base/java.util.zip.ZipFile$Source.readFullyAt(ZipFile.java:1508)
	at java.base/java.util.zip.ZipFile$ZipFileInputStream.initDataOffset(ZipFile.java:1027)
	at java.base/java.util.zip.ZipFile$ZipFileInputStream.read(ZipFile.java:1042)
	at java.base/java.util.zip.ZipFile$ZipFileInflaterInputStream.fill(ZipFile.java:492)
	at java.base/java.util.zip.InflaterInputStream.read(InflaterInputStream.java:159)
	at java.base/jdk.internal.loader.Resource.getBytes(Resource.java:124)
	at java.base/jdk.internal.loader.URLClassPath$JarLoader$2.getBytes(URLClassPath.java:897)
	at java.base/java.net.URLClassLoader.defineClass(URLClassLoader.java:550)
	at java.base/java.net.URLClassLoader$1.run(URLClassLoader.java:458)
	... 57 more


Stack Trace:
  File "/workspace/.pyenv_mirror/user/current/lib/python3.12/site-packages/dagster/_core/execution/plan/utils.py", line 54, in op_execution_error_boundary
    yield
  File "/workspace/.pyenv_mirror/user/current/lib/python3.12/site-packages/dagster/_utils/__init__.py", line 468, in iterate_with_context
    next_output = next(iterator)
                  ^^^^^^^^^^^^^^
  File "/workspace/.pyenv_mirror/user/current/lib/python3.12/site-packages/dagster/_core/execution/plan/execute_step.py", line 800, in _gen_fn
    gen_output = output_manager.handle_output(output_context, output.value)
                 ^^^^^^^^^^^^^^^^^^^^^^^^^^^^^^^^^^^^^^^^^^^^^^^^^^^^^^^^^^
  File "/workspace/practical-data-engineering/finnhub-batch-stock-pipeline/finnhub_batch_stock_pipeline/iomanagers/staging_s3_parquet_io_manager.py", line 150, in handle_output
    return self.inner_io_manager().handle_output(context, obj)
           ^^^^^^^^^^^^^^^^^^^^^^^^^^^^^^^^^^^^^^^^^^^^^^^^^^^
  File "/workspace/.pyenv_mirror/user/current/lib/python3.12/site-packages/dagster/_core/storage/upath_io_manager.py", line 446, in handle_output
    self.dump_to_path(context=context, obj=obj, path=path)
  File "/workspace/practical-data-engineering/finnhub-batch-stock-pipeline/finnhub_batch_stock_pipeline/iomanagers/staging_s3_parquet_io_manager.py", line 82, in dump_to_path
    obj.write.format("delta").mode('overwrite').save(pathe)
  File "/workspace/.pyenv_mirror/user/current/lib/python3.12/site-packages/pyspark/sql/readwriter.py", line 1463, in save
    self._jwrite.save(path)
  File "/workspace/.pyenv_mirror/user/current/lib/python3.12/site-packages/py4j/java_gateway.py", line 1322, in __call__
    return_value = get_return_value(
                   ^^^^^^^^^^^^^^^^^
  File "/workspace/.pyenv_mirror/user/current/lib/python3.12/site-packages/pyspark/errors/exceptions/captured.py", line 179, in deco
    return f(*a, **kw)
           ^^^^^^^^^^^
  File "/workspace/.pyenv_mirror/user/current/lib/python3.12/site-packages/py4j/protocol.py", line 326, in get_return_value
    raise Py4JJavaError(

