[32m2024-05-24 23:16:34 +0000[0m - dagster - [34mDEBUG[0m - __ASSET_JOB - c82b3d51-c538-413c-8b24-009f0a3066fe - 51317 - LOGS_CAPTURED - Started capturing logs in process (pid: 51317).
[32m2024-05-24 23:16:34 +0000[0m - dagster - [34mDEBUG[0m - __ASSET_JOB - c82b3d51-c538-413c-8b24-009f0a3066fe - 51317 - spark_operator.create_stock_tables[stock_AACI] - STEP_START - Started execution of step "spark_operator.create_stock_tables[stock_AACI]".
[32m2024-05-24 23:16:34 +0000[0m - dagster - [34mDEBUG[0m - __ASSET_JOB - c82b3d51-c538-413c-8b24-009f0a3066fe - spark_operator.create_stock_tables[stock_AACI] - Loading file from: /workspace/practical-data-engineering/finnhub-batch-stock-pipeline/home/storage/c82b3d51-c538-413c-8b24-009f0a3066fe/spark_operator.stock_tables/result/stock_AACI using PickledObjectFilesystemIOManager...
[32m2024-05-24 23:16:34 +0000[0m - dagster - [34mDEBUG[0m - __ASSET_JOB - c82b3d51-c538-413c-8b24-009f0a3066fe - 51317 - spark_operator.create_stock_tables[stock_AACI] - LOADED_INPUT - Loaded input "input_fn" using input manager "io_manager", from output "result" of step "spark_operator.stock_tables"
[32m2024-05-24 23:16:34 +0000[0m - dagster - [34mDEBUG[0m - __ASSET_JOB - c82b3d51-c538-413c-8b24-009f0a3066fe - 51317 - spark_operator.create_stock_tables[stock_AACI] - STEP_INPUT - Got input "input_fn" of type "Any". (Type check passed).
[32m2024-05-24 23:18:10 +0000[0m - dagster - [34mINFO[0m - __ASSET_JOB - c82b3d51-c538-413c-8b24-009f0a3066fe - spark_operator.create_stock_tables[stock_AACI] - Row(10DayAverageTradingVolume=0.00615, 13WeekPriceReturnDaily=3.7615, 26WeekPriceReturnDaily=6.297, 3MonthADReturnStd=18.05022, 3MonthAverageTradingVolume=0.00684, 52WeekHigh=12.01, 52WeekHighDate='2024-05-09', 52WeekLow=10.2, 52WeekLowDate='2023-06-14', 5DayPriceReturnDaily=-1.0499, beta=0.07059866, bookValuePerShareAnnual=2.0849, bookValuePerShareQuarterly=2.0599, cashFlowPerShareAnnual=-0.2304, cashFlowPerShareQuarterly=-0.2125, cashPerSharePerShareAnnual=0.0075, cashPerSharePerShareQuarterly=0.0067, currentRatioAnnual=0.0109, currentRatioQuarterly=0.0073, ebitdPerShareAnnual=-0.3455, ebitdPerShareTTM=-0.3826, enterpriseValue=84.3285, epsAnnual=-0.0397, epsBasicExclExtraItemsAnnual=-0.0397, epsBasicExclExtraItemsTTM=-0.182, epsExclExtraItemsAnnual=-0.0397, epsExclExtraItemsTTM=-0.182, epsGrowthQuarterlyYoy=None, epsGrowthTTMYoy=None, epsInclExtraItemsAnnual=-0.0397, epsInclExtraItemsTTM=-0.182, epsNormalizedAnnual=-0.0397, epsTTM=-0.182, marketCapitalization=81.60632, monthToDatePriceReturnDaily=-2.1626, pbAnnual=5.1322, pbQuarterly=5.2283, pcfShareAnnual=None, pcfShareTTM=None, peAnnual=None, peBasicExclExtraTTM=None, peExclExtraTTM=None, peInclExtraTTM=None, peNormalizedAnnual=None, peTTM=None, priceRelativeToS&P50013Week=0.1241, priceRelativeToS&P50026Week=-10.5233, priceRelativeToS&P5004Week=-5.0491, priceRelativeToS&P500Ytd=-5.4007, quickRatioAnnual=0.007, quickRatioQuarterly=0.0058, roaRfy=-1.26, roaTTM=-4.109999999999999, roeRfy=-1.9, roeTTM=-5.57, roiAnnual=-1.6500000000000001, roiTTM=-5.04, totalDebt/totalEquityAnnual=0.1524, totalDebt/totalEquityQuarterly=0.167, yearToDatePriceReturnDaily=5.0139)
[32m2024-05-24 23:20:04 +0000[0m - dagster - [34mINFO[0m - __ASSET_JOB - c82b3d51-c538-413c-8b24-009f0a3066fe - spark_operator.create_stock_tables[stock_AACI] - Row(date='2021-03-31', quarterly.bookValue=None, quarterly.cashRatio=1.0, quarterly.currentRatio=1.0, quarterly.ev=None, quarterly.fcfPerShareTTM=None, quarterly.netDebtToTotalCapital=None, quarterly.netDebtToTotalEquity=None, quarterly.pb=None, quarterly.peTTM=None, quarterly.quickRatio=1.0, quarterly.roaTTM=None, quarterly.roeTTM=None, quarterly.roicTTM=None, quarterly.rotcTTM=None, quarterly.totalDebtToEquity=None, quarterly.totalDebtToTotalAsset=1.0, quarterly.totalDebtToTotalCapital=None, quarterly.totalRatio=1.0, annual.bookValue=None, annual.cashRatio=None, annual.currentRatio=None, annual.ev=None, annual.netDebtToTotalCapital=None, annual.netDebtToTotalEquity=None, annual.pb=None, annual.pe=None, annual.quickRatio=None, annual.roa=None, annual.roe=None, annual.roic=None, annual.rotc=None, annual.totalDebtToEquity=None, annual.totalDebtToTotalAsset=None, annual.totalDebtToTotalCapital=None, annual.totalRatio=None)
[32m2024-05-24 23:21:59 +0000[0m - dagster - [34mDEBUG[0m - __ASSET_JOB - c82b3d51-c538-413c-8b24-009f0a3066fe - 51317 - spark_operator.create_stock_tables[stock_AACI] - STEP_OUTPUT - Yielded output "metric_and_series" of type "Any". (Type check passed).
[32m2024-05-24 23:22:01 +0000[0m - dagster - [34mDEBUG[0m - __ASSET_JOB - c82b3d51-c538-413c-8b24-009f0a3066fe - spark_operator.create_stock_tables[stock_AACI] - Writing S3 object at: s3a://dagster-api/staging/2024-05-24/spark_operator.create_stock_tables[stock_AACI]/metric_and_series
[32m2024-05-24 23:22:01 +0000[0m - dagster - [34mWARNING[0m - __ASSET_JOB - c82b3d51-c538-413c-8b24-009f0a3066fe - spark_operator.create_stock_tables[stock_AACI] - Removing existing S3 object: staging/2024-05-24/spark_operator.create_stock_tables[stock_AACI]/metric_and_series
[32m2024-05-24 23:22:14 +0000[0m - dagster - [34mDEBUG[0m - __ASSET_JOB - c82b3d51-c538-413c-8b24-009f0a3066fe - 51317 - spark_operator.create_stock_tables[stock_AACI] - STEP_UP_FOR_RETRY - Execution of step "spark_operator.create_stock_tables[stock_AACI]" failed and has requested a retry in 0.1696992880839505 seconds.

dagster._core.execution.plan.utils.RetryRequestedFromPolicy

Stack Trace:
  File "/workspace/.pyenv_mirror/user/current/lib/python3.12/site-packages/dagster/_core/execution/plan/execute_plan.py", line 282, in dagster_event_sequence_for_step
    for step_event in check.generator(step_events):
  File "/workspace/.pyenv_mirror/user/current/lib/python3.12/site-packages/dagster/_core/execution/plan/execute_step.py", line 532, in core_dagster_event_sequence_for_step
    for evt in _type_check_and_store_output(step_context, user_event):
  File "/workspace/.pyenv_mirror/user/current/lib/python3.12/site-packages/dagster/_core/execution/plan/execute_step.py", line 587, in _type_check_and_store_output
    for evt in _store_output(step_context, step_output_handle, output):
  File "/workspace/.pyenv_mirror/user/current/lib/python3.12/site-packages/dagster/_core/execution/plan/execute_step.py", line 810, in _store_output
    for elt in iterate_with_context(
  File "/workspace/.pyenv_mirror/user/current/lib/python3.12/site-packages/dagster/_utils/__init__.py", line 466, in iterate_with_context
    with context_fn():
  File "/home/gitpod/.pyenv/versions/3.12.3/lib/python3.12/contextlib.py", line 158, in __exit__
    self.gen.throw(value)
  File "/workspace/.pyenv_mirror/user/current/lib/python3.12/site-packages/dagster/_core/execution/plan/utils.py", line 72, in op_execution_error_boundary
    raise RetryRequestedFromPolicy(

The above exception was caused by the following exception:
py4j.protocol.Py4JJavaError: An error occurred while calling o1476.save.
: java.lang.NoClassDefFoundError: org/apache/spark/sql/delta/OptimisticTransaction$
	at org.apache.spark.sql.delta.DeltaLog.withNewTransaction(DeltaLog.scala:225)
	at org.apache.spark.sql.delta.commands.WriteIntoDelta.run(WriteIntoDelta.scala:100)
	at org.apache.spark.sql.delta.sources.DeltaDataSource.createRelation(DeltaDataSource.scala:201)
	at org.apache.spark.sql.execution.datasources.SaveIntoDataSourceCommand.run(SaveIntoDataSourceCommand.scala:48)
	at org.apache.spark.sql.execution.command.ExecutedCommandExec.sideEffectResult$lzycompute(commands.scala:75)
	at org.apache.spark.sql.execution.command.ExecutedCommandExec.sideEffectResult(commands.scala:73)
	at org.apache.spark.sql.execution.command.ExecutedCommandExec.executeCollect(commands.scala:84)
	at org.apache.spark.sql.execution.QueryExecution$$anonfun$eagerlyExecuteCommands$1.$anonfun$applyOrElse$1(QueryExecution.scala:107)
	at org.apache.spark.sql.execution.SQLExecution$.$anonfun$withNewExecutionId$6(SQLExecution.scala:125)
	at org.apache.spark.sql.execution.SQLExecution$.withSQLConfPropagated(SQLExecution.scala:201)
	at org.apache.spark.sql.execution.SQLExecution$.$anonfun$withNewExecutionId$1(SQLExecution.scala:108)
	at org.apache.spark.sql.SparkSession.withActive(SparkSession.scala:900)
	at org.apache.spark.sql.execution.SQLExecution$.withNewExecutionId(SQLExecution.scala:66)
	at org.apache.spark.sql.execution.QueryExecution$$anonfun$eagerlyExecuteCommands$1.applyOrElse(QueryExecution.scala:107)
	at org.apache.spark.sql.execution.QueryExecution$$anonfun$eagerlyExecuteCommands$1.applyOrElse(QueryExecution.scala:98)
	at org.apache.spark.sql.catalyst.trees.TreeNode.$anonfun$transformDownWithPruning$1(TreeNode.scala:461)
	at org.apache.spark.sql.catalyst.trees.CurrentOrigin$.withOrigin(origin.scala:76)
	at org.apache.spark.sql.catalyst.trees.TreeNode.transformDownWithPruning(TreeNode.scala:461)
	at org.apache.spark.sql.catalyst.plans.logical.LogicalPlan.org$apache$spark$sql$catalyst$plans$logical$AnalysisHelper$$super$transformDownWithPruning(LogicalPlan.scala:32)
	at org.apache.spark.sql.catalyst.plans.logical.AnalysisHelper.transformDownWithPruning(AnalysisHelper.scala:267)
	at org.apache.spark.sql.catalyst.plans.logical.AnalysisHelper.transformDownWithPruning$(AnalysisHelper.scala:263)
	at org.apache.spark.sql.catalyst.plans.logical.LogicalPlan.transformDownWithPruning(LogicalPlan.scala:32)
	at org.apache.spark.sql.catalyst.plans.logical.LogicalPlan.transformDownWithPruning(LogicalPlan.scala:32)
	at org.apache.spark.sql.catalyst.trees.TreeNode.transformDown(TreeNode.scala:437)
	at org.apache.spark.sql.execution.QueryExecution.eagerlyExecuteCommands(QueryExecution.scala:98)
	at org.apache.spark.sql.execution.QueryExecution.commandExecuted$lzycompute(QueryExecution.scala:85)
	at org.apache.spark.sql.execution.QueryExecution.commandExecuted(QueryExecution.scala:83)
	at org.apache.spark.sql.execution.QueryExecution.assertCommandExecuted(QueryExecution.scala:142)
	at org.apache.spark.sql.DataFrameWriter.runCommand(DataFrameWriter.scala:859)
	at org.apache.spark.sql.DataFrameWriter.saveToV1Source(DataFrameWriter.scala:388)
	at org.apache.spark.sql.DataFrameWriter.saveInternal(DataFrameWriter.scala:304)
	at org.apache.spark.sql.DataFrameWriter.save(DataFrameWriter.scala:240)
	at java.base/jdk.internal.reflect.NativeMethodAccessorImpl.invoke0(Native Method)
	at java.base/jdk.internal.reflect.NativeMethodAccessorImpl.invoke(NativeMethodAccessorImpl.java:62)
	at java.base/jdk.internal.reflect.DelegatingMethodAccessorImpl.invoke(DelegatingMethodAccessorImpl.java:43)
	at java.base/java.lang.reflect.Method.invoke(Method.java:566)
	at py4j.reflection.MethodInvoker.invoke(MethodInvoker.java:244)
	at py4j.reflection.ReflectionEngine.invoke(ReflectionEngine.java:374)
	at py4j.Gateway.invoke(Gateway.java:282)
	at py4j.commands.AbstractCommand.invokeMethod(AbstractCommand.java:132)
	at py4j.commands.CallCommand.execute(CallCommand.java:79)
	at py4j.ClientServerConnection.waitForCommands(ClientServerConnection.java:182)
	at py4j.ClientServerConnection.run(ClientServerConnection.java:106)
	at java.base/java.lang.Thread.run(Thread.java:829)
Caused by: java.lang.ClassNotFoundException: org.apache.spark.sql.delta.OptimisticTransaction$
	at java.base/java.net.URLClassLoader$1.run(URLClassLoader.java:460)
	at java.base/java.net.URLClassLoader$1.run(URLClassLoader.java:452)
	at java.base/java.security.AccessController.doPrivileged(Native Method)
	at java.base/java.net.URLClassLoader.findClass(URLClassLoader.java:451)
	at java.base/java.lang.ClassLoader.loadClass(ClassLoader.java:594)
	at java.base/java.lang.ClassLoader.loadClass(ClassLoader.java:527)
	... 44 more
Caused by: java.io.EOFException
	at java.base/java.io.RandomAccessFile.readFully(RandomAccessFile.java:472)
	at java.base/java.util.zip.ZipFile$Source.readFullyAt(ZipFile.java:1508)
	at java.base/java.util.zip.ZipFile$ZipFileInputStream.initDataOffset(ZipFile.java:1027)
	at java.base/java.util.zip.ZipFile$ZipFileInputStream.read(ZipFile.java:1042)
	at java.base/java.util.zip.ZipFile$ZipFileInflaterInputStream.fill(ZipFile.java:492)
	at java.base/java.util.zip.InflaterInputStream.read(InflaterInputStream.java:159)
	at java.base/jdk.internal.loader.Resource.getBytes(Resource.java:124)
	at java.base/jdk.internal.loader.URLClassPath$JarLoader$2.getBytes(URLClassPath.java:897)
	at java.base/java.net.URLClassLoader.defineClass(URLClassLoader.java:550)
	at java.base/java.net.URLClassLoader$1.run(URLClassLoader.java:458)
	... 49 more


Stack Trace:
  File "/workspace/.pyenv_mirror/user/current/lib/python3.12/site-packages/dagster/_core/execution/plan/utils.py", line 54, in op_execution_error_boundary
    yield
  File "/workspace/.pyenv_mirror/user/current/lib/python3.12/site-packages/dagster/_utils/__init__.py", line 468, in iterate_with_context
    next_output = next(iterator)
                  ^^^^^^^^^^^^^^
  File "/workspace/.pyenv_mirror/user/current/lib/python3.12/site-packages/dagster/_core/execution/plan/execute_step.py", line 800, in _gen_fn
    gen_output = output_manager.handle_output(output_context, output.value)
                 ^^^^^^^^^^^^^^^^^^^^^^^^^^^^^^^^^^^^^^^^^^^^^^^^^^^^^^^^^^
  File "/workspace/practical-data-engineering/finnhub-batch-stock-pipeline/finnhub_batch_stock_pipeline/iomanagers/staging_s3_parquet_io_manager.py", line 150, in handle_output
    return self.inner_io_manager().handle_output(context, obj)
           ^^^^^^^^^^^^^^^^^^^^^^^^^^^^^^^^^^^^^^^^^^^^^^^^^^^
  File "/workspace/.pyenv_mirror/user/current/lib/python3.12/site-packages/dagster/_core/storage/upath_io_manager.py", line 446, in handle_output
    self.dump_to_path(context=context, obj=obj, path=path)
  File "/workspace/practical-data-engineering/finnhub-batch-stock-pipeline/finnhub_batch_stock_pipeline/iomanagers/staging_s3_parquet_io_manager.py", line 82, in dump_to_path
    obj.write.format("delta").mode('overwrite').save(pathe)
  File "/workspace/.pyenv_mirror/user/current/lib/python3.12/site-packages/pyspark/sql/readwriter.py", line 1463, in save
    self._jwrite.save(path)
  File "/workspace/.pyenv_mirror/user/current/lib/python3.12/site-packages/py4j/java_gateway.py", line 1322, in __call__
    return_value = get_return_value(
                   ^^^^^^^^^^^^^^^^^
  File "/workspace/.pyenv_mirror/user/current/lib/python3.12/site-packages/pyspark/errors/exceptions/captured.py", line 179, in deco
    return f(*a, **kw)
           ^^^^^^^^^^^
  File "/workspace/.pyenv_mirror/user/current/lib/python3.12/site-packages/py4j/protocol.py", line 326, in get_return_value
    raise Py4JJavaError(

