[32m2024-05-25 18:11:43 +0000[0m - dagster - [34mDEBUG[0m - __ASSET_JOB - 6430e1db-4353-4b80-8266-e18b46c2d5bd - 18463 - LOGS_CAPTURED - Started capturing logs in process (pid: 18463).
[32m2024-05-25 18:11:43 +0000[0m - dagster - [34mDEBUG[0m - __ASSET_JOB - 6430e1db-4353-4b80-8266-e18b46c2d5bd - 18463 - fact_tables - STEP_START - Started execution of step "fact_tables".
[32m2024-05-25 18:11:43 +0000[0m - dagster - [34mDEBUG[0m - __ASSET_JOB - 6430e1db-4353-4b80-8266-e18b46c2d5bd - fact_tables - Loading S3 object from: s3a://dagster-api/staging/2024-05-25/metric
[32m2024-05-25 18:11:49 +0000[0m - dagster - [34mDEBUG[0m - __ASSET_JOB - 6430e1db-4353-4b80-8266-e18b46c2d5bd - 18463 - fact_tables - LOADED_INPUT - Loaded input "metric" using input manager "s3_prqt_io_manager"
[32m2024-05-25 18:11:49 +0000[0m - dagster - [34mDEBUG[0m - __ASSET_JOB - 6430e1db-4353-4b80-8266-e18b46c2d5bd - fact_tables - Loading S3 object from: s3a://dagster-api/staging/2024-05-25/series
[32m2024-05-25 18:11:49 +0000[0m - dagster - [34mDEBUG[0m - __ASSET_JOB - 6430e1db-4353-4b80-8266-e18b46c2d5bd - 18463 - fact_tables - LOADED_INPUT - Loaded input "series" using input manager "s3_prqt_io_manager"
[32m2024-05-25 18:11:49 +0000[0m - dagster - [34mDEBUG[0m - __ASSET_JOB - 6430e1db-4353-4b80-8266-e18b46c2d5bd - 18463 - fact_tables - STEP_INPUT - Got input "metric" of type "Any". (Type check passed).
[32m2024-05-25 18:11:49 +0000[0m - dagster - [34mDEBUG[0m - __ASSET_JOB - 6430e1db-4353-4b80-8266-e18b46c2d5bd - 18463 - fact_tables - STEP_INPUT - Got input "series" of type "Any". (Type check passed).
[32m2024-05-25 18:12:02 +0000[0m - dagster - [34mINFO[0m - __ASSET_JOB - 6430e1db-4353-4b80-8266-e18b46c2d5bd - fact_tables - None
[32m2024-05-25 18:12:04 +0000[0m - dagster - [34mINFO[0m - __ASSET_JOB - 6430e1db-4353-4b80-8266-e18b46c2d5bd - fact_tables - None
[32m2024-05-25 18:12:04 +0000[0m - dagster - [34mINFO[0m - __ASSET_JOB - 6430e1db-4353-4b80-8266-e18b46c2d5bd - fact_tables - None
[32m2024-05-25 18:12:04 +0000[0m - dagster - [34mINFO[0m - __ASSET_JOB - 6430e1db-4353-4b80-8266-e18b46c2d5bd - fact_tables - None
[32m2024-05-25 18:12:06 +0000[0m - dagster - [34mDEBUG[0m - __ASSET_JOB - 6430e1db-4353-4b80-8266-e18b46c2d5bd - 18463 - fact_tables - STEP_OUTPUT - Yielded output "metric_fact" of type "Table". Warning! Type check failed.
[32m2024-05-25 18:12:06 +0000[0m - dagster - [34mERROR[0m - [31m__ASSET_JOB - 6430e1db-4353-4b80-8266-e18b46c2d5bd - 18463 - fact_tables - STEP_FAILURE - Execution of step "fact_tables" failed.

dagster._core.errors.DagsterTypeCheckDidNotPass: Type check failed for step output "metric_fact" - expected type "Table". Description: Value of type <class 'NoneType'> failed type check for Dagster type Table, expected value to be of Python type pyarrow.lib.Table.

Stack Trace:
  File "/workspace/.pyenv_mirror/user/current/lib/python3.12/site-packages/dagster/_core/execution/plan/execute_plan.py", line 282, in dagster_event_sequence_for_step
    for step_event in check.generator(step_events):
  File "/workspace/.pyenv_mirror/user/current/lib/python3.12/site-packages/dagster/_core/execution/plan/execute_step.py", line 532, in core_dagster_event_sequence_for_step
    for evt in _type_check_and_store_output(step_context, user_event):
  File "/workspace/.pyenv_mirror/user/current/lib/python3.12/site-packages/dagster/_core/execution/plan/execute_step.py", line 584, in _type_check_and_store_output
    for output_event in _type_check_output(step_context, step_output_handle, output, version):
  File "/workspace/.pyenv_mirror/user/current/lib/python3.12/site-packages/dagster/_core/execution/plan/execute_step.py", line 450, in _type_check_output
    raise DagsterTypeCheckDidNotPass(
[0m
