[32m2024-05-23 03:51:31 +0000[0m - dagster - [34mDEBUG[0m - __ASSET_JOB - 5e0ebb77-b74e-4fd8-963e-7743a35f7526 - 692634 - LOGS_CAPTURED - Started capturing logs in process (pid: 692634).
[32m2024-05-23 03:51:31 +0000[0m - dagster - [34mDEBUG[0m - __ASSET_JOB - 5e0ebb77-b74e-4fd8-963e-7743a35f7526 - 692634 - spark_operator.create_stock_tables[stock_AA] - STEP_START - Started execution of step "spark_operator.create_stock_tables[stock_AA]".
[32m2024-05-23 03:51:31 +0000[0m - dagster - [34mDEBUG[0m - __ASSET_JOB - 5e0ebb77-b74e-4fd8-963e-7743a35f7526 - spark_operator.create_stock_tables[stock_AA] - Loading file from: /workspace/practical-data-engineering/finnhub-batch-stock-pipeline/home/storage/5e0ebb77-b74e-4fd8-963e-7743a35f7526/spark_operator.stock_tables/result/stock_AA using PickledObjectFilesystemIOManager...
[32m2024-05-23 03:51:31 +0000[0m - dagster - [34mDEBUG[0m - __ASSET_JOB - 5e0ebb77-b74e-4fd8-963e-7743a35f7526 - 692634 - spark_operator.create_stock_tables[stock_AA] - LOADED_INPUT - Loaded input "input_fn" using input manager "io_manager", from output "result" of step "spark_operator.stock_tables"
[32m2024-05-23 03:51:31 +0000[0m - dagster - [34mDEBUG[0m - __ASSET_JOB - 5e0ebb77-b74e-4fd8-963e-7743a35f7526 - 692634 - spark_operator.create_stock_tables[stock_AA] - STEP_INPUT - Got input "input_fn" of type "Any". (Type check passed).
[32m2024-05-23 03:52:18 +0000[0m - dagster - [34mINFO[0m - __ASSET_JOB - 5e0ebb77-b74e-4fd8-963e-7743a35f7526 - spark_operator.create_stock_tables[stock_AA] - Row(10DayAverageTradingVolume=1.18425, 13WeekPriceReturnDaily=65.193, 26WeekPriceReturnDaily=68.4754, 3MonthADReturnStd=46.294697, 3MonthAverageTradingVolume=1.38202, 52WeekHigh=44.56, 52WeekHighDate='2024-05-21', 52WeekLow=23.09, 52WeekLowDate='2023-10-23', 52WeekPriceReturnDaily=21.1264, 5DayPriceReturnDaily=10.1149, assetTurnoverAnnual=0.7454, assetTurnoverTTM=0.7416, beta=1.7789694, bookValuePerShareAnnual=23.8188, bookValuePerShareQuarterly=22.2433, bookValueShareGrowth5Y=-4.77, capexCagr5Y=5.88, cashFlowPerShareAnnual=-2.4654, cashFlowPerShareQuarterly=-2.8848, cashFlowPerShareTTM=-1.96629, cashPerSharePerShareAnnual=5.2893, cashPerSharePerShareQuarterly=7.5629, currentDividendYieldTTM=0.9671, currentEv/freeCashFlowAnnual=64.46702, currentRatioAnnual=1.4538, currentRatioQuarterly=1.6051, dividendPerShareAnnual=0.4051, dividendPerShareTTM=0.4079, dividendYieldIndicatedAnnual=0.9072352, ebitdPerShareAnnual=1.8202, ebitdPerShareTTM=1.0715, ebitdaCagr5Y=-33.08, ebitdaInterimCagr5Y=None, enterpriseValue=8738.6895, epsAnnual=-3.6573, epsBasicExclExtraItemsAnnual=-3.6573, epsBasicExclExtraItemsTTM=-3.7672999999999996, epsExclExtraItemsAnnual=-3.6573, epsExclExtraItemsTTM=-3.7672999999999996, epsGrowth3Y=None, epsGrowth5Y=None, epsGrowthQuarterlyYoy=None, epsGrowthTTMYoy=None, epsInclExtraItemsAnnual=-3.6573, epsInclExtraItemsTTM=-3.7672999999999996, epsNormalizedAnnual=-3.6573, epsTTM=-3.7672999999999996, focfCagr5Y=None, grossMargin5Y=16.4, grossMarginAnnual=6.99, grossMarginTTM=7.5, inventoryTurnoverAnnual=4.2805, inventoryTurnoverTTM=4.4173, longTermDebt/equityAnnual=0.4074, longTermDebt/equityQuarterly=0.6182, marketCapitalization=7548.6895, monthToDatePriceReturnDaily=25.4696, netIncomeEmployeeAnnual=-0.0497, netIncomeEmployeeTTM=-0.0513, netInterestCoverageAnnual=-1.6036, netInterestCoverageTTM=-1.1159, netMarginGrowth5Y=None, netProfitMargin5Y=-3.25, netProfitMarginAnnual=-6.17, netProfitMarginTTM=-9.7, operatingMargin5Y=2.82, operatingMarginAnnual=-3.25, operatingMarginTTM=-9.2, pbAnnual=1.4274, pbQuarterly=1.5294, pcfShareAnnual=82.9526, pcfShareTTM=243.5061, peAnnual=None, peBasicExclExtraTTM=None, peExclExtraTTM=None, peInclExtraTTM=None, peNormalizedAnnual=None, peTTM=None, pfcfShareAnnual=22.0722, pfcfShareTTM=754.869, pretaxMargin5Y=1.53, pretaxMarginAnnual=-5.54, pretaxMarginTTM=-12.5, priceRelativeToS&P50013Week=58.2279, priceRelativeToS&P50026Week=50.0612, priceRelativeToS&P5004Week=17.0663, priceRelativeToS&P50052Week=-5.7534, priceRelativeToS&P500Ytd=17.8842, psAnnual=0.7154, psTTM=0.7203, ptbvAnnual=1.44, ptbvQuarterly=1.5434, quickRatioAnnual=0.6218, quickRatioQuarterly=0.8112, receivablesTurnoverAnnual=14.7155, receivablesTurnoverTTM=12.9223, revenueEmployeeAnnual=0.8054, revenueEmployeeTTM=0.8, revenueGrowth3Y=4.35, revenueGrowth5Y=-4.67, revenueGrowthQuarterlyYoy=-2.66, revenueGrowthTTMYoy=-11.4, revenuePerShareAnnual=59.2753, revenuePerShareTTM=58.5475, revenueShareGrowth5Y=-3.52, roa5Y=-2.28, roaRfy=-4.6, roaTTM=-4.760000000000001, roe5Y=-8.21, roeRfy=-15.310000000000002, roeTTM=-15.28, roi5Y=-5.54, roiAnnual=-10.639999999999999, roiTTM=-10.51, tangibleBookValuePerShareAnnual=23.6115, tangibleBookValuePerShareQuarterly=22.0428, tbvCagr5Y=-5.4, totalDebt/totalEquityAnnual=0.4392, totalDebt/totalEquityQuarterly=0.638, yearToDatePriceReturnDaily=29.6765)
[32m2024-05-23 03:53:14 +0000[0m - dagster - [34mINFO[0m - __ASSET_JOB - 5e0ebb77-b74e-4fd8-963e-7743a35f7526 - spark_operator.create_stock_tables[stock_AA] - Row(date='2013-12-31', quarterly.assetTurnoverTTM=None, quarterly.bookValue=None, quarterly.cashRatio=None, quarterly.currentRatio=None, quarterly.ebitPerShare=None, quarterly.eps=None, quarterly.ev=None, quarterly.fcfMargin=None, quarterly.fcfPerShareTTM=None, quarterly.grossMargin=None, quarterly.inventoryTurnoverTTM=None, quarterly.longtermDebtTotalAsset=None, quarterly.longtermDebtTotalCapital=None, quarterly.longtermDebtTotalEquity=None, quarterly.netDebtToTotalCapital=None, quarterly.netDebtToTotalEquity=None, quarterly.netMargin=None, quarterly.operatingMargin=None, quarterly.pb=None, quarterly.peTTM=None, quarterly.pfcfTTM=None, quarterly.pretaxMargin=None, quarterly.psTTM=None, quarterly.ptbv=None, quarterly.quickRatio=None, quarterly.receivablesTurnoverTTM=None, quarterly.roaTTM=None, quarterly.roeTTM=None, quarterly.roicTTM=None, quarterly.rotcTTM=None, quarterly.salesPerShare=None, quarterly.sgaToSale=None, quarterly.tangibleBookValue=None, quarterly.totalDebtToEquity=None, quarterly.totalDebtToTotalAsset=None, quarterly.totalDebtToTotalCapital=None, quarterly.totalRatio=None, annual.bookValue=None, annual.cashRatio=None, annual.currentRatio=None, annual.ebitPerShare=-13.3064, annual.eps=-15.9425, annual.ev=None, annual.fcfMargin=None, annual.grossMargin=0.1219, annual.inventoryTurnover=None, annual.longtermDebtTotalAsset=None, annual.longtermDebtTotalCapital=None, annual.longtermDebtTotalEquity=None, annual.netDebtToTotalCapital=None, annual.netDebtToTotalEquity=None, annual.netMargin=-0.2314, annual.operatingMargin=-0.1931, annual.payoutRatio=None, annual.pb=None, annual.pe=None, annual.pfcf=None, annual.pretaxMargin=-0.2185, annual.ps=None, annual.ptbv=None, annual.quickRatio=None, annual.receivablesTurnover=None, annual.roa=None, annual.roe=None, annual.roic=None, annual.rotc=None, annual.salesPerShare=68.9052, annual.sgaToSale=0.8781, annual.tangibleBookValue=None, annual.totalDebtToEquity=None, annual.totalDebtToTotalAsset=None, annual.totalDebtToTotalCapital=None, annual.totalRatio=None)
[32m2024-05-23 03:54:08 +0000[0m - dagster - [34mDEBUG[0m - __ASSET_JOB - 5e0ebb77-b74e-4fd8-963e-7743a35f7526 - 692634 - spark_operator.create_stock_tables[stock_AA] - STEP_OUTPUT - Yielded output "metric_and_series" of type "Any". (Type check passed).
[32m2024-05-23 03:54:09 +0000[0m - dagster - [34mDEBUG[0m - __ASSET_JOB - 5e0ebb77-b74e-4fd8-963e-7743a35f7526 - spark_operator.create_stock_tables[stock_AA] - Writing S3 object at: s3a://dagster-api/staging/2024-05-23/spark_operator.create_stock_tables[stock_AA]/metric_and_series
[32m2024-05-23 03:54:09 +0000[0m - dagster - [34mWARNING[0m - __ASSET_JOB - 5e0ebb77-b74e-4fd8-963e-7743a35f7526 - spark_operator.create_stock_tables[stock_AA] - Removing existing S3 object: staging/2024-05-23/spark_operator.create_stock_tables[stock_AA]/metric_and_series
[32m2024-05-23 04:12:09 +0000[0m - dagster - [34mDEBUG[0m - __ASSET_JOB - 5e0ebb77-b74e-4fd8-963e-7743a35f7526 - 692634 - spark_operator.create_stock_tables[stock_AA] - STEP_UP_FOR_RETRY - Execution of step "spark_operator.create_stock_tables[stock_AA]" failed and has requested a retry in 0.06749553877678605 seconds.

dagster._core.execution.plan.utils.RetryRequestedFromPolicy

Stack Trace:
  File "/workspace/.pyenv_mirror/user/current/lib/python3.12/site-packages/dagster/_core/execution/plan/execute_plan.py", line 282, in dagster_event_sequence_for_step
    for step_event in check.generator(step_events):
  File "/workspace/.pyenv_mirror/user/current/lib/python3.12/site-packages/dagster/_core/execution/plan/execute_step.py", line 532, in core_dagster_event_sequence_for_step
    for evt in _type_check_and_store_output(step_context, user_event):
  File "/workspace/.pyenv_mirror/user/current/lib/python3.12/site-packages/dagster/_core/execution/plan/execute_step.py", line 587, in _type_check_and_store_output
    for evt in _store_output(step_context, step_output_handle, output):
  File "/workspace/.pyenv_mirror/user/current/lib/python3.12/site-packages/dagster/_core/execution/plan/execute_step.py", line 810, in _store_output
    for elt in iterate_with_context(
  File "/workspace/.pyenv_mirror/user/current/lib/python3.12/site-packages/dagster/_utils/__init__.py", line 466, in iterate_with_context
    with context_fn():
  File "/home/gitpod/.pyenv/versions/3.12.3/lib/python3.12/contextlib.py", line 158, in __exit__
    self.gen.throw(value)
  File "/workspace/.pyenv_mirror/user/current/lib/python3.12/site-packages/dagster/_core/execution/plan/utils.py", line 72, in op_execution_error_boundary
    raise RetryRequestedFromPolicy(

The above exception was caused by the following exception:
py4j.protocol.Py4JJavaError: An error occurred while calling o2751.save.
: org.apache.hadoop.fs.s3a.AWSClientIOException: getFileStatus on s3a://dagster-api/staging/2024-05-23/spark_operator.create_stock_tables[stock_AA]/metric_and_series/_delta_log: com.amazonaws.SdkClientException: Unable to execute HTTP request: Unsupported or unrecognized SSL message: Unable to execute HTTP request: Unsupported or unrecognized SSL message
	at org.apache.hadoop.fs.s3a.S3AUtils.translateException(S3AUtils.java:214)
	at org.apache.hadoop.fs.s3a.S3AUtils.translateException(S3AUtils.java:175)
	at org.apache.hadoop.fs.s3a.S3AFileSystem.s3GetFileStatus(S3AFileSystem.java:3799)
	at org.apache.hadoop.fs.s3a.S3AFileSystem.innerGetFileStatus(S3AFileSystem.java:3688)
	at org.apache.hadoop.fs.s3a.S3AFileSystem.lambda$exists$34(S3AFileSystem.java:4703)
	at org.apache.hadoop.fs.statistics.impl.IOStatisticsBinding.lambda$trackDurationOfOperation$5(IOStatisticsBinding.java:499)
	at org.apache.hadoop.fs.statistics.impl.IOStatisticsBinding.trackDuration(IOStatisticsBinding.java:444)
	at org.apache.hadoop.fs.s3a.S3AFileSystem.trackDurationAndSpan(S3AFileSystem.java:2337)
	at org.apache.hadoop.fs.s3a.S3AFileSystem.trackDurationAndSpan(S3AFileSystem.java:2356)
	at org.apache.hadoop.fs.s3a.S3AFileSystem.exists(S3AFileSystem.java:4701)
	at io.delta.storage.S3SingleDriverLogStore.listFromInternal(S3SingleDriverLogStore.java:201)
	at io.delta.storage.S3SingleDriverLogStore.listFrom(S3SingleDriverLogStore.java:306)
	at org.apache.spark.sql.delta.storage.LogStoreAdaptor.listFrom(LogStore.scala:452)
	at org.apache.spark.sql.delta.storage.DelegatingLogStore.listFrom(DelegatingLogStore.scala:127)
	at org.apache.spark.sql.delta.Checkpoints.findLastCompleteCheckpointBefore(Checkpoints.scala:428)
	at org.apache.spark.sql.delta.Checkpoints.findLastCompleteCheckpointBefore$(Checkpoints.scala:416)
	at org.apache.spark.sql.delta.DeltaLog.findLastCompleteCheckpointBefore(DeltaLog.scala:72)
	at org.apache.spark.sql.delta.Checkpoints.$anonfun$loadMetadataFromFile$1(Checkpoints.scala:383)
	at org.apache.spark.sql.delta.metering.DeltaLogging.recordFrameProfile(DeltaLogging.scala:140)
	at org.apache.spark.sql.delta.metering.DeltaLogging.recordFrameProfile$(DeltaLogging.scala:138)
	at org.apache.spark.sql.delta.DeltaLog.recordFrameProfile(DeltaLog.scala:72)
	at org.apache.spark.sql.delta.metering.DeltaLogging.$anonfun$recordDeltaOperationInternal$1(DeltaLogging.scala:133)
	at com.databricks.spark.util.DatabricksLogging.recordOperation(DatabricksLogging.scala:128)
	at com.databricks.spark.util.DatabricksLogging.recordOperation$(DatabricksLogging.scala:117)
	at org.apache.spark.sql.delta.DeltaLog.recordOperation(DeltaLog.scala:72)
	at org.apache.spark.sql.delta.metering.DeltaLogging.recordDeltaOperationInternal(DeltaLogging.scala:132)
	at org.apache.spark.sql.delta.metering.DeltaLogging.recordDeltaOperation(DeltaLogging.scala:122)
	at org.apache.spark.sql.delta.metering.DeltaLogging.recordDeltaOperation$(DeltaLogging.scala:112)
	at org.apache.spark.sql.delta.DeltaLog.recordDeltaOperation(DeltaLog.scala:72)
	at org.apache.spark.sql.delta.Checkpoints.loadMetadataFromFile(Checkpoints.scala:360)
	at org.apache.spark.sql.delta.Checkpoints.$anonfun$loadMetadataFromFile$1(Checkpoints.scala:371)
	at org.apache.spark.sql.delta.metering.DeltaLogging.recordFrameProfile(DeltaLogging.scala:140)
	at org.apache.spark.sql.delta.metering.DeltaLogging.recordFrameProfile$(DeltaLogging.scala:138)
	at org.apache.spark.sql.delta.DeltaLog.recordFrameProfile(DeltaLog.scala:72)
	at org.apache.spark.sql.delta.metering.DeltaLogging.$anonfun$recordDeltaOperationInternal$1(DeltaLogging.scala:133)
	at com.databricks.spark.util.DatabricksLogging.recordOperation(DatabricksLogging.scala:128)
	at com.databricks.spark.util.DatabricksLogging.recordOperation$(DatabricksLogging.scala:117)
	at org.apache.spark.sql.delta.DeltaLog.recordOperation(DeltaLog.scala:72)
	at org.apache.spark.sql.delta.metering.DeltaLogging.recordDeltaOperationInternal(DeltaLogging.scala:132)
	at org.apache.spark.sql.delta.metering.DeltaLogging.recordDeltaOperation(DeltaLogging.scala:122)
	at org.apache.spark.sql.delta.metering.DeltaLogging.recordDeltaOperation$(DeltaLogging.scala:112)
	at org.apache.spark.sql.delta.DeltaLog.recordDeltaOperation(DeltaLog.scala:72)
	at org.apache.spark.sql.delta.Checkpoints.loadMetadataFromFile(Checkpoints.scala:360)
	at org.apache.spark.sql.delta.Checkpoints.$anonfun$loadMetadataFromFile$1(Checkpoints.scala:371)
	at org.apache.spark.sql.delta.metering.DeltaLogging.recordFrameProfile(DeltaLogging.scala:140)
	at org.apache.spark.sql.delta.metering.DeltaLogging.recordFrameProfile$(DeltaLogging.scala:138)
	at org.apache.spark.sql.delta.DeltaLog.recordFrameProfile(DeltaLog.scala:72)
	at org.apache.spark.sql.delta.metering.DeltaLogging.$anonfun$recordDeltaOperationInternal$1(DeltaLogging.scala:133)
	at com.databricks.spark.util.DatabricksLogging.recordOperation(DatabricksLogging.scala:128)
	at com.databricks.spark.util.DatabricksLogging.recordOperation$(DatabricksLogging.scala:117)
	at org.apache.spark.sql.delta.DeltaLog.recordOperation(DeltaLog.scala:72)
	at org.apache.spark.sql.delta.metering.DeltaLogging.recordDeltaOperationInternal(DeltaLogging.scala:132)
	at org.apache.spark.sql.delta.metering.DeltaLogging.recordDeltaOperation(DeltaLogging.scala:122)
	at org.apache.spark.sql.delta.metering.DeltaLogging.recordDeltaOperation$(DeltaLogging.scala:112)
	at org.apache.spark.sql.delta.DeltaLog.recordDeltaOperation(DeltaLog.scala:72)
	at org.apache.spark.sql.delta.Checkpoints.loadMetadataFromFile(Checkpoints.scala:360)
	at org.apache.spark.sql.delta.Checkpoints.$anonfun$loadMetadataFromFile$1(Checkpoints.scala:371)
	at org.apache.spark.sql.delta.metering.DeltaLogging.recordFrameProfile(DeltaLogging.scala:140)
	at org.apache.spark.sql.delta.metering.DeltaLogging.recordFrameProfile$(DeltaLogging.scala:138)
	at org.apache.spark.sql.delta.DeltaLog.recordFrameProfile(DeltaLog.scala:72)
	at org.apache.spark.sql.delta.metering.DeltaLogging.$anonfun$recordDeltaOperationInternal$1(DeltaLogging.scala:133)
	at com.databricks.spark.util.DatabricksLogging.recordOperation(DatabricksLogging.scala:128)
	at com.databricks.spark.util.DatabricksLogging.recordOperation$(DatabricksLogging.scala:117)
	at org.apache.spark.sql.delta.DeltaLog.recordOperation(DeltaLog.scala:72)
	at org.apache.spark.sql.delta.metering.DeltaLogging.recordDeltaOperationInternal(DeltaLogging.scala:132)
	at org.apache.spark.sql.delta.metering.DeltaLogging.recordDeltaOperation(DeltaLogging.scala:122)
	at org.apache.spark.sql.delta.metering.DeltaLogging.recordDeltaOperation$(DeltaLogging.scala:112)
	at org.apache.spark.sql.delta.DeltaLog.recordDeltaOperation(DeltaLog.scala:72)
	at org.apache.spark.sql.delta.Checkpoints.loadMetadataFromFile(Checkpoints.scala:360)
	at org.apache.spark.sql.delta.Checkpoints.readLastCheckpointFile(Checkpoints.scala:354)
	at org.apache.spark.sql.delta.Checkpoints.readLastCheckpointFile$(Checkpoints.scala:353)
	at org.apache.spark.sql.delta.DeltaLog.readLastCheckpointFile(DeltaLog.scala:72)
	at org.apache.spark.sql.delta.SnapshotManagement.$anonfun$getSnapshotAtInit$1(SnapshotManagement.scala:436)
	at org.apache.spark.sql.delta.metering.DeltaLogging.recordFrameProfile(DeltaLogging.scala:140)
	at org.apache.spark.sql.delta.metering.DeltaLogging.recordFrameProfile$(DeltaLogging.scala:138)
	at org.apache.spark.sql.delta.DeltaLog.recordFrameProfile(DeltaLog.scala:72)
	at org.apache.spark.sql.delta.SnapshotManagement.getSnapshotAtInit(SnapshotManagement.scala:434)
	at org.apache.spark.sql.delta.SnapshotManagement.getSnapshotAtInit$(SnapshotManagement.scala:433)
	at org.apache.spark.sql.delta.DeltaLog.getSnapshotAtInit(DeltaLog.scala:72)
	at org.apache.spark.sql.delta.SnapshotManagement.$init$(SnapshotManagement.scala:60)
	at org.apache.spark.sql.delta.DeltaLog.<init>(DeltaLog.scala:78)
	at org.apache.spark.sql.delta.DeltaLog$.$anonfun$apply$4(DeltaLog.scala:779)
	at org.apache.spark.sql.catalyst.plans.logical.AnalysisHelper$.allowInvokingTransformsInAnalyzer(AnalysisHelper.scala:323)
	at org.apache.spark.sql.delta.DeltaLog$.$anonfun$apply$3(DeltaLog.scala:774)
	at org.apache.spark.sql.delta.metering.DeltaLogging.recordFrameProfile(DeltaLogging.scala:140)
	at org.apache.spark.sql.delta.metering.DeltaLogging.recordFrameProfile$(DeltaLogging.scala:138)
	at org.apache.spark.sql.delta.DeltaLog$.recordFrameProfile(DeltaLog.scala:598)
	at org.apache.spark.sql.delta.metering.DeltaLogging.$anonfun$recordDeltaOperationInternal$1(DeltaLogging.scala:133)
	at com.databricks.spark.util.DatabricksLogging.recordOperation(DatabricksLogging.scala:128)
	at com.databricks.spark.util.DatabricksLogging.recordOperation$(DatabricksLogging.scala:117)
	at org.apache.spark.sql.delta.DeltaLog$.recordOperation(DeltaLog.scala:598)
	at org.apache.spark.sql.delta.metering.DeltaLogging.recordDeltaOperationInternal(DeltaLogging.scala:132)
	at org.apache.spark.sql.delta.metering.DeltaLogging.recordDeltaOperation(DeltaLogging.scala:122)
	at org.apache.spark.sql.delta.metering.DeltaLogging.recordDeltaOperation$(DeltaLogging.scala:112)
	at org.apache.spark.sql.delta.DeltaLog$.recordDeltaOperation(DeltaLog.scala:598)
	at org.apache.spark.sql.delta.DeltaLog$.createDeltaLog$1(DeltaLog.scala:773)
	at org.apache.spark.sql.delta.DeltaLog$.$anonfun$apply$5(DeltaLog.scala:791)
	at com.google.common.cache.LocalCache$LocalManualCache$1.load(LocalCache.java:4792)
	at com.google.common.cache.LocalCache$LoadingValueReference.loadFuture(LocalCache.java:3599)
	at com.google.common.cache.LocalCache$Segment.loadSync(LocalCache.java:2379)
	at com.google.common.cache.LocalCache$Segment.lockedGetOrLoad(LocalCache.java:2342)
	at com.google.common.cache.LocalCache$Segment.get(LocalCache.java:2257)
	at com.google.common.cache.LocalCache.get(LocalCache.java:4000)
	at com.google.common.cache.LocalCache$LocalManualCache.get(LocalCache.java:4789)
	at org.apache.spark.sql.delta.DeltaLog$.getDeltaLogFromCache$1(DeltaLog.scala:790)
	at org.apache.spark.sql.delta.DeltaLog$.apply(DeltaLog.scala:800)
	at org.apache.spark.sql.delta.DeltaLog$.forTable(DeltaLog.scala:677)
	at org.apache.spark.sql.delta.sources.DeltaDataSource.createRelation(DeltaDataSource.scala:189)
	at org.apache.spark.sql.execution.datasources.SaveIntoDataSourceCommand.run(SaveIntoDataSourceCommand.scala:48)
	at org.apache.spark.sql.execution.command.ExecutedCommandExec.sideEffectResult$lzycompute(commands.scala:75)
	at org.apache.spark.sql.execution.command.ExecutedCommandExec.sideEffectResult(commands.scala:73)
	at org.apache.spark.sql.execution.command.ExecutedCommandExec.executeCollect(commands.scala:84)
	at org.apache.spark.sql.execution.QueryExecution$$anonfun$eagerlyExecuteCommands$1.$anonfun$applyOrElse$1(QueryExecution.scala:107)
	at org.apache.spark.sql.execution.SQLExecution$.$anonfun$withNewExecutionId$6(SQLExecution.scala:125)
	at org.apache.spark.sql.execution.SQLExecution$.withSQLConfPropagated(SQLExecution.scala:201)
	at org.apache.spark.sql.execution.SQLExecution$.$anonfun$withNewExecutionId$1(SQLExecution.scala:108)
	at org.apache.spark.sql.SparkSession.withActive(SparkSession.scala:900)
	at org.apache.spark.sql.execution.SQLExecution$.withNewExecutionId(SQLExecution.scala:66)
	at org.apache.spark.sql.execution.QueryExecution$$anonfun$eagerlyExecuteCommands$1.applyOrElse(QueryExecution.scala:107)
	at org.apache.spark.sql.execution.QueryExecution$$anonfun$eagerlyExecuteCommands$1.applyOrElse(QueryExecution.scala:98)
	at org.apache.spark.sql.catalyst.trees.TreeNode.$anonfun$transformDownWithPruning$1(TreeNode.scala:461)
	at org.apache.spark.sql.catalyst.trees.CurrentOrigin$.withOrigin(origin.scala:76)
	at org.apache.spark.sql.catalyst.trees.TreeNode.transformDownWithPruning(TreeNode.scala:461)
	at org.apache.spark.sql.catalyst.plans.logical.LogicalPlan.org$apache$spark$sql$catalyst$plans$logical$AnalysisHelper$$super$transformDownWithPruning(LogicalPlan.scala:32)
	at org.apache.spark.sql.catalyst.plans.logical.AnalysisHelper.transformDownWithPruning(AnalysisHelper.scala:267)
	at org.apache.spark.sql.catalyst.plans.logical.AnalysisHelper.transformDownWithPruning$(AnalysisHelper.scala:263)
	at org.apache.spark.sql.catalyst.plans.logical.LogicalPlan.transformDownWithPruning(LogicalPlan.scala:32)
	at org.apache.spark.sql.catalyst.plans.logical.LogicalPlan.transformDownWithPruning(LogicalPlan.scala:32)
	at org.apache.spark.sql.catalyst.trees.TreeNode.transformDown(TreeNode.scala:437)
	at org.apache.spark.sql.execution.QueryExecution.eagerlyExecuteCommands(QueryExecution.scala:98)
	at org.apache.spark.sql.execution.QueryExecution.commandExecuted$lzycompute(QueryExecution.scala:85)
	at org.apache.spark.sql.execution.QueryExecution.commandExecuted(QueryExecution.scala:83)
	at org.apache.spark.sql.execution.QueryExecution.assertCommandExecuted(QueryExecution.scala:142)
	at org.apache.spark.sql.DataFrameWriter.runCommand(DataFrameWriter.scala:859)
	at org.apache.spark.sql.DataFrameWriter.saveToV1Source(DataFrameWriter.scala:388)
	at org.apache.spark.sql.DataFrameWriter.saveInternal(DataFrameWriter.scala:304)
	at org.apache.spark.sql.DataFrameWriter.save(DataFrameWriter.scala:240)
	at java.base/jdk.internal.reflect.NativeMethodAccessorImpl.invoke0(Native Method)
	at java.base/jdk.internal.reflect.NativeMethodAccessorImpl.invoke(NativeMethodAccessorImpl.java:77)
	at java.base/jdk.internal.reflect.DelegatingMethodAccessorImpl.invoke(DelegatingMethodAccessorImpl.java:43)
	at java.base/java.lang.reflect.Method.invoke(Method.java:568)
	at py4j.reflection.MethodInvoker.invoke(MethodInvoker.java:244)
	at py4j.reflection.ReflectionEngine.invoke(ReflectionEngine.java:374)
	at py4j.Gateway.invoke(Gateway.java:282)
	at py4j.commands.AbstractCommand.invokeMethod(AbstractCommand.java:132)
	at py4j.commands.CallCommand.execute(CallCommand.java:79)
	at py4j.ClientServerConnection.waitForCommands(ClientServerConnection.java:182)
	at py4j.ClientServerConnection.run(ClientServerConnection.java:106)
	at java.base/java.lang.Thread.run(Thread.java:840)
Caused by: com.amazonaws.SdkClientException: Unable to execute HTTP request: Unsupported or unrecognized SSL message
	at com.amazonaws.http.AmazonHttpClient$RequestExecutor.handleRetryableException(AmazonHttpClient.java:1219)
	at com.amazonaws.http.AmazonHttpClient$RequestExecutor.executeHelper(AmazonHttpClient.java:1165)
	at com.amazonaws.http.AmazonHttpClient$RequestExecutor.doExecute(AmazonHttpClient.java:814)
	at com.amazonaws.http.AmazonHttpClient$RequestExecutor.executeWithTimer(AmazonHttpClient.java:781)
	at com.amazonaws.http.AmazonHttpClient$RequestExecutor.execute(AmazonHttpClient.java:755)
	at com.amazonaws.http.AmazonHttpClient$RequestExecutor.access$500(AmazonHttpClient.java:715)
	at com.amazonaws.http.AmazonHttpClient$RequestExecutionBuilderImpl.execute(AmazonHttpClient.java:697)
	at com.amazonaws.http.AmazonHttpClient.execute(AmazonHttpClient.java:561)
	at com.amazonaws.http.AmazonHttpClient.execute(AmazonHttpClient.java:541)
	at com.amazonaws.services.s3.AmazonS3Client.invoke(AmazonS3Client.java:5456)
	at com.amazonaws.services.s3.AmazonS3Client.invoke(AmazonS3Client.java:5403)
	at com.amazonaws.services.s3.AmazonS3Client.getObjectMetadata(AmazonS3Client.java:1372)
	at org.apache.hadoop.fs.s3a.S3AFileSystem.lambda$getObjectMetadata$10(S3AFileSystem.java:2545)
	at org.apache.hadoop.fs.s3a.Invoker.retryUntranslated(Invoker.java:414)
	at org.apache.hadoop.fs.s3a.Invoker.retryUntranslated(Invoker.java:377)
	at org.apache.hadoop.fs.s3a.S3AFileSystem.getObjectMetadata(S3AFileSystem.java:2533)
	at org.apache.hadoop.fs.s3a.S3AFileSystem.getObjectMetadata(S3AFileSystem.java:2513)
	at org.apache.hadoop.fs.s3a.S3AFileSystem.s3GetFileStatus(S3AFileSystem.java:3776)
	... 146 more
Caused by: javax.net.ssl.SSLException: Unsupported or unrecognized SSL message
	at java.base/sun.security.ssl.SSLSocketInputRecord.handleUnknownRecord(SSLSocketInputRecord.java:457)
	at java.base/sun.security.ssl.SSLSocketInputRecord.decode(SSLSocketInputRecord.java:175)
	at java.base/sun.security.ssl.SSLTransport.decode(SSLTransport.java:111)
	at java.base/sun.security.ssl.SSLSocketImpl.decode(SSLSocketImpl.java:1510)
	at java.base/sun.security.ssl.SSLSocketImpl.readHandshakeRecord(SSLSocketImpl.java:1425)
	at java.base/sun.security.ssl.SSLSocketImpl.startHandshake(SSLSocketImpl.java:455)
	at java.base/sun.security.ssl.SSLSocketImpl.startHandshake(SSLSocketImpl.java:426)
	at com.amazonaws.thirdparty.apache.http.conn.ssl.SSLConnectionSocketFactory.createLayeredSocket(SSLConnectionSocketFactory.java:436)
	at com.amazonaws.thirdparty.apache.http.conn.ssl.SSLConnectionSocketFactory.connectSocket(SSLConnectionSocketFactory.java:384)
	at com.amazonaws.thirdparty.apache.http.impl.conn.DefaultHttpClientConnectionOperator.connect(DefaultHttpClientConnectionOperator.java:142)
	at com.amazonaws.thirdparty.apache.http.impl.conn.PoolingHttpClientConnectionManager.connect(PoolingHttpClientConnectionManager.java:376)
	at jdk.internal.reflect.GeneratedMethodAccessor105.invoke(Unknown Source)
	at java.base/jdk.internal.reflect.DelegatingMethodAccessorImpl.invoke(DelegatingMethodAccessorImpl.java:43)
	at java.base/java.lang.reflect.Method.invoke(Method.java:568)
	at com.amazonaws.http.conn.ClientConnectionManagerFactory$Handler.invoke(ClientConnectionManagerFactory.java:76)
	at com.amazonaws.http.conn.$Proxy43.connect(Unknown Source)
	at com.amazonaws.thirdparty.apache.http.impl.execchain.MainClientExec.establishRoute(MainClientExec.java:393)
	at com.amazonaws.thirdparty.apache.http.impl.execchain.MainClientExec.execute(MainClientExec.java:236)
	at com.amazonaws.thirdparty.apache.http.impl.execchain.ProtocolExec.execute(ProtocolExec.java:186)
	at com.amazonaws.thirdparty.apache.http.impl.client.InternalHttpClient.doExecute(InternalHttpClient.java:185)
	at com.amazonaws.thirdparty.apache.http.impl.client.CloseableHttpClient.execute(CloseableHttpClient.java:83)
	at com.amazonaws.thirdparty.apache.http.impl.client.CloseableHttpClient.execute(CloseableHttpClient.java:56)
	at com.amazonaws.http.apache.client.impl.SdkHttpClient.execute(SdkHttpClient.java:72)
	at com.amazonaws.http.AmazonHttpClient$RequestExecutor.executeOneRequest(AmazonHttpClient.java:1346)
	at com.amazonaws.http.AmazonHttpClient$RequestExecutor.executeHelper(AmazonHttpClient.java:1157)
	... 162 more


Stack Trace:
  File "/workspace/.pyenv_mirror/user/current/lib/python3.12/site-packages/dagster/_core/execution/plan/utils.py", line 54, in op_execution_error_boundary
    yield
  File "/workspace/.pyenv_mirror/user/current/lib/python3.12/site-packages/dagster/_utils/__init__.py", line 468, in iterate_with_context
    next_output = next(iterator)
                  ^^^^^^^^^^^^^^
  File "/workspace/.pyenv_mirror/user/current/lib/python3.12/site-packages/dagster/_core/execution/plan/execute_step.py", line 800, in _gen_fn
    gen_output = output_manager.handle_output(output_context, output.value)
                 ^^^^^^^^^^^^^^^^^^^^^^^^^^^^^^^^^^^^^^^^^^^^^^^^^^^^^^^^^^
  File "/workspace/practical-data-engineering/finnhub-batch-stock-pipeline/finnhub_batch_stock_pipeline/iomanagers/staging_s3_parquet_io_manager.py", line 150, in handle_output
    return self.inner_io_manager().handle_output(context, obj)
           ^^^^^^^^^^^^^^^^^^^^^^^^^^^^^^^^^^^^^^^^^^^^^^^^^^^
  File "/workspace/.pyenv_mirror/user/current/lib/python3.12/site-packages/dagster/_core/storage/upath_io_manager.py", line 446, in handle_output
    self.dump_to_path(context=context, obj=obj, path=path)
  File "/workspace/practical-data-engineering/finnhub-batch-stock-pipeline/finnhub_batch_stock_pipeline/iomanagers/staging_s3_parquet_io_manager.py", line 82, in dump_to_path
    obj.write.format("delta").mode('overwrite').save(pathe)
  File "/workspace/.pyenv_mirror/user/current/lib/python3.12/site-packages/pyspark/sql/readwriter.py", line 1463, in save
    self._jwrite.save(path)
  File "/workspace/.pyenv_mirror/user/current/lib/python3.12/site-packages/py4j/java_gateway.py", line 1322, in __call__
    return_value = get_return_value(
                   ^^^^^^^^^^^^^^^^^
  File "/workspace/.pyenv_mirror/user/current/lib/python3.12/site-packages/pyspark/errors/exceptions/captured.py", line 179, in deco
    return f(*a, **kw)
           ^^^^^^^^^^^
  File "/workspace/.pyenv_mirror/user/current/lib/python3.12/site-packages/py4j/protocol.py", line 326, in get_return_value
    raise Py4JJavaError(

