[32m2024-05-23 11:18:03 +0000[0m - dagster - [34mDEBUG[0m - __ASSET_JOB - 52c6fc09-c813-4e25-87fa-f42804980c12 - 17265 - LOGS_CAPTURED - Started capturing logs in process (pid: 17265).
[32m2024-05-23 11:18:03 +0000[0m - dagster - [34mDEBUG[0m - __ASSET_JOB - 52c6fc09-c813-4e25-87fa-f42804980c12 - 17265 - spark_operator.create_stock_tables[stock_AABVF] - STEP_START - Started execution of step "spark_operator.create_stock_tables[stock_AABVF]".
[32m2024-05-23 11:18:03 +0000[0m - dagster - [34mDEBUG[0m - __ASSET_JOB - 52c6fc09-c813-4e25-87fa-f42804980c12 - spark_operator.create_stock_tables[stock_AABVF] - Loading file from: /workspace/practical-data-engineering/finnhub-batch-stock-pipeline/home/storage/52c6fc09-c813-4e25-87fa-f42804980c12/spark_operator.stock_tables/result/stock_AABVF using PickledObjectFilesystemIOManager...
[32m2024-05-23 11:18:03 +0000[0m - dagster - [34mDEBUG[0m - __ASSET_JOB - 52c6fc09-c813-4e25-87fa-f42804980c12 - 17265 - spark_operator.create_stock_tables[stock_AABVF] - LOADED_INPUT - Loaded input "input_fn" using input manager "io_manager", from output "result" of step "spark_operator.stock_tables"
[32m2024-05-23 11:18:03 +0000[0m - dagster - [34mDEBUG[0m - __ASSET_JOB - 52c6fc09-c813-4e25-87fa-f42804980c12 - 17265 - spark_operator.create_stock_tables[stock_AABVF] - STEP_INPUT - Got input "input_fn" of type "Any". (Type check passed).
[32m2024-05-23 11:18:44 +0000[0m - dagster - [34mINFO[0m - __ASSET_JOB - 52c6fc09-c813-4e25-87fa-f42804980c12 - spark_operator.create_stock_tables[stock_AABVF] - Row(10DayAverageTradingVolume=0.04624, 13WeekPriceReturnDaily=0, 26WeekPriceReturnDaily=-16.6667, 3MonthADReturnStd=266.41946, 3MonthAverageTradingVolume=0.07332, 52WeekHigh=0.045, 52WeekHighDate='2023-07-13', 52WeekLow=0.015, 52WeekLowDate='2024-03-28', 52WeekPriceReturnDaily=-54.54545, 5DayPriceReturnDaily=0, assetTurnoverAnnual=0.211, assetTurnoverTTM=0.0191, beta=2.1099637, bookValuePerShareAnnual=0.0758, bookValuePerShareQuarterly=0.0758, bookValueShareGrowth5Y=-22.94, capexCagr5Y=None, cashFlowPerShareAnnual=0.0002, cashFlowPerShareQuarterly=0.0002, cashFlowPerShareTTM=-0.13053, cashPerSharePerShareAnnual=0.091, cashPerSharePerShareQuarterly=0.091, currentDividendYieldTTM=0, currentEv/freeCashFlowAnnual=126.5669, currentEv/freeCashFlowTTM=126.5669, currentRatioAnnual=4.9, currentRatioQuarterly=4.9, dividendPerShareAnnual=0, dividendPerShareTTM=0, ebitdPerShareAnnual=-0.1228, ebitdPerShareTTM=-0.1228, ebitdaCagr5Y=None, ebitdaInterimCagr5Y=None, enterpriseValue=3.5945, epsAnnual=-0.1228, epsBasicExclExtraItemsAnnual=-0.1228, epsBasicExclExtraItemsTTM=-0.12290000000000001, epsExclExtraItemsAnnual=-0.1228, epsExclExtraItemsTTM=-0.12290000000000001, epsGrowth3Y=None, epsGrowth5Y=None, epsGrowthQuarterlyYoy=None, epsGrowthTTMYoy=None, epsInclExtraItemsAnnual=-0.1228, epsInclExtraItemsTTM=-0.12290000000000001, epsNormalizedAnnual=-0.1228, epsTTM=-0.12290000000000001, focfCagr5Y=None, grossMargin5Y=99.55, grossMarginAnnual=99.35, grossMarginTTM=97.08, longTermDebt/equityAnnual=0, longTermDebt/equityQuarterly=0, marketCapitalization=3.621932, monthToDatePriceReturnDaily=25, netIncomeEmployeeAnnual=-8.8989, netIncomeEmployeeTTM=-8.8989, netMarginGrowth5Y=-28.83, netProfitMargin5Y=49.94, netProfitMarginAnnual=9.91, netProfitMarginTTM=-172.73, operatingMargin5Y=49.94, operatingMarginAnnual=9.91, operatingMarginTTM=-172.74, pbAnnual=0.3305, pbQuarterly=0.3305, pcfShareAnnual=127.5328, pcfShareTTM=127.5328, peAnnual=None, peBasicExclExtraTTM=None, peExclExtraTTM=None, peInclExtraTTM=None, peNormalizedAnnual=None, peTTM=None, pfcfShareAnnual=127.5328, pfcfShareTTM=54.5883, pretaxMargin5Y=49.94, pretaxMarginAnnual=9.91, pretaxMarginTTM=-172.73, priceRelativeToS&P50013Week=-6.9651, priceRelativeToS&P50026Week=-35.0809, priceRelativeToS&P5004Week=-5.1344, priceRelativeToS&P50052Week=-54.00063, priceRelativeToS&P500Ytd=20.3707, psAnnual=None, psTTM=None, ptbvAnnual=0.12584, ptbvQuarterly=0.17368, quickRatioAnnual=4.8951, quickRatioQuarterly=4.8951, receivablesTurnoverAnnual=-336.8329, receivablesTurnoverTTM=-336.8329, revenueEmployeeAnnual=-7.5872, revenueEmployeeTTM=-7.5872, revenueGrowth3Y=None, revenueGrowth5Y=None, revenueGrowthQuarterlyYoy=None, revenueGrowthTTMYoy=None, revenuePerShareAnnual=-0.1047, revenuePerShareTTM=-0.1047, revenueShareGrowth5Y=None, roa5Y=-31.03, roaRfy=-128.91, roaTTM=-85.63, roe5Y=-37.95, roeRfy=-161.95999999999998, roeTTM=-97.15, roi5Y=-37.85, roiAnnual=-161.37, roiTTM=-96.94, tangibleBookValuePerShareAnnual=0.19867, tangibleBookValuePerShareQuarterly=0.14394, tbvCagr5Y=-11.35182, totalDebt/totalEquityAnnual=0.0036, totalDebt/totalEquityQuarterly=0.0036, yearToDatePriceReturnDaily=25)
[32m2024-05-23 11:19:33 +0000[0m - dagster - [34mINFO[0m - __ASSET_JOB - 52c6fc09-c813-4e25-87fa-f42804980c12 - spark_operator.create_stock_tables[stock_AABVF] - Row(date='2003-01-31', quarterly.assetTurnoverTTM=None, quarterly.bookValue=None, quarterly.cashRatio=None, quarterly.currentRatio=None, quarterly.ebitPerShare=None, quarterly.eps=None, quarterly.ev=None, quarterly.fcfMargin=None, quarterly.fcfPerShareTTM=None, quarterly.grossMargin=None, quarterly.longtermDebtTotalAsset=None, quarterly.longtermDebtTotalCapital=None, quarterly.longtermDebtTotalEquity=None, quarterly.netDebtToTotalCapital=None, quarterly.netDebtToTotalEquity=None, quarterly.netMargin=None, quarterly.operatingMargin=None, quarterly.pb=None, quarterly.peTTM=None, quarterly.pfcfTTM=None, quarterly.pretaxMargin=None, quarterly.psTTM=None, quarterly.quickRatio=None, quarterly.receivablesTurnoverTTM=None, quarterly.roaTTM=None, quarterly.roeTTM=None, quarterly.roicTTM=None, quarterly.rotcTTM=None, quarterly.salesPerShare=None, quarterly.sgaToSale=None, quarterly.totalDebtToEquity=None, quarterly.totalDebtToTotalAsset=None, quarterly.totalDebtToTotalCapital=None, quarterly.totalRatio=None, annual.bookValue=None, annual.cashRatio=1.0, annual.currentRatio=1.0, annual.ebitPerShare=-0.063, annual.eps=-0.063, annual.ev=2.8887, annual.fcfMargin=None, annual.grossMargin=None, annual.longtermDebtTotalAsset=None, annual.longtermDebtTotalCapital=None, annual.longtermDebtTotalEquity=None, annual.netDebtToTotalCapital=4.0, annual.netDebtToTotalEquity=None, annual.netMargin=None, annual.operatingMargin=None, annual.pb=None, annual.pe=None, annual.pfcf=None, annual.pretaxMargin=None, annual.ps=None, annual.quickRatio=1.0, annual.receivablesTurnover=None, annual.roa=-0.7333, annual.roe=None, annual.roic=None, annual.rotc=None, annual.salesPerShare=0.0, annual.sgaToSale=None, annual.totalDebtToEquity=None, annual.totalDebtToTotalAsset=0.3333, annual.totalDebtToTotalCapital=5.0, annual.totalRatio=0.6)
[32m2024-05-23 11:20:29 +0000[0m - dagster - [34mDEBUG[0m - __ASSET_JOB - 52c6fc09-c813-4e25-87fa-f42804980c12 - 17265 - spark_operator.create_stock_tables[stock_AABVF] - STEP_OUTPUT - Yielded output "metric_and_series" of type "Any". (Type check passed).
[32m2024-05-23 11:20:30 +0000[0m - dagster - [34mDEBUG[0m - __ASSET_JOB - 52c6fc09-c813-4e25-87fa-f42804980c12 - spark_operator.create_stock_tables[stock_AABVF] - Writing S3 object at: s3a://dagster-api/staging/2024-05-23/spark_operator.create_stock_tables[stock_AABVF]/metric_and_series
[32m2024-05-23 11:20:30 +0000[0m - dagster - [34mWARNING[0m - __ASSET_JOB - 52c6fc09-c813-4e25-87fa-f42804980c12 - spark_operator.create_stock_tables[stock_AABVF] - Removing existing S3 object: staging/2024-05-23/spark_operator.create_stock_tables[stock_AABVF]/metric_and_series
[32m2024-05-23 11:22:57 +0000[0m - dagster - [34mDEBUG[0m - __ASSET_JOB - 52c6fc09-c813-4e25-87fa-f42804980c12 - 17265 - spark_operator.create_stock_tables[stock_AABVF] - STEP_UP_FOR_RETRY - Execution of step "spark_operator.create_stock_tables[stock_AABVF]" failed and has requested a retry in 0.20308232666531156 seconds.

dagster._core.definitions.events.RetryRequested

Stack Trace:
  File "/workspace/.pyenv_mirror/user/current/lib/python3.12/site-packages/dagster/_core/execution/plan/execute_plan.py", line 282, in dagster_event_sequence_for_step
    for step_event in check.generator(step_events):
  File "/workspace/.pyenv_mirror/user/current/lib/python3.12/site-packages/dagster/_core/execution/plan/execute_step.py", line 532, in core_dagster_event_sequence_for_step
    for evt in _type_check_and_store_output(step_context, user_event):
  File "/workspace/.pyenv_mirror/user/current/lib/python3.12/site-packages/dagster/_core/execution/plan/execute_step.py", line 587, in _type_check_and_store_output
    for evt in _store_output(step_context, step_output_handle, output):
  File "/workspace/.pyenv_mirror/user/current/lib/python3.12/site-packages/dagster/_core/execution/plan/execute_step.py", line 810, in _store_output
    for elt in iterate_with_context(
  File "/workspace/.pyenv_mirror/user/current/lib/python3.12/site-packages/dagster/_utils/__init__.py", line 466, in iterate_with_context
    with context_fn():
  File "/home/gitpod/.pyenv/versions/3.12.3/lib/python3.12/contextlib.py", line 158, in __exit__
    self.gen.throw(value)
  File "/workspace/.pyenv_mirror/user/current/lib/python3.12/site-packages/dagster/_core/execution/plan/utils.py", line 94, in op_execution_error_boundary
    raise RetryRequested(

The above exception was caused by the following exception:
dagster._core.errors.DagsterExecutionInterruptedError

Stack Trace:
  File "/workspace/.pyenv_mirror/user/current/lib/python3.12/site-packages/dagster/_core/execution/plan/utils.py", line 54, in op_execution_error_boundary
    yield
  File "/workspace/.pyenv_mirror/user/current/lib/python3.12/site-packages/dagster/_utils/__init__.py", line 468, in iterate_with_context
    next_output = next(iterator)
                  ^^^^^^^^^^^^^^
  File "/workspace/.pyenv_mirror/user/current/lib/python3.12/site-packages/dagster/_core/execution/plan/execute_step.py", line 800, in _gen_fn
    gen_output = output_manager.handle_output(output_context, output.value)
                 ^^^^^^^^^^^^^^^^^^^^^^^^^^^^^^^^^^^^^^^^^^^^^^^^^^^^^^^^^^
  File "/workspace/practical-data-engineering/finnhub-batch-stock-pipeline/finnhub_batch_stock_pipeline/iomanagers/staging_s3_parquet_io_manager.py", line 150, in handle_output
    return self.inner_io_manager().handle_output(context, obj)
           ^^^^^^^^^^^^^^^^^^^^^^^^^^^^^^^^^^^^^^^^^^^^^^^^^^^
  File "/workspace/.pyenv_mirror/user/current/lib/python3.12/site-packages/dagster/_core/storage/upath_io_manager.py", line 446, in handle_output
    self.dump_to_path(context=context, obj=obj, path=path)
  File "/workspace/practical-data-engineering/finnhub-batch-stock-pipeline/finnhub_batch_stock_pipeline/iomanagers/staging_s3_parquet_io_manager.py", line 82, in dump_to_path
    obj.write.format("delta").mode('overwrite').save(pathe)
  File "/workspace/.pyenv_mirror/user/current/lib/python3.12/site-packages/pyspark/sql/readwriter.py", line 1463, in save
    self._jwrite.save(path)
  File "/workspace/.pyenv_mirror/user/current/lib/python3.12/site-packages/py4j/java_gateway.py", line 1321, in __call__
    answer = self.gateway_client.send_command(command)
             ^^^^^^^^^^^^^^^^^^^^^^^^^^^^^^^^^^^^^^^^^
  File "/workspace/.pyenv_mirror/user/current/lib/python3.12/site-packages/py4j/java_gateway.py", line 1038, in send_command
    response = connection.send_command(command)
               ^^^^^^^^^^^^^^^^^^^^^^^^^^^^^^^^
  File "/workspace/.pyenv_mirror/user/current/lib/python3.12/site-packages/py4j/clientserver.py", line 511, in send_command
    answer = smart_decode(self.stream.readline()[:-1])
                          ^^^^^^^^^^^^^^^^^^^^^^
  File "/home/gitpod/.pyenv/versions/3.12.3/lib/python3.12/socket.py", line 707, in readinto
    return self._sock.recv_into(b)
           ^^^^^^^^^^^^^^^^^^^^^^^
  File "/workspace/.pyenv_mirror/user/current/lib/python3.12/site-packages/dagster/_utils/interrupts.py", line 82, in _new_signal_handler
    raise error_cls()

